<?xml version="1.0" encoding="UTF-8"?>
<testsuite name="com.privalia.repositories.ProductRepositoryTest" tests="1" skipped="0" failures="1" errors="0" timestamp="2018-02-20T15:47:27" hostname="Mac-ivangarcia.local" time="0.005">
  <properties/>
  <testcase name="testSaveProduct" classname="com.privalia.repositories.ProductRepositoryTest" time="0.005">
    <failure message="java.lang.IllegalStateException: Failed to load ApplicationContext" type="java.lang.IllegalStateException">java.lang.IllegalStateException: Failed to load ApplicationContext
	at org.springframework.test.context.cache.DefaultCacheAwareContextLoaderDelegate.loadContext(DefaultCacheAwareContextLoaderDelegate.java:124)
	at org.springframework.test.context.support.DefaultTestContext.getApplicationContext(DefaultTestContext.java:83)
	at org.springframework.test.context.web.ServletTestExecutionListener.setUpRequestContextIfNecessary(ServletTestExecutionListener.java:189)
	at org.springframework.test.context.web.ServletTestExecutionListener.prepareTestInstance(ServletTestExecutionListener.java:131)
	at org.springframework.test.context.TestContextManager.prepareTestInstance(TestContextManager.java:230)
	at org.springframework.test.context.junit4.SpringJUnit4ClassRunner.createTest(SpringJUnit4ClassRunner.java:228)
	at org.springframework.test.context.junit4.SpringJUnit4ClassRunner$1.runReflectiveCall(SpringJUnit4ClassRunner.java:287)
	at org.junit.internal.runners.model.ReflectiveCallable.run(ReflectiveCallable.java:12)
	at org.springframework.test.context.junit4.SpringJUnit4ClassRunner.methodBlock(SpringJUnit4ClassRunner.java:289)
	at org.springframework.test.context.junit4.SpringJUnit4ClassRunner.runChild(SpringJUnit4ClassRunner.java:247)
	at org.springframework.test.context.junit4.SpringJUnit4ClassRunner.runChild(SpringJUnit4ClassRunner.java:94)
	at org.junit.runners.ParentRunner$3.run(ParentRunner.java:290)
	at org.junit.runners.ParentRunner$1.schedule(ParentRunner.java:71)
	at org.junit.runners.ParentRunner.runChildren(ParentRunner.java:288)
	at org.junit.runners.ParentRunner.access$000(ParentRunner.java:58)
	at org.junit.runners.ParentRunner$2.evaluate(ParentRunner.java:268)
	at org.springframework.test.context.junit4.statements.RunBeforeTestClassCallbacks.evaluate(RunBeforeTestClassCallbacks.java:61)
	at org.springframework.test.context.junit4.statements.RunAfterTestClassCallbacks.evaluate(RunAfterTestClassCallbacks.java:70)
	at org.junit.runners.ParentRunner.run(ParentRunner.java:363)
	at org.springframework.test.context.junit4.SpringJUnit4ClassRunner.run(SpringJUnit4ClassRunner.java:191)
	at org.gradle.api.internal.tasks.testing.junit.JUnitTestClassExecuter.runTestClass(JUnitTestClassExecuter.java:112)
	at org.gradle.api.internal.tasks.testing.junit.JUnitTestClassExecuter.execute(JUnitTestClassExecuter.java:56)
	at org.gradle.api.internal.tasks.testing.junit.JUnitTestClassProcessor.processTestClass(JUnitTestClassProcessor.java:66)
	at org.gradle.api.internal.tasks.testing.SuiteTestClassProcessor.processTestClass(SuiteTestClassProcessor.java:51)
	at sun.reflect.NativeMethodAccessorImpl.invoke0(Native Method)
	at sun.reflect.NativeMethodAccessorImpl.invoke(NativeMethodAccessorImpl.java:62)
	at sun.reflect.DelegatingMethodAccessorImpl.invoke(DelegatingMethodAccessorImpl.java:43)
	at java.lang.reflect.Method.invoke(Method.java:498)
	at org.gradle.messaging.dispatch.ReflectionDispatch.dispatch(ReflectionDispatch.java:35)
	at org.gradle.messaging.dispatch.ReflectionDispatch.dispatch(ReflectionDispatch.java:24)
	at org.gradle.messaging.dispatch.ContextClassLoaderDispatch.dispatch(ContextClassLoaderDispatch.java:32)
	at org.gradle.messaging.dispatch.ProxyDispatchAdapter$DispatchingInvocationHandler.invoke(ProxyDispatchAdapter.java:93)
	at com.sun.proxy.$Proxy2.processTestClass(Unknown Source)
	at org.gradle.api.internal.tasks.testing.worker.TestWorker.processTestClass(TestWorker.java:109)
	at sun.reflect.NativeMethodAccessorImpl.invoke0(Native Method)
	at sun.reflect.NativeMethodAccessorImpl.invoke(NativeMethodAccessorImpl.java:62)
	at sun.reflect.DelegatingMethodAccessorImpl.invoke(DelegatingMethodAccessorImpl.java:43)
	at java.lang.reflect.Method.invoke(Method.java:498)
	at org.gradle.messaging.dispatch.ReflectionDispatch.dispatch(ReflectionDispatch.java:35)
	at org.gradle.messaging.dispatch.ReflectionDispatch.dispatch(ReflectionDispatch.java:24)
	at org.gradle.messaging.remote.internal.hub.MessageHub$Handler.run(MessageHub.java:364)
	at org.gradle.internal.concurrent.ExecutorPolicy$CatchAndRecordFailures.onExecute(ExecutorPolicy.java:54)
	at org.gradle.internal.concurrent.StoppableExecutorImpl$1.run(StoppableExecutorImpl.java:40)
	at java.util.concurrent.ThreadPoolExecutor.runWorker(ThreadPoolExecutor.java:1149)
	at java.util.concurrent.ThreadPoolExecutor$Worker.run(ThreadPoolExecutor.java:624)
	at java.lang.Thread.run(Thread.java:748)
Caused by: org.springframework.beans.factory.BeanCreationException: Error creating bean with name 'entityManagerFactory' defined in class path resource [org/springframework/boot/autoconfigure/orm/jpa/HibernateJpaAutoConfiguration.class]: Invocation of init method failed; nested exception is javax.persistence.PersistenceException: [PersistenceUnit: default] Unable to build Hibernate SessionFactory
	at org.springframework.beans.factory.support.AbstractAutowireCapableBeanFactory.initializeBean(AbstractAutowireCapableBeanFactory.java:1628)
	at org.springframework.beans.factory.support.AbstractAutowireCapableBeanFactory.doCreateBean(AbstractAutowireCapableBeanFactory.java:555)
	at org.springframework.beans.factory.support.AbstractAutowireCapableBeanFactory.createBean(AbstractAutowireCapableBeanFactory.java:483)
	at org.springframework.beans.factory.support.AbstractBeanFactory$1.getObject(AbstractBeanFactory.java:306)
	at org.springframework.beans.factory.support.DefaultSingletonBeanRegistry.getSingleton(DefaultSingletonBeanRegistry.java:230)
	at org.springframework.beans.factory.support.AbstractBeanFactory.doGetBean(AbstractBeanFactory.java:302)
	at org.springframework.beans.factory.support.AbstractBeanFactory.getBean(AbstractBeanFactory.java:197)
	at org.springframework.context.support.AbstractApplicationContext.getBean(AbstractApplicationContext.java:1078)
	at org.springframework.context.support.AbstractApplicationContext.finishBeanFactoryInitialization(AbstractApplicationContext.java:857)
	at org.springframework.context.support.AbstractApplicationContext.refresh(AbstractApplicationContext.java:543)
	at org.springframework.boot.SpringApplication.refresh(SpringApplication.java:762)
	at org.springframework.boot.SpringApplication.refreshContext(SpringApplication.java:372)
	at org.springframework.boot.SpringApplication.run(SpringApplication.java:316)
	at org.springframework.boot.test.context.SpringBootContextLoader.loadContext(SpringBootContextLoader.java:111)
	at org.springframework.test.context.cache.DefaultCacheAwareContextLoaderDelegate.loadContextInternal(DefaultCacheAwareContextLoaderDelegate.java:98)
	at org.springframework.test.context.cache.DefaultCacheAwareContextLoaderDelegate.loadContext(DefaultCacheAwareContextLoaderDelegate.java:116)
	... 45 more
Caused by: javax.persistence.PersistenceException: [PersistenceUnit: default] Unable to build Hibernate SessionFactory
	at org.hibernate.jpa.boot.internal.EntityManagerFactoryBuilderImpl.persistenceException(EntityManagerFactoryBuilderImpl.java:954)
	at org.hibernate.jpa.boot.internal.EntityManagerFactoryBuilderImpl.build(EntityManagerFactoryBuilderImpl.java:882)
	at org.springframework.orm.jpa.vendor.SpringHibernateJpaPersistenceProvider.createContainerEntityManagerFactory(SpringHibernateJpaPersistenceProvider.java:60)
	at org.springframework.orm.jpa.LocalContainerEntityManagerFactoryBean.createNativeEntityManagerFactory(LocalContainerEntityManagerFactoryBean.java:353)
	at org.springframework.orm.jpa.AbstractEntityManagerFactoryBean.buildNativeEntityManagerFactory(AbstractEntityManagerFactoryBean.java:370)
	at org.springframework.orm.jpa.AbstractEntityManagerFactoryBean.afterPropertiesSet(AbstractEntityManagerFactoryBean.java:359)
	at org.springframework.beans.factory.support.AbstractAutowireCapableBeanFactory.invokeInitMethods(AbstractAutowireCapableBeanFactory.java:1687)
	at org.springframework.beans.factory.support.AbstractAutowireCapableBeanFactory.initializeBean(AbstractAutowireCapableBeanFactory.java:1624)
	... 60 more
Caused by: org.hibernate.MappingException: Could not instantiate persister org.hibernate.persister.entity.SingleTableEntityPersister
	at org.hibernate.persister.internal.PersisterFactoryImpl.createEntityPersister(PersisterFactoryImpl.java:112)
	at org.hibernate.persister.internal.PersisterFactoryImpl.createEntityPersister(PersisterFactoryImpl.java:77)
	at org.hibernate.internal.SessionFactoryImpl.&lt;init&gt;(SessionFactoryImpl.java:348)
	at org.hibernate.boot.internal.SessionFactoryBuilderImpl.build(SessionFactoryBuilderImpl.java:444)
	at org.hibernate.jpa.boot.internal.EntityManagerFactoryBuilderImpl.build(EntityManagerFactoryBuilderImpl.java:879)
	... 66 more
Caused by: java.lang.ClassCastException: org.hibernate.type.StringType cannot be cast to org.hibernate.type.VersionType
	at org.hibernate.tuple.PropertyFactory.buildVersionProperty(PropertyFactory.java:109)
	at org.hibernate.tuple.entity.EntityMetamodel.&lt;init&gt;(EntityMetamodel.java:199)
	at org.hibernate.persister.entity.AbstractEntityPersister.&lt;init&gt;(AbstractEntityPersister.java:517)
	at org.hibernate.persister.entity.SingleTableEntityPersister.&lt;init&gt;(SingleTableEntityPersister.java:124)
	at sun.reflect.NativeConstructorAccessorImpl.newInstance0(Native Method)
	at sun.reflect.NativeConstructorAccessorImpl.newInstance(NativeConstructorAccessorImpl.java:62)
	at sun.reflect.DelegatingConstructorAccessorImpl.newInstance(DelegatingConstructorAccessorImpl.java:45)
	at java.lang.reflect.Constructor.newInstance(Constructor.java:423)
	at org.hibernate.persister.internal.PersisterFactoryImpl.createEntityPersister(PersisterFactoryImpl.java:96)
	... 70 more
</failure>
  </testcase>
  <system-out><![CDATA[18-febrero-20 16:47:21:797 DEBUG Test worker o.s.b.l.ClasspathLoggingApplicationListener:52 - Application started with classpath: [file:/Users/ivan.garcia/.gradle/caches/2.13/workerMain/gradle-worker.jar, file:/Users/ivan.garcia/Documents/eclipse-workspace/PrivaliaSpringBootProject/build/classes/test/, file:/Users/ivan.garcia/Documents/eclipse-workspace/PrivaliaSpringBootProject/build/resources/test, file:/Users/ivan.garcia/Documents/eclipse-workspace/PrivaliaSpringBootProject/build/classes/main/, file:/Users/ivan.garcia/Documents/eclipse-workspace/PrivaliaSpringBootProject/build/resources/main/, file:/Users/ivan.garcia/.gradle/caches/modules-2/files-2.1/org.springframework.boot/spring-boot-starter-web/1.4.7.RELEASE/3e77db6ed4b3f698909be8ae0b38ff0c2df9fad6/spring-boot-starter-web-1.4.7.RELEASE.jar, file:/Users/ivan.garcia/.gradle/caches/modules-2/files-2.1/org.springframework.boot/spring-boot-starter-data-jpa/1.4.7.RELEASE/ab83efd2522e8a9c2a8f7fa14d4cb71e88c7a30c/spring-boot-starter-data-jpa-1.4.7.RELEASE.jar, file:/Users/ivan.garcia/.gradle/caches/modules-2/files-2.1/org.springframework.boot/spring-boot-starter-data-rest/1.4.7.RELEASE/5a6d5c80c7eece16fbf3fcec37c27f167053769b/spring-boot-starter-data-rest-1.4.7.RELEASE.jar, file:/Users/ivan.garcia/.gradle/caches/modules-2/files-2.1/org.springframework.boot/spring-boot-starter-security/1.4.7.RELEASE/da8f98ec4e1eb7d54997117dbdb42f3d0d8d08d7/spring-boot-starter-security-1.4.7.RELEASE.jar, file:/Users/ivan.garcia/.gradle/caches/modules-2/files-2.1/io.springfox/springfox-swagger-ui/2.6.1/4c854c86c91ab36c86fc1a63571a0614c2ea9ab2/springfox-swagger-ui-2.6.1.jar, file:/Users/ivan.garcia/.gradle/caches/modules-2/files-2.1/io.springfox/springfox-swagger2/2.6.1/73c3a70ec0b10b61c8eb9ef1659131cd78dbbd82/springfox-swagger2-2.6.1.jar, file:/Users/ivan.garcia/.gradle/caches/modules-2/files-2.1/org.springframework.boot/spring-boot-devtools/1.4.7.RELEASE/744c89d4b3899f59172844b475bba16fcc4d62b4/spring-boot-devtools-1.4.7.RELEASE.jar, file:/Users/ivan.garcia/.gradle/caches/modules-2/files-2.1/com.h2database/h2/1.3.148/ce09b82b041aed744c94cb1b1addd8a8ba244e54/h2-1.3.148.jar, file:/Users/ivan.garcia/.gradle/caches/modules-2/files-2.1/org.springframework.boot/spring-boot-starter-test/1.4.7.RELEASE/4180347d8c3cd93ac7e6cb46edbea3d0b4e7a58c/spring-boot-starter-test-1.4.7.RELEASE.jar, file:/Users/ivan.garcia/.gradle/caches/modules-2/files-2.1/org.springframework.boot/spring-boot-starter/1.4.7.RELEASE/9c55355d79dc5adb0d53e55f286ae30933782c34/spring-boot-starter-1.4.7.RELEASE.jar, file:/Users/ivan.garcia/.gradle/caches/modules-2/files-2.1/org.springframework.boot/spring-boot-starter-tomcat/1.4.7.RELEASE/ca554242b57c3a163f20d07748a26a3f82f91b94/spring-boot-starter-tomcat-1.4.7.RELEASE.jar, file:/Users/ivan.garcia/.gradle/caches/modules-2/files-2.1/org.hibernate/hibernate-validator/5.2.5.Final/c7e539ab701705d82276a599cb1ba222e1433bd8/hibernate-validator-5.2.5.Final.jar, file:/Users/ivan.garcia/.gradle/caches/modules-2/files-2.1/com.fasterxml.jackson.core/jackson-databind/2.8.8/bf88c7b27e95cbadce4e7c316a56c3efffda8026/jackson-databind-2.8.8.jar, file:/Users/ivan.garcia/.gradle/caches/modules-2/files-2.1/org.springframework/spring-web/4.3.9.RELEASE/91dae64c4280093ad5fb4736a10913c9233479c1/spring-web-4.3.9.RELEASE.jar, file:/Users/ivan.garcia/.gradle/caches/modules-2/files-2.1/org.springframework/spring-webmvc/4.3.9.RELEASE/ca80b4a00abc388d8046bf372099f35564371c47/spring-webmvc-4.3.9.RELEASE.jar, file:/Users/ivan.garcia/.gradle/caches/modules-2/files-2.1/org.springframework.boot/spring-boot-starter-aop/1.4.7.RELEASE/8e1654a8a586e1de8d8ffaee2ff7a214678db79c/spring-boot-starter-aop-1.4.7.RELEASE.jar, file:/Users/ivan.garcia/.gradle/caches/modules-2/files-2.1/org.springframework.boot/spring-boot-starter-jdbc/1.4.7.RELEASE/8346dd8dfdd415206979219bee54257b5f0c0a0c/spring-boot-starter-jdbc-1.4.7.RELEASE.jar, file:/Users/ivan.garcia/.gradle/caches/modules-2/files-2.1/org.hibernate/hibernate-core/5.0.12.Final/e58bf1c660e6706d8e2cbb53bae110f574366102/hibernate-core-5.0.12.Final.jar, file:/Users/ivan.garcia/.gradle/caches/modules-2/files-2.1/org.hibernate/hibernate-entitymanager/5.0.12.Final/302a526f5058290e9cbd719a5caf9f248d344719/hibernate-entitymanager-5.0.12.Final.jar, file:/Users/ivan.garcia/.gradle/caches/modules-2/files-2.1/javax.transaction/javax.transaction-api/1.2/d81aff979d603edd90dcd8db2abc1f4ce6479e3e/javax.transaction-api-1.2.jar, file:/Users/ivan.garcia/.gradle/caches/modules-2/files-2.1/org.springframework.data/spring-data-jpa/1.10.11.RELEASE/5ed321218bdf709f3f915b33d792ce0cc9dc9a93/spring-data-jpa-1.10.11.RELEASE.jar, file:/Users/ivan.garcia/.gradle/caches/modules-2/files-2.1/org.springframework/spring-aspects/4.3.9.RELEASE/6030e253c56ff13df8c1c0e5e17c3b50e5e368b9/spring-aspects-4.3.9.RELEASE.jar, file:/Users/ivan.garcia/.gradle/caches/modules-2/files-2.1/com.fasterxml.jackson.core/jackson-annotations/2.8.8/1ed81c0e4eb2d261d1da0a3a45bd6b199fb5cf9a/jackson-annotations-2.8.8.jar, file:/Users/ivan.garcia/.gradle/caches/modules-2/files-2.1/org.springframework.data/spring-data-rest-webmvc/2.5.11.RELEASE/bbe67ac5cf23ca4f9244e4588d47683be994cd90/spring-data-rest-webmvc-2.5.11.RELEASE.jar, file:/Users/ivan.garcia/.gradle/caches/modules-2/files-2.1/org.springframework/spring-aop/4.3.9.RELEASE/95f5f5cf3cae64266a89dc1bc9e0484425cd8358/spring-aop-4.3.9.RELEASE.jar, file:/Users/ivan.garcia/.gradle/caches/modules-2/files-2.1/org.springframework.security/spring-security-config/4.1.4.RELEASE/cdbe774537be58d3d7ca0662619bf9f57b5c8209/spring-security-config-4.1.4.RELEASE.jar, file:/Users/ivan.garcia/.gradle/caches/modules-2/files-2.1/org.springframework.security/spring-security-web/4.1.4.RELEASE/f3560a3e82a910b8005f28552e4cb0660ce50b26/spring-security-web-4.1.4.RELEASE.jar, file:/Users/ivan.garcia/.gradle/caches/modules-2/files-2.1/io.springfox/springfox-spring-web/2.6.1/6478ed7e49755b652aac907d42a735349056a6a/springfox-spring-web-2.6.1.jar, file:/Users/ivan.garcia/.gradle/caches/modules-2/files-2.1/io.swagger/swagger-annotations/1.5.10/246ec68bce560227d3633d5ab5979437544bd6dc/swagger-annotations-1.5.10.jar, file:/Users/ivan.garcia/.gradle/caches/modules-2/files-2.1/io.swagger/swagger-models/1.5.10/da29e4f4f7cff80b1ef134b0f3805013be443e58/swagger-models-1.5.10.jar, file:/Users/ivan.garcia/.gradle/caches/modules-2/files-2.1/io.springfox/springfox-spi/2.6.1/972ae720c6a9a5f31be2744972b435cc39166174/springfox-spi-2.6.1.jar, file:/Users/ivan.garcia/.gradle/caches/modules-2/files-2.1/io.springfox/springfox-schema/2.6.1/b4d837ed7dc726a59504d2e6587e162e071a8965/springfox-schema-2.6.1.jar, file:/Users/ivan.garcia/.gradle/caches/modules-2/files-2.1/io.springfox/springfox-swagger-common/2.6.1/47befb039a0a1f0cdaab74d2777fa9eb6b01f8db/springfox-swagger-common-2.6.1.jar, file:/Users/ivan.garcia/.gradle/caches/modules-2/files-2.1/com.google.guava/guava/18.0/cce0823396aa693798f8882e64213b1772032b09/guava-18.0.jar, file:/Users/ivan.garcia/.gradle/caches/modules-2/files-2.1/com.fasterxml/classmate/1.3.3/864c8e370a691e343210cc7c532fc198cee460d8/classmate-1.3.3.jar, file:/Users/ivan.garcia/.gradle/caches/modules-2/files-2.1/org.slf4j/slf4j-api/1.7.25/da76ca59f6a57ee3102f8f9bd9cee742973efa8a/slf4j-api-1.7.25.jar, file:/Users/ivan.garcia/.gradle/caches/modules-2/files-2.1/org.springframework.plugin/spring-plugin-core/1.2.0.RELEASE/f380e7760032e7d929184f8ad8a33716b75c0657/spring-plugin-core-1.2.0.RELEASE.jar, file:/Users/ivan.garcia/.gradle/caches/modules-2/files-2.1/org.springframework.plugin/spring-plugin-metadata/1.2.0.RELEASE/97223fc496b6cab31602eedbd4202aa4fff0d44f/spring-plugin-metadata-1.2.0.RELEASE.jar, file:/Users/ivan.garcia/.gradle/caches/modules-2/files-2.1/org.mapstruct/mapstruct/1.0.0.Final/794bb2c7d3dd69211deb22857d92fb4c5361be3f/mapstruct-1.0.0.Final.jar, file:/Users/ivan.garcia/.gradle/caches/modules-2/files-2.1/org.springframework.boot/spring-boot/1.4.7.RELEASE/1a73f7004206cdb0de23f1e63b8c1c9c6c0db4e/spring-boot-1.4.7.RELEASE.jar, file:/Users/ivan.garcia/.gradle/caches/modules-2/files-2.1/org.springframework.boot/spring-boot-autoconfigure/1.4.7.RELEASE/30d3d2f44bc9446389e9c520f6c92cd7a3b24af0/spring-boot-autoconfigure-1.4.7.RELEASE.jar, file:/Users/ivan.garcia/.gradle/caches/modules-2/files-2.1/org.springframework.boot/spring-boot-test/1.4.7.RELEASE/1a4f4231a61b99d516d06bc77f969d78e78116ff/spring-boot-test-1.4.7.RELEASE.jar, file:/Users/ivan.garcia/.gradle/caches/modules-2/files-2.1/org.springframework.boot/spring-boot-test-autoconfigure/1.4.7.RELEASE/e871387535de39baec6dcd0b6bbb95e36379c2e9/spring-boot-test-autoconfigure-1.4.7.RELEASE.jar, file:/Users/ivan.garcia/.gradle/caches/modules-2/files-2.1/com.jayway.jsonpath/json-path/2.2.0/22290d17944bd239fabf5ac69005a60a7ecbbbcb/json-path-2.2.0.jar, file:/Users/ivan.garcia/.gradle/caches/modules-2/files-2.1/junit/junit/4.12/2973d150c0dc1fefe998f834810d68f278ea58ec/junit-4.12.jar, file:/Users/ivan.garcia/.gradle/caches/modules-2/files-2.1/org.assertj/assertj-core/2.5.0/fcd21db4c5f33e5dcac69bf1816415fe0647582f/assertj-core-2.5.0.jar, file:/Users/ivan.garcia/.gradle/caches/modules-2/files-2.1/org.mockito/mockito-core/1.10.19/e8546f5bef4e061d8dd73895b4e8f40e3fe6effe/mockito-core-1.10.19.jar, file:/Users/ivan.garcia/.gradle/caches/modules-2/files-2.1/org.hamcrest/hamcrest-core/1.3/42a25dc3219429f0e5d060061f71acb49bf010a0/hamcrest-core-1.3.jar, file:/Users/ivan.garcia/.gradle/caches/modules-2/files-2.1/org.hamcrest/hamcrest-library/1.3/4785a3c21320980282f9f33d0d1264a69040538f/hamcrest-library-1.3.jar, file:/Users/ivan.garcia/.gradle/caches/modules-2/files-2.1/org.skyscreamer/jsonassert/1.3.0/d5c250eb122496866de36dc84f98e2945845ecdd/jsonassert-1.3.0.jar, file:/Users/ivan.garcia/.gradle/caches/modules-2/files-2.1/org.springframework/spring-core/4.3.9.RELEASE/430b7298bfb85d66fb61e19ca8f06231b911e9f5/spring-core-4.3.9.RELEASE.jar, file:/Users/ivan.garcia/.gradle/caches/modules-2/files-2.1/org.springframework/spring-test/4.3.9.RELEASE/35bf4c38c9245f5baeeda4bea7c41f4f33c5daf3/spring-test-4.3.9.RELEASE.jar, file:/Users/ivan.garcia/.gradle/caches/modules-2/files-2.1/org.springframework.boot/spring-boot-starter-logging/1.4.7.RELEASE/bb617b8e7c2a309dacd8f9863347845b8666f186/spring-boot-starter-logging-1.4.7.RELEASE.jar, file:/Users/ivan.garcia/.gradle/caches/modules-2/files-2.1/org.yaml/snakeyaml/1.17/7a27ea250c5130b2922b86dea63cbb1cc10a660c/snakeyaml-1.17.jar, file:/Users/ivan.garcia/.gradle/caches/modules-2/files-2.1/org.apache.tomcat.embed/tomcat-embed-core/8.5.15/f197a93ae66212767b004fd93d7a1a8ea62bc3fa/tomcat-embed-core-8.5.15.jar, file:/Users/ivan.garcia/.gradle/caches/modules-2/files-2.1/org.apache.tomcat.embed/tomcat-embed-el/8.5.15/e4000e5386056eeebb43bf71e7d30c58d2473166/tomcat-embed-el-8.5.15.jar, file:/Users/ivan.garcia/.gradle/caches/modules-2/files-2.1/org.apache.tomcat.embed/tomcat-embed-websocket/8.5.15/a92b066b0ea9ee1cb05b7d5e4bfed4ad8898f741/tomcat-embed-websocket-8.5.15.jar, file:/Users/ivan.garcia/.gradle/caches/modules-2/files-2.1/javax.validation/validation-api/1.1.0.Final/8613ae82954779d518631e05daa73a6a954817d5/validation-api-1.1.0.Final.jar, file:/Users/ivan.garcia/.gradle/caches/modules-2/files-2.1/org.jboss.logging/jboss-logging/3.3.1.Final/c46217ab74b532568c0ed31dc599db3048bd1b67/jboss-logging-3.3.1.Final.jar, file:/Users/ivan.garcia/.gradle/caches/modules-2/files-2.1/com.fasterxml.jackson.core/jackson-core/2.8.8/d478fb6de45a7c3d2cad07c8ad70c7f0a797a020/jackson-core-2.8.8.jar, file:/Users/ivan.garcia/.gradle/caches/modules-2/files-2.1/org.springframework/spring-beans/4.3.9.RELEASE/daa5abf3779c8cad1a2910e1ea08e4272489d8ae/spring-beans-4.3.9.RELEASE.jar, file:/Users/ivan.garcia/.gradle/caches/modules-2/files-2.1/org.springframework/spring-context/4.3.9.RELEASE/a186823724f03b98becd5f93b1fa107fe6f7a7ff/spring-context-4.3.9.RELEASE.jar, file:/Users/ivan.garcia/.gradle/caches/modules-2/files-2.1/org.springframework/spring-expression/4.3.9.RELEASE/4edca6913da9e62a6586714e053e01a61952a153/spring-expression-4.3.9.RELEASE.jar, file:/Users/ivan.garcia/.gradle/caches/modules-2/files-2.1/org.aspectj/aspectjweaver/1.8.10/e198c5fee28988c355f74e06461614eae36b2032/aspectjweaver-1.8.10.jar, file:/Users/ivan.garcia/.gradle/caches/modules-2/files-2.1/org.apache.tomcat/tomcat-jdbc/8.5.15/1f802a58c21283fcdff1572a390bf98ae7231ea3/tomcat-jdbc-8.5.15.jar, file:/Users/ivan.garcia/.gradle/caches/modules-2/files-2.1/org.springframework/spring-jdbc/4.3.9.RELEASE/ef8476b954a4211a21147b3ae15996443a76c6f8/spring-jdbc-4.3.9.RELEASE.jar, file:/Users/ivan.garcia/.gradle/caches/modules-2/files-2.1/org.hibernate.javax.persistence/hibernate-jpa-2.1-api/1.0.0.Final/5e731d961297e5a07290bfaf3db1fbc8bbbf405a/hibernate-jpa-2.1-api-1.0.0.Final.jar, file:/Users/ivan.garcia/.gradle/caches/modules-2/files-2.1/org.javassist/javassist/3.20.0-GA/a9cbcdfb7e9f86fbc74d3afae65f2248bfbf82a0/javassist-3.20.0-GA.jar, file:/Users/ivan.garcia/.gradle/caches/modules-2/files-2.1/antlr/antlr/2.7.7/83cd2cd674a217ade95a4bb83a8a14f351f48bd0/antlr-2.7.7.jar, file:/Users/ivan.garcia/.gradle/caches/modules-2/files-2.1/org.jboss/jandex/2.0.0.Final/3e899258936f94649c777193e1be846387ed54b3/jandex-2.0.0.Final.jar, file:/Users/ivan.garcia/.gradle/caches/modules-2/files-2.1/dom4j/dom4j/1.6.1/5d3ccc056b6f056dbf0dddfdf43894b9065a8f94/dom4j-1.6.1.jar, file:/Users/ivan.garcia/.gradle/caches/modules-2/files-2.1/org.hibernate.common/hibernate-commons-annotations/5.0.1.Final/71e1cff3fcb20d3b3af4f3363c3ddb24d33c6879/hibernate-commons-annotations-5.0.1.Final.jar, file:/Users/ivan.garcia/.gradle/caches/modules-2/files-2.1/org.springframework.data/spring-data-commons/1.12.11.RELEASE/ac256a5df93c0c62d2ea3c835d0454f97bc5678c/spring-data-commons-1.12.11.RELEASE.jar, file:/Users/ivan.garcia/.gradle/caches/modules-2/files-2.1/org.springframework/spring-orm/4.3.9.RELEASE/ea9de867a7b686744f0e0bc1ecfcc9d3844e4cd7/spring-orm-4.3.9.RELEASE.jar, file:/Users/ivan.garcia/.gradle/caches/modules-2/files-2.1/org.springframework/spring-tx/4.3.9.RELEASE/7a7b1775e1e604841f8b619e110e43d9929c37ab/spring-tx-4.3.9.RELEASE.jar, file:/Users/ivan.garcia/.gradle/caches/modules-2/files-2.1/org.slf4j/jcl-over-slf4j/1.7.25/f8c32b13ff142a513eeb5b6330b1588dcb2c0461/jcl-over-slf4j-1.7.25.jar, file:/Users/ivan.garcia/.gradle/caches/modules-2/files-2.1/org.springframework.data/spring-data-rest-core/2.5.11.RELEASE/4580a4b5dc02eb769404937ce7d1dd71fd34dd7d/spring-data-rest-core-2.5.11.RELEASE.jar, file:/Users/ivan.garcia/.gradle/caches/modules-2/files-2.1/org.springframework.security/spring-security-core/4.1.4.RELEASE/382ca3b438f686c664c539a72cc6a2c81f8592fa/spring-security-core-4.1.4.RELEASE.jar, file:/Users/ivan.garcia/.gradle/caches/modules-2/files-2.1/io.springfox/springfox-core/2.6.1/5c502e6b9d50d34096077eacc384cd00f63710e1/springfox-core-2.6.1.jar, file:/Users/ivan.garcia/.gradle/caches/modules-2/files-2.1/net.minidev/json-smart/2.2.1/5b9e5df7a62d1279b70dc882b041d249c4f0b002/json-smart-2.2.1.jar, file:/Users/ivan.garcia/.gradle/caches/modules-2/files-2.1/org.objenesis/objenesis/2.1/87c0ea803b69252868d09308b4618f766f135a96/objenesis-2.1.jar, file:/Users/ivan.garcia/.gradle/caches/modules-2/files-2.1/org.json/json/20140107/d1ffca6e2482b002702c6a576166fd685e3370e3/json-20140107.jar, file:/Users/ivan.garcia/.gradle/caches/modules-2/files-2.1/ch.qos.logback/logback-classic/1.1.11/ccedfbacef4a6515d2983e3f89ed753d5d4fb665/logback-classic-1.1.11.jar, file:/Users/ivan.garcia/.gradle/caches/modules-2/files-2.1/org.slf4j/jul-to-slf4j/1.7.25/af5364cd6679bfffb114f0dec8a157aaa283b76/jul-to-slf4j-1.7.25.jar, file:/Users/ivan.garcia/.gradle/caches/modules-2/files-2.1/org.slf4j/log4j-over-slf4j/1.7.25/a87bb47468f47ee7aabbd54f93e133d4215769c3/log4j-over-slf4j-1.7.25.jar, file:/Users/ivan.garcia/.gradle/caches/modules-2/files-2.1/org.apache.tomcat/tomcat-juli/8.5.15/b21c47750b0d0356acbbbf0c30cb36cb2268dc8d/tomcat-juli-8.5.15.jar, file:/Users/ivan.garcia/.gradle/caches/modules-2/files-2.1/xml-apis/xml-apis/1.4.01/3789d9fada2d3d458c4ba2de349d48780f381ee3/xml-apis-1.4.01.jar, file:/Users/ivan.garcia/.gradle/caches/modules-2/files-2.1/org.springframework.hateoas/spring-hateoas/0.20.0.RELEASE/623a5983010e905090f69e55f4e0a63fba195085/spring-hateoas-0.20.0.RELEASE.jar, file:/Users/ivan.garcia/.gradle/caches/modules-2/files-2.1/org.atteo/evo-inflector/1.2.2/2551aad98d65ac5464d81fe05f0e1516cfe471c9/evo-inflector-1.2.2.jar, file:/Users/ivan.garcia/.gradle/caches/modules-2/files-2.1/net.minidev/accessors-smart/1.1/a527213f2fea112a04c9bdf0ec0264e34104cd08/accessors-smart-1.1.jar, file:/Users/ivan.garcia/.gradle/caches/modules-2/files-2.1/ch.qos.logback/logback-core/1.1.11/88b8df40340eed549fb07e2613879bf6b006704d/logback-core-1.1.11.jar, file:/Users/ivan.garcia/.gradle/caches/modules-2/files-2.1/org.ow2.asm/asm/5.0.3/dcc2193db20e19e1feca8b1240dbbc4e190824fa/asm-5.0.3.jar]
18-febrero-20 16:47:21:807 DEBUG Test worker o.s.c.e.PropertySourcesPropertyResolver:91 - Could not find key 'context.listener.classes' in any property source
18-febrero-20 16:47:21:935 DEBUG Test worker o.s.c.e.PropertySourcesPropertyResolver:91 - Could not find key 'context.initializer.classes' in any property source
18-febrero-20 16:47:21:936 DEBUG Test worker o.s.c.e.PropertySourcesPropertyResolver:91 - Could not find key 'spring.config.name:application' in any property source
18-febrero-20 16:47:21:936 DEBUG Test worker o.s.c.e.PropertySourcesPropertyResolver:91 - Could not find key 'spring.config.name' in any property source
18-febrero-20 16:47:21:938 DEBUG Test worker o.s.c.e.PropertySourcesPropertyResolver:91 - Could not find key 'vcap.application.name:application' in any property source
18-febrero-20 16:47:21:939 DEBUG Test worker o.s.c.e.PropertySourcesPropertyResolver:91 - Could not find key 'vcap.application.name' in any property source
18-febrero-20 16:47:21:940 DEBUG Test worker o.s.c.e.PropertySourcesPropertyResolver:91 - Could not find key 'spring.application.name:application' in any property source
18-febrero-20 16:47:21:941 DEBUG Test worker o.s.c.e.PropertySourcesPropertyResolver:91 - Could not find key 'spring.application.name' in any property source
18-febrero-20 16:47:21:942 DEBUG Test worker o.s.c.e.PropertySourcesPropertyResolver:91 - Could not find key 'PORT:null' in any property source
18-febrero-20 16:47:21:942 DEBUG Test worker o.s.c.e.PropertySourcesPropertyResolver:91 - Could not find key 'PORT' in any property source
18-febrero-20 16:47:21:943 DEBUG Test worker o.s.c.e.PropertySourcesPropertyResolver:91 - Could not find key 'server.port:null' in any property source
18-febrero-20 16:47:21:944 DEBUG Test worker o.s.c.e.PropertySourcesPropertyResolver:151 - Found key 'server.port' in [Inlined Test Properties] with type [String]
18-febrero-20 16:47:21:944 DEBUG Test worker o.s.c.e.PropertySourcesPropertyResolver:91 - Could not find key 'spring.application.index:-1' in any property source
18-febrero-20 16:47:21:945 DEBUG Test worker o.s.c.e.PropertySourcesPropertyResolver:91 - Could not find key 'spring.application.index' in any property source
18-febrero-20 16:47:21:947 DEBUG Test worker o.s.c.e.PropertySourcesPropertyResolver:91 - Could not find key 'vcap.application.instance_index:-1' in any property source
18-febrero-20 16:47:21:947 DEBUG Test worker o.s.c.e.PropertySourcesPropertyResolver:91 - Could not find key 'vcap.application.instance_index' in any property source
18-febrero-20 16:47:21:992 DEBUG Test worker o.s.b.f.s.DefaultListableBeanFactory:900 - Registering scope 'restart' with implementation [org.springframework.boot.devtools.restart.RestartScopeInitializer$RestartScope@627b9feb]
18-febrero-20 16:47:21:997 DEBUG Test worker o.s.b.f.s.DefaultListableBeanFactory:251 - Returning cached instance of singleton bean 'autoConfigurationReport'
18-febrero-20 16:47:22:004  INFO Test worker c.p.r.ProductRepositoryTest:48 - Starting ProductRepositoryTest on Mac-ivangarcia.local with PID 88121 (started by ivan.garcia in /Users/ivan.garcia/Documents/eclipse-workspace/PrivaliaSpringBootProject)
18-febrero-20 16:47:22:005 DEBUG Test worker c.p.r.ProductRepositoryTest:51 - Running with Spring Boot v1.4.7.RELEASE, Spring v4.3.9.RELEASE
18-febrero-20 16:47:22:006  INFO Test worker c.p.r.ProductRepositoryTest:666 - The following profiles are active: dev
18-febrero-20 16:47:22:007 DEBUG Test worker o.s.b.SpringApplication:690 - Loading source class com.privalia.configuration.RepositoryConfiguration
18-febrero-20 16:47:22:058 DEBUG Test worker o.s.c.a.ClassPathBeanDefinitionScanner:189 - JSR-250 'javax.annotation.ManagedBean' found and supported for component scanning
18-febrero-20 16:47:22:139 DEBUG Test worker o.s.b.c.c.ConfigFileApplicationListener:172 - Activated profiles dev
18-febrero-20 16:47:22:141 DEBUG Test worker o.s.b.c.c.ConfigFileApplicationListener:172 - Loaded config file 'file:/Users/ivan.garcia/Documents/eclipse-workspace/PrivaliaSpringBootProject/build/resources/main/application.properties' (classpath:/application.properties)
18-febrero-20 16:47:22:142 DEBUG Test worker o.s.b.c.c.ConfigFileApplicationListener:172 - Skipped (empty) config file 'file:/Users/ivan.garcia/Documents/eclipse-workspace/PrivaliaSpringBootProject/build/resources/main/application.properties' (classpath:/application.properties) for profile dev
18-febrero-20 16:47:22:148  INFO Test worker o.s.w.c.s.GenericWebApplicationContext:583 - Refreshing org.springframework.web.context.support.GenericWebApplicationContext@305e722c: startup date [Tue Feb 20 16:47:22 CET 2018]; root of context hierarchy
18-febrero-20 16:47:22:149 DEBUG Test worker o.s.w.c.s.GenericWebApplicationContext:617 - Bean factory for org.springframework.web.context.support.GenericWebApplicationContext@305e722c: org.springframework.beans.factory.support.DefaultListableBeanFactory@6e2e64b7: defining beans [org.springframework.boot.test.mock.mockito.MockitoPostProcessor$SpyPostProcessor,org.springframework.boot.test.mock.mockito.MockitoPostProcessor,org.springframework.context.annotation.internalConfigurationAnnotationProcessor,org.springframework.context.annotation.internalAutowiredAnnotationProcessor,org.springframework.context.annotation.internalRequiredAnnotationProcessor,org.springframework.context.annotation.internalCommonAnnotationProcessor,org.springframework.context.annotation.internalPersistenceAnnotationProcessor,org.springframework.context.event.internalEventListenerProcessor,org.springframework.context.event.internalEventListenerFactory,repositoryConfiguration]; root of factory hierarchy
18-febrero-20 16:47:22:163 DEBUG Test worker o.s.b.f.s.DefaultListableBeanFactory:900 - Registering scope 'request' with implementation [org.springframework.web.context.request.RequestScope@707a8c0b]
18-febrero-20 16:47:22:164 DEBUG Test worker o.s.b.f.s.DefaultListableBeanFactory:900 - Registering scope 'session' with implementation [org.springframework.web.context.request.SessionScope@53d61e26]
18-febrero-20 16:47:22:164 DEBUG Test worker o.s.b.f.s.DefaultListableBeanFactory:900 - Registering scope 'globalSession' with implementation [org.springframework.web.context.request.SessionScope@7768da83]
18-febrero-20 16:47:22:166 DEBUG Test worker o.s.b.f.s.DefaultListableBeanFactory:900 - Registering scope 'application' with implementation [org.springframework.web.context.support.ServletContextScope@3ab88ab7]
18-febrero-20 16:47:22:176 DEBUG Test worker o.s.b.f.s.DefaultListableBeanFactory:221 - Creating shared instance of singleton bean 'org.springframework.context.annotation.internalConfigurationAnnotationProcessor'
18-febrero-20 16:47:22:182 DEBUG Test worker o.s.b.f.s.DefaultListableBeanFactory:449 - Creating instance of bean 'org.springframework.context.annotation.internalConfigurationAnnotationProcessor'
18-febrero-20 16:47:22:184 DEBUG background-preinit o.j.logging:160 - Logging Provider: org.jboss.logging.Slf4jLoggerProvider found via system property
18-febrero-20 16:47:22:188  INFO background-preinit o.h.v.i.u.Version:30 - HV000001: Hibernate Validator 5.2.5.Final
18-febrero-20 16:47:22:192 DEBUG Test worker o.s.b.f.s.DefaultListableBeanFactory:539 - Eagerly caching bean 'org.springframework.context.annotation.internalConfigurationAnnotationProcessor' to allow for resolving potential circular references
18-febrero-20 16:47:22:250 DEBUG Test worker o.s.b.f.s.DefaultListableBeanFactory:221 - Creating shared instance of singleton bean 'org.springframework.boot.autoconfigure.internalCachingMetadataReaderFactory'
18-febrero-20 16:47:22:251 DEBUG Test worker o.s.b.f.s.DefaultListableBeanFactory:449 - Creating instance of bean 'org.springframework.boot.autoconfigure.internalCachingMetadataReaderFactory'
18-febrero-20 16:47:22:251 DEBUG Test worker o.s.b.f.s.DefaultListableBeanFactory:539 - Eagerly caching bean 'org.springframework.boot.autoconfigure.internalCachingMetadataReaderFactory' to allow for resolving potential circular references
18-febrero-20 16:47:22:253 DEBUG Test worker o.s.b.f.s.DefaultListableBeanFactory:485 - Finished creating instance of bean 'org.springframework.boot.autoconfigure.internalCachingMetadataReaderFactory'
18-febrero-20 16:47:22:260 DEBUG Test worker o.s.b.f.s.DefaultListableBeanFactory:485 - Finished creating instance of bean 'org.springframework.context.annotation.internalConfigurationAnnotationProcessor'
18-febrero-20 16:47:22:260 DEBUG background-preinit o.h.v.i.e.r.DefaultTraversableResolver:103 - Found javax.persistence.Persistence on classpath containing 'getPersistenceUtil'. Assuming JPA 2 environment. Trying to instantiate JPA aware TraversableResolver
18-febrero-20 16:47:22:262 DEBUG background-preinit o.h.v.i.e.r.DefaultTraversableResolver:114 - Instantiated JPA aware TraversableResolver of type org.hibernate.validator.internal.engine.resolver.JPATraversableResolver.
18-febrero-20 16:47:22:301 DEBUG Test worker o.s.c.e.PropertySourcesPropertyResolver:91 - Could not find key 'spring.boot.enableautoconfiguration' in any property source
18-febrero-20 16:47:22:306 DEBUG Test worker o.s.c.e.PropertySourcesPropertyResolver:151 - Found key 'spring.jmx.enabled' in [Inlined Test Properties] with type [String]
18-febrero-20 16:47:22:307 DEBUG Test worker o.s.c.e.PropertySourcesPropertyResolver:151 - Found key 'org.springframework.boot.test.context.SpringBootTestContextBootstrapper' in [Inlined Test Properties] with type [String]
18-febrero-20 16:47:22:307 DEBUG Test worker o.s.c.e.PropertySourcesPropertyResolver:151 - Found key 'server.port' in [Inlined Test Properties] with type [String]
18-febrero-20 16:47:22:308 DEBUG Test worker o.s.c.e.PropertySourcesPropertyResolver:151 - Found key 'java.runtime.name' in [systemProperties] with type [String]
18-febrero-20 16:47:22:308 DEBUG Test worker o.s.c.e.PropertySourcesPropertyResolver:151 - Found key 'sun.boot.library.path' in [systemProperties] with type [String]
18-febrero-20 16:47:22:309 DEBUG Test worker o.s.c.e.PropertySourcesPropertyResolver:151 - Found key 'java.vm.version' in [systemProperties] with type [String]
18-febrero-20 16:47:22:310 DEBUG Test worker o.s.c.e.PropertySourcesPropertyResolver:151 - Found key 'gopherProxySet' in [systemProperties] with type [String]
18-febrero-20 16:47:22:310 DEBUG Test worker o.s.c.e.PropertySourcesPropertyResolver:151 - Found key 'java.vm.vendor' in [systemProperties] with type [String]
18-febrero-20 16:47:22:311 DEBUG Test worker o.s.c.e.PropertySourcesPropertyResolver:151 - Found key 'java.vendor.url' in [systemProperties] with type [String]
18-febrero-20 16:47:22:312 DEBUG Test worker o.s.c.e.PropertySourcesPropertyResolver:151 - Found key 'path.separator' in [systemProperties] with type [String]
18-febrero-20 16:47:22:315 DEBUG Test worker o.s.c.e.PropertySourcesPropertyResolver:151 - Found key 'java.vm.name' in [systemProperties] with type [String]
18-febrero-20 16:47:22:316 DEBUG Test worker o.s.c.e.PropertySourcesPropertyResolver:151 - Found key 'file.encoding.pkg' in [systemProperties] with type [String]
18-febrero-20 16:47:22:317 DEBUG Test worker o.s.c.e.PropertySourcesPropertyResolver:151 - Found key 'sun.java.launcher' in [systemProperties] with type [String]
18-febrero-20 16:47:22:317 DEBUG Test worker o.s.c.e.PropertySourcesPropertyResolver:151 - Found key 'user.country' in [systemProperties] with type [String]
18-febrero-20 16:47:22:318 DEBUG Test worker o.s.c.e.PropertySourcesPropertyResolver:151 - Found key 'sun.os.patch.level' in [systemProperties] with type [String]
18-febrero-20 16:47:22:318 DEBUG Test worker o.s.c.e.PropertySourcesPropertyResolver:151 - Found key 'PID' in [systemProperties] with type [String]
18-febrero-20 16:47:22:319 DEBUG Test worker o.s.c.e.PropertySourcesPropertyResolver:151 - Found key 'java.vm.specification.name' in [systemProperties] with type [String]
18-febrero-20 16:47:22:319 DEBUG Test worker o.s.c.e.PropertySourcesPropertyResolver:151 - Found key 'user.dir' in [systemProperties] with type [String]
18-febrero-20 16:47:22:320 DEBUG Test worker o.s.c.e.PropertySourcesPropertyResolver:151 - Found key 'java.runtime.version' in [systemProperties] with type [String]
18-febrero-20 16:47:22:321 DEBUG Test worker o.s.c.e.PropertySourcesPropertyResolver:151 - Found key 'java.awt.graphicsenv' in [systemProperties] with type [String]
18-febrero-20 16:47:22:321 DEBUG Test worker o.s.c.e.PropertySourcesPropertyResolver:151 - Found key 'org.jboss.logging.provider' in [systemProperties] with type [String]
18-febrero-20 16:47:22:322 DEBUG Test worker o.s.c.e.PropertySourcesPropertyResolver:151 - Found key 'java.endorsed.dirs' in [systemProperties] with type [String]
18-febrero-20 16:47:22:323 DEBUG Test worker o.s.c.e.PropertySourcesPropertyResolver:151 - Found key 'os.arch' in [systemProperties] with type [String]
18-febrero-20 16:47:22:323 DEBUG Test worker o.s.c.e.PropertySourcesPropertyResolver:151 - Found key 'java.io.tmpdir' in [systemProperties] with type [String]
18-febrero-20 16:47:22:324 DEBUG Test worker o.s.c.e.PropertySourcesPropertyResolver:151 - Found key 'line.separator' in [systemProperties] with type [String]
18-febrero-20 16:47:22:324 DEBUG Test worker o.s.c.e.PropertySourcesPropertyResolver:151 - Found key 'java.vm.specification.vendor' in [systemProperties] with type [String]
18-febrero-20 16:47:22:325 DEBUG Test worker o.s.c.e.PropertySourcesPropertyResolver:151 - Found key 'user.variant' in [systemProperties] with type [String]
18-febrero-20 16:47:22:327 DEBUG Test worker o.s.c.e.PropertySourcesPropertyResolver:151 - Found key 'os.name' in [systemProperties] with type [String]
18-febrero-20 16:47:22:327 DEBUG Test worker o.s.c.e.PropertySourcesPropertyResolver:151 - Found key 'sun.jnu.encoding' in [systemProperties] with type [String]
18-febrero-20 16:47:22:328 DEBUG Test worker o.s.c.e.PropertySourcesPropertyResolver:151 - Found key 'spring.beaninfo.ignore' in [systemProperties] with type [String]
18-febrero-20 16:47:22:329 DEBUG Test worker o.s.c.e.PropertySourcesPropertyResolver:151 - Found key 'java.library.path' in [systemProperties] with type [String]
18-febrero-20 16:47:22:331 DEBUG Test worker o.s.c.e.PropertySourcesPropertyResolver:151 - Found key 'java.specification.name' in [systemProperties] with type [String]
18-febrero-20 16:47:22:332 DEBUG Test worker o.s.c.e.PropertySourcesPropertyResolver:151 - Found key 'java.class.version' in [systemProperties] with type [String]
18-febrero-20 16:47:22:333 DEBUG Test worker o.s.c.e.PropertySourcesPropertyResolver:151 - Found key 'sun.management.compiler' in [systemProperties] with type [String]
18-febrero-20 16:47:22:335 DEBUG Test worker o.s.c.e.PropertySourcesPropertyResolver:151 - Found key 'os.version' in [systemProperties] with type [String]
18-febrero-20 16:47:22:335 DEBUG Test worker o.s.c.e.PropertySourcesPropertyResolver:151 - Found key 'http.nonProxyHosts' in [systemProperties] with type [String]
18-febrero-20 16:47:22:336 DEBUG Test worker o.s.c.e.PropertySourcesPropertyResolver:151 - Found key 'user.home' in [systemProperties] with type [String]
18-febrero-20 16:47:22:337 DEBUG Test worker o.s.c.e.PropertySourcesPropertyResolver:151 - Found key 'user.timezone' in [systemProperties] with type [String]
18-febrero-20 16:47:22:337 DEBUG Test worker o.s.c.e.PropertySourcesPropertyResolver:151 - Found key 'java.awt.printerjob' in [systemProperties] with type [String]
18-febrero-20 16:47:22:338 DEBUG Test worker o.s.c.e.PropertySourcesPropertyResolver:151 - Found key 'file.encoding' in [systemProperties] with type [String]
18-febrero-20 16:47:22:339 DEBUG Test worker o.s.c.e.PropertySourcesPropertyResolver:151 - Found key 'java.specification.version' in [systemProperties] with type [String]
18-febrero-20 16:47:22:347 DEBUG Test worker o.s.c.e.PropertySourcesPropertyResolver:151 - Found key 'java.class.path' in [systemProperties] with type [String]
18-febrero-20 16:47:22:348 DEBUG Test worker o.s.c.e.PropertySourcesPropertyResolver:151 - Found key 'user.name' in [systemProperties] with type [String]
18-febrero-20 16:47:22:349 DEBUG Test worker o.s.c.e.PropertySourcesPropertyResolver:151 - Found key 'java.vm.specification.version' in [systemProperties] with type [String]
18-febrero-20 16:47:22:350 DEBUG Test worker o.s.c.e.PropertySourcesPropertyResolver:151 - Found key 'sun.java.command' in [systemProperties] with type [String]
18-febrero-20 16:47:22:352 DEBUG Test worker o.s.c.e.PropertySourcesPropertyResolver:151 - Found key 'java.home' in [systemProperties] with type [String]
18-febrero-20 16:47:22:352 DEBUG Test worker o.s.c.e.PropertySourcesPropertyResolver:151 - Found key 'sun.arch.data.model' in [systemProperties] with type [String]
18-febrero-20 16:47:22:353 DEBUG Test worker o.s.c.e.PropertySourcesPropertyResolver:151 - Found key 'user.language' in [systemProperties] with type [String]
18-febrero-20 16:47:22:354 DEBUG Test worker o.s.c.e.PropertySourcesPropertyResolver:151 - Found key 'java.specification.vendor' in [systemProperties] with type [String]
18-febrero-20 16:47:22:355 DEBUG Test worker o.s.c.e.PropertySourcesPropertyResolver:151 - Found key 'awt.toolkit' in [systemProperties] with type [String]
18-febrero-20 16:47:22:356 DEBUG Test worker o.s.c.e.PropertySourcesPropertyResolver:151 - Found key 'java.vm.info' in [systemProperties] with type [String]
18-febrero-20 16:47:22:356 DEBUG Test worker o.s.c.e.PropertySourcesPropertyResolver:151 - Found key 'java.version' in [systemProperties] with type [String]
18-febrero-20 16:47:22:357 DEBUG Test worker o.s.c.e.PropertySourcesPropertyResolver:151 - Found key 'java.ext.dirs' in [systemProperties] with type [String]
18-febrero-20 16:47:22:358 DEBUG Test worker o.s.c.e.PropertySourcesPropertyResolver:151 - Found key 'sun.boot.class.path' in [systemProperties] with type [String]
18-febrero-20 16:47:22:358 DEBUG Test worker o.s.c.e.PropertySourcesPropertyResolver:151 - Found key 'java.awt.headless' in [systemProperties] with type [String]
18-febrero-20 16:47:22:359 DEBUG Test worker o.s.c.e.PropertySourcesPropertyResolver:151 - Found key 'java.vendor' in [systemProperties] with type [String]
18-febrero-20 16:47:22:360 DEBUG Test worker o.s.c.e.PropertySourcesPropertyResolver:151 - Found key 'org.gradle.test.worker' in [systemProperties] with type [String]
18-febrero-20 16:47:22:361 DEBUG Test worker o.s.c.e.PropertySourcesPropertyResolver:151 - Found key 'file.separator' in [systemProperties] with type [String]
18-febrero-20 16:47:22:362 DEBUG Test worker o.s.c.e.PropertySourcesPropertyResolver:151 - Found key 'java.vendor.url.bug' in [systemProperties] with type [String]
18-febrero-20 16:47:22:362 DEBUG Test worker o.s.c.e.PropertySourcesPropertyResolver:151 - Found key 'sun.io.unicode.encoding' in [systemProperties] with type [String]
18-febrero-20 16:47:22:363 DEBUG Test worker o.s.c.e.PropertySourcesPropertyResolver:151 - Found key 'sun.cpu.endian' in [systemProperties] with type [String]
18-febrero-20 16:47:22:364 DEBUG Test worker o.s.c.e.PropertySourcesPropertyResolver:151 - Found key 'socksNonProxyHosts' in [systemProperties] with type [String]
18-febrero-20 16:47:22:365 DEBUG Test worker o.s.c.e.PropertySourcesPropertyResolver:151 - Found key 'ftp.nonProxyHosts' in [systemProperties] with type [String]
18-febrero-20 16:47:22:365 DEBUG Test worker o.s.c.e.PropertySourcesPropertyResolver:151 - Found key 'sun.cpu.isalist' in [systemProperties] with type [String]
18-febrero-20 16:47:22:366 DEBUG Test worker o.s.c.e.PropertySourcesPropertyResolver:151 - Found key 'PATH' in [systemEnvironment] with type [String]
18-febrero-20 16:47:22:366 DEBUG Test worker o.s.c.e.PropertySourcesPropertyResolver:151 - Found key 'SHELL' in [systemEnvironment] with type [String]
18-febrero-20 16:47:22:367 DEBUG Test worker o.s.c.e.PropertySourcesPropertyResolver:151 - Found key 'JAVA_MAIN_CLASS_88121' in [systemEnvironment] with type [String]
18-febrero-20 16:47:22:367 DEBUG Test worker o.s.c.e.PropertySourcesPropertyResolver:151 - Found key 'APP_ICON_84595' in [systemEnvironment] with type [String]
18-febrero-20 16:47:22:368 DEBUG Test worker o.s.c.e.PropertySourcesPropertyResolver:151 - Found key 'USER' in [systemEnvironment] with type [String]
18-febrero-20 16:47:22:368 DEBUG Test worker o.s.c.e.PropertySourcesPropertyResolver:151 - Found key 'TMPDIR' in [systemEnvironment] with type [String]
18-febrero-20 16:47:22:369 DEBUG Test worker o.s.c.e.PropertySourcesPropertyResolver:151 - Found key 'SSH_AUTH_SOCK' in [systemEnvironment] with type [String]
18-febrero-20 16:47:22:370 DEBUG Test worker o.s.c.e.PropertySourcesPropertyResolver:151 - Found key 'XPC_FLAGS' in [systemEnvironment] with type [String]
18-febrero-20 16:47:22:371 DEBUG Test worker o.s.c.e.PropertySourcesPropertyResolver:151 - Found key 'JAVA_STARTED_ON_FIRST_THREAD_84595' in [systemEnvironment] with type [String]
18-febrero-20 16:47:22:372 DEBUG Test worker o.s.c.e.PropertySourcesPropertyResolver:151 - Found key '__CF_USER_TEXT_ENCODING' in [systemEnvironment] with type [String]
18-febrero-20 16:47:22:373 DEBUG Test worker o.s.c.e.PropertySourcesPropertyResolver:151 - Found key 'Apple_PubSub_Socket_Render' in [systemEnvironment] with type [String]
18-febrero-20 16:47:22:374 DEBUG Test worker o.s.c.e.PropertySourcesPropertyResolver:151 - Found key 'LOGNAME' in [systemEnvironment] with type [String]
18-febrero-20 16:47:22:374 DEBUG Test worker o.s.c.e.PropertySourcesPropertyResolver:151 - Found key 'XPC_SERVICE_NAME' in [systemEnvironment] with type [String]
18-febrero-20 16:47:22:375 DEBUG Test worker o.s.c.e.PropertySourcesPropertyResolver:151 - Found key 'HOME' in [systemEnvironment] with type [String]
18-febrero-20 16:47:22:376 DEBUG Test worker o.s.c.e.PropertySourcesPropertyResolver:151 - Found key 'spring.jpa.show-sql' in [applicationConfigurationProperties] with type [String]
18-febrero-20 16:47:22:376 DEBUG Test worker o.s.c.e.PropertySourcesPropertyResolver:151 - Found key 'spring.datasource.username' in [applicationConfigurationProperties] with type [String]
18-febrero-20 16:47:22:377 DEBUG Test worker o.s.c.e.PropertySourcesPropertyResolver:151 - Found key 'spring.datasource.driverClassName' in [applicationConfigurationProperties] with type [String]
18-febrero-20 16:47:22:377 DEBUG Test worker o.s.c.e.PropertySourcesPropertyResolver:151 - Found key 'spring.profiles.active' in [applicationConfigurationProperties] with type [String]
18-febrero-20 16:47:22:378 DEBUG Test worker o.s.c.e.PropertySourcesPropertyResolver:151 - Found key 'spring.datasource.password' in [applicationConfigurationProperties] with type [String]
18-febrero-20 16:47:22:379 DEBUG Test worker o.s.c.e.PropertySourcesPropertyResolver:151 - Found key 'spring.main.banner-mode' in [applicationConfigurationProperties] with type [String]
18-febrero-20 16:47:22:379 DEBUG Test worker o.s.c.e.PropertySourcesPropertyResolver:151 - Found key 'spring.datasource.url' in [applicationConfigurationProperties] with type [String]
18-febrero-20 16:47:22:380 DEBUG Test worker o.s.c.e.PropertySourcesPropertyResolver:151 - Found key 'spring.jpa.database-platform' in [applicationConfigurationProperties] with type [String]
18-febrero-20 16:47:22:390 DEBUG Test worker o.s.b.f.s.DefaultListableBeanFactory:251 - Returning cached instance of singleton bean 'org.springframework.boot.autoconfigure.internalCachingMetadataReaderFactory'
18-febrero-20 16:47:22:558 DEBUG Test worker o.s.b.f.s.DefaultListableBeanFactory:251 - Returning cached instance of singleton bean 'autoConfigurationReport'
18-febrero-20 16:47:22:578 DEBUG Test worker o.s.c.e.PropertySourcesPropertyResolver:91 - Could not find key 'spring.messages.basename' in any property source
18-febrero-20 16:47:22:581 DEBUG Test worker o.s.c.i.s.PathMatchingResourcePatternResolver:318 - Resolved classpath location [messages.properties] to resources []
18-febrero-20 16:47:22:583 DEBUG Test worker o.s.b.f.s.DefaultListableBeanFactory:251 - Returning cached instance of singleton bean 'autoConfigurationReport'
18-febrero-20 16:47:22:588 DEBUG Test worker o.s.b.f.s.DefaultListableBeanFactory:251 - Returning cached instance of singleton bean 'autoConfigurationReport'
18-febrero-20 16:47:22:597 DEBUG Test worker o.s.b.f.s.DefaultListableBeanFactory:251 - Returning cached instance of singleton bean 'autoConfigurationReport'
18-febrero-20 16:47:22:605 DEBUG Test worker o.s.b.f.s.DefaultListableBeanFactory:251 - Returning cached instance of singleton bean 'autoConfigurationReport'
18-febrero-20 16:47:22:607 DEBUG Test worker o.s.b.f.s.DefaultListableBeanFactory:251 - Returning cached instance of singleton bean 'autoConfigurationReport'
18-febrero-20 16:47:22:609 DEBUG Test worker o.s.b.f.s.DefaultListableBeanFactory:251 - Returning cached instance of singleton bean 'autoConfigurationReport'
18-febrero-20 16:47:22:610 DEBUG Test worker o.s.b.f.s.DefaultListableBeanFactory:251 - Returning cached instance of singleton bean 'autoConfigurationReport'
18-febrero-20 16:47:22:614 DEBUG Test worker o.s.b.f.s.DefaultListableBeanFactory:251 - Returning cached instance of singleton bean 'autoConfigurationReport'
18-febrero-20 16:47:22:615 DEBUG Test worker o.s.b.f.s.DefaultListableBeanFactory:251 - Returning cached instance of singleton bean 'autoConfigurationReport'
18-febrero-20 16:47:22:616 DEBUG Test worker o.s.b.f.s.DefaultListableBeanFactory:251 - Returning cached instance of singleton bean 'autoConfigurationReport'
18-febrero-20 16:47:22:620 DEBUG Test worker o.s.b.f.s.DefaultListableBeanFactory:251 - Returning cached instance of singleton bean 'autoConfigurationReport'
18-febrero-20 16:47:22:622 DEBUG Test worker o.s.b.f.s.DefaultListableBeanFactory:251 - Returning cached instance of singleton bean 'autoConfigurationReport'
18-febrero-20 16:47:22:625 DEBUG Test worker o.s.b.f.s.DefaultListableBeanFactory:251 - Returning cached instance of singleton bean 'autoConfigurationReport'
18-febrero-20 16:47:22:629 DEBUG Test worker o.s.b.f.s.DefaultListableBeanFactory:251 - Returning cached instance of singleton bean 'autoConfigurationReport'
18-febrero-20 16:47:22:636 DEBUG Test worker o.s.b.f.s.DefaultListableBeanFactory:251 - Returning cached instance of singleton bean 'autoConfigurationReport'
18-febrero-20 16:47:22:638 DEBUG Test worker o.s.b.f.s.DefaultListableBeanFactory:251 - Returning cached instance of singleton bean 'autoConfigurationReport'
18-febrero-20 16:47:22:639 DEBUG Test worker o.s.b.f.s.DefaultListableBeanFactory:251 - Returning cached instance of singleton bean 'autoConfigurationReport'
18-febrero-20 16:47:22:648 DEBUG Test worker o.s.b.f.s.DefaultListableBeanFactory:251 - Returning cached instance of singleton bean 'autoConfigurationReport'
18-febrero-20 16:47:22:648 DEBUG Test worker o.s.b.f.s.DefaultListableBeanFactory:251 - Returning cached instance of singleton bean 'autoConfigurationReport'
18-febrero-20 16:47:22:655 DEBUG Test worker o.s.b.f.s.DefaultListableBeanFactory:251 - Returning cached instance of singleton bean 'autoConfigurationReport'
18-febrero-20 16:47:22:660 DEBUG Test worker o.s.b.f.s.DefaultListableBeanFactory:251 - Returning cached instance of singleton bean 'autoConfigurationReport'
18-febrero-20 16:47:22:664 DEBUG Test worker o.s.b.f.s.DefaultListableBeanFactory:251 - Returning cached instance of singleton bean 'autoConfigurationReport'
18-febrero-20 16:47:22:665 DEBUG Test worker o.s.b.f.s.DefaultListableBeanFactory:251 - Returning cached instance of singleton bean 'autoConfigurationReport'
18-febrero-20 16:47:22:667 DEBUG Test worker o.s.b.f.s.DefaultListableBeanFactory:251 - Returning cached instance of singleton bean 'autoConfigurationReport'
18-febrero-20 16:47:22:668 DEBUG Test worker o.s.b.f.s.DefaultListableBeanFactory:251 - Returning cached instance of singleton bean 'autoConfigurationReport'
18-febrero-20 16:47:22:672 DEBUG Test worker o.s.b.f.s.DefaultListableBeanFactory:251 - Returning cached instance of singleton bean 'autoConfigurationReport'
18-febrero-20 16:47:22:672 DEBUG Test worker o.s.b.f.s.DefaultListableBeanFactory:251 - Returning cached instance of singleton bean 'autoConfigurationReport'
18-febrero-20 16:47:22:672 DEBUG Test worker o.s.b.f.s.DefaultListableBeanFactory:251 - Returning cached instance of singleton bean 'autoConfigurationReport'
18-febrero-20 16:47:22:685 DEBUG Test worker o.s.b.f.s.DefaultListableBeanFactory:251 - Returning cached instance of singleton bean 'autoConfigurationReport'
18-febrero-20 16:47:22:698 DEBUG Test worker o.s.b.f.s.DefaultListableBeanFactory:251 - Returning cached instance of singleton bean 'autoConfigurationReport'
18-febrero-20 16:47:22:702 DEBUG Test worker o.s.b.f.s.DefaultListableBeanFactory:251 - Returning cached instance of singleton bean 'autoConfigurationReport'
18-febrero-20 16:47:22:702 DEBUG Test worker o.s.b.f.s.DefaultListableBeanFactory:251 - Returning cached instance of singleton bean 'autoConfigurationReport'
18-febrero-20 16:47:22:708 DEBUG Test worker o.s.c.e.PropertySourcesPropertyResolver:151 - Found key 'spring.jmx.enabled' in [Inlined Test Properties] with type [String]
18-febrero-20 16:47:22:709 DEBUG Test worker o.s.c.e.PropertySourcesPropertyResolver:151 - Found key 'org.springframework.boot.test.context.SpringBootTestContextBootstrapper' in [Inlined Test Properties] with type [String]
18-febrero-20 16:47:22:709 DEBUG Test worker o.s.c.e.PropertySourcesPropertyResolver:151 - Found key 'server.port' in [Inlined Test Properties] with type [String]
18-febrero-20 16:47:22:710 DEBUG Test worker o.s.c.e.PropertySourcesPropertyResolver:151 - Found key 'java.runtime.name' in [systemProperties] with type [String]
18-febrero-20 16:47:22:711 DEBUG Test worker o.s.c.e.PropertySourcesPropertyResolver:151 - Found key 'sun.boot.library.path' in [systemProperties] with type [String]
18-febrero-20 16:47:22:712 DEBUG Test worker o.s.c.e.PropertySourcesPropertyResolver:151 - Found key 'java.vm.version' in [systemProperties] with type [String]
18-febrero-20 16:47:22:713 DEBUG Test worker o.s.c.e.PropertySourcesPropertyResolver:151 - Found key 'gopherProxySet' in [systemProperties] with type [String]
18-febrero-20 16:47:22:714 DEBUG Test worker o.s.c.e.PropertySourcesPropertyResolver:151 - Found key 'java.vm.vendor' in [systemProperties] with type [String]
18-febrero-20 16:47:22:715 DEBUG Test worker o.s.c.e.PropertySourcesPropertyResolver:151 - Found key 'java.vendor.url' in [systemProperties] with type [String]
18-febrero-20 16:47:22:716 DEBUG Test worker o.s.c.e.PropertySourcesPropertyResolver:151 - Found key 'path.separator' in [systemProperties] with type [String]
18-febrero-20 16:47:22:717 DEBUG Test worker o.s.c.e.PropertySourcesPropertyResolver:151 - Found key 'java.vm.name' in [systemProperties] with type [String]
18-febrero-20 16:47:22:717 DEBUG Test worker o.s.c.e.PropertySourcesPropertyResolver:151 - Found key 'file.encoding.pkg' in [systemProperties] with type [String]
18-febrero-20 16:47:22:718 DEBUG Test worker o.s.c.e.PropertySourcesPropertyResolver:151 - Found key 'sun.java.launcher' in [systemProperties] with type [String]
18-febrero-20 16:47:22:719 DEBUG Test worker o.s.c.e.PropertySourcesPropertyResolver:151 - Found key 'user.country' in [systemProperties] with type [String]
18-febrero-20 16:47:22:720 DEBUG Test worker o.s.c.e.PropertySourcesPropertyResolver:151 - Found key 'sun.os.patch.level' in [systemProperties] with type [String]
18-febrero-20 16:47:22:721 DEBUG Test worker o.s.c.e.PropertySourcesPropertyResolver:151 - Found key 'PID' in [systemProperties] with type [String]
18-febrero-20 16:47:22:725 DEBUG Test worker o.s.c.e.PropertySourcesPropertyResolver:151 - Found key 'java.vm.specification.name' in [systemProperties] with type [String]
18-febrero-20 16:47:22:726 DEBUG Test worker o.s.c.e.PropertySourcesPropertyResolver:151 - Found key 'user.dir' in [systemProperties] with type [String]
18-febrero-20 16:47:22:727 DEBUG Test worker o.s.c.e.PropertySourcesPropertyResolver:151 - Found key 'java.runtime.version' in [systemProperties] with type [String]
18-febrero-20 16:47:22:730 DEBUG Test worker o.s.c.e.PropertySourcesPropertyResolver:151 - Found key 'java.awt.graphicsenv' in [systemProperties] with type [String]
18-febrero-20 16:47:22:731 DEBUG Test worker o.s.c.e.PropertySourcesPropertyResolver:151 - Found key 'org.jboss.logging.provider' in [systemProperties] with type [String]
18-febrero-20 16:47:22:733 DEBUG Test worker o.s.c.e.PropertySourcesPropertyResolver:151 - Found key 'java.endorsed.dirs' in [systemProperties] with type [String]
18-febrero-20 16:47:22:733 DEBUG Test worker o.s.c.e.PropertySourcesPropertyResolver:151 - Found key 'os.arch' in [systemProperties] with type [String]
18-febrero-20 16:47:22:734 DEBUG Test worker o.s.c.e.PropertySourcesPropertyResolver:151 - Found key 'java.io.tmpdir' in [systemProperties] with type [String]
18-febrero-20 16:47:22:735 DEBUG Test worker o.s.c.e.PropertySourcesPropertyResolver:151 - Found key 'line.separator' in [systemProperties] with type [String]
18-febrero-20 16:47:22:735 DEBUG Test worker o.s.c.e.PropertySourcesPropertyResolver:151 - Found key 'java.vm.specification.vendor' in [systemProperties] with type [String]
18-febrero-20 16:47:22:736 DEBUG Test worker o.s.c.e.PropertySourcesPropertyResolver:151 - Found key 'user.variant' in [systemProperties] with type [String]
18-febrero-20 16:47:22:738 DEBUG Test worker o.s.c.e.PropertySourcesPropertyResolver:151 - Found key 'os.name' in [systemProperties] with type [String]
18-febrero-20 16:47:22:739 DEBUG Test worker o.s.c.e.PropertySourcesPropertyResolver:151 - Found key 'sun.jnu.encoding' in [systemProperties] with type [String]
18-febrero-20 16:47:22:740 DEBUG Test worker o.s.c.e.PropertySourcesPropertyResolver:151 - Found key 'spring.beaninfo.ignore' in [systemProperties] with type [String]
18-febrero-20 16:47:22:741 DEBUG Test worker o.s.c.e.PropertySourcesPropertyResolver:151 - Found key 'java.library.path' in [systemProperties] with type [String]
18-febrero-20 16:47:22:743 DEBUG Test worker o.s.c.e.PropertySourcesPropertyResolver:151 - Found key 'java.specification.name' in [systemProperties] with type [String]
18-febrero-20 16:47:22:744 DEBUG Test worker o.s.c.e.PropertySourcesPropertyResolver:151 - Found key 'java.class.version' in [systemProperties] with type [String]
18-febrero-20 16:47:22:746 DEBUG Test worker o.s.c.e.PropertySourcesPropertyResolver:151 - Found key 'sun.management.compiler' in [systemProperties] with type [String]
18-febrero-20 16:47:22:747 DEBUG Test worker o.s.c.e.PropertySourcesPropertyResolver:151 - Found key 'os.version' in [systemProperties] with type [String]
18-febrero-20 16:47:22:747 DEBUG Test worker o.s.c.e.PropertySourcesPropertyResolver:151 - Found key 'http.nonProxyHosts' in [systemProperties] with type [String]
18-febrero-20 16:47:22:748 DEBUG Test worker o.s.c.e.PropertySourcesPropertyResolver:151 - Found key 'user.home' in [systemProperties] with type [String]
18-febrero-20 16:47:22:748 DEBUG Test worker o.s.c.e.PropertySourcesPropertyResolver:151 - Found key 'user.timezone' in [systemProperties] with type [String]
18-febrero-20 16:47:22:749 DEBUG Test worker o.s.c.e.PropertySourcesPropertyResolver:151 - Found key 'java.awt.printerjob' in [systemProperties] with type [String]
18-febrero-20 16:47:22:749 DEBUG Test worker o.s.c.e.PropertySourcesPropertyResolver:151 - Found key 'file.encoding' in [systemProperties] with type [String]
18-febrero-20 16:47:22:750 DEBUG Test worker o.s.c.e.PropertySourcesPropertyResolver:151 - Found key 'java.specification.version' in [systemProperties] with type [String]
18-febrero-20 16:47:22:750 DEBUG Test worker o.s.c.e.PropertySourcesPropertyResolver:151 - Found key 'java.class.path' in [systemProperties] with type [String]
18-febrero-20 16:47:22:750 DEBUG Test worker o.s.c.e.PropertySourcesPropertyResolver:151 - Found key 'user.name' in [systemProperties] with type [String]
18-febrero-20 16:47:22:751 DEBUG Test worker o.s.c.e.PropertySourcesPropertyResolver:151 - Found key 'java.vm.specification.version' in [systemProperties] with type [String]
18-febrero-20 16:47:22:751 DEBUG Test worker o.s.c.e.PropertySourcesPropertyResolver:151 - Found key 'sun.java.command' in [systemProperties] with type [String]
18-febrero-20 16:47:22:752 DEBUG Test worker o.s.c.e.PropertySourcesPropertyResolver:151 - Found key 'java.home' in [systemProperties] with type [String]
18-febrero-20 16:47:22:752 DEBUG Test worker o.s.c.e.PropertySourcesPropertyResolver:151 - Found key 'sun.arch.data.model' in [systemProperties] with type [String]
18-febrero-20 16:47:22:753 DEBUG Test worker o.s.c.e.PropertySourcesPropertyResolver:151 - Found key 'user.language' in [systemProperties] with type [String]
18-febrero-20 16:47:22:753 DEBUG Test worker o.s.c.e.PropertySourcesPropertyResolver:151 - Found key 'java.specification.vendor' in [systemProperties] with type [String]
18-febrero-20 16:47:22:754 DEBUG Test worker o.s.c.e.PropertySourcesPropertyResolver:151 - Found key 'awt.toolkit' in [systemProperties] with type [String]
18-febrero-20 16:47:22:755 DEBUG Test worker o.s.c.e.PropertySourcesPropertyResolver:151 - Found key 'java.vm.info' in [systemProperties] with type [String]
18-febrero-20 16:47:22:755 DEBUG Test worker o.s.c.e.PropertySourcesPropertyResolver:151 - Found key 'java.version' in [systemProperties] with type [String]
18-febrero-20 16:47:22:756 DEBUG Test worker o.s.c.e.PropertySourcesPropertyResolver:151 - Found key 'java.ext.dirs' in [systemProperties] with type [String]
18-febrero-20 16:47:22:756 DEBUG Test worker o.s.c.e.PropertySourcesPropertyResolver:151 - Found key 'sun.boot.class.path' in [systemProperties] with type [String]
18-febrero-20 16:47:22:757 DEBUG Test worker o.s.c.e.PropertySourcesPropertyResolver:151 - Found key 'java.awt.headless' in [systemProperties] with type [String]
18-febrero-20 16:47:22:757 DEBUG Test worker o.s.c.e.PropertySourcesPropertyResolver:151 - Found key 'java.vendor' in [systemProperties] with type [String]
18-febrero-20 16:47:22:758 DEBUG Test worker o.s.c.e.PropertySourcesPropertyResolver:151 - Found key 'org.gradle.test.worker' in [systemProperties] with type [String]
18-febrero-20 16:47:22:758 DEBUG Test worker o.s.c.e.PropertySourcesPropertyResolver:151 - Found key 'file.separator' in [systemProperties] with type [String]
18-febrero-20 16:47:22:759 DEBUG Test worker o.s.c.e.PropertySourcesPropertyResolver:151 - Found key 'java.vendor.url.bug' in [systemProperties] with type [String]
18-febrero-20 16:47:22:760 DEBUG Test worker o.s.c.e.PropertySourcesPropertyResolver:151 - Found key 'sun.io.unicode.encoding' in [systemProperties] with type [String]
18-febrero-20 16:47:22:764 DEBUG Test worker o.s.c.e.PropertySourcesPropertyResolver:151 - Found key 'sun.cpu.endian' in [systemProperties] with type [String]
18-febrero-20 16:47:22:765 DEBUG Test worker o.s.c.e.PropertySourcesPropertyResolver:151 - Found key 'socksNonProxyHosts' in [systemProperties] with type [String]
18-febrero-20 16:47:22:766 DEBUG Test worker o.s.c.e.PropertySourcesPropertyResolver:151 - Found key 'ftp.nonProxyHosts' in [systemProperties] with type [String]
18-febrero-20 16:47:22:767 DEBUG Test worker o.s.c.e.PropertySourcesPropertyResolver:151 - Found key 'sun.cpu.isalist' in [systemProperties] with type [String]
18-febrero-20 16:47:22:769 DEBUG Test worker o.s.c.e.PropertySourcesPropertyResolver:151 - Found key 'PATH' in [systemEnvironment] with type [String]
18-febrero-20 16:47:22:772 DEBUG Test worker o.s.c.e.PropertySourcesPropertyResolver:151 - Found key 'SHELL' in [systemEnvironment] with type [String]
18-febrero-20 16:47:22:775 DEBUG Test worker o.s.c.e.PropertySourcesPropertyResolver:151 - Found key 'JAVA_MAIN_CLASS_88121' in [systemEnvironment] with type [String]
18-febrero-20 16:47:22:775 DEBUG Test worker o.s.c.e.PropertySourcesPropertyResolver:151 - Found key 'APP_ICON_84595' in [systemEnvironment] with type [String]
18-febrero-20 16:47:22:776 DEBUG Test worker o.s.c.e.PropertySourcesPropertyResolver:151 - Found key 'USER' in [systemEnvironment] with type [String]
18-febrero-20 16:47:22:776 DEBUG Test worker o.s.c.e.PropertySourcesPropertyResolver:151 - Found key 'TMPDIR' in [systemEnvironment] with type [String]
18-febrero-20 16:47:22:777 DEBUG Test worker o.s.c.e.PropertySourcesPropertyResolver:151 - Found key 'SSH_AUTH_SOCK' in [systemEnvironment] with type [String]
18-febrero-20 16:47:22:777 DEBUG Test worker o.s.c.e.PropertySourcesPropertyResolver:151 - Found key 'XPC_FLAGS' in [systemEnvironment] with type [String]
18-febrero-20 16:47:22:778 DEBUG Test worker o.s.c.e.PropertySourcesPropertyResolver:151 - Found key 'JAVA_STARTED_ON_FIRST_THREAD_84595' in [systemEnvironment] with type [String]
18-febrero-20 16:47:22:778 DEBUG Test worker o.s.c.e.PropertySourcesPropertyResolver:151 - Found key '__CF_USER_TEXT_ENCODING' in [systemEnvironment] with type [String]
18-febrero-20 16:47:22:779 DEBUG Test worker o.s.c.e.PropertySourcesPropertyResolver:151 - Found key 'Apple_PubSub_Socket_Render' in [systemEnvironment] with type [String]
18-febrero-20 16:47:22:781 DEBUG Test worker o.s.c.e.PropertySourcesPropertyResolver:151 - Found key 'LOGNAME' in [systemEnvironment] with type [String]
18-febrero-20 16:47:22:783 DEBUG Test worker o.s.c.e.PropertySourcesPropertyResolver:151 - Found key 'XPC_SERVICE_NAME' in [systemEnvironment] with type [String]
18-febrero-20 16:47:22:783 DEBUG Test worker o.s.c.e.PropertySourcesPropertyResolver:151 - Found key 'HOME' in [systemEnvironment] with type [String]
18-febrero-20 16:47:22:784 DEBUG Test worker o.s.c.e.PropertySourcesPropertyResolver:151 - Found key 'spring.jpa.show-sql' in [applicationConfigurationProperties] with type [String]
18-febrero-20 16:47:22:784 DEBUG Test worker o.s.c.e.PropertySourcesPropertyResolver:151 - Found key 'spring.datasource.username' in [applicationConfigurationProperties] with type [String]
18-febrero-20 16:47:22:785 DEBUG Test worker o.s.c.e.PropertySourcesPropertyResolver:151 - Found key 'spring.datasource.driverClassName' in [applicationConfigurationProperties] with type [String]
18-febrero-20 16:47:22:785 DEBUG Test worker o.s.c.e.PropertySourcesPropertyResolver:151 - Found key 'spring.profiles.active' in [applicationConfigurationProperties] with type [String]
18-febrero-20 16:47:22:786 DEBUG Test worker o.s.c.e.PropertySourcesPropertyResolver:151 - Found key 'spring.datasource.password' in [applicationConfigurationProperties] with type [String]
18-febrero-20 16:47:22:786 DEBUG Test worker o.s.c.e.PropertySourcesPropertyResolver:151 - Found key 'spring.main.banner-mode' in [applicationConfigurationProperties] with type [String]
18-febrero-20 16:47:22:787 DEBUG Test worker o.s.c.e.PropertySourcesPropertyResolver:151 - Found key 'spring.datasource.url' in [applicationConfigurationProperties] with type [String]
18-febrero-20 16:47:22:787 DEBUG Test worker o.s.c.e.PropertySourcesPropertyResolver:151 - Found key 'spring.jpa.database-platform' in [applicationConfigurationProperties] with type [String]
18-febrero-20 16:47:22:798 DEBUG Test worker o.s.b.f.s.DefaultListableBeanFactory:251 - Returning cached instance of singleton bean 'autoConfigurationReport'
18-febrero-20 16:47:22:806 DEBUG Test worker o.s.b.f.s.DefaultListableBeanFactory:251 - Returning cached instance of singleton bean 'autoConfigurationReport'
18-febrero-20 16:47:22:815 DEBUG Test worker o.s.b.f.s.DefaultListableBeanFactory:251 - Returning cached instance of singleton bean 'autoConfigurationReport'
18-febrero-20 16:47:22:821 DEBUG Test worker o.s.b.f.s.DefaultListableBeanFactory:251 - Returning cached instance of singleton bean 'autoConfigurationReport'
18-febrero-20 16:47:22:822 DEBUG Test worker o.s.c.e.PropertySourcesPropertyResolver:151 - Found key 'spring.jmx.enabled' in [Inlined Test Properties] with type [String]
18-febrero-20 16:47:22:823 DEBUG Test worker o.s.b.f.s.DefaultListableBeanFactory:251 - Returning cached instance of singleton bean 'autoConfigurationReport'
18-febrero-20 16:47:22:824 DEBUG Test worker o.s.b.f.s.DefaultListableBeanFactory:251 - Returning cached instance of singleton bean 'autoConfigurationReport'
18-febrero-20 16:47:22:825 DEBUG Test worker o.s.b.f.s.DefaultListableBeanFactory:251 - Returning cached instance of singleton bean 'autoConfigurationReport'
18-febrero-20 16:47:22:828 DEBUG Test worker o.s.b.f.s.DefaultListableBeanFactory:251 - Returning cached instance of singleton bean 'autoConfigurationReport'
18-febrero-20 16:47:22:828 DEBUG Test worker o.s.b.f.s.DefaultListableBeanFactory:251 - Returning cached instance of singleton bean 'autoConfigurationReport'
18-febrero-20 16:47:22:833 DEBUG Test worker o.s.b.f.s.DefaultListableBeanFactory:251 - Returning cached instance of singleton bean 'autoConfigurationReport'
18-febrero-20 16:47:22:835 DEBUG Test worker o.s.b.f.s.DefaultListableBeanFactory:251 - Returning cached instance of singleton bean 'autoConfigurationReport'
18-febrero-20 16:47:22:840 DEBUG Test worker o.s.b.f.s.DefaultListableBeanFactory:251 - Returning cached instance of singleton bean 'autoConfigurationReport'
18-febrero-20 16:47:22:841 DEBUG Test worker o.s.b.f.s.DefaultListableBeanFactory:251 - Returning cached instance of singleton bean 'autoConfigurationReport'
18-febrero-20 16:47:22:842 DEBUG Test worker o.s.b.f.s.DefaultListableBeanFactory:251 - Returning cached instance of singleton bean 'autoConfigurationReport'
18-febrero-20 16:47:22:843 DEBUG Test worker o.s.b.f.s.DefaultListableBeanFactory:251 - Returning cached instance of singleton bean 'autoConfigurationReport'
18-febrero-20 16:47:22:856 DEBUG Test worker o.s.b.f.s.DefaultListableBeanFactory:251 - Returning cached instance of singleton bean 'autoConfigurationReport'
18-febrero-20 16:47:22:860 DEBUG Test worker o.s.b.f.s.DefaultListableBeanFactory:251 - Returning cached instance of singleton bean 'autoConfigurationReport'
18-febrero-20 16:47:22:861 DEBUG Test worker o.s.b.f.s.DefaultListableBeanFactory:251 - Returning cached instance of singleton bean 'autoConfigurationReport'
18-febrero-20 16:47:22:862 DEBUG Test worker o.s.b.f.s.DefaultListableBeanFactory:251 - Returning cached instance of singleton bean 'autoConfigurationReport'
18-febrero-20 16:47:22:864 DEBUG Test worker o.s.b.f.s.DefaultListableBeanFactory:251 - Returning cached instance of singleton bean 'autoConfigurationReport'
18-febrero-20 16:47:22:866 DEBUG Test worker o.s.b.f.s.DefaultListableBeanFactory:251 - Returning cached instance of singleton bean 'autoConfigurationReport'
18-febrero-20 16:47:22:871 DEBUG Test worker o.s.b.f.s.DefaultListableBeanFactory:251 - Returning cached instance of singleton bean 'autoConfigurationReport'
18-febrero-20 16:47:22:883 DEBUG Test worker o.s.b.f.s.DefaultListableBeanFactory:251 - Returning cached instance of singleton bean 'autoConfigurationReport'
18-febrero-20 16:47:22:884 DEBUG Test worker o.s.b.f.s.DefaultListableBeanFactory:251 - Returning cached instance of singleton bean 'autoConfigurationReport'
18-febrero-20 16:47:22:891 DEBUG Test worker o.s.b.f.s.DefaultListableBeanFactory:251 - Returning cached instance of singleton bean 'autoConfigurationReport'
18-febrero-20 16:47:22:897 DEBUG Test worker o.s.b.f.s.DefaultListableBeanFactory:251 - Returning cached instance of singleton bean 'autoConfigurationReport'
18-febrero-20 16:47:22:897 DEBUG Test worker o.s.b.f.s.DefaultListableBeanFactory:251 - Returning cached instance of singleton bean 'autoConfigurationReport'
18-febrero-20 16:47:22:900 DEBUG Test worker o.s.b.f.s.DefaultListableBeanFactory:251 - Returning cached instance of singleton bean 'autoConfigurationReport'
18-febrero-20 16:47:22:901 DEBUG Test worker o.s.b.f.s.DefaultListableBeanFactory:251 - Returning cached instance of singleton bean 'autoConfigurationReport'
18-febrero-20 16:47:22:903 DEBUG Test worker o.s.b.f.s.DefaultListableBeanFactory:251 - Returning cached instance of singleton bean 'autoConfigurationReport'
18-febrero-20 16:47:22:904 DEBUG Test worker o.s.b.f.s.DefaultListableBeanFactory:251 - Returning cached instance of singleton bean 'autoConfigurationReport'
18-febrero-20 16:47:22:906 DEBUG Test worker o.s.b.f.s.DefaultListableBeanFactory:251 - Returning cached instance of singleton bean 'autoConfigurationReport'
18-febrero-20 16:47:22:907 DEBUG Test worker o.s.b.f.s.DefaultListableBeanFactory:251 - Returning cached instance of singleton bean 'autoConfigurationReport'
18-febrero-20 16:47:22:909 DEBUG Test worker o.s.b.f.s.DefaultListableBeanFactory:251 - Returning cached instance of singleton bean 'autoConfigurationReport'
18-febrero-20 16:47:22:910 DEBUG Test worker o.s.b.f.s.DefaultListableBeanFactory:251 - Returning cached instance of singleton bean 'autoConfigurationReport'
18-febrero-20 16:47:22:917 DEBUG Test worker o.s.b.f.s.DefaultListableBeanFactory:251 - Returning cached instance of singleton bean 'autoConfigurationReport'
18-febrero-20 16:47:22:925 DEBUG Test worker o.s.b.f.s.DefaultListableBeanFactory:251 - Returning cached instance of singleton bean 'autoConfigurationReport'
18-febrero-20 16:47:22:926 DEBUG Test worker o.s.b.f.s.DefaultListableBeanFactory:251 - Returning cached instance of singleton bean 'autoConfigurationReport'
18-febrero-20 16:47:22:927 DEBUG Test worker o.s.b.f.s.DefaultListableBeanFactory:251 - Returning cached instance of singleton bean 'autoConfigurationReport'
18-febrero-20 16:47:22:927 DEBUG Test worker o.s.b.f.s.DefaultListableBeanFactory:251 - Returning cached instance of singleton bean 'autoConfigurationReport'
18-febrero-20 16:47:22:931 DEBUG Test worker o.s.b.f.s.DefaultListableBeanFactory:251 - Returning cached instance of singleton bean 'autoConfigurationReport'
18-febrero-20 16:47:22:932 DEBUG Test worker o.s.b.f.s.DefaultListableBeanFactory:251 - Returning cached instance of singleton bean 'autoConfigurationReport'
18-febrero-20 16:47:22:934 DEBUG Test worker o.s.b.f.s.DefaultListableBeanFactory:251 - Returning cached instance of singleton bean 'autoConfigurationReport'
18-febrero-20 16:47:22:935 DEBUG Test worker o.s.b.f.s.DefaultListableBeanFactory:251 - Returning cached instance of singleton bean 'autoConfigurationReport'
18-febrero-20 16:47:22:939 DEBUG Test worker o.s.b.f.s.DefaultListableBeanFactory:251 - Returning cached instance of singleton bean 'autoConfigurationReport'
18-febrero-20 16:47:22:963 DEBUG Test worker o.s.b.f.s.DefaultListableBeanFactory:251 - Returning cached instance of singleton bean 'autoConfigurationReport'
18-febrero-20 16:47:22:966 DEBUG Test worker o.s.b.f.s.DefaultListableBeanFactory:251 - Returning cached instance of singleton bean 'autoConfigurationReport'
18-febrero-20 16:47:22:969 DEBUG Test worker o.s.b.f.s.DefaultListableBeanFactory:251 - Returning cached instance of singleton bean 'autoConfigurationReport'
18-febrero-20 16:47:22:970 DEBUG Test worker o.s.b.f.s.DefaultListableBeanFactory:251 - Returning cached instance of singleton bean 'autoConfigurationReport'
18-febrero-20 16:47:22:971 DEBUG Test worker o.s.b.f.s.DefaultListableBeanFactory:251 - Returning cached instance of singleton bean 'autoConfigurationReport'
18-febrero-20 16:47:22:972 DEBUG Test worker o.s.b.f.s.DefaultListableBeanFactory:251 - Returning cached instance of singleton bean 'autoConfigurationReport'
18-febrero-20 16:47:22:973 DEBUG Test worker o.s.b.f.s.DefaultListableBeanFactory:251 - Returning cached instance of singleton bean 'autoConfigurationReport'
18-febrero-20 16:47:22:975 DEBUG Test worker o.s.b.f.s.DefaultListableBeanFactory:251 - Returning cached instance of singleton bean 'autoConfigurationReport'
18-febrero-20 16:47:22:978 DEBUG Test worker o.s.b.f.s.DefaultListableBeanFactory:251 - Returning cached instance of singleton bean 'autoConfigurationReport'
18-febrero-20 16:47:22:979 DEBUG Test worker o.s.b.f.s.DefaultListableBeanFactory:251 - Returning cached instance of singleton bean 'autoConfigurationReport'
18-febrero-20 16:47:22:981 DEBUG Test worker o.s.b.f.s.DefaultListableBeanFactory:251 - Returning cached instance of singleton bean 'autoConfigurationReport'
18-febrero-20 16:47:22:991 DEBUG Test worker o.s.b.f.s.DefaultListableBeanFactory:251 - Returning cached instance of singleton bean 'autoConfigurationReport'
18-febrero-20 16:47:22:993 DEBUG Test worker o.s.b.f.s.DefaultListableBeanFactory:251 - Returning cached instance of singleton bean 'autoConfigurationReport'
18-febrero-20 16:47:22:996 DEBUG Test worker o.s.b.f.s.DefaultListableBeanFactory:251 - Returning cached instance of singleton bean 'autoConfigurationReport'
18-febrero-20 16:47:22:997 DEBUG Test worker o.s.b.f.s.DefaultListableBeanFactory:251 - Returning cached instance of singleton bean 'autoConfigurationReport'
18-febrero-20 16:47:22:998 DEBUG Test worker o.s.b.f.s.DefaultListableBeanFactory:251 - Returning cached instance of singleton bean 'autoConfigurationReport'
18-febrero-20 16:47:23:007 DEBUG Test worker o.s.b.f.s.DefaultListableBeanFactory:251 - Returning cached instance of singleton bean 'autoConfigurationReport'
18-febrero-20 16:47:23:008 DEBUG Test worker o.s.b.f.s.DefaultListableBeanFactory:251 - Returning cached instance of singleton bean 'autoConfigurationReport'
18-febrero-20 16:47:23:012 DEBUG Test worker o.s.b.f.s.DefaultListableBeanFactory:251 - Returning cached instance of singleton bean 'autoConfigurationReport'
18-febrero-20 16:47:23:014 DEBUG Test worker o.s.b.f.s.DefaultListableBeanFactory:251 - Returning cached instance of singleton bean 'autoConfigurationReport'
18-febrero-20 16:47:23:016 DEBUG Test worker o.s.b.f.s.DefaultListableBeanFactory:251 - Returning cached instance of singleton bean 'autoConfigurationReport'
18-febrero-20 16:47:23:017 DEBUG Test worker o.s.b.f.s.DefaultListableBeanFactory:251 - Returning cached instance of singleton bean 'autoConfigurationReport'
18-febrero-20 16:47:23:019 DEBUG Test worker o.s.b.f.s.DefaultListableBeanFactory:251 - Returning cached instance of singleton bean 'autoConfigurationReport'
18-febrero-20 16:47:23:022 DEBUG Test worker o.s.b.f.s.DefaultListableBeanFactory:251 - Returning cached instance of singleton bean 'autoConfigurationReport'
18-febrero-20 16:47:23:025 DEBUG Test worker o.s.b.f.s.DefaultListableBeanFactory:251 - Returning cached instance of singleton bean 'autoConfigurationReport'
18-febrero-20 16:47:23:027 DEBUG Test worker o.s.b.f.s.DefaultListableBeanFactory:251 - Returning cached instance of singleton bean 'autoConfigurationReport'
18-febrero-20 16:47:23:028 DEBUG Test worker o.s.b.f.s.DefaultListableBeanFactory:251 - Returning cached instance of singleton bean 'autoConfigurationReport'
18-febrero-20 16:47:23:029 DEBUG Test worker o.s.b.f.s.DefaultListableBeanFactory:251 - Returning cached instance of singleton bean 'autoConfigurationReport'
18-febrero-20 16:47:23:039 DEBUG Test worker o.s.b.f.s.DefaultListableBeanFactory:251 - Returning cached instance of singleton bean 'autoConfigurationReport'
18-febrero-20 16:47:23:041 DEBUG Test worker o.s.b.f.s.DefaultListableBeanFactory:251 - Returning cached instance of singleton bean 'autoConfigurationReport'
18-febrero-20 16:47:23:043 DEBUG Test worker o.s.b.f.s.DefaultListableBeanFactory:251 - Returning cached instance of singleton bean 'autoConfigurationReport'
18-febrero-20 16:47:23:047 DEBUG Test worker o.s.b.f.s.DefaultListableBeanFactory:251 - Returning cached instance of singleton bean 'autoConfigurationReport'
18-febrero-20 16:47:23:048 DEBUG Test worker o.s.b.f.s.DefaultListableBeanFactory:251 - Returning cached instance of singleton bean 'autoConfigurationReport'
18-febrero-20 16:47:23:050 DEBUG Test worker o.s.b.f.s.DefaultListableBeanFactory:251 - Returning cached instance of singleton bean 'autoConfigurationReport'
18-febrero-20 16:47:23:051 DEBUG Test worker o.s.b.f.s.DefaultListableBeanFactory:251 - Returning cached instance of singleton bean 'autoConfigurationReport'
18-febrero-20 16:47:23:052 DEBUG Test worker o.s.b.f.s.DefaultListableBeanFactory:251 - Returning cached instance of singleton bean 'autoConfigurationReport'
18-febrero-20 16:47:23:053 DEBUG Test worker o.s.b.f.s.DefaultListableBeanFactory:251 - Returning cached instance of singleton bean 'autoConfigurationReport'
18-febrero-20 16:47:23:054 DEBUG Test worker o.s.b.f.s.DefaultListableBeanFactory:251 - Returning cached instance of singleton bean 'autoConfigurationReport'
18-febrero-20 16:47:23:061 DEBUG Test worker o.s.b.f.s.DefaultListableBeanFactory:251 - Returning cached instance of singleton bean 'autoConfigurationReport'
18-febrero-20 16:47:23:062 DEBUG Test worker o.s.b.f.s.DefaultListableBeanFactory:251 - Returning cached instance of singleton bean 'autoConfigurationReport'
18-febrero-20 16:47:23:063 DEBUG Test worker o.s.b.f.s.DefaultListableBeanFactory:251 - Returning cached instance of singleton bean 'autoConfigurationReport'
18-febrero-20 16:47:23:065 DEBUG Test worker o.s.b.f.s.DefaultListableBeanFactory:251 - Returning cached instance of singleton bean 'autoConfigurationReport'
18-febrero-20 16:47:23:069 DEBUG Test worker o.s.b.f.s.DefaultListableBeanFactory:251 - Returning cached instance of singleton bean 'autoConfigurationReport'
18-febrero-20 16:47:23:069 DEBUG Test worker o.s.b.f.s.DefaultListableBeanFactory:251 - Returning cached instance of singleton bean 'autoConfigurationReport'
18-febrero-20 16:47:23:083 DEBUG Test worker o.s.c.i.s.PathMatchingResourcePatternResolver:318 - Resolved classpath location [org/springframework/data/rest/webmvc/] to resources [URL [jar:file:/Users/ivan.garcia/.gradle/caches/modules-2/files-2.1/org.springframework.data/spring-data-rest-webmvc/2.5.11.RELEASE/bbe67ac5cf23ca4f9244e4588d47683be994cd90/spring-data-rest-webmvc-2.5.11.RELEASE.jar!/org/springframework/data/rest/webmvc/]]
18-febrero-20 16:47:23:084 DEBUG Test worker o.s.c.i.s.PathMatchingResourcePatternResolver:612 - Looking for matching resources in jar file [file:/Users/ivan.garcia/.gradle/caches/modules-2/files-2.1/org.springframework.data/spring-data-rest-webmvc/2.5.11.RELEASE/bbe67ac5cf23ca4f9244e4588d47683be994cd90/spring-data-rest-webmvc-2.5.11.RELEASE.jar]
18-febrero-20 16:47:23:097 DEBUG Test worker o.s.c.i.s.PathMatchingResourcePatternResolver:482 - Resolved location pattern [classpath*:org/springframework/data/rest/webmvc/**/*.class] to resources [URL [jar:file:/Users/ivan.garcia/.gradle/caches/modules-2/files-2.1/org.springframework.data/spring-data-rest-webmvc/2.5.11.RELEASE/bbe67ac5cf23ca4f9244e4588d47683be994cd90/spring-data-rest-webmvc-2.5.11.RELEASE.jar!/org/springframework/data/rest/webmvc/AbstractRepositoryRestController.class], URL [jar:file:/Users/ivan.garcia/.gradle/caches/modules-2/files-2.1/org.springframework.data/spring-data-rest-webmvc/2.5.11.RELEASE/bbe67ac5cf23ca4f9244e4588d47683be994cd90/spring-data-rest-webmvc-2.5.11.RELEASE.jar!/org/springframework/data/rest/webmvc/alps/AlpsController.class], URL [jar:file:/Users/ivan.garcia/.gradle/caches/modules-2/files-2.1/org.springframework.data/spring-data-rest-webmvc/2.5.11.RELEASE/bbe67ac5cf23ca4f9244e4588d47683be994cd90/spring-data-rest-webmvc-2.5.11.RELEASE.jar!/org/springframework/data/rest/webmvc/alps/AlpsJsonHttpMessageConverter.class], URL [jar:file:/Users/ivan.garcia/.gradle/caches/modules-2/files-2.1/org.springframework.data/spring-data-rest-webmvc/2.5.11.RELEASE/bbe67ac5cf23ca4f9244e4588d47683be994cd90/spring-data-rest-webmvc-2.5.11.RELEASE.jar!/org/springframework/data/rest/webmvc/alps/RootResourceInformationToAlpsDescriptorConverter$1.class], URL [jar:file:/Users/ivan.garcia/.gradle/caches/modules-2/files-2.1/org.springframework.data/spring-data-rest-webmvc/2.5.11.RELEASE/bbe67ac5cf23ca4f9244e4588d47683be994cd90/spring-data-rest-webmvc-2.5.11.RELEASE.jar!/org/springframework/data/rest/webmvc/alps/RootResourceInformationToAlpsDescriptorConverter$2.class], URL [jar:file:/Users/ivan.garcia/.gradle/caches/modules-2/files-2.1/org.springframework.data/spring-data-rest-webmvc/2.5.11.RELEASE/bbe67ac5cf23ca4f9244e4588d47683be994cd90/spring-data-rest-webmvc-2.5.11.RELEASE.jar!/org/springframework/data/rest/webmvc/alps/RootResourceInformationToAlpsDescriptorConverter$3.class], URL [jar:file:/Users/ivan.garcia/.gradle/caches/modules-2/files-2.1/org.springframework.data/spring-data-rest-webmvc/2.5.11.RELEASE/bbe67ac5cf23ca4f9244e4588d47683be994cd90/spring-data-rest-webmvc-2.5.11.RELEASE.jar!/org/springframework/data/rest/webmvc/alps/RootResourceInformationToAlpsDescriptorConverter.class], URL [jar:file:/Users/ivan.garcia/.gradle/caches/modules-2/files-2.1/org.springframework.data/spring-data-rest-webmvc/2.5.11.RELEASE/bbe67ac5cf23ca4f9244e4588d47683be994cd90/spring-data-rest-webmvc-2.5.11.RELEASE.jar!/org/springframework/data/rest/webmvc/BasePathAwareController.class], URL [jar:file:/Users/ivan.garcia/.gradle/caches/modules-2/files-2.1/org.springframework.data/spring-data-rest-webmvc/2.5.11.RELEASE/bbe67ac5cf23ca4f9244e4588d47683be994cd90/spring-data-rest-webmvc-2.5.11.RELEASE.jar!/org/springframework/data/rest/webmvc/BasePathAwareHandlerMapping$CustomAcceptHeaderHttpServletRequest.class], URL [jar:file:/Users/ivan.garcia/.gradle/caches/modules-2/files-2.1/org.springframework.data/spring-data-rest-webmvc/2.5.11.RELEASE/bbe67ac5cf23ca4f9244e4588d47683be994cd90/spring-data-rest-webmvc-2.5.11.RELEASE.jar!/org/springframework/data/rest/webmvc/BasePathAwareHandlerMapping$UriAwareHttpServletRequest.class], URL [jar:file:/Users/ivan.garcia/.gradle/caches/modules-2/files-2.1/org.springframework.data/spring-data-rest-webmvc/2.5.11.RELEASE/bbe67ac5cf23ca4f9244e4588d47683be994cd90/spring-data-rest-webmvc-2.5.11.RELEASE.jar!/org/springframework/data/rest/webmvc/BasePathAwareHandlerMapping.class], URL [jar:file:/Users/ivan.garcia/.gradle/caches/modules-2/files-2.1/org.springframework.data/spring-data-rest-webmvc/2.5.11.RELEASE/bbe67ac5cf23ca4f9244e4588d47683be994cd90/spring-data-rest-webmvc-2.5.11.RELEASE.jar!/org/springframework/data/rest/webmvc/BaseUri.class], URL [jar:file:/Users/ivan.garcia/.gradle/caches/modules-2/files-2.1/org.springframework.data/spring-data-rest-webmvc/2.5.11.RELEASE/bbe67ac5cf23ca4f9244e4588d47683be994cd90/spring-data-rest-webmvc-2.5.11.RELEASE.jar!/org/springframework/data/rest/webmvc/config/ArgumentResolverPagingAndSortingTemplateVariables.class], URL [jar:file:/Users/ivan.garcia/.gradle/caches/modules-2/files-2.1/org.springframework.data/spring-data-rest-webmvc/2.5.11.RELEASE/bbe67ac5cf23ca4f9244e4588d47683be994cd90/spring-data-rest-webmvc-2.5.11.RELEASE.jar!/org/springframework/data/rest/webmvc/config/JsonPatchHandler.class], URL [jar:file:/Users/ivan.garcia/.gradle/caches/modules-2/files-2.1/org.springframework.data/spring-data-rest-webmvc/2.5.11.RELEASE/bbe67ac5cf23ca4f9244e4588d47683be994cd90/spring-data-rest-webmvc-2.5.11.RELEASE.jar!/org/springframework/data/rest/webmvc/config/PersistentEntityResourceAssemblerArgumentResolver.class], URL [jar:file:/Users/ivan.garcia/.gradle/caches/modules-2/files-2.1/org.springframework.data/spring-data-rest-webmvc/2.5.11.RELEASE/bbe67ac5cf23ca4f9244e4588d47683be994cd90/spring-data-rest-webmvc-2.5.11.RELEASE.jar!/org/springframework/data/rest/webmvc/config/PersistentEntityResourceHandlerMethodArgumentResolver.class], URL [jar:file:/Users/ivan.garcia/.gradle/caches/modules-2/files-2.1/org.springframework.data/spring-data-rest-webmvc/2.5.11.RELEASE/bbe67ac5cf23ca4f9244e4588d47683be994cd90/spring-data-rest-webmvc-2.5.11.RELEASE.jar!/org/springframework/data/rest/webmvc/config/ProjectionDefinitionRegistar.class], URL [jar:file:/Users/ivan.garcia/.gradle/caches/modules-2/files-2.1/org.springframework.data/spring-data-rest-webmvc/2.5.11.RELEASE/bbe67ac5cf23ca4f9244e4588d47683be994cd90/spring-data-rest-webmvc-2.5.11.RELEASE.jar!/org/springframework/data/rest/webmvc/config/QuerydslAwareRootResourceInformationHandlerMethodArgumentResolver.class], URL [jar:file:/Users/ivan.garcia/.gradle/caches/modules-2/files-2.1/org.springframework.data/spring-data-rest-webmvc/2.5.11.RELEASE/bbe67ac5cf23ca4f9244e4588d47683be994cd90/spring-data-rest-webmvc-2.5.11.RELEASE.jar!/org/springframework/data/rest/webmvc/config/RepositoryRestConfigurer.class], URL [jar:file:/Users/ivan.garcia/.gradle/caches/modules-2/files-2.1/org.springframework.data/spring-data-rest-webmvc/2.5.11.RELEASE/bbe67ac5cf23ca4f9244e4588d47683be994cd90/spring-data-rest-webmvc-2.5.11.RELEASE.jar!/org/springframework/data/rest/webmvc/config/RepositoryRestConfigurerAdapter.class], URL [jar:file:/Users/ivan.garcia/.gradle/caches/modules-2/files-2.1/org.springframework.data/spring-data-rest-webmvc/2.5.11.RELEASE/bbe67ac5cf23ca4f9244e4588d47683be994cd90/spring-data-rest-webmvc-2.5.11.RELEASE.jar!/org/springframework/data/rest/webmvc/config/RepositoryRestConfigurerDelegate.class], URL [jar:file:/Users/ivan.garcia/.gradle/caches/modules-2/files-2.1/org.springframework.data/spring-data-rest-webmvc/2.5.11.RELEASE/bbe67ac5cf23ca4f9244e4588d47683be994cd90/spring-data-rest-webmvc-2.5.11.RELEASE.jar!/org/springframework/data/rest/webmvc/config/RepositoryRestMvcConfiguration$ResourceSupportHttpMessageConverter.class], URL [jar:file:/Users/ivan.garcia/.gradle/caches/modules-2/files-2.1/org.springframework.data/spring-data-rest-webmvc/2.5.11.RELEASE/bbe67ac5cf23ca4f9244e4588d47683be994cd90/spring-data-rest-webmvc-2.5.11.RELEASE.jar!/org/springframework/data/rest/webmvc/config/RepositoryRestMvcConfiguration.class], URL [jar:file:/Users/ivan.garcia/.gradle/caches/modules-2/files-2.1/org.springframework.data/spring-data-rest-webmvc/2.5.11.RELEASE/bbe67ac5cf23ca4f9244e4588d47683be994cd90/spring-data-rest-webmvc-2.5.11.RELEASE.jar!/org/springframework/data/rest/webmvc/config/ResourceMetadataHandlerMethodArgumentResolver.class], URL [jar:file:/Users/ivan.garcia/.gradle/caches/modules-2/files-2.1/org.springframework.data/spring-data-rest-webmvc/2.5.11.RELEASE/bbe67ac5cf23ca4f9244e4588d47683be994cd90/spring-data-rest-webmvc-2.5.11.RELEASE.jar!/org/springframework/data/rest/webmvc/config/RootResourceInformationHandlerMethodArgumentResolver.class], URL [jar:file:/Users/ivan.garcia/.gradle/caches/modules-2/files-2.1/org.springframework.data/spring-data-rest-webmvc/2.5.11.RELEASE/bbe67ac5cf23ca4f9244e4588d47683be994cd90/spring-data-rest-webmvc-2.5.11.RELEASE.jar!/org/springframework/data/rest/webmvc/ControllerUtils.class], URL [jar:file:/Users/ivan.garcia/.gradle/caches/modules-2/files-2.1/org.springframework.data/spring-data-rest-webmvc/2.5.11.RELEASE/bbe67ac5cf23ca4f9244e4588d47683be994cd90/spring-data-rest-webmvc-2.5.11.RELEASE.jar!/org/springframework/data/rest/webmvc/convert/UriListHttpMessageConverter.class], URL [jar:file:/Users/ivan.garcia/.gradle/caches/modules-2/files-2.1/org.springframework.data/spring-data-rest-webmvc/2.5.11.RELEASE/bbe67ac5cf23ca4f9244e4588d47683be994cd90/spring-data-rest-webmvc-2.5.11.RELEASE.jar!/org/springframework/data/rest/webmvc/EmbeddedResourcesAssembler$1.class], URL [jar:file:/Users/ivan.garcia/.gradle/caches/modules-2/files-2.1/org.springframework.data/spring-data-rest-webmvc/2.5.11.RELEASE/bbe67ac5cf23ca4f9244e4588d47683be994cd90/spring-data-rest-webmvc-2.5.11.RELEASE.jar!/org/springframework/data/rest/webmvc/EmbeddedResourcesAssembler.class], URL [jar:file:/Users/ivan.garcia/.gradle/caches/modules-2/files-2.1/org.springframework.data/spring-data-rest-webmvc/2.5.11.RELEASE/bbe67ac5cf23ca4f9244e4588d47683be994cd90/spring-data-rest-webmvc-2.5.11.RELEASE.jar!/org/springframework/data/rest/webmvc/HttpHeadersPreparer.class], URL [jar:file:/Users/ivan.garcia/.gradle/caches/modules-2/files-2.1/org.springframework.data/spring-data-rest-webmvc/2.5.11.RELEASE/bbe67ac5cf23ca4f9244e4588d47683be994cd90/spring-data-rest-webmvc-2.5.11.RELEASE.jar!/org/springframework/data/rest/webmvc/IncomingRequest.class], URL [jar:file:/Users/ivan.garcia/.gradle/caches/modules-2/files-2.1/org.springframework.data/spring-data-rest-webmvc/2.5.11.RELEASE/bbe67ac5cf23ca4f9244e4588d47683be994cd90/spring-data-rest-webmvc-2.5.11.RELEASE.jar!/org/springframework/data/rest/webmvc/json/DomainObjectReader$LinkedAssociationSkippingAssociationHandler.class], URL [jar:file:/Users/ivan.garcia/.gradle/caches/modules-2/files-2.1/org.springframework.data/spring-data-rest-webmvc/2.5.11.RELEASE/bbe67ac5cf23ca4f9244e4588d47683be994cd90/spring-data-rest-webmvc-2.5.11.RELEASE.jar!/org/springframework/data/rest/webmvc/json/DomainObjectReader$MergingPropertyHandler.class], URL [jar:file:/Users/ivan.garcia/.gradle/caches/modules-2/files-2.1/org.springframework.data/spring-data-rest-webmvc/2.5.11.RELEASE/bbe67ac5cf23ca4f9244e4588d47683be994cd90/spring-data-rest-webmvc-2.5.11.RELEASE.jar!/org/springframework/data/rest/webmvc/json/DomainObjectReader.class], URL [jar:file:/Users/ivan.garcia/.gradle/caches/modules-2/files-2.1/org.springframework.data/spring-data-rest-webmvc/2.5.11.RELEASE/bbe67ac5cf23ca4f9244e4588d47683be994cd90/spring-data-rest-webmvc-2.5.11.RELEASE.jar!/org/springframework/data/rest/webmvc/json/EnumTranslator.class], URL [jar:file:/Users/ivan.garcia/.gradle/caches/modules-2/files-2.1/org.springframework.data/spring-data-rest-webmvc/2.5.11.RELEASE/bbe67ac5cf23ca4f9244e4588d47683be994cd90/spring-data-rest-webmvc-2.5.11.RELEASE.jar!/org/springframework/data/rest/webmvc/json/Jackson2DatatypeHelper$Hibernate4Checker.class], URL [jar:file:/Users/ivan.garcia/.gradle/caches/modules-2/files-2.1/org.springframework.data/spring-data-rest-webmvc/2.5.11.RELEASE/bbe67ac5cf23ca4f9244e4588d47683be994cd90/spring-data-rest-webmvc-2.5.11.RELEASE.jar!/org/springframework/data/rest/webmvc/json/Jackson2DatatypeHelper$Hibernate4ModuleRegistrar.class], URL [jar:file:/Users/ivan.garcia/.gradle/caches/modules-2/files-2.1/org.springframework.data/spring-data-rest-webmvc/2.5.11.RELEASE/bbe67ac5cf23ca4f9244e4588d47683be994cd90/spring-data-rest-webmvc-2.5.11.RELEASE.jar!/org/springframework/data/rest/webmvc/json/Jackson2DatatypeHelper$JodaModuleRegistrar.class], URL [jar:file:/Users/ivan.garcia/.gradle/caches/modules-2/files-2.1/org.springframework.data/spring-data-rest-webmvc/2.5.11.RELEASE/bbe67ac5cf23ca4f9244e4588d47683be994cd90/spring-data-rest-webmvc-2.5.11.RELEASE.jar!/org/springframework/data/rest/webmvc/json/Jackson2DatatypeHelper.class], URL [jar:file:/Users/ivan.garcia/.gradle/caches/modules-2/files-2.1/org.springframework.data/spring-data-rest-webmvc/2.5.11.RELEASE/bbe67ac5cf23ca4f9244e4588d47683be994cd90/spring-data-rest-webmvc-2.5.11.RELEASE.jar!/org/springframework/data/rest/webmvc/json/JacksonMetadata.class], URL [jar:file:/Users/ivan.garcia/.gradle/caches/modules-2/files-2.1/org.springframework.data/spring-data-rest-webmvc/2.5.11.RELEASE/bbe67ac5cf23ca4f9244e4588d47683be994cd90/spring-data-rest-webmvc-2.5.11.RELEASE.jar!/org/springframework/data/rest/webmvc/json/JacksonSerializers$EnumTranslatingDeserializer.class], URL [jar:file:/Users/ivan.garcia/.gradle/caches/modules-2/files-2.1/org.springframework.data/spring-data-rest-webmvc/2.5.11.RELEASE/bbe67ac5cf23ca4f9244e4588d47683be994cd90/spring-data-rest-webmvc-2.5.11.RELEASE.jar!/org/springframework/data/rest/webmvc/json/JacksonSerializers$EnumTranslatingSerializer.class], URL [jar:file:/Users/ivan.garcia/.gradle/caches/modules-2/files-2.1/org.springframework.data/spring-data-rest-webmvc/2.5.11.RELEASE/bbe67ac5cf23ca4f9244e4588d47683be994cd90/spring-data-rest-webmvc-2.5.11.RELEASE.jar!/org/springframework/data/rest/webmvc/json/JacksonSerializers.class], URL [jar:file:/Users/ivan.garcia/.gradle/caches/modules-2/files-2.1/org.springframework.data/spring-data-rest-webmvc/2.5.11.RELEASE/bbe67ac5cf23ca4f9244e4588d47683be994cd90/spring-data-rest-webmvc-2.5.11.RELEASE.jar!/org/springframework/data/rest/webmvc/json/JsonSchema$AbstractJsonSchemaProperty.class], URL [jar:file:/Users/ivan.garcia/.gradle/caches/modules-2/files-2.1/org.springframework.data/spring-data-rest-webmvc/2.5.11.RELEASE/bbe67ac5cf23ca4f9244e4588d47683be994cd90/spring-data-rest-webmvc-2.5.11.RELEASE.jar!/org/springframework/data/rest/webmvc/json/JsonSchema$Definitions.class], URL [jar:file:/Users/ivan.garcia/.gradle/caches/modules-2/files-2.1/org.springframework.data/spring-data-rest-webmvc/2.5.11.RELEASE/bbe67ac5cf23ca4f9244e4588d47683be994cd90/spring-data-rest-webmvc-2.5.11.RELEASE.jar!/org/springframework/data/rest/webmvc/json/JsonSchema$EnumProperty.class], URL [jar:file:/Users/ivan.garcia/.gradle/caches/modules-2/files-2.1/org.springframework.data/spring-data-rest-webmvc/2.5.11.RELEASE/bbe67ac5cf23ca4f9244e4588d47683be994cd90/spring-data-rest-webmvc-2.5.11.RELEASE.jar!/org/springframework/data/rest/webmvc/json/JsonSchema$Item.class], URL [jar:file:/Users/ivan.garcia/.gradle/caches/modules-2/files-2.1/org.springframework.data/spring-data-rest-webmvc/2.5.11.RELEASE/bbe67ac5cf23ca4f9244e4588d47683be994cd90/spring-data-rest-webmvc-2.5.11.RELEASE.jar!/org/springframework/data/rest/webmvc/json/JsonSchema$JsonSchemaProperty.class], URL [jar:file:/Users/ivan.garcia/.gradle/caches/modules-2/files-2.1/org.springframework.data/spring-data-rest-webmvc/2.5.11.RELEASE/bbe67ac5cf23ca4f9244e4588d47683be994cd90/spring-data-rest-webmvc-2.5.11.RELEASE.jar!/org/springframework/data/rest/webmvc/json/JsonSchema$PropertiesContainer.class], URL [jar:file:/Users/ivan.garcia/.gradle/caches/modules-2/files-2.1/org.springframework.data/spring-data-rest-webmvc/2.5.11.RELEASE/bbe67ac5cf23ca4f9244e4588d47683be994cd90/spring-data-rest-webmvc-2.5.11.RELEASE.jar!/org/springframework/data/rest/webmvc/json/JsonSchema.class], URL [jar:file:/Users/ivan.garcia/.gradle/caches/modules-2/files-2.1/org.springframework.data/spring-data-rest-webmvc/2.5.11.RELEASE/bbe67ac5cf23ca4f9244e4588d47683be994cd90/spring-data-rest-webmvc-2.5.11.RELEASE.jar!/org/springframework/data/rest/webmvc/json/JsonSchemaPropertyCustomizer.class], URL [jar:file:/Users/ivan.garcia/.gradle/caches/modules-2/files-2.1/org.springframework.data/spring-data-rest-webmvc/2.5.11.RELEASE/bbe67ac5cf23ca4f9244e4588d47683be994cd90/spring-data-rest-webmvc-2.5.11.RELEASE.jar!/org/springframework/data/rest/webmvc/json/MappedProperties.class], URL [jar:file:/Users/ivan.garcia/.gradle/caches/modules-2/files-2.1/org.springframework.data/spring-data-rest-webmvc/2.5.11.RELEASE/bbe67ac5cf23ca4f9244e4588d47683be994cd90/spring-data-rest-webmvc-2.5.11.RELEASE.jar!/org/springframework/data/rest/webmvc/json/patch/AddOperation.class], URL [jar:file:/Users/ivan.garcia/.gradle/caches/modules-2/files-2.1/org.springframework.data/spring-data-rest-webmvc/2.5.11.RELEASE/bbe67ac5cf23ca4f9244e4588d47683be994cd90/spring-data-rest-webmvc-2.5.11.RELEASE.jar!/org/springframework/data/rest/webmvc/json/patch/CopyOperation.class], URL [jar:file:/Users/ivan.garcia/.gradle/caches/modules-2/files-2.1/org.springframework.data/spring-data-rest-webmvc/2.5.11.RELEASE/bbe67ac5cf23ca4f9244e4588d47683be994cd90/spring-data-rest-webmvc-2.5.11.RELEASE.jar!/org/springframework/data/rest/webmvc/json/patch/FromOperation.class], URL [jar:file:/Users/ivan.garcia/.gradle/caches/modules-2/files-2.1/org.springframework.data/spring-data-rest-webmvc/2.5.11.RELEASE/bbe67ac5cf23ca4f9244e4588d47683be994cd90/spring-data-rest-webmvc-2.5.11.RELEASE.jar!/org/springframework/data/rest/webmvc/json/patch/JsonLateObjectEvaluator.class], URL [jar:file:/Users/ivan.garcia/.gradle/caches/modules-2/files-2.1/org.springframework.data/spring-data-rest-webmvc/2.5.11.RELEASE/bbe67ac5cf23ca4f9244e4588d47683be994cd90/spring-data-rest-webmvc-2.5.11.RELEASE.jar!/org/springframework/data/rest/webmvc/json/patch/JsonPatchPatchConverter.class], URL [jar:file:/Users/ivan.garcia/.gradle/caches/modules-2/files-2.1/org.springframework.data/spring-data-rest-webmvc/2.5.11.RELEASE/bbe67ac5cf23ca4f9244e4588d47683be994cd90/spring-data-rest-webmvc-2.5.11.RELEASE.jar!/org/springframework/data/rest/webmvc/json/patch/LateObjectEvaluator.class], URL [jar:file:/Users/ivan.garcia/.gradle/caches/modules-2/files-2.1/org.springframework.data/spring-data-rest-webmvc/2.5.11.RELEASE/bbe67ac5cf23ca4f9244e4588d47683be994cd90/spring-data-rest-webmvc-2.5.11.RELEASE.jar!/org/springframework/data/rest/webmvc/json/patch/MoveOperation.class], URL [jar:file:/Users/ivan.garcia/.gradle/caches/modules-2/files-2.1/org.springframework.data/spring-data-rest-webmvc/2.5.11.RELEASE/bbe67ac5cf23ca4f9244e4588d47683be994cd90/spring-data-rest-webmvc-2.5.11.RELEASE.jar!/org/springframework/data/rest/webmvc/json/patch/Patch.class], URL [jar:file:/Users/ivan.garcia/.gradle/caches/modules-2/files-2.1/org.springframework.data/spring-data-rest-webmvc/2.5.11.RELEASE/bbe67ac5cf23ca4f9244e4588d47683be994cd90/spring-data-rest-webmvc-2.5.11.RELEASE.jar!/org/springframework/data/rest/webmvc/json/patch/PatchConverter.class], URL [jar:file:/Users/ivan.garcia/.gradle/caches/modules-2/files-2.1/org.springframework.data/spring-data-rest-webmvc/2.5.11.RELEASE/bbe67ac5cf23ca4f9244e4588d47683be994cd90/spring-data-rest-webmvc-2.5.11.RELEASE.jar!/org/springframework/data/rest/webmvc/json/patch/PatchException.class], URL [jar:file:/Users/ivan.garcia/.gradle/caches/modules-2/files-2.1/org.springframework.data/spring-data-rest-webmvc/2.5.11.RELEASE/bbe67ac5cf23ca4f9244e4588d47683be994cd90/spring-data-rest-webmvc-2.5.11.RELEASE.jar!/org/springframework/data/rest/webmvc/json/patch/PatchOperation.class], URL [jar:file:/Users/ivan.garcia/.gradle/caches/modules-2/files-2.1/org.springframework.data/spring-data-rest-webmvc/2.5.11.RELEASE/bbe67ac5cf23ca4f9244e4588d47683be994cd90/spring-data-rest-webmvc-2.5.11.RELEASE.jar!/org/springframework/data/rest/webmvc/json/patch/PathToSpEL.class], URL [jar:file:/Users/ivan.garcia/.gradle/caches/modules-2/files-2.1/org.springframework.data/spring-data-rest-webmvc/2.5.11.RELEASE/bbe67ac5cf23ca4f9244e4588d47683be994cd90/spring-data-rest-webmvc-2.5.11.RELEASE.jar!/org/springframework/data/rest/webmvc/json/patch/RemoveOperation.class], URL [jar:file:/Users/ivan.garcia/.gradle/caches/modules-2/files-2.1/org.springframework.data/spring-data-rest-webmvc/2.5.11.RELEASE/bbe67ac5cf23ca4f9244e4588d47683be994cd90/spring-data-rest-webmvc-2.5.11.RELEASE.jar!/org/springframework/data/rest/webmvc/json/patch/ReplaceOperation.class], URL [jar:file:/Users/ivan.garcia/.gradle/caches/modules-2/files-2.1/org.springframework.data/spring-data-rest-webmvc/2.5.11.RELEASE/bbe67ac5cf23ca4f9244e4588d47683be994cd90/spring-data-rest-webmvc-2.5.11.RELEASE.jar!/org/springframework/data/rest/webmvc/json/patch/TestOperation.class], URL [jar:file:/Users/ivan.garcia/.gradle/caches/modules-2/files-2.1/org.springframework.data/spring-data-rest-webmvc/2.5.11.RELEASE/bbe67ac5cf23ca4f9244e4588d47683be994cd90/spring-data-rest-webmvc-2.5.11.RELEASE.jar!/org/springframework/data/rest/webmvc/json/PersistentEntityJackson2Module$1.class], URL [jar:file:/Users/ivan.garcia/.gradle/caches/modules-2/files-2.1/org.springframework.data/spring-data-rest-webmvc/2.5.11.RELEASE/bbe67ac5cf23ca4f9244e4588d47683be994cd90/spring-data-rest-webmvc-2.5.11.RELEASE.jar!/org/springframework/data/rest/webmvc/json/PersistentEntityJackson2Module$AssociationOmittingSerializerModifier.class], URL [jar:file:/Users/ivan.garcia/.gradle/caches/modules-2/files-2.1/org.springframework.data/spring-data-rest-webmvc/2.5.11.RELEASE/bbe67ac5cf23ca4f9244e4588d47683be994cd90/spring-data-rest-webmvc-2.5.11.RELEASE.jar!/org/springframework/data/rest/webmvc/json/PersistentEntityJackson2Module$AssociationUriResolvingDeserializerModifier.class], URL [jar:file:/Users/ivan.garcia/.gradle/caches/modules-2/files-2.1/org.springframework.data/spring-data-rest-webmvc/2.5.11.RELEASE/bbe67ac5cf23ca4f9244e4588d47683be994cd90/spring-data-rest-webmvc-2.5.11.RELEASE.jar!/org/springframework/data/rest/webmvc/json/PersistentEntityJackson2Module$CollectionValueInstantiator.class], URL [jar:file:/Users/ivan.garcia/.gradle/caches/modules-2/files-2.1/org.springframework.data/spring-data-rest-webmvc/2.5.11.RELEASE/bbe67ac5cf23ca4f9244e4588d47683be994cd90/spring-data-rest-webmvc-2.5.11.RELEASE.jar!/org/springframework/data/rest/webmvc/json/PersistentEntityJackson2Module$LookupObjectSerializer.class], URL [jar:file:/Users/ivan.garcia/.gradle/caches/modules-2/files-2.1/org.springframework.data/spring-data-rest-webmvc/2.5.11.RELEASE/bbe67ac5cf23ca4f9244e4588d47683be994cd90/spring-data-rest-webmvc-2.5.11.RELEASE.jar!/org/springframework/data/rest/webmvc/json/PersistentEntityJackson2Module$NestedEntitySerializer.class], URL [jar:file:/Users/ivan.garcia/.gradle/caches/modules-2/files-2.1/org.springframework.data/spring-data-rest-webmvc/2.5.11.RELEASE/bbe67ac5cf23ca4f9244e4588d47683be994cd90/spring-data-rest-webmvc-2.5.11.RELEASE.jar!/org/springframework/data/rest/webmvc/json/PersistentEntityJackson2Module$PersistentEntityResourceSerializer$1.class], URL [jar:file:/Users/ivan.garcia/.gradle/caches/modules-2/files-2.1/org.springframework.data/spring-data-rest-webmvc/2.5.11.RELEASE/bbe67ac5cf23ca4f9244e4588d47683be994cd90/spring-data-rest-webmvc-2.5.11.RELEASE.jar!/org/springframework/data/rest/webmvc/json/PersistentEntityJackson2Module$PersistentEntityResourceSerializer.class], URL [jar:file:/Users/ivan.garcia/.gradle/caches/modules-2/files-2.1/org.springframework.data/spring-data-rest-webmvc/2.5.11.RELEASE/bbe67ac5cf23ca4f9244e4588d47683be994cd90/spring-data-rest-webmvc-2.5.11.RELEASE.jar!/org/springframework/data/rest/webmvc/json/PersistentEntityJackson2Module$ProjectionResource.class], URL [jar:file:/Users/ivan.garcia/.gradle/caches/modules-2/files-2.1/org.springframework.data/spring-data-rest-webmvc/2.5.11.RELEASE/bbe67ac5cf23ca4f9244e4588d47683be994cd90/spring-data-rest-webmvc-2.5.11.RELEASE.jar!/org/springframework/data/rest/webmvc/json/PersistentEntityJackson2Module$ProjectionResourceContent.class], URL [jar:file:/Users/ivan.garcia/.gradle/caches/modules-2/files-2.1/org.springframework.data/spring-data-rest-webmvc/2.5.11.RELEASE/bbe67ac5cf23ca4f9244e4588d47683be994cd90/spring-data-rest-webmvc-2.5.11.RELEASE.jar!/org/springframework/data/rest/webmvc/json/PersistentEntityJackson2Module$ProjectionResourceContentSerializer.class], URL [jar:file:/Users/ivan.garcia/.gradle/caches/modules-2/files-2.1/org.springframework.data/spring-data-rest-webmvc/2.5.11.RELEASE/bbe67ac5cf23ca4f9244e4588d47683be994cd90/spring-data-rest-webmvc-2.5.11.RELEASE.jar!/org/springframework/data/rest/webmvc/json/PersistentEntityJackson2Module$ProjectionSerializer.class], URL [jar:file:/Users/ivan.garcia/.gradle/caches/modules-2/files-2.1/org.springframework.data/spring-data-rest-webmvc/2.5.11.RELEASE/bbe67ac5cf23ca4f9244e4588d47683be994cd90/spring-data-rest-webmvc-2.5.11.RELEASE.jar!/org/springframework/data/rest/webmvc/json/PersistentEntityJackson2Module$RepositoryInvokingDeserializer.class], URL [jar:file:/Users/ivan.garcia/.gradle/caches/modules-2/files-2.1/org.springframework.data/spring-data-rest-webmvc/2.5.11.RELEASE/bbe67ac5cf23ca4f9244e4588d47683be994cd90/spring-data-rest-webmvc-2.5.11.RELEASE.jar!/org/springframework/data/rest/webmvc/json/PersistentEntityJackson2Module$UriStringDeserializer.class], URL [jar:file:/Users/ivan.garcia/.gradle/caches/modules-2/files-2.1/org.springframework.data/spring-data-rest-webmvc/2.5.11.RELEASE/bbe67ac5cf23ca4f9244e4588d47683be994cd90/spring-data-rest-webmvc-2.5.11.RELEASE.jar!/org/springframework/data/rest/webmvc/json/PersistentEntityJackson2Module.class], URL [jar:file:/Users/ivan.garcia/.gradle/caches/modules-2/files-2.1/org.springframework.data/spring-data-rest-webmvc/2.5.11.RELEASE/bbe67ac5cf23ca4f9244e4588d47683be994cd90/spring-data-rest-webmvc-2.5.11.RELEASE.jar!/org/springframework/data/rest/webmvc/json/PersistentEntityToJsonSchemaConverter$DefaultingMessageSourceResolvable.class], URL [jar:file:/Users/ivan.garcia/.gradle/caches/modules-2/files-2.1/org.springframework.data/spring-data-rest-webmvc/2.5.11.RELEASE/bbe67ac5cf23ca4f9244e4588d47683be994cd90/spring-data-rest-webmvc-2.5.11.RELEASE.jar!/org/springframework/data/rest/webmvc/json/PersistentEntityToJsonSchemaConverter$JsonSchemaPropertyRegistrar.class], URL [jar:file:/Users/ivan.garcia/.gradle/caches/modules-2/files-2.1/org.springframework.data/spring-data-rest-webmvc/2.5.11.RELEASE/bbe67ac5cf23ca4f9244e4588d47683be994cd90/spring-data-rest-webmvc-2.5.11.RELEASE.jar!/org/springframework/data/rest/webmvc/json/PersistentEntityToJsonSchemaConverter$ResolvableProperty.class], URL [jar:file:/Users/ivan.garcia/.gradle/caches/modules-2/files-2.1/org.springframework.data/spring-data-rest-webmvc/2.5.11.RELEASE/bbe67ac5cf23ca4f9244e4588d47683be994cd90/spring-data-rest-webmvc-2.5.11.RELEASE.jar!/org/springframework/data/rest/webmvc/json/PersistentEntityToJsonSchemaConverter$ResolvableType.class], URL [jar:file:/Users/ivan.garcia/.gradle/caches/modules-2/files-2.1/org.springframework.data/spring-data-rest-webmvc/2.5.11.RELEASE/bbe67ac5cf23ca4f9244e4588d47683be994cd90/spring-data-rest-webmvc-2.5.11.RELEASE.jar!/org/springframework/data/rest/webmvc/json/PersistentEntityToJsonSchemaConverter$ValueTypeSchemaPropertyCustomizerFactory$1.class], URL [jar:file:/Users/ivan.garcia/.gradle/caches/modules-2/files-2.1/org.springframework.data/spring-data-rest-webmvc/2.5.11.RELEASE/bbe67ac5cf23ca4f9244e4588d47683be994cd90/spring-data-rest-webmvc-2.5.11.RELEASE.jar!/org/springframework/data/rest/webmvc/json/PersistentEntityToJsonSchemaConverter$ValueTypeSchemaPropertyCustomizerFactory.class], URL [jar:file:/Users/ivan.garcia/.gradle/caches/modules-2/files-2.1/org.springframework.data/spring-data-rest-webmvc/2.5.11.RELEASE/bbe67ac5cf23ca4f9244e4588d47683be994cd90/spring-data-rest-webmvc-2.5.11.RELEASE.jar!/org/springframework/data/rest/webmvc/json/PersistentEntityToJsonSchemaConverter.class], URL [jar:file:/Users/ivan.garcia/.gradle/caches/modules-2/files-2.1/org.springframework.data/spring-data-rest-webmvc/2.5.11.RELEASE/bbe67ac5cf23ca4f9244e4588d47683be994cd90/spring-data-rest-webmvc-2.5.11.RELEASE.jar!/org/springframework/data/rest/webmvc/mapping/Associations.class], URL [jar:file:/Users/ivan.garcia/.gradle/caches/modules-2/files-2.1/org.springframework.data/spring-data-rest-webmvc/2.5.11.RELEASE/bbe67ac5cf23ca4f9244e4588d47683be994cd90/spring-data-rest-webmvc-2.5.11.RELEASE.jar!/org/springframework/data/rest/webmvc/mapping/LinkCollectingAssociationHandler.class], URL [jar:file:/Users/ivan.garcia/.gradle/caches/modules-2/files-2.1/org.springframework.data/spring-data-rest-webmvc/2.5.11.RELEASE/bbe67ac5cf23ca4f9244e4588d47683be994cd90/spring-data-rest-webmvc-2.5.11.RELEASE.jar!/org/springframework/data/rest/webmvc/mapping/LinkCollector$LinkCollectingAssociationHandler.class], URL [jar:file:/Users/ivan.garcia/.gradle/caches/modules-2/files-2.1/org.springframework.data/spring-data-rest-webmvc/2.5.11.RELEASE/bbe67ac5cf23ca4f9244e4588d47683be994cd90/spring-data-rest-webmvc-2.5.11.RELEASE.jar!/org/springframework/data/rest/webmvc/mapping/LinkCollector$NestedLinkCollectingAssociationHandler.class], URL [jar:file:/Users/ivan.garcia/.gradle/caches/modules-2/files-2.1/org.springframework.data/spring-data-rest-webmvc/2.5.11.RELEASE/bbe67ac5cf23ca4f9244e4588d47683be994cd90/spring-data-rest-webmvc-2.5.11.RELEASE.jar!/org/springframework/data/rest/webmvc/mapping/LinkCollector.class], URL [jar:file:/Users/ivan.garcia/.gradle/caches/modules-2/files-2.1/org.springframework.data/spring-data-rest-webmvc/2.5.11.RELEASE/bbe67ac5cf23ca4f9244e4588d47683be994cd90/spring-data-rest-webmvc-2.5.11.RELEASE.jar!/org/springframework/data/rest/webmvc/mapping/NestedLinkCollectingAssociationHandler.class], URL [jar:file:/Users/ivan.garcia/.gradle/caches/modules-2/files-2.1/org.springframework.data/spring-data-rest-webmvc/2.5.11.RELEASE/bbe67ac5cf23ca4f9244e4588d47683be994cd90/spring-data-rest-webmvc-2.5.11.RELEASE.jar!/org/springframework/data/rest/webmvc/PersistentEntityResource$1.class], URL [jar:file:/Users/ivan.garcia/.gradle/caches/modules-2/files-2.1/org.springframework.data/spring-data-rest-webmvc/2.5.11.RELEASE/bbe67ac5cf23ca4f9244e4588d47683be994cd90/spring-data-rest-webmvc-2.5.11.RELEASE.jar!/org/springframework/data/rest/webmvc/PersistentEntityResource$Builder.class], URL [jar:file:/Users/ivan.garcia/.gradle/caches/modules-2/files-2.1/org.springframework.data/spring-data-rest-webmvc/2.5.11.RELEASE/bbe67ac5cf23ca4f9244e4588d47683be994cd90/spring-data-rest-webmvc-2.5.11.RELEASE.jar!/org/springframework/data/rest/webmvc/PersistentEntityResource$NoLinksResources.class], URL [jar:file:/Users/ivan.garcia/.gradle/caches/modules-2/files-2.1/org.springframework.data/spring-data-rest-webmvc/2.5.11.RELEASE/bbe67ac5cf23ca4f9244e4588d47683be994cd90/spring-data-rest-webmvc-2.5.11.RELEASE.jar!/org/springframework/data/rest/webmvc/PersistentEntityResource.class], URL [jar:file:/Users/ivan.garcia/.gradle/caches/modules-2/files-2.1/org.springframework.data/spring-data-rest-webmvc/2.5.11.RELEASE/bbe67ac5cf23ca4f9244e4588d47683be994cd90/spring-data-rest-webmvc-2.5.11.RELEASE.jar!/org/springframework/data/rest/webmvc/PersistentEntityResourceAssembler.class], URL [jar:file:/Users/ivan.garcia/.gradle/caches/modules-2/files-2.1/org.springframework.data/spring-data-rest-webmvc/2.5.11.RELEASE/bbe67ac5cf23ca4f9244e4588d47683be994cd90/spring-data-rest-webmvc-2.5.11.RELEASE.jar!/org/springframework/data/rest/webmvc/ProfileController.class], URL [jar:file:/Users/ivan.garcia/.gradle/caches/modules-2/files-2.1/org.springframework.data/spring-data-rest-webmvc/2.5.11.RELEASE/bbe67ac5cf23ca4f9244e4588d47683be994cd90/spring-data-rest-webmvc-2.5.11.RELEASE.jar!/org/springframework/data/rest/webmvc/ProfileResourceProcessor.class], URL [jar:file:/Users/ivan.garcia/.gradle/caches/modules-2/files-2.1/org.springframework.data/spring-data-rest-webmvc/2.5.11.RELEASE/bbe67ac5cf23ca4f9244e4588d47683be994cd90/spring-data-rest-webmvc-2.5.11.RELEASE.jar!/org/springframework/data/rest/webmvc/RepositoryController.class], URL [jar:file:/Users/ivan.garcia/.gradle/caches/modules-2/files-2.1/org.springframework.data/spring-data-rest-webmvc/2.5.11.RELEASE/bbe67ac5cf23ca4f9244e4588d47683be994cd90/spring-data-rest-webmvc-2.5.11.RELEASE.jar!/org/springframework/data/rest/webmvc/RepositoryEntityController.class], URL [jar:file:/Users/ivan.garcia/.gradle/caches/modules-2/files-2.1/org.springframework.data/spring-data-rest-webmvc/2.5.11.RELEASE/bbe67ac5cf23ca4f9244e4588d47683be994cd90/spring-data-rest-webmvc-2.5.11.RELEASE.jar!/org/springframework/data/rest/webmvc/RepositoryLinksResource.class], URL [jar:file:/Users/ivan.garcia/.gradle/caches/modules-2/files-2.1/org.springframework.data/spring-data-rest-webmvc/2.5.11.RELEASE/bbe67ac5cf23ca4f9244e4588d47683be994cd90/spring-data-rest-webmvc-2.5.11.RELEASE.jar!/org/springframework/data/rest/webmvc/RepositoryPropertyReferenceController$1.class], URL [jar:file:/Users/ivan.garcia/.gradle/caches/modules-2/files-2.1/org.springframework.data/spring-data-rest-webmvc/2.5.11.RELEASE/bbe67ac5cf23ca4f9244e4588d47683be994cd90/spring-data-rest-webmvc-2.5.11.RELEASE.jar!/org/springframework/data/rest/webmvc/RepositoryPropertyReferenceController$2.class], URL [jar:file:/Users/ivan.garcia/.gradle/caches/modules-2/files-2.1/org.springframework.data/spring-data-rest-webmvc/2.5.11.RELEASE/bbe67ac5cf23ca4f9244e4588d47683be994cd90/spring-data-rest-webmvc-2.5.11.RELEASE.jar!/org/springframework/data/rest/webmvc/RepositoryPropertyReferenceController$3.class], URL [jar:file:/Users/ivan.garcia/.gradle/caches/modules-2/files-2.1/org.springframework.data/spring-data-rest-webmvc/2.5.11.RELEASE/bbe67ac5cf23ca4f9244e4588d47683be994cd90/spring-data-rest-webmvc-2.5.11.RELEASE.jar!/org/springframework/data/rest/webmvc/RepositoryPropertyReferenceController$4.class], URL [jar:file:/Users/ivan.garcia/.gradle/caches/modules-2/files-2.1/org.springframework.data/spring-data-rest-webmvc/2.5.11.RELEASE/bbe67ac5cf23ca4f9244e4588d47683be994cd90/spring-data-rest-webmvc-2.5.11.RELEASE.jar!/org/springframework/data/rest/webmvc/RepositoryPropertyReferenceController$5.class], URL [jar:file:/Users/ivan.garcia/.gradle/caches/modules-2/files-2.1/org.springframework.data/spring-data-rest-webmvc/2.5.11.RELEASE/bbe67ac5cf23ca4f9244e4588d47683be994cd90/spring-data-rest-webmvc-2.5.11.RELEASE.jar!/org/springframework/data/rest/webmvc/RepositoryPropertyReferenceController$ReferencedProperty.class], URL [jar:file:/Users/ivan.garcia/.gradle/caches/modules-2/files-2.1/org.springframework.data/spring-data-rest-webmvc/2.5.11.RELEASE/bbe67ac5cf23ca4f9244e4588d47683be994cd90/spring-data-rest-webmvc-2.5.11.RELEASE.jar!/org/springframework/data/rest/webmvc/RepositoryPropertyReferenceController.class], URL [jar:file:/Users/ivan.garcia/.gradle/caches/modules-2/files-2.1/org.springframework.data/spring-data-rest-webmvc/2.5.11.RELEASE/bbe67ac5cf23ca4f9244e4588d47683be994cd90/spring-data-rest-webmvc-2.5.11.RELEASE.jar!/org/springframework/data/rest/webmvc/RepositoryRestController.class], URL [jar:file:/Users/ivan.garcia/.gradle/caches/modules-2/files-2.1/org.springframework.data/spring-data-rest-webmvc/2.5.11.RELEASE/bbe67ac5cf23ca4f9244e4588d47683be994cd90/spring-data-rest-webmvc-2.5.11.RELEASE.jar!/org/springframework/data/rest/webmvc/RepositoryRestDispatcherServlet.class], URL [jar:file:/Users/ivan.garcia/.gradle/caches/modules-2/files-2.1/org.springframework.data/spring-data-rest-webmvc/2.5.11.RELEASE/bbe67ac5cf23ca4f9244e4588d47683be994cd90/spring-data-rest-webmvc-2.5.11.RELEASE.jar!/org/springframework/data/rest/webmvc/RepositoryRestExceptionHandler.class], URL [jar:file:/Users/ivan.garcia/.gradle/caches/modules-2/files-2.1/org.springframework.data/spring-data-rest-webmvc/2.5.11.RELEASE/bbe67ac5cf23ca4f9244e4588d47683be994cd90/spring-data-rest-webmvc-2.5.11.RELEASE.jar!/org/springframework/data/rest/webmvc/RepositoryRestHandlerAdapter.class], URL [jar:file:/Users/ivan.garcia/.gradle/caches/modules-2/files-2.1/org.springframework.data/spring-data-rest-webmvc/2.5.11.RELEASE/bbe67ac5cf23ca4f9244e4588d47683be994cd90/spring-data-rest-webmvc-2.5.11.RELEASE.jar!/org/springframework/data/rest/webmvc/RepositoryRestHandlerMapping.class], URL [jar:file:/Users/ivan.garcia/.gradle/caches/modules-2/files-2.1/org.springframework.data/spring-data-rest-webmvc/2.5.11.RELEASE/bbe67ac5cf23ca4f9244e4588d47683be994cd90/spring-data-rest-webmvc-2.5.11.RELEASE.jar!/org/springframework/data/rest/webmvc/RepositorySchemaController.class], URL [jar:file:/Users/ivan.garcia/.gradle/caches/modules-2/files-2.1/org.springframework.data/spring-data-rest-webmvc/2.5.11.RELEASE/bbe67ac5cf23ca4f9244e4588d47683be994cd90/spring-data-rest-webmvc-2.5.11.RELEASE.jar!/org/springframework/data/rest/webmvc/RepositorySearchController.class], URL [jar:file:/Users/ivan.garcia/.gradle/caches/modules-2/files-2.1/org.springframework.data/spring-data-rest-webmvc/2.5.11.RELEASE/bbe67ac5cf23ca4f9244e4588d47683be994cd90/spring-data-rest-webmvc-2.5.11.RELEASE.jar!/org/springframework/data/rest/webmvc/RepositorySearchesResource.class], URL [jar:file:/Users/ivan.garcia/.gradle/caches/modules-2/files-2.1/org.springframework.data/spring-data-rest-webmvc/2.5.11.RELEASE/bbe67ac5cf23ca4f9244e4588d47683be994cd90/spring-data-rest-webmvc-2.5.11.RELEASE.jar!/org/springframework/data/rest/webmvc/ResourceNotFoundException.class], URL [jar:file:/Users/ivan.garcia/.gradle/caches/modules-2/files-2.1/org.springframework.data/spring-data-rest-webmvc/2.5.11.RELEASE/bbe67ac5cf23ca4f9244e4588d47683be994cd90/spring-data-rest-webmvc-2.5.11.RELEASE.jar!/org/springframework/data/rest/webmvc/ResourceProcessorHandlerMethodReturnValueHandler.class], URL [jar:file:/Users/ivan.garcia/.gradle/caches/modules-2/files-2.1/org.springframework.data/spring-data-rest-webmvc/2.5.11.RELEASE/bbe67ac5cf23ca4f9244e4588d47683be994cd90/spring-data-rest-webmvc-2.5.11.RELEASE.jar!/org/springframework/data/rest/webmvc/ResourceProcessorInvoker$CustomOrderAwareComparator.class], URL [jar:file:/Users/ivan.garcia/.gradle/caches/modules-2/files-2.1/org.springframework.data/spring-data-rest-webmvc/2.5.11.RELEASE/bbe67ac5cf23ca4f9244e4588d47683be994cd90/spring-data-rest-webmvc-2.5.11.RELEASE.jar!/org/springframework/data/rest/webmvc/ResourceProcessorInvoker$DefaultProcessorWrapper.class], URL [jar:file:/Users/ivan.garcia/.gradle/caches/modules-2/files-2.1/org.springframework.data/spring-data-rest-webmvc/2.5.11.RELEASE/bbe67ac5cf23ca4f9244e4588d47683be994cd90/spring-data-rest-webmvc-2.5.11.RELEASE.jar!/org/springframework/data/rest/webmvc/ResourceProcessorInvoker$ProcessorWrapper.class], URL [jar:file:/Users/ivan.garcia/.gradle/caches/modules-2/files-2.1/org.springframework.data/spring-data-rest-webmvc/2.5.11.RELEASE/bbe67ac5cf23ca4f9244e4588d47683be994cd90/spring-data-rest-webmvc-2.5.11.RELEASE.jar!/org/springframework/data/rest/webmvc/ResourceProcessorInvoker$ResourceProcessorWrapper.class], URL [jar:file:/Users/ivan.garcia/.gradle/caches/modules-2/files-2.1/org.springframework.data/spring-data-rest-webmvc/2.5.11.RELEASE/bbe67ac5cf23ca4f9244e4588d47683be994cd90/spring-data-rest-webmvc-2.5.11.RELEASE.jar!/org/springframework/data/rest/webmvc/ResourceProcessorInvoker$ResourcesProcessorWrapper.class], URL [jar:file:/Users/ivan.garcia/.gradle/caches/modules-2/files-2.1/org.springframework.data/spring-data-rest-webmvc/2.5.11.RELEASE/bbe67ac5cf23ca4f9244e4588d47683be994cd90/spring-data-rest-webmvc-2.5.11.RELEASE.jar!/org/springframework/data/rest/webmvc/ResourceProcessorInvoker.class], URL [jar:file:/Users/ivan.garcia/.gradle/caches/modules-2/files-2.1/org.springframework.data/spring-data-rest-webmvc/2.5.11.RELEASE/bbe67ac5cf23ca4f9244e4588d47683be994cd90/spring-data-rest-webmvc-2.5.11.RELEASE.jar!/org/springframework/data/rest/webmvc/ResourceProcessorInvokingHandlerAdapter.class], URL [jar:file:/Users/ivan.garcia/.gradle/caches/modules-2/files-2.1/org.springframework.data/spring-data-rest-webmvc/2.5.11.RELEASE/bbe67ac5cf23ca4f9244e4588d47683be994cd90/spring-data-rest-webmvc-2.5.11.RELEASE.jar!/org/springframework/data/rest/webmvc/RestMediaTypes.class], URL [jar:file:/Users/ivan.garcia/.gradle/caches/modules-2/files-2.1/org.springframework.data/spring-data-rest-webmvc/2.5.11.RELEASE/bbe67ac5cf23ca4f9244e4588d47683be994cd90/spring-data-rest-webmvc-2.5.11.RELEASE.jar!/org/springframework/data/rest/webmvc/RootResourceInformation.class], URL [jar:file:/Users/ivan.garcia/.gradle/caches/modules-2/files-2.1/org.springframework.data/spring-data-rest-webmvc/2.5.11.RELEASE/bbe67ac5cf23ca4f9244e4588d47683be994cd90/spring-data-rest-webmvc-2.5.11.RELEASE.jar!/org/springframework/data/rest/webmvc/ServerHttpRequestMethodArgumentResolver.class], URL [jar:file:/Users/ivan.garcia/.gradle/caches/modules-2/files-2.1/org.springframework.data/spring-data-rest-webmvc/2.5.11.RELEASE/bbe67ac5cf23ca4f9244e4588d47683be994cd90/spring-data-rest-webmvc-2.5.11.RELEASE.jar!/org/springframework/data/rest/webmvc/spi/BackendIdConverter$DefaultIdConverter.class], URL [jar:file:/Users/ivan.garcia/.gradle/caches/modules-2/files-2.1/org.springframework.data/spring-data-rest-webmvc/2.5.11.RELEASE/bbe67ac5cf23ca4f9244e4588d47683be994cd90/spring-data-rest-webmvc-2.5.11.RELEASE.jar!/org/springframework/data/rest/webmvc/spi/BackendIdConverter.class], URL [jar:file:/Users/ivan.garcia/.gradle/caches/modules-2/files-2.1/org.springframework.data/spring-data-rest-webmvc/2.5.11.RELEASE/bbe67ac5cf23ca4f9244e4588d47683be994cd90/spring-data-rest-webmvc-2.5.11.RELEASE.jar!/org/springframework/data/rest/webmvc/support/BackendId.class], URL [jar:file:/Users/ivan.garcia/.gradle/caches/modules-2/files-2.1/org.springframework.data/spring-data-rest-webmvc/2.5.11.RELEASE/bbe67ac5cf23ca4f9244e4588d47683be994cd90/spring-data-rest-webmvc-2.5.11.RELEASE.jar!/org/springframework/data/rest/webmvc/support/BackendIdHandlerMethodArgumentResolver.class], URL [jar:file:/Users/ivan.garcia/.gradle/caches/modules-2/files-2.1/org.springframework.data/spring-data-rest-webmvc/2.5.11.RELEASE/bbe67ac5cf23ca4f9244e4588d47683be994cd90/spring-data-rest-webmvc-2.5.11.RELEASE.jar!/org/springframework/data/rest/webmvc/support/BaseUriLinkBuilder.class], URL [jar:file:/Users/ivan.garcia/.gradle/caches/modules-2/files-2.1/org.springframework.data/spring-data-rest-webmvc/2.5.11.RELEASE/bbe67ac5cf23ca4f9244e4588d47683be994cd90/spring-data-rest-webmvc-2.5.11.RELEASE.jar!/org/springframework/data/rest/webmvc/support/ConstraintViolationExceptionMessage.class], URL [jar:file:/Users/ivan.garcia/.gradle/caches/modules-2/files-2.1/org.springframework.data/spring-data-rest-webmvc/2.5.11.RELEASE/bbe67ac5cf23ca4f9244e4588d47683be994cd90/spring-data-rest-webmvc-2.5.11.RELEASE.jar!/org/springframework/data/rest/webmvc/support/ConstraintViolationMessage.class], URL [jar:file:/Users/ivan.garcia/.gradle/caches/modules-2/files-2.1/org.springframework.data/spring-data-rest-webmvc/2.5.11.RELEASE/bbe67ac5cf23ca4f9244e4588d47683be994cd90/spring-data-rest-webmvc-2.5.11.RELEASE.jar!/org/springframework/data/rest/webmvc/support/DefaultedPageable.class], URL [jar:file:/Users/ivan.garcia/.gradle/caches/modules-2/files-2.1/org.springframework.data/spring-data-rest-webmvc/2.5.11.RELEASE/bbe67ac5cf23ca4f9244e4588d47683be994cd90/spring-data-rest-webmvc-2.5.11.RELEASE.jar!/org/springframework/data/rest/webmvc/support/DefaultedPageableHandlerMethodArgumentResolver.class], URL [jar:file:/Users/ivan.garcia/.gradle/caches/modules-2/files-2.1/org.springframework.data/spring-data-rest-webmvc/2.5.11.RELEASE/bbe67ac5cf23ca4f9244e4588d47683be994cd90/spring-data-rest-webmvc-2.5.11.RELEASE.jar!/org/springframework/data/rest/webmvc/support/DefaultExcerptProjector.class], URL [jar:file:/Users/ivan.garcia/.gradle/caches/modules-2/files-2.1/org.springframework.data/spring-data-rest-webmvc/2.5.11.RELEASE/bbe67ac5cf23ca4f9244e4588d47683be994cd90/spring-data-rest-webmvc-2.5.11.RELEASE.jar!/org/springframework/data/rest/webmvc/support/DelegatingHandlerMapping.class], URL [jar:file:/Users/ivan.garcia/.gradle/caches/modules-2/files-2.1/org.springframework.data/spring-data-rest-webmvc/2.5.11.RELEASE/bbe67ac5cf23ca4f9244e4588d47683be994cd90/spring-data-rest-webmvc-2.5.11.RELEASE.jar!/org/springframework/data/rest/webmvc/support/ETag.class], URL [jar:file:/Users/ivan.garcia/.gradle/caches/modules-2/files-2.1/org.springframework.data/spring-data-rest-webmvc/2.5.11.RELEASE/bbe67ac5cf23ca4f9244e4588d47683be994cd90/spring-data-rest-webmvc-2.5.11.RELEASE.jar!/org/springframework/data/rest/webmvc/support/ETagArgumentResolver.class], URL [jar:file:/Users/ivan.garcia/.gradle/caches/modules-2/files-2.1/org.springframework.data/spring-data-rest-webmvc/2.5.11.RELEASE/bbe67ac5cf23ca4f9244e4588d47683be994cd90/spring-data-rest-webmvc-2.5.11.RELEASE.jar!/org/springframework/data/rest/webmvc/support/ETagDoesntMatchException.class], URL [jar:file:/Users/ivan.garcia/.gradle/caches/modules-2/files-2.1/org.springframework.data/spring-data-rest-webmvc/2.5.11.RELEASE/bbe67ac5cf23ca4f9244e4588d47683be994cd90/spring-data-rest-webmvc-2.5.11.RELEASE.jar!/org/springframework/data/rest/webmvc/support/ExceptionMessage.class], URL [jar:file:/Users/ivan.garcia/.gradle/caches/modules-2/files-2.1/org.springframework.data/spring-data-rest-webmvc/2.5.11.RELEASE/bbe67ac5cf23ca4f9244e4588d47683be994cd90/spring-data-rest-webmvc-2.5.11.RELEASE.jar!/org/springframework/data/rest/webmvc/support/ExcerptProjector.class], URL [jar:file:/Users/ivan.garcia/.gradle/caches/modules-2/files-2.1/org.springframework.data/spring-data-rest-webmvc/2.5.11.RELEASE/bbe67ac5cf23ca4f9244e4588d47683be994cd90/spring-data-rest-webmvc-2.5.11.RELEASE.jar!/org/springframework/data/rest/webmvc/support/HttpMethodHandlerMethodArgumentResolver.class], URL [jar:file:/Users/ivan.garcia/.gradle/caches/modules-2/files-2.1/org.springframework.data/spring-data-rest-webmvc/2.5.11.RELEASE/bbe67ac5cf23ca4f9244e4588d47683be994cd90/spring-data-rest-webmvc-2.5.11.RELEASE.jar!/org/springframework/data/rest/webmvc/support/JpaHelper.class], URL [jar:file:/Users/ivan.garcia/.gradle/caches/modules-2/files-2.1/org.springframework.data/spring-data-rest-webmvc/2.5.11.RELEASE/bbe67ac5cf23ca4f9244e4588d47683be994cd90/spring-data-rest-webmvc-2.5.11.RELEASE.jar!/org/springframework/data/rest/webmvc/support/PagingAndSortingTemplateVariables.class], URL [jar:file:/Users/ivan.garcia/.gradle/caches/modules-2/files-2.1/org.springframework.data/spring-data-rest-webmvc/2.5.11.RELEASE/bbe67ac5cf23ca4f9244e4588d47683be994cd90/spring-data-rest-webmvc-2.5.11.RELEASE.jar!/org/springframework/data/rest/webmvc/support/PersistentEntityProjector$1.class], URL [jar:file:/Users/ivan.garcia/.gradle/caches/modules-2/files-2.1/org.springframework.data/spring-data-rest-webmvc/2.5.11.RELEASE/bbe67ac5cf23ca4f9244e4588d47683be994cd90/spring-data-rest-webmvc-2.5.11.RELEASE.jar!/org/springframework/data/rest/webmvc/support/PersistentEntityProjector$2.class], URL [jar:file:/Users/ivan.garcia/.gradle/caches/modules-2/files-2.1/org.springframework.data/spring-data-rest-webmvc/2.5.11.RELEASE/bbe67ac5cf23ca4f9244e4588d47683be994cd90/spring-data-rest-webmvc-2.5.11.RELEASE.jar!/org/springframework/data/rest/webmvc/support/PersistentEntityProjector.class], URL [jar:file:/Users/ivan.garcia/.gradle/caches/modules-2/files-2.1/org.springframework.data/spring-data-rest-webmvc/2.5.11.RELEASE/bbe67ac5cf23ca4f9244e4588d47683be994cd90/spring-data-rest-webmvc-2.5.11.RELEASE.jar!/org/springframework/data/rest/webmvc/support/PersistentEntityResourceProcessor$1.class], URL [jar:file:/Users/ivan.garcia/.gradle/caches/modules-2/files-2.1/org.springframework.data/spring-data-rest-webmvc/2.5.11.RELEASE/bbe67ac5cf23ca4f9244e4588d47683be994cd90/spring-data-rest-webmvc-2.5.11.RELEASE.jar!/org/springframework/data/rest/webmvc/support/PersistentEntityResourceProcessor$DomainTypeResourceProcessor.class], URL [jar:file:/Users/ivan.garcia/.gradle/caches/modules-2/files-2.1/org.springframework.data/spring-data-rest-webmvc/2.5.11.RELEASE/bbe67ac5cf23ca4f9244e4588d47683be994cd90/spring-data-rest-webmvc-2.5.11.RELEASE.jar!/org/springframework/data/rest/webmvc/support/PersistentEntityResourceProcessor.class], URL [jar:file:/Users/ivan.garcia/.gradle/caches/modules-2/files-2.1/org.springframework.data/spring-data-rest-webmvc/2.5.11.RELEASE/bbe67ac5cf23ca4f9244e4588d47683be994cd90/spring-data-rest-webmvc-2.5.11.RELEASE.jar!/org/springframework/data/rest/webmvc/support/Projector.class], URL [jar:file:/Users/ivan.garcia/.gradle/caches/modules-2/files-2.1/org.springframework.data/spring-data-rest-webmvc/2.5.11.RELEASE/bbe67ac5cf23ca4f9244e4588d47683be994cd90/spring-data-rest-webmvc-2.5.11.RELEASE.jar!/org/springframework/data/rest/webmvc/support/RepositoryConstraintViolationExceptionMessage$ValidationError.class], URL [jar:file:/Users/ivan.garcia/.gradle/caches/modules-2/files-2.1/org.springframework.data/spring-data-rest-webmvc/2.5.11.RELEASE/bbe67ac5cf23ca4f9244e4588d47683be994cd90/spring-data-rest-webmvc-2.5.11.RELEASE.jar!/org/springframework/data/rest/webmvc/support/RepositoryConstraintViolationExceptionMessage.class], URL [jar:file:/Users/ivan.garcia/.gradle/caches/modules-2/files-2.1/org.springframework.data/spring-data-rest-webmvc/2.5.11.RELEASE/bbe67ac5cf23ca4f9244e4588d47683be994cd90/spring-data-rest-webmvc-2.5.11.RELEASE.jar!/org/springframework/data/rest/webmvc/support/RepositoryEntityLinks.class], URL [jar:file:/Users/ivan.garcia/.gradle/caches/modules-2/files-2.1/org.springframework.data/spring-data-rest-webmvc/2.5.11.RELEASE/bbe67ac5cf23ca4f9244e4588d47683be994cd90/spring-data-rest-webmvc-2.5.11.RELEASE.jar!/org/springframework/data/rest/webmvc/support/RepositoryLinkBuilder.class], URL [jar:file:/Users/ivan.garcia/.gradle/caches/modules-2/files-2.1/org.springframework.data/spring-data-rest-webmvc/2.5.11.RELEASE/bbe67ac5cf23ca4f9244e4588d47683be994cd90/spring-data-rest-webmvc-2.5.11.RELEASE.jar!/org/springframework/data/rest/webmvc/util/UriUtils.class]]
18-febrero-20 16:47:23:104 DEBUG Test worker o.s.c.a.ClassPathBeanDefinitionScanner:294 - Identified candidate component class: URL [jar:file:/Users/ivan.garcia/.gradle/caches/modules-2/files-2.1/org.springframework.data/spring-data-rest-webmvc/2.5.11.RELEASE/bbe67ac5cf23ca4f9244e4588d47683be994cd90/spring-data-rest-webmvc-2.5.11.RELEASE.jar!/org/springframework/data/rest/webmvc/alps/AlpsController.class]
18-febrero-20 16:47:23:152 DEBUG Test worker o.s.c.a.ClassPathBeanDefinitionScanner:294 - Identified candidate component class: URL [jar:file:/Users/ivan.garcia/.gradle/caches/modules-2/files-2.1/org.springframework.data/spring-data-rest-webmvc/2.5.11.RELEASE/bbe67ac5cf23ca4f9244e4588d47683be994cd90/spring-data-rest-webmvc-2.5.11.RELEASE.jar!/org/springframework/data/rest/webmvc/ProfileController.class]
18-febrero-20 16:47:23:155 DEBUG Test worker o.s.c.a.ClassPathBeanDefinitionScanner:294 - Identified candidate component class: URL [jar:file:/Users/ivan.garcia/.gradle/caches/modules-2/files-2.1/org.springframework.data/spring-data-rest-webmvc/2.5.11.RELEASE/bbe67ac5cf23ca4f9244e4588d47683be994cd90/spring-data-rest-webmvc-2.5.11.RELEASE.jar!/org/springframework/data/rest/webmvc/RepositoryController.class]
18-febrero-20 16:47:23:157 DEBUG Test worker o.s.c.a.ClassPathBeanDefinitionScanner:294 - Identified candidate component class: URL [jar:file:/Users/ivan.garcia/.gradle/caches/modules-2/files-2.1/org.springframework.data/spring-data-rest-webmvc/2.5.11.RELEASE/bbe67ac5cf23ca4f9244e4588d47683be994cd90/spring-data-rest-webmvc-2.5.11.RELEASE.jar!/org/springframework/data/rest/webmvc/RepositoryEntityController.class]
18-febrero-20 16:47:23:160 DEBUG Test worker o.s.c.a.ClassPathBeanDefinitionScanner:294 - Identified candidate component class: URL [jar:file:/Users/ivan.garcia/.gradle/caches/modules-2/files-2.1/org.springframework.data/spring-data-rest-webmvc/2.5.11.RELEASE/bbe67ac5cf23ca4f9244e4588d47683be994cd90/spring-data-rest-webmvc-2.5.11.RELEASE.jar!/org/springframework/data/rest/webmvc/RepositoryPropertyReferenceController.class]
18-febrero-20 16:47:23:161 DEBUG Test worker o.s.c.a.ClassPathBeanDefinitionScanner:300 - Ignored because not a concrete top-level class: URL [jar:file:/Users/ivan.garcia/.gradle/caches/modules-2/files-2.1/org.springframework.data/spring-data-rest-webmvc/2.5.11.RELEASE/bbe67ac5cf23ca4f9244e4588d47683be994cd90/spring-data-rest-webmvc-2.5.11.RELEASE.jar!/org/springframework/data/rest/webmvc/RepositoryRestController.class]
18-febrero-20 16:47:23:164 DEBUG Test worker o.s.c.a.ClassPathBeanDefinitionScanner:294 - Identified candidate component class: URL [jar:file:/Users/ivan.garcia/.gradle/caches/modules-2/files-2.1/org.springframework.data/spring-data-rest-webmvc/2.5.11.RELEASE/bbe67ac5cf23ca4f9244e4588d47683be994cd90/spring-data-rest-webmvc-2.5.11.RELEASE.jar!/org/springframework/data/rest/webmvc/RepositorySchemaController.class]
18-febrero-20 16:47:23:166 DEBUG Test worker o.s.c.a.ClassPathBeanDefinitionScanner:294 - Identified candidate component class: URL [jar:file:/Users/ivan.garcia/.gradle/caches/modules-2/files-2.1/org.springframework.data/spring-data-rest-webmvc/2.5.11.RELEASE/bbe67ac5cf23ca4f9244e4588d47683be994cd90/spring-data-rest-webmvc-2.5.11.RELEASE.jar!/org/springframework/data/rest/webmvc/RepositorySearchController.class]
18-febrero-20 16:47:23:226 DEBUG Test worker o.s.b.f.s.DefaultListableBeanFactory:251 - Returning cached instance of singleton bean 'autoConfigurationReport'
18-febrero-20 16:47:23:228 DEBUG Test worker o.s.b.f.s.DefaultListableBeanFactory:251 - Returning cached instance of singleton bean 'autoConfigurationReport'
18-febrero-20 16:47:23:231 DEBUG Test worker o.s.b.f.s.DefaultListableBeanFactory:251 - Returning cached instance of singleton bean 'autoConfigurationReport'
18-febrero-20 16:47:23:236 DEBUG Test worker o.s.c.e.StandardEnvironment:109 - Adding [systemProperties] PropertySource with lowest search precedence
18-febrero-20 16:47:23:237 DEBUG Test worker o.s.c.e.StandardEnvironment:109 - Adding [systemEnvironment] PropertySource with lowest search precedence
18-febrero-20 16:47:23:238 DEBUG Test worker o.s.c.e.StandardEnvironment:124 - Initialized StandardEnvironment with PropertySources [systemProperties,systemEnvironment]
18-febrero-20 16:47:23:240 DEBUG Test worker o.s.c.i.s.PathMatchingResourcePatternResolver:318 - Resolved classpath location [org/springframework/data/] to resources [URL [jar:file:/Users/ivan.garcia/.gradle/caches/modules-2/files-2.1/org.springframework.data/spring-data-jpa/1.10.11.RELEASE/5ed321218bdf709f3f915b33d792ce0cc9dc9a93/spring-data-jpa-1.10.11.RELEASE.jar!/org/springframework/data/], URL [jar:file:/Users/ivan.garcia/.gradle/caches/modules-2/files-2.1/org.springframework.data/spring-data-rest-webmvc/2.5.11.RELEASE/bbe67ac5cf23ca4f9244e4588d47683be994cd90/spring-data-rest-webmvc-2.5.11.RELEASE.jar!/org/springframework/data/], URL [jar:file:/Users/ivan.garcia/.gradle/caches/modules-2/files-2.1/org.springframework.data/spring-data-commons/1.12.11.RELEASE/ac256a5df93c0c62d2ea3c835d0454f97bc5678c/spring-data-commons-1.12.11.RELEASE.jar!/org/springframework/data/], URL [jar:file:/Users/ivan.garcia/.gradle/caches/modules-2/files-2.1/org.springframework.data/spring-data-rest-core/2.5.11.RELEASE/4580a4b5dc02eb769404937ce7d1dd71fd34dd7d/spring-data-rest-core-2.5.11.RELEASE.jar!/org/springframework/data/]]
18-febrero-20 16:47:23:244 DEBUG Test worker o.s.c.i.s.PathMatchingResourcePatternResolver:612 - Looking for matching resources in jar file [file:/Users/ivan.garcia/.gradle/caches/modules-2/files-2.1/org.springframework.data/spring-data-jpa/1.10.11.RELEASE/5ed321218bdf709f3f915b33d792ce0cc9dc9a93/spring-data-jpa-1.10.11.RELEASE.jar]
18-febrero-20 16:47:23:255 DEBUG Test worker o.s.c.i.s.PathMatchingResourcePatternResolver:612 - Looking for matching resources in jar file [file:/Users/ivan.garcia/.gradle/caches/modules-2/files-2.1/org.springframework.data/spring-data-rest-webmvc/2.5.11.RELEASE/bbe67ac5cf23ca4f9244e4588d47683be994cd90/spring-data-rest-webmvc-2.5.11.RELEASE.jar]
18-febrero-20 16:47:23:261 DEBUG Test worker o.s.c.i.s.PathMatchingResourcePatternResolver:612 - Looking for matching resources in jar file [file:/Users/ivan.garcia/.gradle/caches/modules-2/files-2.1/org.springframework.data/spring-data-commons/1.12.11.RELEASE/ac256a5df93c0c62d2ea3c835d0454f97bc5678c/spring-data-commons-1.12.11.RELEASE.jar]
18-febrero-20 16:47:23:278 DEBUG Test worker o.s.c.i.s.PathMatchingResourcePatternResolver:612 - Looking for matching resources in jar file [file:/Users/ivan.garcia/.gradle/caches/modules-2/files-2.1/org.springframework.data/spring-data-rest-core/2.5.11.RELEASE/4580a4b5dc02eb769404937ce7d1dd71fd34dd7d/spring-data-rest-core-2.5.11.RELEASE.jar]
18-febrero-20 16:47:23:283 DEBUG Test worker o.s.c.i.s.PathMatchingResourcePatternResolver:482 - Resolved location pattern [classpath*:org/springframework/data/**/*.class] to resources [URL [jar:file:/Users/ivan.garcia/.gradle/caches/modules-2/files-2.1/org.springframework.data/spring-data-jpa/1.10.11.RELEASE/5ed321218bdf709f3f915b33d792ce0cc9dc9a93/spring-data-jpa-1.10.11.RELEASE.jar!/org/springframework/data/jpa/convert/QueryByExamplePredicateBuilder$1.class], URL [jar:file:/Users/ivan.garcia/.gradle/caches/modules-2/files-2.1/org.springframework.data/spring-data-jpa/1.10.11.RELEASE/5ed321218bdf709f3f915b33d792ce0cc9dc9a93/spring-data-jpa-1.10.11.RELEASE.jar!/org/springframework/data/jpa/convert/QueryByExamplePredicateBuilder$PathNode.class], URL [jar:file:/Users/ivan.garcia/.gradle/caches/modules-2/files-2.1/org.springframework.data/spring-data-jpa/1.10.11.RELEASE/5ed321218bdf709f3f915b33d792ce0cc9dc9a93/spring-data-jpa-1.10.11.RELEASE.jar!/org/springframework/data/jpa/convert/QueryByExamplePredicateBuilder.class], URL [jar:file:/Users/ivan.garcia/.gradle/caches/modules-2/files-2.1/org.springframework.data/spring-data-jpa/1.10.11.RELEASE/5ed321218bdf709f3f915b33d792ce0cc9dc9a93/spring-data-jpa-1.10.11.RELEASE.jar!/org/springframework/data/jpa/convert/threeten/Jsr310JpaConverters$InstantConverter.class], URL [jar:file:/Users/ivan.garcia/.gradle/caches/modules-2/files-2.1/org.springframework.data/spring-data-jpa/1.10.11.RELEASE/5ed321218bdf709f3f915b33d792ce0cc9dc9a93/spring-data-jpa-1.10.11.RELEASE.jar!/org/springframework/data/jpa/convert/threeten/Jsr310JpaConverters$LocalDateConverter.class], URL [jar:file:/Users/ivan.garcia/.gradle/caches/modules-2/files-2.1/org.springframework.data/spring-data-jpa/1.10.11.RELEASE/5ed321218bdf709f3f915b33d792ce0cc9dc9a93/spring-data-jpa-1.10.11.RELEASE.jar!/org/springframework/data/jpa/convert/threeten/Jsr310JpaConverters$LocalDateTimeConverter.class], URL [jar:file:/Users/ivan.garcia/.gradle/caches/modules-2/files-2.1/org.springframework.data/spring-data-jpa/1.10.11.RELEASE/5ed321218bdf709f3f915b33d792ce0cc9dc9a93/spring-data-jpa-1.10.11.RELEASE.jar!/org/springframework/data/jpa/convert/threeten/Jsr310JpaConverters$LocalTimeConverter.class], URL [jar:file:/Users/ivan.garcia/.gradle/caches/modules-2/files-2.1/org.springframework.data/spring-data-jpa/1.10.11.RELEASE/5ed321218bdf709f3f915b33d792ce0cc9dc9a93/spring-data-jpa-1.10.11.RELEASE.jar!/org/springframework/data/jpa/convert/threeten/Jsr310JpaConverters$ZoneIdConverter.class], URL [jar:file:/Users/ivan.garcia/.gradle/caches/modules-2/files-2.1/org.springframework.data/spring-data-jpa/1.10.11.RELEASE/5ed321218bdf709f3f915b33d792ce0cc9dc9a93/spring-data-jpa-1.10.11.RELEASE.jar!/org/springframework/data/jpa/convert/threeten/Jsr310JpaConverters.class], URL [jar:file:/Users/ivan.garcia/.gradle/caches/modules-2/files-2.1/org.springframework.data/spring-data-jpa/1.10.11.RELEASE/5ed321218bdf709f3f915b33d792ce0cc9dc9a93/spring-data-jpa-1.10.11.RELEASE.jar!/org/springframework/data/jpa/convert/threetenbp/ThreeTenBackPortJpaConverters$InstantConverter.class], URL [jar:file:/Users/ivan.garcia/.gradle/caches/modules-2/files-2.1/org.springframework.data/spring-data-jpa/1.10.11.RELEASE/5ed321218bdf709f3f915b33d792ce0cc9dc9a93/spring-data-jpa-1.10.11.RELEASE.jar!/org/springframework/data/jpa/convert/threetenbp/ThreeTenBackPortJpaConverters$LocalDateConverter.class], URL [jar:file:/Users/ivan.garcia/.gradle/caches/modules-2/files-2.1/org.springframework.data/spring-data-jpa/1.10.11.RELEASE/5ed321218bdf709f3f915b33d792ce0cc9dc9a93/spring-data-jpa-1.10.11.RELEASE.jar!/org/springframework/data/jpa/convert/threetenbp/ThreeTenBackPortJpaConverters$LocalDateTimeConverter.class], URL [jar:file:/Users/ivan.garcia/.gradle/caches/modules-2/files-2.1/org.springframework.data/spring-data-jpa/1.10.11.RELEASE/5ed321218bdf709f3f915b33d792ce0cc9dc9a93/spring-data-jpa-1.10.11.RELEASE.jar!/org/springframework/data/jpa/convert/threetenbp/ThreeTenBackPortJpaConverters$LocalTimeConverter.class], URL [jar:file:/Users/ivan.garcia/.gradle/caches/modules-2/files-2.1/org.springframework.data/spring-data-jpa/1.10.11.RELEASE/5ed321218bdf709f3f915b33d792ce0cc9dc9a93/spring-data-jpa-1.10.11.RELEASE.jar!/org/springframework/data/jpa/convert/threetenbp/ThreeTenBackPortJpaConverters$ZoneIdConverter.class], URL [jar:file:/Users/ivan.garcia/.gradle/caches/modules-2/files-2.1/org.springframework.data/spring-data-jpa/1.10.11.RELEASE/5ed321218bdf709f3f915b33d792ce0cc9dc9a93/spring-data-jpa-1.10.11.RELEASE.jar!/org/springframework/data/jpa/convert/threetenbp/ThreeTenBackPortJpaConverters.class], URL [jar:file:/Users/ivan.garcia/.gradle/caches/modules-2/files-2.1/org.springframework.data/spring-data-jpa/1.10.11.RELEASE/5ed321218bdf709f3f915b33d792ce0cc9dc9a93/spring-data-jpa-1.10.11.RELEASE.jar!/org/springframework/data/jpa/domain/AbstractAuditable.class], URL [jar:file:/Users/ivan.garcia/.gradle/caches/modules-2/files-2.1/org.springframework.data/spring-data-jpa/1.10.11.RELEASE/5ed321218bdf709f3f915b33d792ce0cc9dc9a93/spring-data-jpa-1.10.11.RELEASE.jar!/org/springframework/data/jpa/domain/AbstractAuditable_.class], URL [jar:file:/Users/ivan.garcia/.gradle/caches/modules-2/files-2.1/org.springframework.data/spring-data-jpa/1.10.11.RELEASE/5ed321218bdf709f3f915b33d792ce0cc9dc9a93/spring-data-jpa-1.10.11.RELEASE.jar!/org/springframework/data/jpa/domain/AbstractPersistable.class], URL [jar:file:/Users/ivan.garcia/.gradle/caches/modules-2/files-2.1/org.springframework.data/spring-data-jpa/1.10.11.RELEASE/5ed321218bdf709f3f915b33d792ce0cc9dc9a93/spring-data-jpa-1.10.11.RELEASE.jar!/org/springframework/data/jpa/domain/AbstractPersistable_.class], URL [jar:file:/Users/ivan.garcia/.gradle/caches/modules-2/files-2.1/org.springframework.data/spring-data-jpa/1.10.11.RELEASE/5ed321218bdf709f3f915b33d792ce0cc9dc9a93/spring-data-jpa-1.10.11.RELEASE.jar!/org/springframework/data/jpa/domain/JpaSort$1.class], URL [jar:file:/Users/ivan.garcia/.gradle/caches/modules-2/files-2.1/org.springframework.data/spring-data-jpa/1.10.11.RELEASE/5ed321218bdf709f3f915b33d792ce0cc9dc9a93/spring-data-jpa-1.10.11.RELEASE.jar!/org/springframework/data/jpa/domain/JpaSort$JpaOrder.class], URL [jar:file:/Users/ivan.garcia/.gradle/caches/modules-2/files-2.1/org.springframework.data/spring-data-jpa/1.10.11.RELEASE/5ed321218bdf709f3f915b33d792ce0cc9dc9a93/spring-data-jpa-1.10.11.RELEASE.jar!/org/springframework/data/jpa/domain/JpaSort$Path.class], URL [jar:file:/Users/ivan.garcia/.gradle/caches/modules-2/files-2.1/org.springframework.data/spring-data-jpa/1.10.11.RELEASE/5ed321218bdf709f3f915b33d792ce0cc9dc9a93/spring-data-jpa-1.10.11.RELEASE.jar!/org/springframework/data/jpa/domain/JpaSort.class], URL [jar:file:/Users/ivan.garcia/.gradle/caches/modules-2/files-2.1/org.springframework.data/spring-data-jpa/1.10.11.RELEASE/5ed321218bdf709f3f915b33d792ce0cc9dc9a93/spring-data-jpa-1.10.11.RELEASE.jar!/org/springframework/data/jpa/domain/QAbstractAuditable.class], URL [jar:file:/Users/ivan.garcia/.gradle/caches/modules-2/files-2.1/org.springframework.data/spring-data-jpa/1.10.11.RELEASE/5ed321218bdf709f3f915b33d792ce0cc9dc9a93/spring-data-jpa-1.10.11.RELEASE.jar!/org/springframework/data/jpa/domain/QAbstractPersistable.class], URL [jar:file:/Users/ivan.garcia/.gradle/caches/modules-2/files-2.1/org.springframework.data/spring-data-jpa/1.10.11.RELEASE/5ed321218bdf709f3f915b33d792ce0cc9dc9a93/spring-data-jpa-1.10.11.RELEASE.jar!/org/springframework/data/jpa/domain/Specification.class], URL [jar:file:/Users/ivan.garcia/.gradle/caches/modules-2/files-2.1/org.springframework.data/spring-data-jpa/1.10.11.RELEASE/5ed321218bdf709f3f915b33d792ce0cc9dc9a93/spring-data-jpa-1.10.11.RELEASE.jar!/org/springframework/data/jpa/domain/Specifications$1.class], URL [jar:file:/Users/ivan.garcia/.gradle/caches/modules-2/files-2.1/org.springframework.data/spring-data-jpa/1.10.11.RELEASE/5ed321218bdf709f3f915b33d792ce0cc9dc9a93/spring-data-jpa-1.10.11.RELEASE.jar!/org/springframework/data/jpa/domain/Specifications$ComposedSpecification.class], URL [jar:file:/Users/ivan.garcia/.gradle/caches/modules-2/files-2.1/org.springframework.data/spring-data-jpa/1.10.11.RELEASE/5ed321218bdf709f3f915b33d792ce0cc9dc9a93/spring-data-jpa-1.10.11.RELEASE.jar!/org/springframework/data/jpa/domain/Specifications$CompositionType$1.class], URL [jar:file:/Users/ivan.garcia/.gradle/caches/modules-2/files-2.1/org.springframework.data/spring-data-jpa/1.10.11.RELEASE/5ed321218bdf709f3f915b33d792ce0cc9dc9a93/spring-data-jpa-1.10.11.RELEASE.jar!/org/springframework/data/jpa/domain/Specifications$CompositionType$2.class], URL [jar:file:/Users/ivan.garcia/.gradle/caches/modules-2/files-2.1/org.springframework.data/spring-data-jpa/1.10.11.RELEASE/5ed321218bdf709f3f915b33d792ce0cc9dc9a93/spring-data-jpa-1.10.11.RELEASE.jar!/org/springframework/data/jpa/domain/Specifications$CompositionType.class], URL [jar:file:/Users/ivan.garcia/.gradle/caches/modules-2/files-2.1/org.springframework.data/spring-data-jpa/1.10.11.RELEASE/5ed321218bdf709f3f915b33d792ce0cc9dc9a93/spring-data-jpa-1.10.11.RELEASE.jar!/org/springframework/data/jpa/domain/Specifications$NegatedSpecification.class], URL [jar:file:/Users/ivan.garcia/.gradle/caches/modules-2/files-2.1/org.springframework.data/spring-data-jpa/1.10.11.RELEASE/5ed321218bdf709f3f915b33d792ce0cc9dc9a93/spring-data-jpa-1.10.11.RELEASE.jar!/org/springframework/data/jpa/domain/Specifications.class], URL [jar:file:/Users/ivan.garcia/.gradle/caches/modules-2/files-2.1/org.springframework.data/spring-data-jpa/1.10.11.RELEASE/5ed321218bdf709f3f915b33d792ce0cc9dc9a93/spring-data-jpa-1.10.11.RELEASE.jar!/org/springframework/data/jpa/domain/support/AuditingBeanFactoryPostProcessor.class], URL [jar:file:/Users/ivan.garcia/.gradle/caches/modules-2/files-2.1/org.springframework.data/spring-data-jpa/1.10.11.RELEASE/5ed321218bdf709f3f915b33d792ce0cc9dc9a93/spring-data-jpa-1.10.11.RELEASE.jar!/org/springframework/data/jpa/domain/support/AuditingEntityListener.class], URL [jar:file:/Users/ivan.garcia/.gradle/caches/modules-2/files-2.1/org.springframework.data/spring-data-jpa/1.10.11.RELEASE/5ed321218bdf709f3f915b33d792ce0cc9dc9a93/spring-data-jpa-1.10.11.RELEASE.jar!/org/springframework/data/jpa/mapping/JpaMetamodelMappingContext.class], URL [jar:file:/Users/ivan.garcia/.gradle/caches/modules-2/files-2.1/org.springframework.data/spring-data-jpa/1.10.11.RELEASE/5ed321218bdf709f3f915b33d792ce0cc9dc9a93/spring-data-jpa-1.10.11.RELEASE.jar!/org/springframework/data/jpa/mapping/JpaPersistentEntity.class], URL [jar:file:/Users/ivan.garcia/.gradle/caches/modules-2/files-2.1/org.springframework.data/spring-data-jpa/1.10.11.RELEASE/5ed321218bdf709f3f915b33d792ce0cc9dc9a93/spring-data-jpa-1.10.11.RELEASE.jar!/org/springframework/data/jpa/mapping/JpaPersistentEntityImpl$JpaProxyAwareIdentifierAccessor.class], URL [jar:file:/Users/ivan.garcia/.gradle/caches/modules-2/files-2.1/org.springframework.data/spring-data-jpa/1.10.11.RELEASE/5ed321218bdf709f3f915b33d792ce0cc9dc9a93/spring-data-jpa-1.10.11.RELEASE.jar!/org/springframework/data/jpa/mapping/JpaPersistentEntityImpl.class], URL [jar:file:/Users/ivan.garcia/.gradle/caches/modules-2/files-2.1/org.springframework.data/spring-data-jpa/1.10.11.RELEASE/5ed321218bdf709f3f915b33d792ce0cc9dc9a93/spring-data-jpa-1.10.11.RELEASE.jar!/org/springframework/data/jpa/mapping/JpaPersistentProperty.class], URL [jar:file:/Users/ivan.garcia/.gradle/caches/modules-2/files-2.1/org.springframework.data/spring-data-jpa/1.10.11.RELEASE/5ed321218bdf709f3f915b33d792ce0cc9dc9a93/spring-data-jpa-1.10.11.RELEASE.jar!/org/springframework/data/jpa/mapping/JpaPersistentPropertyImpl.class], URL [jar:file:/Users/ivan.garcia/.gradle/caches/modules-2/files-2.1/org.springframework.data/spring-data-jpa/1.10.11.RELEASE/5ed321218bdf709f3f915b33d792ce0cc9dc9a93/spring-data-jpa-1.10.11.RELEASE.jar!/org/springframework/data/jpa/provider/HibernateUtils.class], URL [jar:file:/Users/ivan.garcia/.gradle/caches/modules-2/files-2.1/org.springframework.data/spring-data-jpa/1.10.11.RELEASE/5ed321218bdf709f3f915b33d792ce0cc9dc9a93/spring-data-jpa-1.10.11.RELEASE.jar!/org/springframework/data/jpa/provider/JpaClassUtils.class], URL [jar:file:/Users/ivan.garcia/.gradle/caches/modules-2/files-2.1/org.springframework.data/spring-data-jpa/1.10.11.RELEASE/5ed321218bdf709f3f915b33d792ce0cc9dc9a93/spring-data-jpa-1.10.11.RELEASE.jar!/org/springframework/data/jpa/provider/PersistenceProvider$1.class], URL [jar:file:/Users/ivan.garcia/.gradle/caches/modules-2/files-2.1/org.springframework.data/spring-data-jpa/1.10.11.RELEASE/5ed321218bdf709f3f915b33d792ce0cc9dc9a93/spring-data-jpa-1.10.11.RELEASE.jar!/org/springframework/data/jpa/provider/PersistenceProvider$2.class], URL [jar:file:/Users/ivan.garcia/.gradle/caches/modules-2/files-2.1/org.springframework.data/spring-data-jpa/1.10.11.RELEASE/5ed321218bdf709f3f915b33d792ce0cc9dc9a93/spring-data-jpa-1.10.11.RELEASE.jar!/org/springframework/data/jpa/provider/PersistenceProvider$3.class], URL [jar:file:/Users/ivan.garcia/.gradle/caches/modules-2/files-2.1/org.springframework.data/spring-data-jpa/1.10.11.RELEASE/5ed321218bdf709f3f915b33d792ce0cc9dc9a93/spring-data-jpa-1.10.11.RELEASE.jar!/org/springframework/data/jpa/provider/PersistenceProvider$4.class], URL [jar:file:/Users/ivan.garcia/.gradle/caches/modules-2/files-2.1/org.springframework.data/spring-data-jpa/1.10.11.RELEASE/5ed321218bdf709f3f915b33d792ce0cc9dc9a93/spring-data-jpa-1.10.11.RELEASE.jar!/org/springframework/data/jpa/provider/PersistenceProvider$Constants.class], URL [jar:file:/Users/ivan.garcia/.gradle/caches/modules-2/files-2.1/org.springframework.data/spring-data-jpa/1.10.11.RELEASE/5ed321218bdf709f3f915b33d792ce0cc9dc9a93/spring-data-jpa-1.10.11.RELEASE.jar!/org/springframework/data/jpa/provider/PersistenceProvider$EclipseLinkScrollableResultsIterator.class], URL [jar:file:/Users/ivan.garcia/.gradle/caches/modules-2/files-2.1/org.springframework.data/spring-data-jpa/1.10.11.RELEASE/5ed321218bdf709f3f915b33d792ce0cc9dc9a93/spring-data-jpa-1.10.11.RELEASE.jar!/org/springframework/data/jpa/provider/PersistenceProvider$HibernateScrollableResultsIterator.class], URL [jar:file:/Users/ivan.garcia/.gradle/caches/modules-2/files-2.1/org.springframework.data/spring-data-jpa/1.10.11.RELEASE/5ed321218bdf709f3f915b33d792ce0cc9dc9a93/spring-data-jpa-1.10.11.RELEASE.jar!/org/springframework/data/jpa/provider/PersistenceProvider$OpenJpaResultStreamingIterator.class], URL [jar:file:/Users/ivan.garcia/.gradle/caches/modules-2/files-2.1/org.springframework.data/spring-data-jpa/1.10.11.RELEASE/5ed321218bdf709f3f915b33d792ce0cc9dc9a93/spring-data-jpa-1.10.11.RELEASE.jar!/org/springframework/data/jpa/provider/PersistenceProvider.class], URL [jar:file:/Users/ivan.garcia/.gradle/caches/modules-2/files-2.1/org.springframework.data/spring-data-jpa/1.10.11.RELEASE/5ed321218bdf709f3f915b33d792ce0cc9dc9a93/spring-data-jpa-1.10.11.RELEASE.jar!/org/springframework/data/jpa/provider/ProxyIdAccessor.class], URL [jar:file:/Users/ivan.garcia/.gradle/caches/modules-2/files-2.1/org.springframework.data/spring-data-jpa/1.10.11.RELEASE/5ed321218bdf709f3f915b33d792ce0cc9dc9a93/spring-data-jpa-1.10.11.RELEASE.jar!/org/springframework/data/jpa/provider/QueryExtractor.class], URL [jar:file:/Users/ivan.garcia/.gradle/caches/modules-2/files-2.1/org.springframework.data/spring-data-jpa/1.10.11.RELEASE/5ed321218bdf709f3f915b33d792ce0cc9dc9a93/spring-data-jpa-1.10.11.RELEASE.jar!/org/springframework/data/jpa/repository/cdi/JpaRepositoryBean.class], URL [jar:file:/Users/ivan.garcia/.gradle/caches/modules-2/files-2.1/org.springframework.data/spring-data-jpa/1.10.11.RELEASE/5ed321218bdf709f3f915b33d792ce0cc9dc9a93/spring-data-jpa-1.10.11.RELEASE.jar!/org/springframework/data/jpa/repository/cdi/JpaRepositoryExtension.class], URL [jar:file:/Users/ivan.garcia/.gradle/caches/modules-2/files-2.1/org.springframework.data/spring-data-jpa/1.10.11.RELEASE/5ed321218bdf709f3f915b33d792ce0cc9dc9a93/spring-data-jpa-1.10.11.RELEASE.jar!/org/springframework/data/jpa/repository/config/AuditingBeanDefinitionParser$1.class], URL [jar:file:/Users/ivan.garcia/.gradle/caches/modules-2/files-2.1/org.springframework.data/spring-data-jpa/1.10.11.RELEASE/5ed321218bdf709f3f915b33d792ce0cc9dc9a93/spring-data-jpa-1.10.11.RELEASE.jar!/org/springframework/data/jpa/repository/config/AuditingBeanDefinitionParser$SpringConfiguredBeanDefinitionParser.class], URL [jar:file:/Users/ivan.garcia/.gradle/caches/modules-2/files-2.1/org.springframework.data/spring-data-jpa/1.10.11.RELEASE/5ed321218bdf709f3f915b33d792ce0cc9dc9a93/spring-data-jpa-1.10.11.RELEASE.jar!/org/springframework/data/jpa/repository/config/AuditingBeanDefinitionParser.class], URL [jar:file:/Users/ivan.garcia/.gradle/caches/modules-2/files-2.1/org.springframework.data/spring-data-jpa/1.10.11.RELEASE/5ed321218bdf709f3f915b33d792ce0cc9dc9a93/spring-data-jpa-1.10.11.RELEASE.jar!/org/springframework/data/jpa/repository/config/BeanDefinitionNames.class], URL [jar:file:/Users/ivan.garcia/.gradle/caches/modules-2/files-2.1/org.springframework.data/spring-data-jpa/1.10.11.RELEASE/5ed321218bdf709f3f915b33d792ce0cc9dc9a93/spring-data-jpa-1.10.11.RELEASE.jar!/org/springframework/data/jpa/repository/config/EnableJpaAuditing.class], URL [jar:file:/Users/ivan.garcia/.gradle/caches/modules-2/files-2.1/org.springframework.data/spring-data-jpa/1.10.11.RELEASE/5ed321218bdf709f3f915b33d792ce0cc9dc9a93/spring-data-jpa-1.10.11.RELEASE.jar!/org/springframework/data/jpa/repository/config/EnableJpaRepositories.class], URL [jar:file:/Users/ivan.garcia/.gradle/caches/modules-2/files-2.1/org.springframework.data/spring-data-jpa/1.10.11.RELEASE/5ed321218bdf709f3f915b33d792ce0cc9dc9a93/spring-data-jpa-1.10.11.RELEASE.jar!/org/springframework/data/jpa/repository/config/JpaAuditingRegistrar.class], URL [jar:file:/Users/ivan.garcia/.gradle/caches/modules-2/files-2.1/org.springframework.data/spring-data-jpa/1.10.11.RELEASE/5ed321218bdf709f3f915b33d792ce0cc9dc9a93/spring-data-jpa-1.10.11.RELEASE.jar!/org/springframework/data/jpa/repository/config/JpaMetamodelMappingContextFactoryBean.class], URL [jar:file:/Users/ivan.garcia/.gradle/caches/modules-2/files-2.1/org.springframework.data/spring-data-jpa/1.10.11.RELEASE/5ed321218bdf709f3f915b33d792ce0cc9dc9a93/spring-data-jpa-1.10.11.RELEASE.jar!/org/springframework/data/jpa/repository/config/JpaRepositoriesRegistrar.class], URL [jar:file:/Users/ivan.garcia/.gradle/caches/modules-2/files-2.1/org.springframework.data/spring-data-jpa/1.10.11.RELEASE/5ed321218bdf709f3f915b33d792ce0cc9dc9a93/spring-data-jpa-1.10.11.RELEASE.jar!/org/springframework/data/jpa/repository/config/JpaRepositoryConfigExtension.class], URL [jar:file:/Users/ivan.garcia/.gradle/caches/modules-2/files-2.1/org.springframework.data/spring-data-jpa/1.10.11.RELEASE/5ed321218bdf709f3f915b33d792ce0cc9dc9a93/spring-data-jpa-1.10.11.RELEASE.jar!/org/springframework/data/jpa/repository/config/JpaRepositoryNameSpaceHandler.class], URL [jar:file:/Users/ivan.garcia/.gradle/caches/modules-2/files-2.1/org.springframework.data/spring-data-jpa/1.10.11.RELEASE/5ed321218bdf709f3f915b33d792ce0cc9dc9a93/spring-data-jpa-1.10.11.RELEASE.jar!/org/springframework/data/jpa/repository/EntityGraph$EntityGraphType.class], URL [jar:file:/Users/ivan.garcia/.gradle/caches/modules-2/files-2.1/org.springframework.data/spring-data-jpa/1.10.11.RELEASE/5ed321218bdf709f3f915b33d792ce0cc9dc9a93/spring-data-jpa-1.10.11.RELEASE.jar!/org/springframework/data/jpa/repository/EntityGraph.class], URL [jar:file:/Users/ivan.garcia/.gradle/caches/modules-2/files-2.1/org.springframework.data/spring-data-jpa/1.10.11.RELEASE/5ed321218bdf709f3f915b33d792ce0cc9dc9a93/spring-data-jpa-1.10.11.RELEASE.jar!/org/springframework/data/jpa/repository/JpaContext.class], URL [jar:file:/Users/ivan.garcia/.gradle/caches/modules-2/files-2.1/org.springframework.data/spring-data-jpa/1.10.11.RELEASE/5ed321218bdf709f3f915b33d792ce0cc9dc9a93/spring-data-jpa-1.10.11.RELEASE.jar!/org/springframework/data/jpa/repository/JpaRepository.class], URL [jar:file:/Users/ivan.garcia/.gradle/caches/modules-2/files-2.1/org.springframework.data/spring-data-jpa/1.10.11.RELEASE/5ed321218bdf709f3f915b33d792ce0cc9dc9a93/spring-data-jpa-1.10.11.RELEASE.jar!/org/springframework/data/jpa/repository/JpaSpecificationExecutor.class], URL [jar:file:/Users/ivan.garcia/.gradle/caches/modules-2/files-2.1/org.springframework.data/spring-data-jpa/1.10.11.RELEASE/5ed321218bdf709f3f915b33d792ce0cc9dc9a93/spring-data-jpa-1.10.11.RELEASE.jar!/org/springframework/data/jpa/repository/Lock.class], URL [jar:file:/Users/ivan.garcia/.gradle/caches/modules-2/files-2.1/org.springframework.data/spring-data-jpa/1.10.11.RELEASE/5ed321218bdf709f3f915b33d792ce0cc9dc9a93/spring-data-jpa-1.10.11.RELEASE.jar!/org/springframework/data/jpa/repository/Modifying.class], URL [jar:file:/Users/ivan.garcia/.gradle/caches/modules-2/files-2.1/org.springframework.data/spring-data-jpa/1.10.11.RELEASE/5ed321218bdf709f3f915b33d792ce0cc9dc9a93/spring-data-jpa-1.10.11.RELEASE.jar!/org/springframework/data/jpa/repository/query/AbstractJpaQuery$TupleConverter.class], URL [jar:file:/Users/ivan.garcia/.gradle/caches/modules-2/files-2.1/org.springframework.data/spring-data-jpa/1.10.11.RELEASE/5ed321218bdf709f3f915b33d792ce0cc9dc9a93/spring-data-jpa-1.10.11.RELEASE.jar!/org/springframework/data/jpa/repository/query/AbstractJpaQuery.class], URL [jar:file:/Users/ivan.garcia/.gradle/caches/modules-2/files-2.1/org.springframework.data/spring-data-jpa/1.10.11.RELEASE/5ed321218bdf709f3f915b33d792ce0cc9dc9a93/spring-data-jpa-1.10.11.RELEASE.jar!/org/springframework/data/jpa/repository/query/AbstractStringBasedJpaQuery.class], URL [jar:file:/Users/ivan.garcia/.gradle/caches/modules-2/files-2.1/org.springframework.data/spring-data-jpa/1.10.11.RELEASE/5ed321218bdf709f3f915b33d792ce0cc9dc9a93/spring-data-jpa-1.10.11.RELEASE.jar!/org/springframework/data/jpa/repository/query/CriteriaQueryParameterBinder.class], URL [jar:file:/Users/ivan.garcia/.gradle/caches/modules-2/files-2.1/org.springframework.data/spring-data-jpa/1.10.11.RELEASE/5ed321218bdf709f3f915b33d792ce0cc9dc9a93/spring-data-jpa-1.10.11.RELEASE.jar!/org/springframework/data/jpa/repository/query/DefaultJpaEntityMetadata.class], URL [jar:file:/Users/ivan.garcia/.gradle/caches/modules-2/files-2.1/org.springframework.data/spring-data-jpa/1.10.11.RELEASE/5ed321218bdf709f3f915b33d792ce0cc9dc9a93/spring-data-jpa-1.10.11.RELEASE.jar!/org/springframework/data/jpa/repository/query/ExpressionBasedStringQuery.class], URL [jar:file:/Users/ivan.garcia/.gradle/caches/modules-2/files-2.1/org.springframework.data/spring-data-jpa/1.10.11.RELEASE/5ed321218bdf709f3f915b33d792ce0cc9dc9a93/spring-data-jpa-1.10.11.RELEASE.jar!/org/springframework/data/jpa/repository/query/InvalidJpaQueryMethodException.class], URL [jar:file:/Users/ivan.garcia/.gradle/caches/modules-2/files-2.1/org.springframework.data/spring-data-jpa/1.10.11.RELEASE/5ed321218bdf709f3f915b33d792ce0cc9dc9a93/spring-data-jpa-1.10.11.RELEASE.jar!/org/springframework/data/jpa/repository/query/Jpa21Utils.class], URL [jar:file:/Users/ivan.garcia/.gradle/caches/modules-2/files-2.1/org.springframework.data/spring-data-jpa/1.10.11.RELEASE/5ed321218bdf709f3f915b33d792ce0cc9dc9a93/spring-data-jpa-1.10.11.RELEASE.jar!/org/springframework/data/jpa/repository/query/JpaCountQueryCreator.class], URL [jar:file:/Users/ivan.garcia/.gradle/caches/modules-2/files-2.1/org.springframework.data/spring-data-jpa/1.10.11.RELEASE/5ed321218bdf709f3f915b33d792ce0cc9dc9a93/spring-data-jpa-1.10.11.RELEASE.jar!/org/springframework/data/jpa/repository/query/JpaEntityGraph.class], URL [jar:file:/Users/ivan.garcia/.gradle/caches/modules-2/files-2.1/org.springframework.data/spring-data-jpa/1.10.11.RELEASE/5ed321218bdf709f3f915b33d792ce0cc9dc9a93/spring-data-jpa-1.10.11.RELEASE.jar!/org/springframework/data/jpa/repository/query/JpaEntityMetadata.class], URL [jar:file:/Users/ivan.garcia/.gradle/caches/modules-2/files-2.1/org.springframework.data/spring-data-jpa/1.10.11.RELEASE/5ed321218bdf709f3f915b33d792ce0cc9dc9a93/spring-data-jpa-1.10.11.RELEASE.jar!/org/springframework/data/jpa/repository/query/JpaParameters$JpaParameter.class], URL [jar:file:/Users/ivan.garcia/.gradle/caches/modules-2/files-2.1/org.springframework.data/spring-data-jpa/1.10.11.RELEASE/5ed321218bdf709f3f915b33d792ce0cc9dc9a93/spring-data-jpa-1.10.11.RELEASE.jar!/org/springframework/data/jpa/repository/query/JpaParameters.class], URL [jar:file:/Users/ivan.garcia/.gradle/caches/modules-2/files-2.1/org.springframework.data/spring-data-jpa/1.10.11.RELEASE/5ed321218bdf709f3f915b33d792ce0cc9dc9a93/spring-data-jpa-1.10.11.RELEASE.jar!/org/springframework/data/jpa/repository/query/JpaQueryCreator$1.class], URL [jar:file:/Users/ivan.garcia/.gradle/caches/modules-2/files-2.1/org.springframework.data/spring-data-jpa/1.10.11.RELEASE/5ed321218bdf709f3f915b33d792ce0cc9dc9a93/spring-data-jpa-1.10.11.RELEASE.jar!/org/springframework/data/jpa/repository/query/JpaQueryCreator$PredicateBuilder.class], URL [jar:file:/Users/ivan.garcia/.gradle/caches/modules-2/files-2.1/org.springframework.data/spring-data-jpa/1.10.11.RELEASE/5ed321218bdf709f3f915b33d792ce0cc9dc9a93/spring-data-jpa-1.10.11.RELEASE.jar!/org/springframework/data/jpa/repository/query/JpaQueryCreator.class], URL [jar:file:/Users/ivan.garcia/.gradle/caches/modules-2/files-2.1/org.springframework.data/spring-data-jpa/1.10.11.RELEASE/5ed321218bdf709f3f915b33d792ce0cc9dc9a93/spring-data-jpa-1.10.11.RELEASE.jar!/org/springframework/data/jpa/repository/query/JpaQueryExecution$CollectionExecution.class], URL [jar:file:/Users/ivan.garcia/.gradle/caches/modules-2/files-2.1/org.springframework.data/spring-data-jpa/1.10.11.RELEASE/5ed321218bdf709f3f915b33d792ce0cc9dc9a93/spring-data-jpa-1.10.11.RELEASE.jar!/org/springframework/data/jpa/repository/query/JpaQueryExecution$DeleteExecution.class], URL [jar:file:/Users/ivan.garcia/.gradle/caches/modules-2/files-2.1/org.springframework.data/spring-data-jpa/1.10.11.RELEASE/5ed321218bdf709f3f915b33d792ce0cc9dc9a93/spring-data-jpa-1.10.11.RELEASE.jar!/org/springframework/data/jpa/repository/query/JpaQueryExecution$ModifyingExecution.class], URL [jar:file:/Users/ivan.garcia/.gradle/caches/modules-2/files-2.1/org.springframework.data/spring-data-jpa/1.10.11.RELEASE/5ed321218bdf709f3f915b33d792ce0cc9dc9a93/spring-data-jpa-1.10.11.RELEASE.jar!/org/springframework/data/jpa/repository/query/JpaQueryExecution$PagedExecution.class], URL [jar:file:/Users/ivan.garcia/.gradle/caches/modules-2/files-2.1/org.springframework.data/spring-data-jpa/1.10.11.RELEASE/5ed321218bdf709f3f915b33d792ce0cc9dc9a93/spring-data-jpa-1.10.11.RELEASE.jar!/org/springframework/data/jpa/repository/query/JpaQueryExecution$ProcedureExecution.class], URL [jar:file:/Users/ivan.garcia/.gradle/caches/modules-2/files-2.1/org.springframework.data/spring-data-jpa/1.10.11.RELEASE/5ed321218bdf709f3f915b33d792ce0cc9dc9a93/spring-data-jpa-1.10.11.RELEASE.jar!/org/springframework/data/jpa/repository/query/JpaQueryExecution$SingleEntityExecution.class], URL [jar:file:/Users/ivan.garcia/.gradle/caches/modules-2/files-2.1/org.springframework.data/spring-data-jpa/1.10.11.RELEASE/5ed321218bdf709f3f915b33d792ce0cc9dc9a93/spring-data-jpa-1.10.11.RELEASE.jar!/org/springframework/data/jpa/repository/query/JpaQueryExecution$SlicedExecution.class], URL [jar:file:/Users/ivan.garcia/.gradle/caches/modules-2/files-2.1/org.springframework.data/spring-data-jpa/1.10.11.RELEASE/5ed321218bdf709f3f915b33d792ce0cc9dc9a93/spring-data-jpa-1.10.11.RELEASE.jar!/org/springframework/data/jpa/repository/query/JpaQueryExecution$StreamExecution.class], URL [jar:file:/Users/ivan.garcia/.gradle/caches/modules-2/files-2.1/org.springframework.data/spring-data-jpa/1.10.11.RELEASE/5ed321218bdf709f3f915b33d792ce0cc9dc9a93/spring-data-jpa-1.10.11.RELEASE.jar!/org/springframework/data/jpa/repository/query/JpaQueryExecution.class], URL [jar:file:/Users/ivan.garcia/.gradle/caches/modules-2/files-2.1/org.springframework.data/spring-data-jpa/1.10.11.RELEASE/5ed321218bdf709f3f915b33d792ce0cc9dc9a93/spring-data-jpa-1.10.11.RELEASE.jar!/org/springframework/data/jpa/repository/query/JpaQueryFactory.class], URL [jar:file:/Users/ivan.garcia/.gradle/caches/modules-2/files-2.1/org.springframework.data/spring-data-jpa/1.10.11.RELEASE/5ed321218bdf709f3f915b33d792ce0cc9dc9a93/spring-data-jpa-1.10.11.RELEASE.jar!/org/springframework/data/jpa/repository/query/JpaQueryLookupStrategy$1.class], URL [jar:file:/Users/ivan.garcia/.gradle/caches/modules-2/files-2.1/org.springframework.data/spring-data-jpa/1.10.11.RELEASE/5ed321218bdf709f3f915b33d792ce0cc9dc9a93/spring-data-jpa-1.10.11.RELEASE.jar!/org/springframework/data/jpa/repository/query/JpaQueryLookupStrategy$AbstractQueryLookupStrategy.class], URL [jar:file:/Users/ivan.garcia/.gradle/caches/modules-2/files-2.1/org.springframework.data/spring-data-jpa/1.10.11.RELEASE/5ed321218bdf709f3f915b33d792ce0cc9dc9a93/spring-data-jpa-1.10.11.RELEASE.jar!/org/springframework/data/jpa/repository/query/JpaQueryLookupStrategy$CreateIfNotFoundQueryLookupStrategy.class], URL [jar:file:/Users/ivan.garcia/.gradle/caches/modules-2/files-2.1/org.springframework.data/spring-data-jpa/1.10.11.RELEASE/5ed321218bdf709f3f915b33d792ce0cc9dc9a93/spring-data-jpa-1.10.11.RELEASE.jar!/org/springframework/data/jpa/repository/query/JpaQueryLookupStrategy$CreateQueryLookupStrategy.class], URL [jar:file:/Users/ivan.garcia/.gradle/caches/modules-2/files-2.1/org.springframework.data/spring-data-jpa/1.10.11.RELEASE/5ed321218bdf709f3f915b33d792ce0cc9dc9a93/spring-data-jpa-1.10.11.RELEASE.jar!/org/springframework/data/jpa/repository/query/JpaQueryLookupStrategy$DeclaredQueryLookupStrategy.class], URL [jar:file:/Users/ivan.garcia/.gradle/caches/modules-2/files-2.1/org.springframework.data/spring-data-jpa/1.10.11.RELEASE/5ed321218bdf709f3f915b33d792ce0cc9dc9a93/spring-data-jpa-1.10.11.RELEASE.jar!/org/springframework/data/jpa/repository/query/JpaQueryLookupStrategy.class], URL [jar:file:/Users/ivan.garcia/.gradle/caches/modules-2/files-2.1/org.springframework.data/spring-data-jpa/1.10.11.RELEASE/5ed321218bdf709f3f915b33d792ce0cc9dc9a93/spring-data-jpa-1.10.11.RELEASE.jar!/org/springframework/data/jpa/repository/query/JpaQueryMethod.class], URL [jar:file:/Users/ivan.garcia/.gradle/caches/modules-2/files-2.1/org.springframework.data/spring-data-jpa/1.10.11.RELEASE/5ed321218bdf709f3f915b33d792ce0cc9dc9a93/spring-data-jpa-1.10.11.RELEASE.jar!/org/springframework/data/jpa/repository/query/JpaResultConverters$BlobToByteArrayConverter.class], URL [jar:file:/Users/ivan.garcia/.gradle/caches/modules-2/files-2.1/org.springframework.data/spring-data-jpa/1.10.11.RELEASE/5ed321218bdf709f3f915b33d792ce0cc9dc9a93/spring-data-jpa-1.10.11.RELEASE.jar!/org/springframework/data/jpa/repository/query/JpaResultConverters.class], URL [jar:file:/Users/ivan.garcia/.gradle/caches/modules-2/files-2.1/org.springframework.data/spring-data-jpa/1.10.11.RELEASE/5ed321218bdf709f3f915b33d792ce0cc9dc9a93/spring-data-jpa-1.10.11.RELEASE.jar!/org/springframework/data/jpa/repository/query/NamedQuery.class], URL [jar:file:/Users/ivan.garcia/.gradle/caches/modules-2/files-2.1/org.springframework.data/spring-data-jpa/1.10.11.RELEASE/5ed321218bdf709f3f915b33d792ce0cc9dc9a93/spring-data-jpa-1.10.11.RELEASE.jar!/org/springframework/data/jpa/repository/query/NativeJpaQuery.class], URL [jar:file:/Users/ivan.garcia/.gradle/caches/modules-2/files-2.1/org.springframework.data/spring-data-jpa/1.10.11.RELEASE/5ed321218bdf709f3f915b33d792ce0cc9dc9a93/spring-data-jpa-1.10.11.RELEASE.jar!/org/springframework/data/jpa/repository/query/ParameterBinder.class], URL [jar:file:/Users/ivan.garcia/.gradle/caches/modules-2/files-2.1/org.springframework.data/spring-data-jpa/1.10.11.RELEASE/5ed321218bdf709f3f915b33d792ce0cc9dc9a93/spring-data-jpa-1.10.11.RELEASE.jar!/org/springframework/data/jpa/repository/query/ParameterMetadataProvider$1.class], URL [jar:file:/Users/ivan.garcia/.gradle/caches/modules-2/files-2.1/org.springframework.data/spring-data-jpa/1.10.11.RELEASE/5ed321218bdf709f3f915b33d792ce0cc9dc9a93/spring-data-jpa-1.10.11.RELEASE.jar!/org/springframework/data/jpa/repository/query/ParameterMetadataProvider$ParameterMetadata.class], URL [jar:file:/Users/ivan.garcia/.gradle/caches/modules-2/files-2.1/org.springframework.data/spring-data-jpa/1.10.11.RELEASE/5ed321218bdf709f3f915b33d792ce0cc9dc9a93/spring-data-jpa-1.10.11.RELEASE.jar!/org/springframework/data/jpa/repository/query/ParameterMetadataProvider.class], URL [jar:file:/Users/ivan.garcia/.gradle/caches/modules-2/files-2.1/org.springframework.data/spring-data-jpa/1.10.11.RELEASE/5ed321218bdf709f3f915b33d792ce0cc9dc9a93/spring-data-jpa-1.10.11.RELEASE.jar!/org/springframework/data/jpa/repository/query/PartTreeJpaQuery$CountQueryPreparer.class], URL [jar:file:/Users/ivan.garcia/.gradle/caches/modules-2/files-2.1/org.springframework.data/spring-data-jpa/1.10.11.RELEASE/5ed321218bdf709f3f915b33d792ce0cc9dc9a93/spring-data-jpa-1.10.11.RELEASE.jar!/org/springframework/data/jpa/repository/query/PartTreeJpaQuery$QueryPreparer.class], URL [jar:file:/Users/ivan.garcia/.gradle/caches/modules-2/files-2.1/org.springframework.data/spring-data-jpa/1.10.11.RELEASE/5ed321218bdf709f3f915b33d792ce0cc9dc9a93/spring-data-jpa-1.10.11.RELEASE.jar!/org/springframework/data/jpa/repository/query/PartTreeJpaQuery.class], URL [jar:file:/Users/ivan.garcia/.gradle/caches/modules-2/files-2.1/org.springframework.data/spring-data-jpa/1.10.11.RELEASE/5ed321218bdf709f3f915b33d792ce0cc9dc9a93/spring-data-jpa-1.10.11.RELEASE.jar!/org/springframework/data/jpa/repository/query/Procedure.class], URL [jar:file:/Users/ivan.garcia/.gradle/caches/modules-2/files-2.1/org.springframework.data/spring-data-jpa/1.10.11.RELEASE/5ed321218bdf709f3f915b33d792ce0cc9dc9a93/spring-data-jpa-1.10.11.RELEASE.jar!/org/springframework/data/jpa/repository/query/QueryUtils.class], URL [jar:file:/Users/ivan.garcia/.gradle/caches/modules-2/files-2.1/org.springframework.data/spring-data-jpa/1.10.11.RELEASE/5ed321218bdf709f3f915b33d792ce0cc9dc9a93/spring-data-jpa-1.10.11.RELEASE.jar!/org/springframework/data/jpa/repository/query/SimpleJpaQuery.class], URL [jar:file:/Users/ivan.garcia/.gradle/caches/modules-2/files-2.1/org.springframework.data/spring-data-jpa/1.10.11.RELEASE/5ed321218bdf709f3f915b33d792ce0cc9dc9a93/spring-data-jpa-1.10.11.RELEASE.jar!/org/springframework/data/jpa/repository/query/SpelExpressionStringQueryParameterBinder.class], URL [jar:file:/Users/ivan.garcia/.gradle/caches/modules-2/files-2.1/org.springframework.data/spring-data-jpa/1.10.11.RELEASE/5ed321218bdf709f3f915b33d792ce0cc9dc9a93/spring-data-jpa-1.10.11.RELEASE.jar!/org/springframework/data/jpa/repository/query/StoredProcedureAttributes.class], URL [jar:file:/Users/ivan.garcia/.gradle/caches/modules-2/files-2.1/org.springframework.data/spring-data-jpa/1.10.11.RELEASE/5ed321218bdf709f3f915b33d792ce0cc9dc9a93/spring-data-jpa-1.10.11.RELEASE.jar!/org/springframework/data/jpa/repository/query/StoredProcedureAttributeSource$1.class], URL [jar:file:/Users/ivan.garcia/.gradle/caches/modules-2/files-2.1/org.springframework.data/spring-data-jpa/1.10.11.RELEASE/5ed321218bdf709f3f915b33d792ce0cc9dc9a93/spring-data-jpa-1.10.11.RELEASE.jar!/org/springframework/data/jpa/repository/query/StoredProcedureAttributeSource.class], URL [jar:file:/Users/ivan.garcia/.gradle/caches/modules-2/files-2.1/org.springframework.data/spring-data-jpa/1.10.11.RELEASE/5ed321218bdf709f3f915b33d792ce0cc9dc9a93/spring-data-jpa-1.10.11.RELEASE.jar!/org/springframework/data/jpa/repository/query/StoredProcedureJpaQuery.class], URL [jar:file:/Users/ivan.garcia/.gradle/caches/modules-2/files-2.1/org.springframework.data/spring-data-jpa/1.10.11.RELEASE/5ed321218bdf709f3f915b33d792ce0cc9dc9a93/spring-data-jpa-1.10.11.RELEASE.jar!/org/springframework/data/jpa/repository/query/StringQuery$1.class], URL [jar:file:/Users/ivan.garcia/.gradle/caches/modules-2/files-2.1/org.springframework.data/spring-data-jpa/1.10.11.RELEASE/5ed321218bdf709f3f915b33d792ce0cc9dc9a93/spring-data-jpa-1.10.11.RELEASE.jar!/org/springframework/data/jpa/repository/query/StringQuery$InParameterBinding.class], URL [jar:file:/Users/ivan.garcia/.gradle/caches/modules-2/files-2.1/org.springframework.data/spring-data-jpa/1.10.11.RELEASE/5ed321218bdf709f3f915b33d792ce0cc9dc9a93/spring-data-jpa-1.10.11.RELEASE.jar!/org/springframework/data/jpa/repository/query/StringQuery$LikeParameterBinding.class], URL [jar:file:/Users/ivan.garcia/.gradle/caches/modules-2/files-2.1/org.springframework.data/spring-data-jpa/1.10.11.RELEASE/5ed321218bdf709f3f915b33d792ce0cc9dc9a93/spring-data-jpa-1.10.11.RELEASE.jar!/org/springframework/data/jpa/repository/query/StringQuery$ParameterBinding.class], URL [jar:file:/Users/ivan.garcia/.gradle/caches/modules-2/files-2.1/org.springframework.data/spring-data-jpa/1.10.11.RELEASE/5ed321218bdf709f3f915b33d792ce0cc9dc9a93/spring-data-jpa-1.10.11.RELEASE.jar!/org/springframework/data/jpa/repository/query/StringQuery$ParameterBindingParser$ParameterBindingType.class], URL [jar:file:/Users/ivan.garcia/.gradle/caches/modules-2/files-2.1/org.springframework.data/spring-data-jpa/1.10.11.RELEASE/5ed321218bdf709f3f915b33d792ce0cc9dc9a93/spring-data-jpa-1.10.11.RELEASE.jar!/org/springframework/data/jpa/repository/query/StringQuery$ParameterBindingParser.class], URL [jar:file:/Users/ivan.garcia/.gradle/caches/modules-2/files-2.1/org.springframework.data/spring-data-jpa/1.10.11.RELEASE/5ed321218bdf709f3f915b33d792ce0cc9dc9a93/spring-data-jpa-1.10.11.RELEASE.jar!/org/springframework/data/jpa/repository/query/StringQuery.class], URL [jar:file:/Users/ivan.garcia/.gradle/caches/modules-2/files-2.1/org.springframework.data/spring-data-jpa/1.10.11.RELEASE/5ed321218bdf709f3f915b33d792ce0cc9dc9a93/spring-data-jpa-1.10.11.RELEASE.jar!/org/springframework/data/jpa/repository/query/StringQueryParameterBinder.class], URL [jar:file:/Users/ivan.garcia/.gradle/caches/modules-2/files-2.1/org.springframework.data/spring-data-jpa/1.10.11.RELEASE/5ed321218bdf709f3f915b33d792ce0cc9dc9a93/spring-data-jpa-1.10.11.RELEASE.jar!/org/springframework/data/jpa/repository/Query.class], URL [jar:file:/Users/ivan.garcia/.gradle/caches/modules-2/files-2.1/org.springframework.data/spring-data-jpa/1.10.11.RELEASE/5ed321218bdf709f3f915b33d792ce0cc9dc9a93/spring-data-jpa-1.10.11.RELEASE.jar!/org/springframework/data/jpa/repository/QueryHints.class], URL [jar:file:/Users/ivan.garcia/.gradle/caches/modules-2/files-2.1/org.springframework.data/spring-data-jpa/1.10.11.RELEASE/5ed321218bdf709f3f915b33d792ce0cc9dc9a93/spring-data-jpa-1.10.11.RELEASE.jar!/org/springframework/data/jpa/repository/support/CrudMethodMetadata.class], URL [jar:file:/Users/ivan.garcia/.gradle/caches/modules-2/files-2.1/org.springframework.data/spring-data-jpa/1.10.11.RELEASE/5ed321218bdf709f3f915b33d792ce0cc9dc9a93/spring-data-jpa-1.10.11.RELEASE.jar!/org/springframework/data/jpa/repository/support/CrudMethodMetadataPostProcessor$1.class], URL [jar:file:/Users/ivan.garcia/.gradle/caches/modules-2/files-2.1/org.springframework.data/spring-data-jpa/1.10.11.RELEASE/5ed321218bdf709f3f915b33d792ce0cc9dc9a93/spring-data-jpa-1.10.11.RELEASE.jar!/org/springframework/data/jpa/repository/support/CrudMethodMetadataPostProcessor$CrudMethodMetadataPopulatingMethodInterceptor.class], URL [jar:file:/Users/ivan.garcia/.gradle/caches/modules-2/files-2.1/org.springframework.data/spring-data-jpa/1.10.11.RELEASE/5ed321218bdf709f3f915b33d792ce0cc9dc9a93/spring-data-jpa-1.10.11.RELEASE.jar!/org/springframework/data/jpa/repository/support/CrudMethodMetadataPostProcessor$DefaultCrudMethodMetadata.class], URL [jar:file:/Users/ivan.garcia/.gradle/caches/modules-2/files-2.1/org.springframework.data/spring-data-jpa/1.10.11.RELEASE/5ed321218bdf709f3f915b33d792ce0cc9dc9a93/spring-data-jpa-1.10.11.RELEASE.jar!/org/springframework/data/jpa/repository/support/CrudMethodMetadataPostProcessor$ThreadBoundTargetSource.class], URL [jar:file:/Users/ivan.garcia/.gradle/caches/modules-2/files-2.1/org.springframework.data/spring-data-jpa/1.10.11.RELEASE/5ed321218bdf709f3f915b33d792ce0cc9dc9a93/spring-data-jpa-1.10.11.RELEASE.jar!/org/springframework/data/jpa/repository/support/CrudMethodMetadataPostProcessor.class], URL [jar:file:/Users/ivan.garcia/.gradle/caches/modules-2/files-2.1/org.springframework.data/spring-data-jpa/1.10.11.RELEASE/5ed321218bdf709f3f915b33d792ce0cc9dc9a93/spring-data-jpa-1.10.11.RELEASE.jar!/org/springframework/data/jpa/repository/support/DefaultJpaContext.class], URL [jar:file:/Users/ivan.garcia/.gradle/caches/modules-2/files-2.1/org.springframework.data/spring-data-jpa/1.10.11.RELEASE/5ed321218bdf709f3f915b33d792ce0cc9dc9a93/spring-data-jpa-1.10.11.RELEASE.jar!/org/springframework/data/jpa/repository/support/EntityManagerBeanDefinitionRegistrarPostProcessor.class], URL [jar:file:/Users/ivan.garcia/.gradle/caches/modules-2/files-2.1/org.springframework.data/spring-data-jpa/1.10.11.RELEASE/5ed321218bdf709f3f915b33d792ce0cc9dc9a93/spring-data-jpa-1.10.11.RELEASE.jar!/org/springframework/data/jpa/repository/support/JpaEntityInformation.class], URL [jar:file:/Users/ivan.garcia/.gradle/caches/modules-2/files-2.1/org.springframework.data/spring-data-jpa/1.10.11.RELEASE/5ed321218bdf709f3f915b33d792ce0cc9dc9a93/spring-data-jpa-1.10.11.RELEASE.jar!/org/springframework/data/jpa/repository/support/JpaEntityInformationSupport.class], URL [jar:file:/Users/ivan.garcia/.gradle/caches/modules-2/files-2.1/org.springframework.data/spring-data-jpa/1.10.11.RELEASE/5ed321218bdf709f3f915b33d792ce0cc9dc9a93/spring-data-jpa-1.10.11.RELEASE.jar!/org/springframework/data/jpa/repository/support/JpaMetamodelEntityInformation$IdentifierDerivingDirectFieldAccessFallbackBeanWrapper.class], URL [jar:file:/Users/ivan.garcia/.gradle/caches/modules-2/files-2.1/org.springframework.data/spring-data-jpa/1.10.11.RELEASE/5ed321218bdf709f3f915b33d792ce0cc9dc9a93/spring-data-jpa-1.10.11.RELEASE.jar!/org/springframework/data/jpa/repository/support/JpaMetamodelEntityInformation$IdMetadata.class], URL [jar:file:/Users/ivan.garcia/.gradle/caches/modules-2/files-2.1/org.springframework.data/spring-data-jpa/1.10.11.RELEASE/5ed321218bdf709f3f915b33d792ce0cc9dc9a93/spring-data-jpa-1.10.11.RELEASE.jar!/org/springframework/data/jpa/repository/support/JpaMetamodelEntityInformation.class], URL [jar:file:/Users/ivan.garcia/.gradle/caches/modules-2/files-2.1/org.springframework.data/spring-data-jpa/1.10.11.RELEASE/5ed321218bdf709f3f915b33d792ce0cc9dc9a93/spring-data-jpa-1.10.11.RELEASE.jar!/org/springframework/data/jpa/repository/support/JpaPersistableEntityInformation.class], URL [jar:file:/Users/ivan.garcia/.gradle/caches/modules-2/files-2.1/org.springframework.data/spring-data-jpa/1.10.11.RELEASE/5ed321218bdf709f3f915b33d792ce0cc9dc9a93/spring-data-jpa-1.10.11.RELEASE.jar!/org/springframework/data/jpa/repository/support/JpaRepositoryFactory.class], URL [jar:file:/Users/ivan.garcia/.gradle/caches/modules-2/files-2.1/org.springframework.data/spring-data-jpa/1.10.11.RELEASE/5ed321218bdf709f3f915b33d792ce0cc9dc9a93/spring-data-jpa-1.10.11.RELEASE.jar!/org/springframework/data/jpa/repository/support/JpaRepositoryFactoryBean.class], URL [jar:file:/Users/ivan.garcia/.gradle/caches/modules-2/files-2.1/org.springframework.data/spring-data-jpa/1.10.11.RELEASE/5ed321218bdf709f3f915b33d792ce0cc9dc9a93/spring-data-jpa-1.10.11.RELEASE.jar!/org/springframework/data/jpa/repository/support/Querydsl$1.class], URL [jar:file:/Users/ivan.garcia/.gradle/caches/modules-2/files-2.1/org.springframework.data/spring-data-jpa/1.10.11.RELEASE/5ed321218bdf709f3f915b33d792ce0cc9dc9a93/spring-data-jpa-1.10.11.RELEASE.jar!/org/springframework/data/jpa/repository/support/Querydsl.class], URL [jar:file:/Users/ivan.garcia/.gradle/caches/modules-2/files-2.1/org.springframework.data/spring-data-jpa/1.10.11.RELEASE/5ed321218bdf709f3f915b33d792ce0cc9dc9a93/spring-data-jpa-1.10.11.RELEASE.jar!/org/springframework/data/jpa/repository/support/QueryDslJpaRepository.class], URL [jar:file:/Users/ivan.garcia/.gradle/caches/modules-2/files-2.1/org.springframework.data/spring-data-jpa/1.10.11.RELEASE/5ed321218bdf709f3f915b33d792ce0cc9dc9a93/spring-data-jpa-1.10.11.RELEASE.jar!/org/springframework/data/jpa/repository/support/QueryDslRepositorySupport.class], URL [jar:file:/Users/ivan.garcia/.gradle/caches/modules-2/files-2.1/org.springframework.data/spring-data-jpa/1.10.11.RELEASE/5ed321218bdf709f3f915b33d792ce0cc9dc9a93/spring-data-jpa-1.10.11.RELEASE.jar!/org/springframework/data/jpa/repository/support/SimpleJpaRepository$ByIdsSpecification.class], URL [jar:file:/Users/ivan.garcia/.gradle/caches/modules-2/files-2.1/org.springframework.data/spring-data-jpa/1.10.11.RELEASE/5ed321218bdf709f3f915b33d792ce0cc9dc9a93/spring-data-jpa-1.10.11.RELEASE.jar!/org/springframework/data/jpa/repository/support/SimpleJpaRepository$ExampleSpecification.class], URL [jar:file:/Users/ivan.garcia/.gradle/caches/modules-2/files-2.1/org.springframework.data/spring-data-jpa/1.10.11.RELEASE/5ed321218bdf709f3f915b33d792ce0cc9dc9a93/spring-data-jpa-1.10.11.RELEASE.jar!/org/springframework/data/jpa/repository/support/SimpleJpaRepository.class], URL [jar:file:/Users/ivan.garcia/.gradle/caches/modules-2/files-2.1/org.springframework.data/spring-data-jpa/1.10.11.RELEASE/5ed321218bdf709f3f915b33d792ce0cc9dc9a93/spring-data-jpa-1.10.11.RELEASE.jar!/org/springframework/data/jpa/repository/Temporal.class], URL [jar:file:/Users/ivan.garcia/.gradle/caches/modules-2/files-2.1/org.springframework.data/spring-data-jpa/1.10.11.RELEASE/5ed321218bdf709f3f915b33d792ce0cc9dc9a93/spring-data-jpa-1.10.11.RELEASE.jar!/org/springframework/data/jpa/support/ClasspathScanningPersistenceUnitPostProcessor.class], URL [jar:file:/Users/ivan.garcia/.gradle/caches/modules-2/files-2.1/org.springframework.data/spring-data-jpa/1.10.11.RELEASE/5ed321218bdf709f3f915b33d792ce0cc9dc9a93/spring-data-jpa-1.10.11.RELEASE.jar!/org/springframework/data/jpa/support/MergingPersistenceUnitManager.class], URL [jar:file:/Users/ivan.garcia/.gradle/caches/modules-2/files-2.1/org.springframework.data/spring-data-jpa/1.10.11.RELEASE/5ed321218bdf709f3f915b33d792ce0cc9dc9a93/spring-data-jpa-1.10.11.RELEASE.jar!/org/springframework/data/jpa/util/BeanDefinitionUtils$EntityManagerFactoryBeanDefinition.class], URL [jar:file:/Users/ivan.garcia/.gradle/caches/modules-2/files-2.1/org.springframework.data/spring-data-jpa/1.10.11.RELEASE/5ed321218bdf709f3f915b33d792ce0cc9dc9a93/spring-data-jpa-1.10.11.RELEASE.jar!/org/springframework/data/jpa/util/BeanDefinitionUtils.class], URL [jar:file:/Users/ivan.garcia/.gradle/caches/modules-2/files-2.1/org.springframework.data/spring-data-jpa/1.10.11.RELEASE/5ed321218bdf709f3f915b33d792ce0cc9dc9a93/spring-data-jpa-1.10.11.RELEASE.jar!/org/springframework/data/jpa/util/JpaMetamodel.class], URL [jar:file:/Users/ivan.garcia/.gradle/caches/modules-2/files-2.1/org.springframework.data/spring-data-rest-webmvc/2.5.11.RELEASE/bbe67ac5cf23ca4f9244e4588d47683be994cd90/spring-data-rest-webmvc-2.5.11.RELEASE.jar!/org/springframework/data/rest/webmvc/AbstractRepositoryRestController.class], URL [jar:file:/Users/ivan.garcia/.gradle/caches/modules-2/files-2.1/org.springframework.data/spring-data-rest-webmvc/2.5.11.RELEASE/bbe67ac5cf23ca4f9244e4588d47683be994cd90/spring-data-rest-webmvc-2.5.11.RELEASE.jar!/org/springframework/data/rest/webmvc/alps/AlpsController.class], URL [jar:file:/Users/ivan.garcia/.gradle/caches/modules-2/files-2.1/org.springframework.data/spring-data-rest-webmvc/2.5.11.RELEASE/bbe67ac5cf23ca4f9244e4588d47683be994cd90/spring-data-rest-webmvc-2.5.11.RELEASE.jar!/org/springframework/data/rest/webmvc/alps/AlpsJsonHttpMessageConverter.class], URL [jar:file:/Users/ivan.garcia/.gradle/caches/modules-2/files-2.1/org.springframework.data/spring-data-rest-webmvc/2.5.11.RELEASE/bbe67ac5cf23ca4f9244e4588d47683be994cd90/spring-data-rest-webmvc-2.5.11.RELEASE.jar!/org/springframework/data/rest/webmvc/alps/RootResourceInformationToAlpsDescriptorConverter$1.class], URL [jar:file:/Users/ivan.garcia/.gradle/caches/modules-2/files-2.1/org.springframework.data/spring-data-rest-webmvc/2.5.11.RELEASE/bbe67ac5cf23ca4f9244e4588d47683be994cd90/spring-data-rest-webmvc-2.5.11.RELEASE.jar!/org/springframework/data/rest/webmvc/alps/RootResourceInformationToAlpsDescriptorConverter$2.class], URL [jar:file:/Users/ivan.garcia/.gradle/caches/modules-2/files-2.1/org.springframework.data/spring-data-rest-webmvc/2.5.11.RELEASE/bbe67ac5cf23ca4f9244e4588d47683be994cd90/spring-data-rest-webmvc-2.5.11.RELEASE.jar!/org/springframework/data/rest/webmvc/alps/RootResourceInformationToAlpsDescriptorConverter$3.class], URL [jar:file:/Users/ivan.garcia/.gradle/caches/modules-2/files-2.1/org.springframework.data/spring-data-rest-webmvc/2.5.11.RELEASE/bbe67ac5cf23ca4f9244e4588d47683be994cd90/spring-data-rest-webmvc-2.5.11.RELEASE.jar!/org/springframework/data/rest/webmvc/alps/RootResourceInformationToAlpsDescriptorConverter.class], URL [jar:file:/Users/ivan.garcia/.gradle/caches/modules-2/files-2.1/org.springframework.data/spring-data-rest-webmvc/2.5.11.RELEASE/bbe67ac5cf23ca4f9244e4588d47683be994cd90/spring-data-rest-webmvc-2.5.11.RELEASE.jar!/org/springframework/data/rest/webmvc/BasePathAwareController.class], URL [jar:file:/Users/ivan.garcia/.gradle/caches/modules-2/files-2.1/org.springframework.data/spring-data-rest-webmvc/2.5.11.RELEASE/bbe67ac5cf23ca4f9244e4588d47683be994cd90/spring-data-rest-webmvc-2.5.11.RELEASE.jar!/org/springframework/data/rest/webmvc/BasePathAwareHandlerMapping$CustomAcceptHeaderHttpServletRequest.class], URL [jar:file:/Users/ivan.garcia/.gradle/caches/modules-2/files-2.1/org.springframework.data/spring-data-rest-webmvc/2.5.11.RELEASE/bbe67ac5cf23ca4f9244e4588d47683be994cd90/spring-data-rest-webmvc-2.5.11.RELEASE.jar!/org/springframework/data/rest/webmvc/BasePathAwareHandlerMapping$UriAwareHttpServletRequest.class], URL [jar:file:/Users/ivan.garcia/.gradle/caches/modules-2/files-2.1/org.springframework.data/spring-data-rest-webmvc/2.5.11.RELEASE/bbe67ac5cf23ca4f9244e4588d47683be994cd90/spring-data-rest-webmvc-2.5.11.RELEASE.jar!/org/springframework/data/rest/webmvc/BasePathAwareHandlerMapping.class], URL [jar:file:/Users/ivan.garcia/.gradle/caches/modules-2/files-2.1/org.springframework.data/spring-data-rest-webmvc/2.5.11.RELEASE/bbe67ac5cf23ca4f9244e4588d47683be994cd90/spring-data-rest-webmvc-2.5.11.RELEASE.jar!/org/springframework/data/rest/webmvc/BaseUri.class], URL [jar:file:/Users/ivan.garcia/.gradle/caches/modules-2/files-2.1/org.springframework.data/spring-data-rest-webmvc/2.5.11.RELEASE/bbe67ac5cf23ca4f9244e4588d47683be994cd90/spring-data-rest-webmvc-2.5.11.RELEASE.jar!/org/springframework/data/rest/webmvc/config/ArgumentResolverPagingAndSortingTemplateVariables.class], URL [jar:file:/Users/ivan.garcia/.gradle/caches/modules-2/files-2.1/org.springframework.data/spring-data-rest-webmvc/2.5.11.RELEASE/bbe67ac5cf23ca4f9244e4588d47683be994cd90/spring-data-rest-webmvc-2.5.11.RELEASE.jar!/org/springframework/data/rest/webmvc/config/JsonPatchHandler.class], URL [jar:file:/Users/ivan.garcia/.gradle/caches/modules-2/files-2.1/org.springframework.data/spring-data-rest-webmvc/2.5.11.RELEASE/bbe67ac5cf23ca4f9244e4588d47683be994cd90/spring-data-rest-webmvc-2.5.11.RELEASE.jar!/org/springframework/data/rest/webmvc/config/PersistentEntityResourceAssemblerArgumentResolver.class], URL [jar:file:/Users/ivan.garcia/.gradle/caches/modules-2/files-2.1/org.springframework.data/spring-data-rest-webmvc/2.5.11.RELEASE/bbe67ac5cf23ca4f9244e4588d47683be994cd90/spring-data-rest-webmvc-2.5.11.RELEASE.jar!/org/springframework/data/rest/webmvc/config/PersistentEntityResourceHandlerMethodArgumentResolver.class], URL [jar:file:/Users/ivan.garcia/.gradle/caches/modules-2/files-2.1/org.springframework.data/spring-data-rest-webmvc/2.5.11.RELEASE/bbe67ac5cf23ca4f9244e4588d47683be994cd90/spring-data-rest-webmvc-2.5.11.RELEASE.jar!/org/springframework/data/rest/webmvc/config/ProjectionDefinitionRegistar.class], URL [jar:file:/Users/ivan.garcia/.gradle/caches/modules-2/files-2.1/org.springframework.data/spring-data-rest-webmvc/2.5.11.RELEASE/bbe67ac5cf23ca4f9244e4588d47683be994cd90/spring-data-rest-webmvc-2.5.11.RELEASE.jar!/org/springframework/data/rest/webmvc/config/QuerydslAwareRootResourceInformationHandlerMethodArgumentResolver.class], URL [jar:file:/Users/ivan.garcia/.gradle/caches/modules-2/files-2.1/org.springframework.data/spring-data-rest-webmvc/2.5.11.RELEASE/bbe67ac5cf23ca4f9244e4588d47683be994cd90/spring-data-rest-webmvc-2.5.11.RELEASE.jar!/org/springframework/data/rest/webmvc/config/RepositoryRestConfigurer.class], URL [jar:file:/Users/ivan.garcia/.gradle/caches/modules-2/files-2.1/org.springframework.data/spring-data-rest-webmvc/2.5.11.RELEASE/bbe67ac5cf23ca4f9244e4588d47683be994cd90/spring-data-rest-webmvc-2.5.11.RELEASE.jar!/org/springframework/data/rest/webmvc/config/RepositoryRestConfigurerAdapter.class], URL [jar:file:/Users/ivan.garcia/.gradle/caches/modules-2/files-2.1/org.springframework.data/spring-data-rest-webmvc/2.5.11.RELEASE/bbe67ac5cf23ca4f9244e4588d47683be994cd90/spring-data-rest-webmvc-2.5.11.RELEASE.jar!/org/springframework/data/rest/webmvc/config/RepositoryRestConfigurerDelegate.class], URL [jar:file:/Users/ivan.garcia/.gradle/caches/modules-2/files-2.1/org.springframework.data/spring-data-rest-webmvc/2.5.11.RELEASE/bbe67ac5cf23ca4f9244e4588d47683be994cd90/spring-data-rest-webmvc-2.5.11.RELEASE.jar!/org/springframework/data/rest/webmvc/config/RepositoryRestMvcConfiguration$ResourceSupportHttpMessageConverter.class], URL [jar:file:/Users/ivan.garcia/.gradle/caches/modules-2/files-2.1/org.springframework.data/spring-data-rest-webmvc/2.5.11.RELEASE/bbe67ac5cf23ca4f9244e4588d47683be994cd90/spring-data-rest-webmvc-2.5.11.RELEASE.jar!/org/springframework/data/rest/webmvc/config/RepositoryRestMvcConfiguration.class], URL [jar:file:/Users/ivan.garcia/.gradle/caches/modules-2/files-2.1/org.springframework.data/spring-data-rest-webmvc/2.5.11.RELEASE/bbe67ac5cf23ca4f9244e4588d47683be994cd90/spring-data-rest-webmvc-2.5.11.RELEASE.jar!/org/springframework/data/rest/webmvc/config/ResourceMetadataHandlerMethodArgumentResolver.class], URL [jar:file:/Users/ivan.garcia/.gradle/caches/modules-2/files-2.1/org.springframework.data/spring-data-rest-webmvc/2.5.11.RELEASE/bbe67ac5cf23ca4f9244e4588d47683be994cd90/spring-data-rest-webmvc-2.5.11.RELEASE.jar!/org/springframework/data/rest/webmvc/config/RootResourceInformationHandlerMethodArgumentResolver.class], URL [jar:file:/Users/ivan.garcia/.gradle/caches/modules-2/files-2.1/org.springframework.data/spring-data-rest-webmvc/2.5.11.RELEASE/bbe67ac5cf23ca4f9244e4588d47683be994cd90/spring-data-rest-webmvc-2.5.11.RELEASE.jar!/org/springframework/data/rest/webmvc/ControllerUtils.class], URL [jar:file:/Users/ivan.garcia/.gradle/caches/modules-2/files-2.1/org.springframework.data/spring-data-rest-webmvc/2.5.11.RELEASE/bbe67ac5cf23ca4f9244e4588d47683be994cd90/spring-data-rest-webmvc-2.5.11.RELEASE.jar!/org/springframework/data/rest/webmvc/convert/UriListHttpMessageConverter.class], URL [jar:file:/Users/ivan.garcia/.gradle/caches/modules-2/files-2.1/org.springframework.data/spring-data-rest-webmvc/2.5.11.RELEASE/bbe67ac5cf23ca4f9244e4588d47683be994cd90/spring-data-rest-webmvc-2.5.11.RELEASE.jar!/org/springframework/data/rest/webmvc/EmbeddedResourcesAssembler$1.class], URL [jar:file:/Users/ivan.garcia/.gradle/caches/modules-2/files-2.1/org.springframework.data/spring-data-rest-webmvc/2.5.11.RELEASE/bbe67ac5cf23ca4f9244e4588d47683be994cd90/spring-data-rest-webmvc-2.5.11.RELEASE.jar!/org/springframework/data/rest/webmvc/EmbeddedResourcesAssembler.class], URL [jar:file:/Users/ivan.garcia/.gradle/caches/modules-2/files-2.1/org.springframework.data/spring-data-rest-webmvc/2.5.11.RELEASE/bbe67ac5cf23ca4f9244e4588d47683be994cd90/spring-data-rest-webmvc-2.5.11.RELEASE.jar!/org/springframework/data/rest/webmvc/HttpHeadersPreparer.class], URL [jar:file:/Users/ivan.garcia/.gradle/caches/modules-2/files-2.1/org.springframework.data/spring-data-rest-webmvc/2.5.11.RELEASE/bbe67ac5cf23ca4f9244e4588d47683be994cd90/spring-data-rest-webmvc-2.5.11.RELEASE.jar!/org/springframework/data/rest/webmvc/IncomingRequest.class], URL [jar:file:/Users/ivan.garcia/.gradle/caches/modules-2/files-2.1/org.springframework.data/spring-data-rest-webmvc/2.5.11.RELEASE/bbe67ac5cf23ca4f9244e4588d47683be994cd90/spring-data-rest-webmvc-2.5.11.RELEASE.jar!/org/springframework/data/rest/webmvc/json/DomainObjectReader$LinkedAssociationSkippingAssociationHandler.class], URL [jar:file:/Users/ivan.garcia/.gradle/caches/modules-2/files-2.1/org.springframework.data/spring-data-rest-webmvc/2.5.11.RELEASE/bbe67ac5cf23ca4f9244e4588d47683be994cd90/spring-data-rest-webmvc-2.5.11.RELEASE.jar!/org/springframework/data/rest/webmvc/json/DomainObjectReader$MergingPropertyHandler.class], URL [jar:file:/Users/ivan.garcia/.gradle/caches/modules-2/files-2.1/org.springframework.data/spring-data-rest-webmvc/2.5.11.RELEASE/bbe67ac5cf23ca4f9244e4588d47683be994cd90/spring-data-rest-webmvc-2.5.11.RELEASE.jar!/org/springframework/data/rest/webmvc/json/DomainObjectReader.class], URL [jar:file:/Users/ivan.garcia/.gradle/caches/modules-2/files-2.1/org.springframework.data/spring-data-rest-webmvc/2.5.11.RELEASE/bbe67ac5cf23ca4f9244e4588d47683be994cd90/spring-data-rest-webmvc-2.5.11.RELEASE.jar!/org/springframework/data/rest/webmvc/json/EnumTranslator.class], URL [jar:file:/Users/ivan.garcia/.gradle/caches/modules-2/files-2.1/org.springframework.data/spring-data-rest-webmvc/2.5.11.RELEASE/bbe67ac5cf23ca4f9244e4588d47683be994cd90/spring-data-rest-webmvc-2.5.11.RELEASE.jar!/org/springframework/data/rest/webmvc/json/Jackson2DatatypeHelper$Hibernate4Checker.class], URL [jar:file:/Users/ivan.garcia/.gradle/caches/modules-2/files-2.1/org.springframework.data/spring-data-rest-webmvc/2.5.11.RELEASE/bbe67ac5cf23ca4f9244e4588d47683be994cd90/spring-data-rest-webmvc-2.5.11.RELEASE.jar!/org/springframework/data/rest/webmvc/json/Jackson2DatatypeHelper$Hibernate4ModuleRegistrar.class], URL [jar:file:/Users/ivan.garcia/.gradle/caches/modules-2/files-2.1/org.springframework.data/spring-data-rest-webmvc/2.5.11.RELEASE/bbe67ac5cf23ca4f9244e4588d47683be994cd90/spring-data-rest-webmvc-2.5.11.RELEASE.jar!/org/springframework/data/rest/webmvc/json/Jackson2DatatypeHelper$JodaModuleRegistrar.class], URL [jar:file:/Users/ivan.garcia/.gradle/caches/modules-2/files-2.1/org.springframework.data/spring-data-rest-webmvc/2.5.11.RELEASE/bbe67ac5cf23ca4f9244e4588d47683be994cd90/spring-data-rest-webmvc-2.5.11.RELEASE.jar!/org/springframework/data/rest/webmvc/json/Jackson2DatatypeHelper.class], URL [jar:file:/Users/ivan.garcia/.gradle/caches/modules-2/files-2.1/org.springframework.data/spring-data-rest-webmvc/2.5.11.RELEASE/bbe67ac5cf23ca4f9244e4588d47683be994cd90/spring-data-rest-webmvc-2.5.11.RELEASE.jar!/org/springframework/data/rest/webmvc/json/JacksonMetadata.class], URL [jar:file:/Users/ivan.garcia/.gradle/caches/modules-2/files-2.1/org.springframework.data/spring-data-rest-webmvc/2.5.11.RELEASE/bbe67ac5cf23ca4f9244e4588d47683be994cd90/spring-data-rest-webmvc-2.5.11.RELEASE.jar!/org/springframework/data/rest/webmvc/json/JacksonSerializers$EnumTranslatingDeserializer.class], URL [jar:file:/Users/ivan.garcia/.gradle/caches/modules-2/files-2.1/org.springframework.data/spring-data-rest-webmvc/2.5.11.RELEASE/bbe67ac5cf23ca4f9244e4588d47683be994cd90/spring-data-rest-webmvc-2.5.11.RELEASE.jar!/org/springframework/data/rest/webmvc/json/JacksonSerializers$EnumTranslatingSerializer.class], URL [jar:file:/Users/ivan.garcia/.gradle/caches/modules-2/files-2.1/org.springframework.data/spring-data-rest-webmvc/2.5.11.RELEASE/bbe67ac5cf23ca4f9244e4588d47683be994cd90/spring-data-rest-webmvc-2.5.11.RELEASE.jar!/org/springframework/data/rest/webmvc/json/JacksonSerializers.class], URL [jar:file:/Users/ivan.garcia/.gradle/caches/modules-2/files-2.1/org.springframework.data/spring-data-rest-webmvc/2.5.11.RELEASE/bbe67ac5cf23ca4f9244e4588d47683be994cd90/spring-data-rest-webmvc-2.5.11.RELEASE.jar!/org/springframework/data/rest/webmvc/json/JsonSchema$AbstractJsonSchemaProperty.class], URL [jar:file:/Users/ivan.garcia/.gradle/caches/modules-2/files-2.1/org.springframework.data/spring-data-rest-webmvc/2.5.11.RELEASE/bbe67ac5cf23ca4f9244e4588d47683be994cd90/spring-data-rest-webmvc-2.5.11.RELEASE.jar!/org/springframework/data/rest/webmvc/json/JsonSchema$Definitions.class], URL [jar:file:/Users/ivan.garcia/.gradle/caches/modules-2/files-2.1/org.springframework.data/spring-data-rest-webmvc/2.5.11.RELEASE/bbe67ac5cf23ca4f9244e4588d47683be994cd90/spring-data-rest-webmvc-2.5.11.RELEASE.jar!/org/springframework/data/rest/webmvc/json/JsonSchema$EnumProperty.class], URL [jar:file:/Users/ivan.garcia/.gradle/caches/modules-2/files-2.1/org.springframework.data/spring-data-rest-webmvc/2.5.11.RELEASE/bbe67ac5cf23ca4f9244e4588d47683be994cd90/spring-data-rest-webmvc-2.5.11.RELEASE.jar!/org/springframework/data/rest/webmvc/json/JsonSchema$Item.class], URL [jar:file:/Users/ivan.garcia/.gradle/caches/modules-2/files-2.1/org.springframework.data/spring-data-rest-webmvc/2.5.11.RELEASE/bbe67ac5cf23ca4f9244e4588d47683be994cd90/spring-data-rest-webmvc-2.5.11.RELEASE.jar!/org/springframework/data/rest/webmvc/json/JsonSchema$JsonSchemaProperty.class], URL [jar:file:/Users/ivan.garcia/.gradle/caches/modules-2/files-2.1/org.springframework.data/spring-data-rest-webmvc/2.5.11.RELEASE/bbe67ac5cf23ca4f9244e4588d47683be994cd90/spring-data-rest-webmvc-2.5.11.RELEASE.jar!/org/springframework/data/rest/webmvc/json/JsonSchema$PropertiesContainer.class], URL [jar:file:/Users/ivan.garcia/.gradle/caches/modules-2/files-2.1/org.springframework.data/spring-data-rest-webmvc/2.5.11.RELEASE/bbe67ac5cf23ca4f9244e4588d47683be994cd90/spring-data-rest-webmvc-2.5.11.RELEASE.jar!/org/springframework/data/rest/webmvc/json/JsonSchema.class], URL [jar:file:/Users/ivan.garcia/.gradle/caches/modules-2/files-2.1/org.springframework.data/spring-data-rest-webmvc/2.5.11.RELEASE/bbe67ac5cf23ca4f9244e4588d47683be994cd90/spring-data-rest-webmvc-2.5.11.RELEASE.jar!/org/springframework/data/rest/webmvc/json/JsonSchemaPropertyCustomizer.class], URL [jar:file:/Users/ivan.garcia/.gradle/caches/modules-2/files-2.1/org.springframework.data/spring-data-rest-webmvc/2.5.11.RELEASE/bbe67ac5cf23ca4f9244e4588d47683be994cd90/spring-data-rest-webmvc-2.5.11.RELEASE.jar!/org/springframework/data/rest/webmvc/json/MappedProperties.class], URL [jar:file:/Users/ivan.garcia/.gradle/caches/modules-2/files-2.1/org.springframework.data/spring-data-rest-webmvc/2.5.11.RELEASE/bbe67ac5cf23ca4f9244e4588d47683be994cd90/spring-data-rest-webmvc-2.5.11.RELEASE.jar!/org/springframework/data/rest/webmvc/json/patch/AddOperation.class], URL [jar:file:/Users/ivan.garcia/.gradle/caches/modules-2/files-2.1/org.springframework.data/spring-data-rest-webmvc/2.5.11.RELEASE/bbe67ac5cf23ca4f9244e4588d47683be994cd90/spring-data-rest-webmvc-2.5.11.RELEASE.jar!/org/springframework/data/rest/webmvc/json/patch/CopyOperation.class], URL [jar:file:/Users/ivan.garcia/.gradle/caches/modules-2/files-2.1/org.springframework.data/spring-data-rest-webmvc/2.5.11.RELEASE/bbe67ac5cf23ca4f9244e4588d47683be994cd90/spring-data-rest-webmvc-2.5.11.RELEASE.jar!/org/springframework/data/rest/webmvc/json/patch/FromOperation.class], URL [jar:file:/Users/ivan.garcia/.gradle/caches/modules-2/files-2.1/org.springframework.data/spring-data-rest-webmvc/2.5.11.RELEASE/bbe67ac5cf23ca4f9244e4588d47683be994cd90/spring-data-rest-webmvc-2.5.11.RELEASE.jar!/org/springframework/data/rest/webmvc/json/patch/JsonLateObjectEvaluator.class], URL [jar:file:/Users/ivan.garcia/.gradle/caches/modules-2/files-2.1/org.springframework.data/spring-data-rest-webmvc/2.5.11.RELEASE/bbe67ac5cf23ca4f9244e4588d47683be994cd90/spring-data-rest-webmvc-2.5.11.RELEASE.jar!/org/springframework/data/rest/webmvc/json/patch/JsonPatchPatchConverter.class], URL [jar:file:/Users/ivan.garcia/.gradle/caches/modules-2/files-2.1/org.springframework.data/spring-data-rest-webmvc/2.5.11.RELEASE/bbe67ac5cf23ca4f9244e4588d47683be994cd90/spring-data-rest-webmvc-2.5.11.RELEASE.jar!/org/springframework/data/rest/webmvc/json/patch/LateObjectEvaluator.class], URL [jar:file:/Users/ivan.garcia/.gradle/caches/modules-2/files-2.1/org.springframework.data/spring-data-rest-webmvc/2.5.11.RELEASE/bbe67ac5cf23ca4f9244e4588d47683be994cd90/spring-data-rest-webmvc-2.5.11.RELEASE.jar!/org/springframework/data/rest/webmvc/json/patch/MoveOperation.class], URL [jar:file:/Users/ivan.garcia/.gradle/caches/modules-2/files-2.1/org.springframework.data/spring-data-rest-webmvc/2.5.11.RELEASE/bbe67ac5cf23ca4f9244e4588d47683be994cd90/spring-data-rest-webmvc-2.5.11.RELEASE.jar!/org/springframework/data/rest/webmvc/json/patch/Patch.class], URL [jar:file:/Users/ivan.garcia/.gradle/caches/modules-2/files-2.1/org.springframework.data/spring-data-rest-webmvc/2.5.11.RELEASE/bbe67ac5cf23ca4f9244e4588d47683be994cd90/spring-data-rest-webmvc-2.5.11.RELEASE.jar!/org/springframework/data/rest/webmvc/json/patch/PatchConverter.class], URL [jar:file:/Users/ivan.garcia/.gradle/caches/modules-2/files-2.1/org.springframework.data/spring-data-rest-webmvc/2.5.11.RELEASE/bbe67ac5cf23ca4f9244e4588d47683be994cd90/spring-data-rest-webmvc-2.5.11.RELEASE.jar!/org/springframework/data/rest/webmvc/json/patch/PatchException.class], URL [jar:file:/Users/ivan.garcia/.gradle/caches/modules-2/files-2.1/org.springframework.data/spring-data-rest-webmvc/2.5.11.RELEASE/bbe67ac5cf23ca4f9244e4588d47683be994cd90/spring-data-rest-webmvc-2.5.11.RELEASE.jar!/org/springframework/data/rest/webmvc/json/patch/PatchOperation.class], URL [jar:file:/Users/ivan.garcia/.gradle/caches/modules-2/files-2.1/org.springframework.data/spring-data-rest-webmvc/2.5.11.RELEASE/bbe67ac5cf23ca4f9244e4588d47683be994cd90/spring-data-rest-webmvc-2.5.11.RELEASE.jar!/org/springframework/data/rest/webmvc/json/patch/PathToSpEL.class], URL [jar:file:/Users/ivan.garcia/.gradle/caches/modules-2/files-2.1/org.springframework.data/spring-data-rest-webmvc/2.5.11.RELEASE/bbe67ac5cf23ca4f9244e4588d47683be994cd90/spring-data-rest-webmvc-2.5.11.RELEASE.jar!/org/springframework/data/rest/webmvc/json/patch/RemoveOperation.class], URL [jar:file:/Users/ivan.garcia/.gradle/caches/modules-2/files-2.1/org.springframework.data/spring-data-rest-webmvc/2.5.11.RELEASE/bbe67ac5cf23ca4f9244e4588d47683be994cd90/spring-data-rest-webmvc-2.5.11.RELEASE.jar!/org/springframework/data/rest/webmvc/json/patch/ReplaceOperation.class], URL [jar:file:/Users/ivan.garcia/.gradle/caches/modules-2/files-2.1/org.springframework.data/spring-data-rest-webmvc/2.5.11.RELEASE/bbe67ac5cf23ca4f9244e4588d47683be994cd90/spring-data-rest-webmvc-2.5.11.RELEASE.jar!/org/springframework/data/rest/webmvc/json/patch/TestOperation.class], URL [jar:file:/Users/ivan.garcia/.gradle/caches/modules-2/files-2.1/org.springframework.data/spring-data-rest-webmvc/2.5.11.RELEASE/bbe67ac5cf23ca4f9244e4588d47683be994cd90/spring-data-rest-webmvc-2.5.11.RELEASE.jar!/org/springframework/data/rest/webmvc/json/PersistentEntityJackson2Module$1.class], URL [jar:file:/Users/ivan.garcia/.gradle/caches/modules-2/files-2.1/org.springframework.data/spring-data-rest-webmvc/2.5.11.RELEASE/bbe67ac5cf23ca4f9244e4588d47683be994cd90/spring-data-rest-webmvc-2.5.11.RELEASE.jar!/org/springframework/data/rest/webmvc/json/PersistentEntityJackson2Module$AssociationOmittingSerializerModifier.class], URL [jar:file:/Users/ivan.garcia/.gradle/caches/modules-2/files-2.1/org.springframework.data/spring-data-rest-webmvc/2.5.11.RELEASE/bbe67ac5cf23ca4f9244e4588d47683be994cd90/spring-data-rest-webmvc-2.5.11.RELEASE.jar!/org/springframework/data/rest/webmvc/json/PersistentEntityJackson2Module$AssociationUriResolvingDeserializerModifier.class], URL [jar:file:/Users/ivan.garcia/.gradle/caches/modules-2/files-2.1/org.springframework.data/spring-data-rest-webmvc/2.5.11.RELEASE/bbe67ac5cf23ca4f9244e4588d47683be994cd90/spring-data-rest-webmvc-2.5.11.RELEASE.jar!/org/springframework/data/rest/webmvc/json/PersistentEntityJackson2Module$CollectionValueInstantiator.class], URL [jar:file:/Users/ivan.garcia/.gradle/caches/modules-2/files-2.1/org.springframework.data/spring-data-rest-webmvc/2.5.11.RELEASE/bbe67ac5cf23ca4f9244e4588d47683be994cd90/spring-data-rest-webmvc-2.5.11.RELEASE.jar!/org/springframework/data/rest/webmvc/json/PersistentEntityJackson2Module$LookupObjectSerializer.class], URL [jar:file:/Users/ivan.garcia/.gradle/caches/modules-2/files-2.1/org.springframework.data/spring-data-rest-webmvc/2.5.11.RELEASE/bbe67ac5cf23ca4f9244e4588d47683be994cd90/spring-data-rest-webmvc-2.5.11.RELEASE.jar!/org/springframework/data/rest/webmvc/json/PersistentEntityJackson2Module$NestedEntitySerializer.class], URL [jar:file:/Users/ivan.garcia/.gradle/caches/modules-2/files-2.1/org.springframework.data/spring-data-rest-webmvc/2.5.11.RELEASE/bbe67ac5cf23ca4f9244e4588d47683be994cd90/spring-data-rest-webmvc-2.5.11.RELEASE.jar!/org/springframework/data/rest/webmvc/json/PersistentEntityJackson2Module$PersistentEntityResourceSerializer$1.class], URL [jar:file:/Users/ivan.garcia/.gradle/caches/modules-2/files-2.1/org.springframework.data/spring-data-rest-webmvc/2.5.11.RELEASE/bbe67ac5cf23ca4f9244e4588d47683be994cd90/spring-data-rest-webmvc-2.5.11.RELEASE.jar!/org/springframework/data/rest/webmvc/json/PersistentEntityJackson2Module$PersistentEntityResourceSerializer.class], URL [jar:file:/Users/ivan.garcia/.gradle/caches/modules-2/files-2.1/org.springframework.data/spring-data-rest-webmvc/2.5.11.RELEASE/bbe67ac5cf23ca4f9244e4588d47683be994cd90/spring-data-rest-webmvc-2.5.11.RELEASE.jar!/org/springframework/data/rest/webmvc/json/PersistentEntityJackson2Module$ProjectionResource.class], URL [jar:file:/Users/ivan.garcia/.gradle/caches/modules-2/files-2.1/org.springframework.data/spring-data-rest-webmvc/2.5.11.RELEASE/bbe67ac5cf23ca4f9244e4588d47683be994cd90/spring-data-rest-webmvc-2.5.11.RELEASE.jar!/org/springframework/data/rest/webmvc/json/PersistentEntityJackson2Module$ProjectionResourceContent.class], URL [jar:file:/Users/ivan.garcia/.gradle/caches/modules-2/files-2.1/org.springframework.data/spring-data-rest-webmvc/2.5.11.RELEASE/bbe67ac5cf23ca4f9244e4588d47683be994cd90/spring-data-rest-webmvc-2.5.11.RELEASE.jar!/org/springframework/data/rest/webmvc/json/PersistentEntityJackson2Module$ProjectionResourceContentSerializer.class], URL [jar:file:/Users/ivan.garcia/.gradle/caches/modules-2/files-2.1/org.springframework.data/spring-data-rest-webmvc/2.5.11.RELEASE/bbe67ac5cf23ca4f9244e4588d47683be994cd90/spring-data-rest-webmvc-2.5.11.RELEASE.jar!/org/springframework/data/rest/webmvc/json/PersistentEntityJackson2Module$ProjectionSerializer.class], URL [jar:file:/Users/ivan.garcia/.gradle/caches/modules-2/files-2.1/org.springframework.data/spring-data-rest-webmvc/2.5.11.RELEASE/bbe67ac5cf23ca4f9244e4588d47683be994cd90/spring-data-rest-webmvc-2.5.11.RELEASE.jar!/org/springframework/data/rest/webmvc/json/PersistentEntityJackson2Module$RepositoryInvokingDeserializer.class], URL [jar:file:/Users/ivan.garcia/.gradle/caches/modules-2/files-2.1/org.springframework.data/spring-data-rest-webmvc/2.5.11.RELEASE/bbe67ac5cf23ca4f9244e4588d47683be994cd90/spring-data-rest-webmvc-2.5.11.RELEASE.jar!/org/springframework/data/rest/webmvc/json/PersistentEntityJackson2Module$UriStringDeserializer.class], URL [jar:file:/Users/ivan.garcia/.gradle/caches/modules-2/files-2.1/org.springframework.data/spring-data-rest-webmvc/2.5.11.RELEASE/bbe67ac5cf23ca4f9244e4588d47683be994cd90/spring-data-rest-webmvc-2.5.11.RELEASE.jar!/org/springframework/data/rest/webmvc/json/PersistentEntityJackson2Module.class], URL [jar:file:/Users/ivan.garcia/.gradle/caches/modules-2/files-2.1/org.springframework.data/spring-data-rest-webmvc/2.5.11.RELEASE/bbe67ac5cf23ca4f9244e4588d47683be994cd90/spring-data-rest-webmvc-2.5.11.RELEASE.jar!/org/springframework/data/rest/webmvc/json/PersistentEntityToJsonSchemaConverter$DefaultingMessageSourceResolvable.class], URL [jar:file:/Users/ivan.garcia/.gradle/caches/modules-2/files-2.1/org.springframework.data/spring-data-rest-webmvc/2.5.11.RELEASE/bbe67ac5cf23ca4f9244e4588d47683be994cd90/spring-data-rest-webmvc-2.5.11.RELEASE.jar!/org/springframework/data/rest/webmvc/json/PersistentEntityToJsonSchemaConverter$JsonSchemaPropertyRegistrar.class], URL [jar:file:/Users/ivan.garcia/.gradle/caches/modules-2/files-2.1/org.springframework.data/spring-data-rest-webmvc/2.5.11.RELEASE/bbe67ac5cf23ca4f9244e4588d47683be994cd90/spring-data-rest-webmvc-2.5.11.RELEASE.jar!/org/springframework/data/rest/webmvc/json/PersistentEntityToJsonSchemaConverter$ResolvableProperty.class], URL [jar:file:/Users/ivan.garcia/.gradle/caches/modules-2/files-2.1/org.springframework.data/spring-data-rest-webmvc/2.5.11.RELEASE/bbe67ac5cf23ca4f9244e4588d47683be994cd90/spring-data-rest-webmvc-2.5.11.RELEASE.jar!/org/springframework/data/rest/webmvc/json/PersistentEntityToJsonSchemaConverter$ResolvableType.class], URL [jar:file:/Users/ivan.garcia/.gradle/caches/modules-2/files-2.1/org.springframework.data/spring-data-rest-webmvc/2.5.11.RELEASE/bbe67ac5cf23ca4f9244e4588d47683be994cd90/spring-data-rest-webmvc-2.5.11.RELEASE.jar!/org/springframework/data/rest/webmvc/json/PersistentEntityToJsonSchemaConverter$ValueTypeSchemaPropertyCustomizerFactory$1.class], URL [jar:file:/Users/ivan.garcia/.gradle/caches/modules-2/files-2.1/org.springframework.data/spring-data-rest-webmvc/2.5.11.RELEASE/bbe67ac5cf23ca4f9244e4588d47683be994cd90/spring-data-rest-webmvc-2.5.11.RELEASE.jar!/org/springframework/data/rest/webmvc/json/PersistentEntityToJsonSchemaConverter$ValueTypeSchemaPropertyCustomizerFactory.class], URL [jar:file:/Users/ivan.garcia/.gradle/caches/modules-2/files-2.1/org.springframework.data/spring-data-rest-webmvc/2.5.11.RELEASE/bbe67ac5cf23ca4f9244e4588d47683be994cd90/spring-data-rest-webmvc-2.5.11.RELEASE.jar!/org/springframework/data/rest/webmvc/json/PersistentEntityToJsonSchemaConverter.class], URL [jar:file:/Users/ivan.garcia/.gradle/caches/modules-2/files-2.1/org.springframework.data/spring-data-rest-webmvc/2.5.11.RELEASE/bbe67ac5cf23ca4f9244e4588d47683be994cd90/spring-data-rest-webmvc-2.5.11.RELEASE.jar!/org/springframework/data/rest/webmvc/mapping/Associations.class], URL [jar:file:/Users/ivan.garcia/.gradle/caches/modules-2/files-2.1/org.springframework.data/spring-data-rest-webmvc/2.5.11.RELEASE/bbe67ac5cf23ca4f9244e4588d47683be994cd90/spring-data-rest-webmvc-2.5.11.RELEASE.jar!/org/springframework/data/rest/webmvc/mapping/LinkCollectingAssociationHandler.class], URL [jar:file:/Users/ivan.garcia/.gradle/caches/modules-2/files-2.1/org.springframework.data/spring-data-rest-webmvc/2.5.11.RELEASE/bbe67ac5cf23ca4f9244e4588d47683be994cd90/spring-data-rest-webmvc-2.5.11.RELEASE.jar!/org/springframework/data/rest/webmvc/mapping/LinkCollector$LinkCollectingAssociationHandler.class], URL [jar:file:/Users/ivan.garcia/.gradle/caches/modules-2/files-2.1/org.springframework.data/spring-data-rest-webmvc/2.5.11.RELEASE/bbe67ac5cf23ca4f9244e4588d47683be994cd90/spring-data-rest-webmvc-2.5.11.RELEASE.jar!/org/springframework/data/rest/webmvc/mapping/LinkCollector$NestedLinkCollectingAssociationHandler.class], URL [jar:file:/Users/ivan.garcia/.gradle/caches/modules-2/files-2.1/org.springframework.data/spring-data-rest-webmvc/2.5.11.RELEASE/bbe67ac5cf23ca4f9244e4588d47683be994cd90/spring-data-rest-webmvc-2.5.11.RELEASE.jar!/org/springframework/data/rest/webmvc/mapping/LinkCollector.class], URL [jar:file:/Users/ivan.garcia/.gradle/caches/modules-2/files-2.1/org.springframework.data/spring-data-rest-webmvc/2.5.11.RELEASE/bbe67ac5cf23ca4f9244e4588d47683be994cd90/spring-data-rest-webmvc-2.5.11.RELEASE.jar!/org/springframework/data/rest/webmvc/mapping/NestedLinkCollectingAssociationHandler.class], URL [jar:file:/Users/ivan.garcia/.gradle/caches/modules-2/files-2.1/org.springframework.data/spring-data-rest-webmvc/2.5.11.RELEASE/bbe67ac5cf23ca4f9244e4588d47683be994cd90/spring-data-rest-webmvc-2.5.11.RELEASE.jar!/org/springframework/data/rest/webmvc/PersistentEntityResource$1.class], URL [jar:file:/Users/ivan.garcia/.gradle/caches/modules-2/files-2.1/org.springframework.data/spring-data-rest-webmvc/2.5.11.RELEASE/bbe67ac5cf23ca4f9244e4588d47683be994cd90/spring-data-rest-webmvc-2.5.11.RELEASE.jar!/org/springframework/data/rest/webmvc/PersistentEntityResource$Builder.class], URL [jar:file:/Users/ivan.garcia/.gradle/caches/modules-2/files-2.1/org.springframework.data/spring-data-rest-webmvc/2.5.11.RELEASE/bbe67ac5cf23ca4f9244e4588d47683be994cd90/spring-data-rest-webmvc-2.5.11.RELEASE.jar!/org/springframework/data/rest/webmvc/PersistentEntityResource$NoLinksResources.class], URL [jar:file:/Users/ivan.garcia/.gradle/caches/modules-2/files-2.1/org.springframework.data/spring-data-rest-webmvc/2.5.11.RELEASE/bbe67ac5cf23ca4f9244e4588d47683be994cd90/spring-data-rest-webmvc-2.5.11.RELEASE.jar!/org/springframework/data/rest/webmvc/PersistentEntityResource.class], URL [jar:file:/Users/ivan.garcia/.gradle/caches/modules-2/files-2.1/org.springframework.data/spring-data-rest-webmvc/2.5.11.RELEASE/bbe67ac5cf23ca4f9244e4588d47683be994cd90/spring-data-rest-webmvc-2.5.11.RELEASE.jar!/org/springframework/data/rest/webmvc/PersistentEntityResourceAssembler.class], URL [jar:file:/Users/ivan.garcia/.gradle/caches/modules-2/files-2.1/org.springframework.data/spring-data-rest-webmvc/2.5.11.RELEASE/bbe67ac5cf23ca4f9244e4588d47683be994cd90/spring-data-rest-webmvc-2.5.11.RELEASE.jar!/org/springframework/data/rest/webmvc/ProfileController.class], URL [jar:file:/Users/ivan.garcia/.gradle/caches/modules-2/files-2.1/org.springframework.data/spring-data-rest-webmvc/2.5.11.RELEASE/bbe67ac5cf23ca4f9244e4588d47683be994cd90/spring-data-rest-webmvc-2.5.11.RELEASE.jar!/org/springframework/data/rest/webmvc/ProfileResourceProcessor.class], URL [jar:file:/Users/ivan.garcia/.gradle/caches/modules-2/files-2.1/org.springframework.data/spring-data-rest-webmvc/2.5.11.RELEASE/bbe67ac5cf23ca4f9244e4588d47683be994cd90/spring-data-rest-webmvc-2.5.11.RELEASE.jar!/org/springframework/data/rest/webmvc/RepositoryController.class], URL [jar:file:/Users/ivan.garcia/.gradle/caches/modules-2/files-2.1/org.springframework.data/spring-data-rest-webmvc/2.5.11.RELEASE/bbe67ac5cf23ca4f9244e4588d47683be994cd90/spring-data-rest-webmvc-2.5.11.RELEASE.jar!/org/springframework/data/rest/webmvc/RepositoryEntityController.class], URL [jar:file:/Users/ivan.garcia/.gradle/caches/modules-2/files-2.1/org.springframework.data/spring-data-rest-webmvc/2.5.11.RELEASE/bbe67ac5cf23ca4f9244e4588d47683be994cd90/spring-data-rest-webmvc-2.5.11.RELEASE.jar!/org/springframework/data/rest/webmvc/RepositoryLinksResource.class], URL [jar:file:/Users/ivan.garcia/.gradle/caches/modules-2/files-2.1/org.springframework.data/spring-data-rest-webmvc/2.5.11.RELEASE/bbe67ac5cf23ca4f9244e4588d47683be994cd90/spring-data-rest-webmvc-2.5.11.RELEASE.jar!/org/springframework/data/rest/webmvc/RepositoryPropertyReferenceController$1.class], URL [jar:file:/Users/ivan.garcia/.gradle/caches/modules-2/files-2.1/org.springframework.data/spring-data-rest-webmvc/2.5.11.RELEASE/bbe67ac5cf23ca4f9244e4588d47683be994cd90/spring-data-rest-webmvc-2.5.11.RELEASE.jar!/org/springframework/data/rest/webmvc/RepositoryPropertyReferenceController$2.class], URL [jar:file:/Users/ivan.garcia/.gradle/caches/modules-2/files-2.1/org.springframework.data/spring-data-rest-webmvc/2.5.11.RELEASE/bbe67ac5cf23ca4f9244e4588d47683be994cd90/spring-data-rest-webmvc-2.5.11.RELEASE.jar!/org/springframework/data/rest/webmvc/RepositoryPropertyReferenceController$3.class], URL [jar:file:/Users/ivan.garcia/.gradle/caches/modules-2/files-2.1/org.springframework.data/spring-data-rest-webmvc/2.5.11.RELEASE/bbe67ac5cf23ca4f9244e4588d47683be994cd90/spring-data-rest-webmvc-2.5.11.RELEASE.jar!/org/springframework/data/rest/webmvc/RepositoryPropertyReferenceController$4.class], URL [jar:file:/Users/ivan.garcia/.gradle/caches/modules-2/files-2.1/org.springframework.data/spring-data-rest-webmvc/2.5.11.RELEASE/bbe67ac5cf23ca4f9244e4588d47683be994cd90/spring-data-rest-webmvc-2.5.11.RELEASE.jar!/org/springframework/data/rest/webmvc/RepositoryPropertyReferenceController$5.class], URL [jar:file:/Users/ivan.garcia/.gradle/caches/modules-2/files-2.1/org.springframework.data/spring-data-rest-webmvc/2.5.11.RELEASE/bbe67ac5cf23ca4f9244e4588d47683be994cd90/spring-data-rest-webmvc-2.5.11.RELEASE.jar!/org/springframework/data/rest/webmvc/RepositoryPropertyReferenceController$ReferencedProperty.class], URL [jar:file:/Users/ivan.garcia/.gradle/caches/modules-2/files-2.1/org.springframework.data/spring-data-rest-webmvc/2.5.11.RELEASE/bbe67ac5cf23ca4f9244e4588d47683be994cd90/spring-data-rest-webmvc-2.5.11.RELEASE.jar!/org/springframework/data/rest/webmvc/RepositoryPropertyReferenceController.class], URL [jar:file:/Users/ivan.garcia/.gradle/caches/modules-2/files-2.1/org.springframework.data/spring-data-rest-webmvc/2.5.11.RELEASE/bbe67ac5cf23ca4f9244e4588d47683be994cd90/spring-data-rest-webmvc-2.5.11.RELEASE.jar!/org/springframework/data/rest/webmvc/RepositoryRestController.class], URL [jar:file:/Users/ivan.garcia/.gradle/caches/modules-2/files-2.1/org.springframework.data/spring-data-rest-webmvc/2.5.11.RELEASE/bbe67ac5cf23ca4f9244e4588d47683be994cd90/spring-data-rest-webmvc-2.5.11.RELEASE.jar!/org/springframework/data/rest/webmvc/RepositoryRestDispatcherServlet.class], URL [jar:file:/Users/ivan.garcia/.gradle/caches/modules-2/files-2.1/org.springframework.data/spring-data-rest-webmvc/2.5.11.RELEASE/bbe67ac5cf23ca4f9244e4588d47683be994cd90/spring-data-rest-webmvc-2.5.11.RELEASE.jar!/org/springframework/data/rest/webmvc/RepositoryRestExceptionHandler.class], URL [jar:file:/Users/ivan.garcia/.gradle/caches/modules-2/files-2.1/org.springframework.data/spring-data-rest-webmvc/2.5.11.RELEASE/bbe67ac5cf23ca4f9244e4588d47683be994cd90/spring-data-rest-webmvc-2.5.11.RELEASE.jar!/org/springframework/data/rest/webmvc/RepositoryRestHandlerAdapter.class], URL [jar:file:/Users/ivan.garcia/.gradle/caches/modules-2/files-2.1/org.springframework.data/spring-data-rest-webmvc/2.5.11.RELEASE/bbe67ac5cf23ca4f9244e4588d47683be994cd90/spring-data-rest-webmvc-2.5.11.RELEASE.jar!/org/springframework/data/rest/webmvc/RepositoryRestHandlerMapping.class], URL [jar:file:/Users/ivan.garcia/.gradle/caches/modules-2/files-2.1/org.springframework.data/spring-data-rest-webmvc/2.5.11.RELEASE/bbe67ac5cf23ca4f9244e4588d47683be994cd90/spring-data-rest-webmvc-2.5.11.RELEASE.jar!/org/springframework/data/rest/webmvc/RepositorySchemaController.class], URL [jar:file:/Users/ivan.garcia/.gradle/caches/modules-2/files-2.1/org.springframework.data/spring-data-rest-webmvc/2.5.11.RELEASE/bbe67ac5cf23ca4f9244e4588d47683be994cd90/spring-data-rest-webmvc-2.5.11.RELEASE.jar!/org/springframework/data/rest/webmvc/RepositorySearchController.class], URL [jar:file:/Users/ivan.garcia/.gradle/caches/modules-2/files-2.1/org.springframework.data/spring-data-rest-webmvc/2.5.11.RELEASE/bbe67ac5cf23ca4f9244e4588d47683be994cd90/spring-data-rest-webmvc-2.5.11.RELEASE.jar!/org/springframework/data/rest/webmvc/RepositorySearchesResource.class], URL [jar:file:/Users/ivan.garcia/.gradle/caches/modules-2/files-2.1/org.springframework.data/spring-data-rest-webmvc/2.5.11.RELEASE/bbe67ac5cf23ca4f9244e4588d47683be994cd90/spring-data-rest-webmvc-2.5.11.RELEASE.jar!/org/springframework/data/rest/webmvc/ResourceNotFoundException.class], URL [jar:file:/Users/ivan.garcia/.gradle/caches/modules-2/files-2.1/org.springframework.data/spring-data-rest-webmvc/2.5.11.RELEASE/bbe67ac5cf23ca4f9244e4588d47683be994cd90/spring-data-rest-webmvc-2.5.11.RELEASE.jar!/org/springframework/data/rest/webmvc/ResourceProcessorHandlerMethodReturnValueHandler.class], URL [jar:file:/Users/ivan.garcia/.gradle/caches/modules-2/files-2.1/org.springframework.data/spring-data-rest-webmvc/2.5.11.RELEASE/bbe67ac5cf23ca4f9244e4588d47683be994cd90/spring-data-rest-webmvc-2.5.11.RELEASE.jar!/org/springframework/data/rest/webmvc/ResourceProcessorInvoker$CustomOrderAwareComparator.class], URL [jar:file:/Users/ivan.garcia/.gradle/caches/modules-2/files-2.1/org.springframework.data/spring-data-rest-webmvc/2.5.11.RELEASE/bbe67ac5cf23ca4f9244e4588d47683be994cd90/spring-data-rest-webmvc-2.5.11.RELEASE.jar!/org/springframework/data/rest/webmvc/ResourceProcessorInvoker$DefaultProcessorWrapper.class], URL [jar:file:/Users/ivan.garcia/.gradle/caches/modules-2/files-2.1/org.springframework.data/spring-data-rest-webmvc/2.5.11.RELEASE/bbe67ac5cf23ca4f9244e4588d47683be994cd90/spring-data-rest-webmvc-2.5.11.RELEASE.jar!/org/springframework/data/rest/webmvc/ResourceProcessorInvoker$ProcessorWrapper.class], URL [jar:file:/Users/ivan.garcia/.gradle/caches/modules-2/files-2.1/org.springframework.data/spring-data-rest-webmvc/2.5.11.RELEASE/bbe67ac5cf23ca4f9244e4588d47683be994cd90/spring-data-rest-webmvc-2.5.11.RELEASE.jar!/org/springframework/data/rest/webmvc/ResourceProcessorInvoker$ResourceProcessorWrapper.class], URL [jar:file:/Users/ivan.garcia/.gradle/caches/modules-2/files-2.1/org.springframework.data/spring-data-rest-webmvc/2.5.11.RELEASE/bbe67ac5cf23ca4f9244e4588d47683be994cd90/spring-data-rest-webmvc-2.5.11.RELEASE.jar!/org/springframework/data/rest/webmvc/ResourceProcessorInvoker$ResourcesProcessorWrapper.class], URL [jar:file:/Users/ivan.garcia/.gradle/caches/modules-2/files-2.1/org.springframework.data/spring-data-rest-webmvc/2.5.11.RELEASE/bbe67ac5cf23ca4f9244e4588d47683be994cd90/spring-data-rest-webmvc-2.5.11.RELEASE.jar!/org/springframework/data/rest/webmvc/ResourceProcessorInvoker.class], URL [jar:file:/Users/ivan.garcia/.gradle/caches/modules-2/files-2.1/org.springframework.data/spring-data-rest-webmvc/2.5.11.RELEASE/bbe67ac5cf23ca4f9244e4588d47683be994cd90/spring-data-rest-webmvc-2.5.11.RELEASE.jar!/org/springframework/data/rest/webmvc/ResourceProcessorInvokingHandlerAdapter.class], URL [jar:file:/Users/ivan.garcia/.gradle/caches/modules-2/files-2.1/org.springframework.data/spring-data-rest-webmvc/2.5.11.RELEASE/bbe67ac5cf23ca4f9244e4588d47683be994cd90/spring-data-rest-webmvc-2.5.11.RELEASE.jar!/org/springframework/data/rest/webmvc/RestMediaTypes.class], URL [jar:file:/Users/ivan.garcia/.gradle/caches/modules-2/files-2.1/org.springframework.data/spring-data-rest-webmvc/2.5.11.RELEASE/bbe67ac5cf23ca4f9244e4588d47683be994cd90/spring-data-rest-webmvc-2.5.11.RELEASE.jar!/org/springframework/data/rest/webmvc/RootResourceInformation.class], URL [jar:file:/Users/ivan.garcia/.gradle/caches/modules-2/files-2.1/org.springframework.data/spring-data-rest-webmvc/2.5.11.RELEASE/bbe67ac5cf23ca4f9244e4588d47683be994cd90/spring-data-rest-webmvc-2.5.11.RELEASE.jar!/org/springframework/data/rest/webmvc/ServerHttpRequestMethodArgumentResolver.class], URL [jar:file:/Users/ivan.garcia/.gradle/caches/modules-2/files-2.1/org.springframework.data/spring-data-rest-webmvc/2.5.11.RELEASE/bbe67ac5cf23ca4f9244e4588d47683be994cd90/spring-data-rest-webmvc-2.5.11.RELEASE.jar!/org/springframework/data/rest/webmvc/spi/BackendIdConverter$DefaultIdConverter.class], URL [jar:file:/Users/ivan.garcia/.gradle/caches/modules-2/files-2.1/org.springframework.data/spring-data-rest-webmvc/2.5.11.RELEASE/bbe67ac5cf23ca4f9244e4588d47683be994cd90/spring-data-rest-webmvc-2.5.11.RELEASE.jar!/org/springframework/data/rest/webmvc/spi/BackendIdConverter.class], URL [jar:file:/Users/ivan.garcia/.gradle/caches/modules-2/files-2.1/org.springframework.data/spring-data-rest-webmvc/2.5.11.RELEASE/bbe67ac5cf23ca4f9244e4588d47683be994cd90/spring-data-rest-webmvc-2.5.11.RELEASE.jar!/org/springframework/data/rest/webmvc/support/BackendId.class], URL [jar:file:/Users/ivan.garcia/.gradle/caches/modules-2/files-2.1/org.springframework.data/spring-data-rest-webmvc/2.5.11.RELEASE/bbe67ac5cf23ca4f9244e4588d47683be994cd90/spring-data-rest-webmvc-2.5.11.RELEASE.jar!/org/springframework/data/rest/webmvc/support/BackendIdHandlerMethodArgumentResolver.class], URL [jar:file:/Users/ivan.garcia/.gradle/caches/modules-2/files-2.1/org.springframework.data/spring-data-rest-webmvc/2.5.11.RELEASE/bbe67ac5cf23ca4f9244e4588d47683be994cd90/spring-data-rest-webmvc-2.5.11.RELEASE.jar!/org/springframework/data/rest/webmvc/support/BaseUriLinkBuilder.class], URL [jar:file:/Users/ivan.garcia/.gradle/caches/modules-2/files-2.1/org.springframework.data/spring-data-rest-webmvc/2.5.11.RELEASE/bbe67ac5cf23ca4f9244e4588d47683be994cd90/spring-data-rest-webmvc-2.5.11.RELEASE.jar!/org/springframework/data/rest/webmvc/support/ConstraintViolationExceptionMessage.class], URL [jar:file:/Users/ivan.garcia/.gradle/caches/modules-2/files-2.1/org.springframework.data/spring-data-rest-webmvc/2.5.11.RELEASE/bbe67ac5cf23ca4f9244e4588d47683be994cd90/spring-data-rest-webmvc-2.5.11.RELEASE.jar!/org/springframework/data/rest/webmvc/support/ConstraintViolationMessage.class], URL [jar:file:/Users/ivan.garcia/.gradle/caches/modules-2/files-2.1/org.springframework.data/spring-data-rest-webmvc/2.5.11.RELEASE/bbe67ac5cf23ca4f9244e4588d47683be994cd90/spring-data-rest-webmvc-2.5.11.RELEASE.jar!/org/springframework/data/rest/webmvc/support/DefaultedPageable.class], URL [jar:file:/Users/ivan.garcia/.gradle/caches/modules-2/files-2.1/org.springframework.data/spring-data-rest-webmvc/2.5.11.RELEASE/bbe67ac5cf23ca4f9244e4588d47683be994cd90/spring-data-rest-webmvc-2.5.11.RELEASE.jar!/org/springframework/data/rest/webmvc/support/DefaultedPageableHandlerMethodArgumentResolver.class], URL [jar:file:/Users/ivan.garcia/.gradle/caches/modules-2/files-2.1/org.springframework.data/spring-data-rest-webmvc/2.5.11.RELEASE/bbe67ac5cf23ca4f9244e4588d47683be994cd90/spring-data-rest-webmvc-2.5.11.RELEASE.jar!/org/springframework/data/rest/webmvc/support/DefaultExcerptProjector.class], URL [jar:file:/Users/ivan.garcia/.gradle/caches/modules-2/files-2.1/org.springframework.data/spring-data-rest-webmvc/2.5.11.RELEASE/bbe67ac5cf23ca4f9244e4588d47683be994cd90/spring-data-rest-webmvc-2.5.11.RELEASE.jar!/org/springframework/data/rest/webmvc/support/DelegatingHandlerMapping.class], URL [jar:file:/Users/ivan.garcia/.gradle/caches/modules-2/files-2.1/org.springframework.data/spring-data-rest-webmvc/2.5.11.RELEASE/bbe67ac5cf23ca4f9244e4588d47683be994cd90/spring-data-rest-webmvc-2.5.11.RELEASE.jar!/org/springframework/data/rest/webmvc/support/ETag.class], URL [jar:file:/Users/ivan.garcia/.gradle/caches/modules-2/files-2.1/org.springframework.data/spring-data-rest-webmvc/2.5.11.RELEASE/bbe67ac5cf23ca4f9244e4588d47683be994cd90/spring-data-rest-webmvc-2.5.11.RELEASE.jar!/org/springframework/data/rest/webmvc/support/ETagArgumentResolver.class], URL [jar:file:/Users/ivan.garcia/.gradle/caches/modules-2/files-2.1/org.springframework.data/spring-data-rest-webmvc/2.5.11.RELEASE/bbe67ac5cf23ca4f9244e4588d47683be994cd90/spring-data-rest-webmvc-2.5.11.RELEASE.jar!/org/springframework/data/rest/webmvc/support/ETagDoesntMatchException.class], URL [jar:file:/Users/ivan.garcia/.gradle/caches/modules-2/files-2.1/org.springframework.data/spring-data-rest-webmvc/2.5.11.RELEASE/bbe67ac5cf23ca4f9244e4588d47683be994cd90/spring-data-rest-webmvc-2.5.11.RELEASE.jar!/org/springframework/data/rest/webmvc/support/ExceptionMessage.class], URL [jar:file:/Users/ivan.garcia/.gradle/caches/modules-2/files-2.1/org.springframework.data/spring-data-rest-webmvc/2.5.11.RELEASE/bbe67ac5cf23ca4f9244e4588d47683be994cd90/spring-data-rest-webmvc-2.5.11.RELEASE.jar!/org/springframework/data/rest/webmvc/support/ExcerptProjector.class], URL [jar:file:/Users/ivan.garcia/.gradle/caches/modules-2/files-2.1/org.springframework.data/spring-data-rest-webmvc/2.5.11.RELEASE/bbe67ac5cf23ca4f9244e4588d47683be994cd90/spring-data-rest-webmvc-2.5.11.RELEASE.jar!/org/springframework/data/rest/webmvc/support/HttpMethodHandlerMethodArgumentResolver.class], URL [jar:file:/Users/ivan.garcia/.gradle/caches/modules-2/files-2.1/org.springframework.data/spring-data-rest-webmvc/2.5.11.RELEASE/bbe67ac5cf23ca4f9244e4588d47683be994cd90/spring-data-rest-webmvc-2.5.11.RELEASE.jar!/org/springframework/data/rest/webmvc/support/JpaHelper.class], URL [jar:file:/Users/ivan.garcia/.gradle/caches/modules-2/files-2.1/org.springframework.data/spring-data-rest-webmvc/2.5.11.RELEASE/bbe67ac5cf23ca4f9244e4588d47683be994cd90/spring-data-rest-webmvc-2.5.11.RELEASE.jar!/org/springframework/data/rest/webmvc/support/PagingAndSortingTemplateVariables.class], URL [jar:file:/Users/ivan.garcia/.gradle/caches/modules-2/files-2.1/org.springframework.data/spring-data-rest-webmvc/2.5.11.RELEASE/bbe67ac5cf23ca4f9244e4588d47683be994cd90/spring-data-rest-webmvc-2.5.11.RELEASE.jar!/org/springframework/data/rest/webmvc/support/PersistentEntityProjector$1.class], URL [jar:file:/Users/ivan.garcia/.gradle/caches/modules-2/files-2.1/org.springframework.data/spring-data-rest-webmvc/2.5.11.RELEASE/bbe67ac5cf23ca4f9244e4588d47683be994cd90/spring-data-rest-webmvc-2.5.11.RELEASE.jar!/org/springframework/data/rest/webmvc/support/PersistentEntityProjector$2.class], URL [jar:file:/Users/ivan.garcia/.gradle/caches/modules-2/files-2.1/org.springframework.data/spring-data-rest-webmvc/2.5.11.RELEASE/bbe67ac5cf23ca4f9244e4588d47683be994cd90/spring-data-rest-webmvc-2.5.11.RELEASE.jar!/org/springframework/data/rest/webmvc/support/PersistentEntityProjector.class], URL [jar:file:/Users/ivan.garcia/.gradle/caches/modules-2/files-2.1/org.springframework.data/spring-data-rest-webmvc/2.5.11.RELEASE/bbe67ac5cf23ca4f9244e4588d47683be994cd90/spring-data-rest-webmvc-2.5.11.RELEASE.jar!/org/springframework/data/rest/webmvc/support/PersistentEntityResourceProcessor$1.class], URL [jar:file:/Users/ivan.garcia/.gradle/caches/modules-2/files-2.1/org.springframework.data/spring-data-rest-webmvc/2.5.11.RELEASE/bbe67ac5cf23ca4f9244e4588d47683be994cd90/spring-data-rest-webmvc-2.5.11.RELEASE.jar!/org/springframework/data/rest/webmvc/support/PersistentEntityResourceProcessor$DomainTypeResourceProcessor.class], URL [jar:file:/Users/ivan.garcia/.gradle/caches/modules-2/files-2.1/org.springframework.data/spring-data-rest-webmvc/2.5.11.RELEASE/bbe67ac5cf23ca4f9244e4588d47683be994cd90/spring-data-rest-webmvc-2.5.11.RELEASE.jar!/org/springframework/data/rest/webmvc/support/PersistentEntityResourceProcessor.class], URL [jar:file:/Users/ivan.garcia/.gradle/caches/modules-2/files-2.1/org.springframework.data/spring-data-rest-webmvc/2.5.11.RELEASE/bbe67ac5cf23ca4f9244e4588d47683be994cd90/spring-data-rest-webmvc-2.5.11.RELEASE.jar!/org/springframework/data/rest/webmvc/support/Projector.class], URL [jar:file:/Users/ivan.garcia/.gradle/caches/modules-2/files-2.1/org.springframework.data/spring-data-rest-webmvc/2.5.11.RELEASE/bbe67ac5cf23ca4f9244e4588d47683be994cd90/spring-data-rest-webmvc-2.5.11.RELEASE.jar!/org/springframework/data/rest/webmvc/support/RepositoryConstraintViolationExceptionMessage$ValidationError.class], URL [jar:file:/Users/ivan.garcia/.gradle/caches/modules-2/files-2.1/org.springframework.data/spring-data-rest-webmvc/2.5.11.RELEASE/bbe67ac5cf23ca4f9244e4588d47683be994cd90/spring-data-rest-webmvc-2.5.11.RELEASE.jar!/org/springframework/data/rest/webmvc/support/RepositoryConstraintViolationExceptionMessage.class], URL [jar:file:/Users/ivan.garcia/.gradle/caches/modules-2/files-2.1/org.springframework.data/spring-data-rest-webmvc/2.5.11.RELEASE/bbe67ac5cf23ca4f9244e4588d47683be994cd90/spring-data-rest-webmvc-2.5.11.RELEASE.jar!/org/springframework/data/rest/webmvc/support/RepositoryEntityLinks.class], URL [jar:file:/Users/ivan.garcia/.gradle/caches/modules-2/files-2.1/org.springframework.data/spring-data-rest-webmvc/2.5.11.RELEASE/bbe67ac5cf23ca4f9244e4588d47683be994cd90/spring-data-rest-webmvc-2.5.11.RELEASE.jar!/org/springframework/data/rest/webmvc/support/RepositoryLinkBuilder.class], URL [jar:file:/Users/ivan.garcia/.gradle/caches/modules-2/files-2.1/org.springframework.data/spring-data-rest-webmvc/2.5.11.RELEASE/bbe67ac5cf23ca4f9244e4588d47683be994cd90/spring-data-rest-webmvc-2.5.11.RELEASE.jar!/org/springframework/data/rest/webmvc/util/UriUtils.class], URL [jar:file:/Users/ivan.garcia/.gradle/caches/modules-2/files-2.1/org.springframework.data/spring-data-commons/1.12.11.RELEASE/ac256a5df93c0c62d2ea3c835d0454f97bc5678c/spring-data-commons-1.12.11.RELEASE.jar!/org/springframework/data/annotation/AccessType$Type.class], URL [jar:file:/Users/ivan.garcia/.gradle/caches/modules-2/files-2.1/org.springframework.data/spring-data-commons/1.12.11.RELEASE/ac256a5df93c0c62d2ea3c835d0454f97bc5678c/spring-data-commons-1.12.11.RELEASE.jar!/org/springframework/data/annotation/AccessType.class], URL [jar:file:/Users/ivan.garcia/.gradle/caches/modules-2/files-2.1/org.springframework.data/spring-data-commons/1.12.11.RELEASE/ac256a5df93c0c62d2ea3c835d0454f97bc5678c/spring-data-commons-1.12.11.RELEASE.jar!/org/springframework/data/annotation/CreatedBy.class], URL [jar:file:/Users/ivan.garcia/.gradle/caches/modules-2/files-2.1/org.springframework.data/spring-data-commons/1.12.11.RELEASE/ac256a5df93c0c62d2ea3c835d0454f97bc5678c/spring-data-commons-1.12.11.RELEASE.jar!/org/springframework/data/annotation/CreatedDate.class], URL [jar:file:/Users/ivan.garcia/.gradle/caches/modules-2/files-2.1/org.springframework.data/spring-data-commons/1.12.11.RELEASE/ac256a5df93c0c62d2ea3c835d0454f97bc5678c/spring-data-commons-1.12.11.RELEASE.jar!/org/springframework/data/annotation/Id.class], URL [jar:file:/Users/ivan.garcia/.gradle/caches/modules-2/files-2.1/org.springframework.data/spring-data-commons/1.12.11.RELEASE/ac256a5df93c0c62d2ea3c835d0454f97bc5678c/spring-data-commons-1.12.11.RELEASE.jar!/org/springframework/data/annotation/LastModifiedBy.class], URL [jar:file:/Users/ivan.garcia/.gradle/caches/modules-2/files-2.1/org.springframework.data/spring-data-commons/1.12.11.RELEASE/ac256a5df93c0c62d2ea3c835d0454f97bc5678c/spring-data-commons-1.12.11.RELEASE.jar!/org/springframework/data/annotation/LastModifiedDate.class], URL [jar:file:/Users/ivan.garcia/.gradle/caches/modules-2/files-2.1/org.springframework.data/spring-data-commons/1.12.11.RELEASE/ac256a5df93c0c62d2ea3c835d0454f97bc5678c/spring-data-commons-1.12.11.RELEASE.jar!/org/springframework/data/annotation/PersistenceConstructor.class], URL [jar:file:/Users/ivan.garcia/.gradle/caches/modules-2/files-2.1/org.springframework.data/spring-data-commons/1.12.11.RELEASE/ac256a5df93c0c62d2ea3c835d0454f97bc5678c/spring-data-commons-1.12.11.RELEASE.jar!/org/springframework/data/annotation/Persistent.class], URL [jar:file:/Users/ivan.garcia/.gradle/caches/modules-2/files-2.1/org.springframework.data/spring-data-commons/1.12.11.RELEASE/ac256a5df93c0c62d2ea3c835d0454f97bc5678c/spring-data-commons-1.12.11.RELEASE.jar!/org/springframework/data/annotation/QueryAnnotation.class], URL [jar:file:/Users/ivan.garcia/.gradle/caches/modules-2/files-2.1/org.springframework.data/spring-data-commons/1.12.11.RELEASE/ac256a5df93c0c62d2ea3c835d0454f97bc5678c/spring-data-commons-1.12.11.RELEASE.jar!/org/springframework/data/annotation/ReadOnlyProperty.class], URL [jar:file:/Users/ivan.garcia/.gradle/caches/modules-2/files-2.1/org.springframework.data/spring-data-commons/1.12.11.RELEASE/ac256a5df93c0c62d2ea3c835d0454f97bc5678c/spring-data-commons-1.12.11.RELEASE.jar!/org/springframework/data/annotation/Reference.class], URL [jar:file:/Users/ivan.garcia/.gradle/caches/modules-2/files-2.1/org.springframework.data/spring-data-commons/1.12.11.RELEASE/ac256a5df93c0c62d2ea3c835d0454f97bc5678c/spring-data-commons-1.12.11.RELEASE.jar!/org/springframework/data/annotation/Transient.class], URL [jar:file:/Users/ivan.garcia/.gradle/caches/modules-2/files-2.1/org.springframework.data/spring-data-commons/1.12.11.RELEASE/ac256a5df93c0c62d2ea3c835d0454f97bc5678c/spring-data-commons-1.12.11.RELEASE.jar!/org/springframework/data/annotation/TypeAlias.class], URL [jar:file:/Users/ivan.garcia/.gradle/caches/modules-2/files-2.1/org.springframework.data/spring-data-commons/1.12.11.RELEASE/ac256a5df93c0c62d2ea3c835d0454f97bc5678c/spring-data-commons-1.12.11.RELEASE.jar!/org/springframework/data/annotation/Version.class], URL [jar:file:/Users/ivan.garcia/.gradle/caches/modules-2/files-2.1/org.springframework.data/spring-data-commons/1.12.11.RELEASE/ac256a5df93c0c62d2ea3c835d0454f97bc5678c/spring-data-commons-1.12.11.RELEASE.jar!/org/springframework/data/auditing/AnnotationAuditingMetadata.class], URL [jar:file:/Users/ivan.garcia/.gradle/caches/modules-2/files-2.1/org.springframework.data/spring-data-commons/1.12.11.RELEASE/ac256a5df93c0c62d2ea3c835d0454f97bc5678c/spring-data-commons-1.12.11.RELEASE.jar!/org/springframework/data/auditing/AuditableBeanWrapper.class], URL [jar:file:/Users/ivan.garcia/.gradle/caches/modules-2/files-2.1/org.springframework.data/spring-data-commons/1.12.11.RELEASE/ac256a5df93c0c62d2ea3c835d0454f97bc5678c/spring-data-commons-1.12.11.RELEASE.jar!/org/springframework/data/auditing/AuditableBeanWrapperFactory.class], URL [jar:file:/Users/ivan.garcia/.gradle/caches/modules-2/files-2.1/org.springframework.data/spring-data-commons/1.12.11.RELEASE/ac256a5df93c0c62d2ea3c835d0454f97bc5678c/spring-data-commons-1.12.11.RELEASE.jar!/org/springframework/data/auditing/AuditingHandler.class], URL [jar:file:/Users/ivan.garcia/.gradle/caches/modules-2/files-2.1/org.springframework.data/spring-data-commons/1.12.11.RELEASE/ac256a5df93c0c62d2ea3c835d0454f97bc5678c/spring-data-commons-1.12.11.RELEASE.jar!/org/springframework/data/auditing/config/AnnotationAuditingConfiguration.class], URL [jar:file:/Users/ivan.garcia/.gradle/caches/modules-2/files-2.1/org.springframework.data/spring-data-commons/1.12.11.RELEASE/ac256a5df93c0c62d2ea3c835d0454f97bc5678c/spring-data-commons-1.12.11.RELEASE.jar!/org/springframework/data/auditing/config/AuditingBeanDefinitionRegistrarSupport.class], URL [jar:file:/Users/ivan.garcia/.gradle/caches/modules-2/files-2.1/org.springframework.data/spring-data-commons/1.12.11.RELEASE/ac256a5df93c0c62d2ea3c835d0454f97bc5678c/spring-data-commons-1.12.11.RELEASE.jar!/org/springframework/data/auditing/config/AuditingConfiguration.class], URL [jar:file:/Users/ivan.garcia/.gradle/caches/modules-2/files-2.1/org.springframework.data/spring-data-commons/1.12.11.RELEASE/ac256a5df93c0c62d2ea3c835d0454f97bc5678c/spring-data-commons-1.12.11.RELEASE.jar!/org/springframework/data/auditing/config/AuditingHandlerBeanDefinitionParser.class], URL [jar:file:/Users/ivan.garcia/.gradle/caches/modules-2/files-2.1/org.springframework.data/spring-data-commons/1.12.11.RELEASE/ac256a5df93c0c62d2ea3c835d0454f97bc5678c/spring-data-commons-1.12.11.RELEASE.jar!/org/springframework/data/auditing/config/IsNewAwareAuditingHandlerBeanDefinitionParser.class], URL [jar:file:/Users/ivan.garcia/.gradle/caches/modules-2/files-2.1/org.springframework.data/spring-data-commons/1.12.11.RELEASE/ac256a5df93c0c62d2ea3c835d0454f97bc5678c/spring-data-commons-1.12.11.RELEASE.jar!/org/springframework/data/auditing/CurrentDateTimeProvider.class], URL [jar:file:/Users/ivan.garcia/.gradle/caches/modules-2/files-2.1/org.springframework.data/spring-data-commons/1.12.11.RELEASE/ac256a5df93c0c62d2ea3c835d0454f97bc5678c/spring-data-commons-1.12.11.RELEASE.jar!/org/springframework/data/auditing/DateTimeProvider.class], URL [jar:file:/Users/ivan.garcia/.gradle/caches/modules-2/files-2.1/org.springframework.data/spring-data-commons/1.12.11.RELEASE/ac256a5df93c0c62d2ea3c835d0454f97bc5678c/spring-data-commons-1.12.11.RELEASE.jar!/org/springframework/data/auditing/DefaultAuditableBeanWrapperFactory$AuditableInterfaceBeanWrapper.class], URL [jar:file:/Users/ivan.garcia/.gradle/caches/modules-2/files-2.1/org.springframework.data/spring-data-commons/1.12.11.RELEASE/ac256a5df93c0c62d2ea3c835d0454f97bc5678c/spring-data-commons-1.12.11.RELEASE.jar!/org/springframework/data/auditing/DefaultAuditableBeanWrapperFactory$CalendarToDateTimeConverter.class], URL [jar:file:/Users/ivan.garcia/.gradle/caches/modules-2/files-2.1/org.springframework.data/spring-data-commons/1.12.11.RELEASE/ac256a5df93c0c62d2ea3c835d0454f97bc5678c/spring-data-commons-1.12.11.RELEASE.jar!/org/springframework/data/auditing/DefaultAuditableBeanWrapperFactory$CalendarToLocalDateTimeConverter.class], URL [jar:file:/Users/ivan.garcia/.gradle/caches/modules-2/files-2.1/org.springframework.data/spring-data-commons/1.12.11.RELEASE/ac256a5df93c0c62d2ea3c835d0454f97bc5678c/spring-data-commons-1.12.11.RELEASE.jar!/org/springframework/data/auditing/DefaultAuditableBeanWrapperFactory$DateConvertingAuditableBeanWrapper.class], URL [jar:file:/Users/ivan.garcia/.gradle/caches/modules-2/files-2.1/org.springframework.data/spring-data-commons/1.12.11.RELEASE/ac256a5df93c0c62d2ea3c835d0454f97bc5678c/spring-data-commons-1.12.11.RELEASE.jar!/org/springframework/data/auditing/DefaultAuditableBeanWrapperFactory$ReflectionAuditingBeanWrapper.class], URL [jar:file:/Users/ivan.garcia/.gradle/caches/modules-2/files-2.1/org.springframework.data/spring-data-commons/1.12.11.RELEASE/ac256a5df93c0c62d2ea3c835d0454f97bc5678c/spring-data-commons-1.12.11.RELEASE.jar!/org/springframework/data/auditing/DefaultAuditableBeanWrapperFactory.class], URL [jar:file:/Users/ivan.garcia/.gradle/caches/modules-2/files-2.1/org.springframework.data/spring-data-commons/1.12.11.RELEASE/ac256a5df93c0c62d2ea3c835d0454f97bc5678c/spring-data-commons-1.12.11.RELEASE.jar!/org/springframework/data/auditing/IsNewAwareAuditingHandler.class], URL [jar:file:/Users/ivan.garcia/.gradle/caches/modules-2/files-2.1/org.springframework.data/spring-data-commons/1.12.11.RELEASE/ac256a5df93c0c62d2ea3c835d0454f97bc5678c/spring-data-commons-1.12.11.RELEASE.jar!/org/springframework/data/auditing/MappingAuditableBeanWrapperFactory$MappingAuditingMetadata.class], URL [jar:file:/Users/ivan.garcia/.gradle/caches/modules-2/files-2.1/org.springframework.data/spring-data-commons/1.12.11.RELEASE/ac256a5df93c0c62d2ea3c835d0454f97bc5678c/spring-data-commons-1.12.11.RELEASE.jar!/org/springframework/data/auditing/MappingAuditableBeanWrapperFactory$MappingMetadataAuditableBeanWrapper.class], URL [jar:file:/Users/ivan.garcia/.gradle/caches/modules-2/files-2.1/org.springframework.data/spring-data-commons/1.12.11.RELEASE/ac256a5df93c0c62d2ea3c835d0454f97bc5678c/spring-data-commons-1.12.11.RELEASE.jar!/org/springframework/data/auditing/MappingAuditableBeanWrapperFactory.class], URL [jar:file:/Users/ivan.garcia/.gradle/caches/modules-2/files-2.1/org.springframework.data/spring-data-commons/1.12.11.RELEASE/ac256a5df93c0c62d2ea3c835d0454f97bc5678c/spring-data-commons-1.12.11.RELEASE.jar!/org/springframework/data/authentication/UserCredentials.class], URL [jar:file:/Users/ivan.garcia/.gradle/caches/modules-2/files-2.1/org.springframework.data/spring-data-commons/1.12.11.RELEASE/ac256a5df93c0c62d2ea3c835d0454f97bc5678c/spring-data-commons-1.12.11.RELEASE.jar!/org/springframework/data/config/BeanComponentDefinitionBuilder.class], URL [jar:file:/Users/ivan.garcia/.gradle/caches/modules-2/files-2.1/org.springframework.data/spring-data-commons/1.12.11.RELEASE/ac256a5df93c0c62d2ea3c835d0454f97bc5678c/spring-data-commons-1.12.11.RELEASE.jar!/org/springframework/data/config/ParsingUtils.class], URL [jar:file:/Users/ivan.garcia/.gradle/caches/modules-2/files-2.1/org.springframework.data/spring-data-commons/1.12.11.RELEASE/ac256a5df93c0c62d2ea3c835d0454f97bc5678c/spring-data-commons-1.12.11.RELEASE.jar!/org/springframework/data/config/TypeFilterParser$1.class], URL [jar:file:/Users/ivan.garcia/.gradle/caches/modules-2/files-2.1/org.springframework.data/spring-data-commons/1.12.11.RELEASE/ac256a5df93c0c62d2ea3c835d0454f97bc5678c/spring-data-commons-1.12.11.RELEASE.jar!/org/springframework/data/config/TypeFilterParser$FilterType$1.class], URL [jar:file:/Users/ivan.garcia/.gradle/caches/modules-2/files-2.1/org.springframework.data/spring-data-commons/1.12.11.RELEASE/ac256a5df93c0c62d2ea3c835d0454f97bc5678c/spring-data-commons-1.12.11.RELEASE.jar!/org/springframework/data/config/TypeFilterParser$FilterType$2.class], URL [jar:file:/Users/ivan.garcia/.gradle/caches/modules-2/files-2.1/org.springframework.data/spring-data-commons/1.12.11.RELEASE/ac256a5df93c0c62d2ea3c835d0454f97bc5678c/spring-data-commons-1.12.11.RELEASE.jar!/org/springframework/data/config/TypeFilterParser$FilterType$3.class], URL [jar:file:/Users/ivan.garcia/.gradle/caches/modules-2/files-2.1/org.springframework.data/spring-data-commons/1.12.11.RELEASE/ac256a5df93c0c62d2ea3c835d0454f97bc5678c/spring-data-commons-1.12.11.RELEASE.jar!/org/springframework/data/config/TypeFilterParser$FilterType$4.class], URL [jar:file:/Users/ivan.garcia/.gradle/caches/modules-2/files-2.1/org.springframework.data/spring-data-commons/1.12.11.RELEASE/ac256a5df93c0c62d2ea3c835d0454f97bc5678c/spring-data-commons-1.12.11.RELEASE.jar!/org/springframework/data/config/TypeFilterParser$FilterType$5.class], URL [jar:file:/Users/ivan.garcia/.gradle/caches/modules-2/files-2.1/org.springframework.data/spring-data-commons/1.12.11.RELEASE/ac256a5df93c0c62d2ea3c835d0454f97bc5678c/spring-data-commons-1.12.11.RELEASE.jar!/org/springframework/data/config/TypeFilterParser$FilterType.class], URL [jar:file:/Users/ivan.garcia/.gradle/caches/modules-2/files-2.1/org.springframework.data/spring-data-commons/1.12.11.RELEASE/ac256a5df93c0c62d2ea3c835d0454f97bc5678c/spring-data-commons-1.12.11.RELEASE.jar!/org/springframework/data/config/TypeFilterParser$Type.class], URL [jar:file:/Users/ivan.garcia/.gradle/caches/modules-2/files-2.1/org.springframework.data/spring-data-commons/1.12.11.RELEASE/ac256a5df93c0c62d2ea3c835d0454f97bc5678c/spring-data-commons-1.12.11.RELEASE.jar!/org/springframework/data/config/TypeFilterParser.class], URL [jar:file:/Users/ivan.garcia/.gradle/caches/modules-2/files-2.1/org.springframework.data/spring-data-commons/1.12.11.RELEASE/ac256a5df93c0c62d2ea3c835d0454f97bc5678c/spring-data-commons-1.12.11.RELEASE.jar!/org/springframework/data/convert/BytecodeGeneratingEntityInstantiator$ObjectInstantiator.class], URL [jar:file:/Users/ivan.garcia/.gradle/caches/modules-2/files-2.1/org.springframework.data/spring-data-commons/1.12.11.RELEASE/ac256a5df93c0c62d2ea3c835d0454f97bc5678c/spring-data-commons-1.12.11.RELEASE.jar!/org/springframework/data/convert/BytecodeGeneratingEntityInstantiator.class], URL [jar:file:/Users/ivan.garcia/.gradle/caches/modules-2/files-2.1/org.springframework.data/spring-data-commons/1.12.11.RELEASE/ac256a5df93c0c62d2ea3c835d0454f97bc5678c/spring-data-commons-1.12.11.RELEASE.jar!/org/springframework/data/convert/ClassGeneratingEntityInstantiator$1.class], URL [jar:file:/Users/ivan.garcia/.gradle/caches/modules-2/files-2.1/org.springframework.data/spring-data-commons/1.12.11.RELEASE/ac256a5df93c0c62d2ea3c835d0454f97bc5678c/spring-data-commons-1.12.11.RELEASE.jar!/org/springframework/data/convert/ClassGeneratingEntityInstantiator$EntityInstantiatorAdapter.class], URL [jar:file:/Users/ivan.garcia/.gradle/caches/modules-2/files-2.1/org.springframework.data/spring-data-commons/1.12.11.RELEASE/ac256a5df93c0c62d2ea3c835d0454f97bc5678c/spring-data-commons-1.12.11.RELEASE.jar!/org/springframework/data/convert/ClassGeneratingEntityInstantiator$ObjectInstantiator.class], URL [jar:file:/Users/ivan.garcia/.gradle/caches/modules-2/files-2.1/org.springframework.data/spring-data-commons/1.12.11.RELEASE/ac256a5df93c0c62d2ea3c835d0454f97bc5678c/spring-data-commons-1.12.11.RELEASE.jar!/org/springframework/data/convert/ClassGeneratingEntityInstantiator$ObjectInstantiatorClassGenerator$1.class], URL [jar:file:/Users/ivan.garcia/.gradle/caches/modules-2/files-2.1/org.springframework.data/spring-data-commons/1.12.11.RELEASE/ac256a5df93c0c62d2ea3c835d0454f97bc5678c/spring-data-commons-1.12.11.RELEASE.jar!/org/springframework/data/convert/ClassGeneratingEntityInstantiator$ObjectInstantiatorClassGenerator$ByteArrayClassLoader.class], URL [jar:file:/Users/ivan.garcia/.gradle/caches/modules-2/files-2.1/org.springframework.data/spring-data-commons/1.12.11.RELEASE/ac256a5df93c0c62d2ea3c835d0454f97bc5678c/spring-data-commons-1.12.11.RELEASE.jar!/org/springframework/data/convert/ClassGeneratingEntityInstantiator$ObjectInstantiatorClassGenerator.class], URL [jar:file:/Users/ivan.garcia/.gradle/caches/modules-2/files-2.1/org.springframework.data/spring-data-commons/1.12.11.RELEASE/ac256a5df93c0c62d2ea3c835d0454f97bc5678c/spring-data-commons-1.12.11.RELEASE.jar!/org/springframework/data/convert/ClassGeneratingEntityInstantiator.class], URL [jar:file:/Users/ivan.garcia/.gradle/caches/modules-2/files-2.1/org.springframework.data/spring-data-commons/1.12.11.RELEASE/ac256a5df93c0c62d2ea3c835d0454f97bc5678c/spring-data-commons-1.12.11.RELEASE.jar!/org/springframework/data/convert/ConfigurableTypeInformationMapper.class], URL [jar:file:/Users/ivan.garcia/.gradle/caches/modules-2/files-2.1/org.springframework.data/spring-data-commons/1.12.11.RELEASE/ac256a5df93c0c62d2ea3c835d0454f97bc5678c/spring-data-commons-1.12.11.RELEASE.jar!/org/springframework/data/convert/DefaultTypeMapper.class], URL [jar:file:/Users/ivan.garcia/.gradle/caches/modules-2/files-2.1/org.springframework.data/spring-data-commons/1.12.11.RELEASE/ac256a5df93c0c62d2ea3c835d0454f97bc5678c/spring-data-commons-1.12.11.RELEASE.jar!/org/springframework/data/convert/EntityConverter.class], URL [jar:file:/Users/ivan.garcia/.gradle/caches/modules-2/files-2.1/org.springframework.data/spring-data-commons/1.12.11.RELEASE/ac256a5df93c0c62d2ea3c835d0454f97bc5678c/spring-data-commons-1.12.11.RELEASE.jar!/org/springframework/data/convert/EntityInstantiator.class], URL [jar:file:/Users/ivan.garcia/.gradle/caches/modules-2/files-2.1/org.springframework.data/spring-data-commons/1.12.11.RELEASE/ac256a5df93c0c62d2ea3c835d0454f97bc5678c/spring-data-commons-1.12.11.RELEASE.jar!/org/springframework/data/convert/EntityInstantiators.class], URL [jar:file:/Users/ivan.garcia/.gradle/caches/modules-2/files-2.1/org.springframework.data/spring-data-commons/1.12.11.RELEASE/ac256a5df93c0c62d2ea3c835d0454f97bc5678c/spring-data-commons-1.12.11.RELEASE.jar!/org/springframework/data/convert/EntityReader.class], URL [jar:file:/Users/ivan.garcia/.gradle/caches/modules-2/files-2.1/org.springframework.data/spring-data-commons/1.12.11.RELEASE/ac256a5df93c0c62d2ea3c835d0454f97bc5678c/spring-data-commons-1.12.11.RELEASE.jar!/org/springframework/data/convert/EntityWriter.class], URL [jar:file:/Users/ivan.garcia/.gradle/caches/modules-2/files-2.1/org.springframework.data/spring-data-commons/1.12.11.RELEASE/ac256a5df93c0c62d2ea3c835d0454f97bc5678c/spring-data-commons-1.12.11.RELEASE.jar!/org/springframework/data/convert/JodaTimeConverters$DateMidnightToDateConverter.class], URL [jar:file:/Users/ivan.garcia/.gradle/caches/modules-2/files-2.1/org.springframework.data/spring-data-commons/1.12.11.RELEASE/ac256a5df93c0c62d2ea3c835d0454f97bc5678c/spring-data-commons-1.12.11.RELEASE.jar!/org/springframework/data/convert/JodaTimeConverters$DateTimeToDateConverter.class], URL [jar:file:/Users/ivan.garcia/.gradle/caches/modules-2/files-2.1/org.springframework.data/spring-data-commons/1.12.11.RELEASE/ac256a5df93c0c62d2ea3c835d0454f97bc5678c/spring-data-commons-1.12.11.RELEASE.jar!/org/springframework/data/convert/JodaTimeConverters$DateToDateMidnightConverter.class], URL [jar:file:/Users/ivan.garcia/.gradle/caches/modules-2/files-2.1/org.springframework.data/spring-data-commons/1.12.11.RELEASE/ac256a5df93c0c62d2ea3c835d0454f97bc5678c/spring-data-commons-1.12.11.RELEASE.jar!/org/springframework/data/convert/JodaTimeConverters$DateToDateTimeConverter.class], URL [jar:file:/Users/ivan.garcia/.gradle/caches/modules-2/files-2.1/org.springframework.data/spring-data-commons/1.12.11.RELEASE/ac256a5df93c0c62d2ea3c835d0454f97bc5678c/spring-data-commons-1.12.11.RELEASE.jar!/org/springframework/data/convert/JodaTimeConverters$DateToLocalDateConverter.class], URL [jar:file:/Users/ivan.garcia/.gradle/caches/modules-2/files-2.1/org.springframework.data/spring-data-commons/1.12.11.RELEASE/ac256a5df93c0c62d2ea3c835d0454f97bc5678c/spring-data-commons-1.12.11.RELEASE.jar!/org/springframework/data/convert/JodaTimeConverters$DateToLocalDateTimeConverter.class], URL [jar:file:/Users/ivan.garcia/.gradle/caches/modules-2/files-2.1/org.springframework.data/spring-data-commons/1.12.11.RELEASE/ac256a5df93c0c62d2ea3c835d0454f97bc5678c/spring-data-commons-1.12.11.RELEASE.jar!/org/springframework/data/convert/JodaTimeConverters$LocalDateTimeToDateConverter.class], URL [jar:file:/Users/ivan.garcia/.gradle/caches/modules-2/files-2.1/org.springframework.data/spring-data-commons/1.12.11.RELEASE/ac256a5df93c0c62d2ea3c835d0454f97bc5678c/spring-data-commons-1.12.11.RELEASE.jar!/org/springframework/data/convert/JodaTimeConverters$LocalDateToDateConverter.class], URL [jar:file:/Users/ivan.garcia/.gradle/caches/modules-2/files-2.1/org.springframework.data/spring-data-commons/1.12.11.RELEASE/ac256a5df93c0c62d2ea3c835d0454f97bc5678c/spring-data-commons-1.12.11.RELEASE.jar!/org/springframework/data/convert/JodaTimeConverters.class], URL [jar:file:/Users/ivan.garcia/.gradle/caches/modules-2/files-2.1/org.springframework.data/spring-data-commons/1.12.11.RELEASE/ac256a5df93c0c62d2ea3c835d0454f97bc5678c/spring-data-commons-1.12.11.RELEASE.jar!/org/springframework/data/convert/Jsr310Converters$DateToInstantConverter.class], URL [jar:file:/Users/ivan.garcia/.gradle/caches/modules-2/files-2.1/org.springframework.data/spring-data-commons/1.12.11.RELEASE/ac256a5df93c0c62d2ea3c835d0454f97bc5678c/spring-data-commons-1.12.11.RELEASE.jar!/org/springframework/data/convert/Jsr310Converters$DateToLocalDateConverter.class], URL [jar:file:/Users/ivan.garcia/.gradle/caches/modules-2/files-2.1/org.springframework.data/spring-data-commons/1.12.11.RELEASE/ac256a5df93c0c62d2ea3c835d0454f97bc5678c/spring-data-commons-1.12.11.RELEASE.jar!/org/springframework/data/convert/Jsr310Converters$DateToLocalDateTimeConverter.class], URL [jar:file:/Users/ivan.garcia/.gradle/caches/modules-2/files-2.1/org.springframework.data/spring-data-commons/1.12.11.RELEASE/ac256a5df93c0c62d2ea3c835d0454f97bc5678c/spring-data-commons-1.12.11.RELEASE.jar!/org/springframework/data/convert/Jsr310Converters$DateToLocalTimeConverter.class], URL [jar:file:/Users/ivan.garcia/.gradle/caches/modules-2/files-2.1/org.springframework.data/spring-data-commons/1.12.11.RELEASE/ac256a5df93c0c62d2ea3c835d0454f97bc5678c/spring-data-commons-1.12.11.RELEASE.jar!/org/springframework/data/convert/Jsr310Converters$InstantToDateConverter.class], URL [jar:file:/Users/ivan.garcia/.gradle/caches/modules-2/files-2.1/org.springframework.data/spring-data-commons/1.12.11.RELEASE/ac256a5df93c0c62d2ea3c835d0454f97bc5678c/spring-data-commons-1.12.11.RELEASE.jar!/org/springframework/data/convert/Jsr310Converters$LocalDateTimeToDateConverter.class], URL [jar:file:/Users/ivan.garcia/.gradle/caches/modules-2/files-2.1/org.springframework.data/spring-data-commons/1.12.11.RELEASE/ac256a5df93c0c62d2ea3c835d0454f97bc5678c/spring-data-commons-1.12.11.RELEASE.jar!/org/springframework/data/convert/Jsr310Converters$LocalDateToDateConverter.class], URL [jar:file:/Users/ivan.garcia/.gradle/caches/modules-2/files-2.1/org.springframework.data/spring-data-commons/1.12.11.RELEASE/ac256a5df93c0c62d2ea3c835d0454f97bc5678c/spring-data-commons-1.12.11.RELEASE.jar!/org/springframework/data/convert/Jsr310Converters$LocalTimeToDateConverter.class], URL [jar:file:/Users/ivan.garcia/.gradle/caches/modules-2/files-2.1/org.springframework.data/spring-data-commons/1.12.11.RELEASE/ac256a5df93c0c62d2ea3c835d0454f97bc5678c/spring-data-commons-1.12.11.RELEASE.jar!/org/springframework/data/convert/Jsr310Converters$StringToZoneIdConverter.class], URL [jar:file:/Users/ivan.garcia/.gradle/caches/modules-2/files-2.1/org.springframework.data/spring-data-commons/1.12.11.RELEASE/ac256a5df93c0c62d2ea3c835d0454f97bc5678c/spring-data-commons-1.12.11.RELEASE.jar!/org/springframework/data/convert/Jsr310Converters$ZoneIdToStringConverter.class], URL [jar:file:/Users/ivan.garcia/.gradle/caches/modules-2/files-2.1/org.springframework.data/spring-data-commons/1.12.11.RELEASE/ac256a5df93c0c62d2ea3c835d0454f97bc5678c/spring-data-commons-1.12.11.RELEASE.jar!/org/springframework/data/convert/Jsr310Converters.class], URL [jar:file:/Users/ivan.garcia/.gradle/caches/modules-2/files-2.1/org.springframework.data/spring-data-commons/1.12.11.RELEASE/ac256a5df93c0c62d2ea3c835d0454f97bc5678c/spring-data-commons-1.12.11.RELEASE.jar!/org/springframework/data/convert/MappingContextTypeInformationMapper.class], URL [jar:file:/Users/ivan.garcia/.gradle/caches/modules-2/files-2.1/org.springframework.data/spring-data-commons/1.12.11.RELEASE/ac256a5df93c0c62d2ea3c835d0454f97bc5678c/spring-data-commons-1.12.11.RELEASE.jar!/org/springframework/data/convert/ReadingConverter.class], URL [jar:file:/Users/ivan.garcia/.gradle/caches/modules-2/files-2.1/org.springframework.data/spring-data-commons/1.12.11.RELEASE/ac256a5df93c0c62d2ea3c835d0454f97bc5678c/spring-data-commons-1.12.11.RELEASE.jar!/org/springframework/data/convert/ReflectionEntityInstantiator.class], URL [jar:file:/Users/ivan.garcia/.gradle/caches/modules-2/files-2.1/org.springframework.data/spring-data-commons/1.12.11.RELEASE/ac256a5df93c0c62d2ea3c835d0454f97bc5678c/spring-data-commons-1.12.11.RELEASE.jar!/org/springframework/data/convert/SimpleTypeInformationMapper.class], URL [jar:file:/Users/ivan.garcia/.gradle/caches/modules-2/files-2.1/org.springframework.data/spring-data-commons/1.12.11.RELEASE/ac256a5df93c0c62d2ea3c835d0454f97bc5678c/spring-data-commons-1.12.11.RELEASE.jar!/org/springframework/data/convert/ThreeTenBackPortConverters$DateToInstantConverter.class], URL [jar:file:/Users/ivan.garcia/.gradle/caches/modules-2/files-2.1/org.springframework.data/spring-data-commons/1.12.11.RELEASE/ac256a5df93c0c62d2ea3c835d0454f97bc5678c/spring-data-commons-1.12.11.RELEASE.jar!/org/springframework/data/convert/ThreeTenBackPortConverters$DateToLocalDateConverter.class], URL [jar:file:/Users/ivan.garcia/.gradle/caches/modules-2/files-2.1/org.springframework.data/spring-data-commons/1.12.11.RELEASE/ac256a5df93c0c62d2ea3c835d0454f97bc5678c/spring-data-commons-1.12.11.RELEASE.jar!/org/springframework/data/convert/ThreeTenBackPortConverters$DateToLocalDateTimeConverter.class], URL [jar:file:/Users/ivan.garcia/.gradle/caches/modules-2/files-2.1/org.springframework.data/spring-data-commons/1.12.11.RELEASE/ac256a5df93c0c62d2ea3c835d0454f97bc5678c/spring-data-commons-1.12.11.RELEASE.jar!/org/springframework/data/convert/ThreeTenBackPortConverters$DateToLocalTimeConverter.class], URL [jar:file:/Users/ivan.garcia/.gradle/caches/modules-2/files-2.1/org.springframework.data/spring-data-commons/1.12.11.RELEASE/ac256a5df93c0c62d2ea3c835d0454f97bc5678c/spring-data-commons-1.12.11.RELEASE.jar!/org/springframework/data/convert/ThreeTenBackPortConverters$InstantToDateConverter.class], URL [jar:file:/Users/ivan.garcia/.gradle/caches/modules-2/files-2.1/org.springframework.data/spring-data-commons/1.12.11.RELEASE/ac256a5df93c0c62d2ea3c835d0454f97bc5678c/spring-data-commons-1.12.11.RELEASE.jar!/org/springframework/data/convert/ThreeTenBackPortConverters$LocalDateTimeToDateConverter.class], URL [jar:file:/Users/ivan.garcia/.gradle/caches/modules-2/files-2.1/org.springframework.data/spring-data-commons/1.12.11.RELEASE/ac256a5df93c0c62d2ea3c835d0454f97bc5678c/spring-data-commons-1.12.11.RELEASE.jar!/org/springframework/data/convert/ThreeTenBackPortConverters$LocalDateToDateConverter.class], URL [jar:file:/Users/ivan.garcia/.gradle/caches/modules-2/files-2.1/org.springframework.data/spring-data-commons/1.12.11.RELEASE/ac256a5df93c0c62d2ea3c835d0454f97bc5678c/spring-data-commons-1.12.11.RELEASE.jar!/org/springframework/data/convert/ThreeTenBackPortConverters$LocalTimeToDateConverter.class], URL [jar:file:/Users/ivan.garcia/.gradle/caches/modules-2/files-2.1/org.springframework.data/spring-data-commons/1.12.11.RELEASE/ac256a5df93c0c62d2ea3c835d0454f97bc5678c/spring-data-commons-1.12.11.RELEASE.jar!/org/springframework/data/convert/ThreeTenBackPortConverters$StringToZoneIdConverter.class], URL [jar:file:/Users/ivan.garcia/.gradle/caches/modules-2/files-2.1/org.springframework.data/spring-data-commons/1.12.11.RELEASE/ac256a5df93c0c62d2ea3c835d0454f97bc5678c/spring-data-commons-1.12.11.RELEASE.jar!/org/springframework/data/convert/ThreeTenBackPortConverters$ZoneIdToStringConverter.class], URL [jar:file:/Users/ivan.garcia/.gradle/caches/modules-2/files-2.1/org.springframework.data/spring-data-commons/1.12.11.RELEASE/ac256a5df93c0c62d2ea3c835d0454f97bc5678c/spring-data-commons-1.12.11.RELEASE.jar!/org/springframework/data/convert/ThreeTenBackPortConverters.class], URL [jar:file:/Users/ivan.garcia/.gradle/caches/modules-2/files-2.1/org.springframework.data/spring-data-commons/1.12.11.RELEASE/ac256a5df93c0c62d2ea3c835d0454f97bc5678c/spring-data-commons-1.12.11.RELEASE.jar!/org/springframework/data/convert/TypeAliasAccessor.class], URL [jar:file:/Users/ivan.garcia/.gradle/caches/modules-2/files-2.1/org.springframework.data/spring-data-commons/1.12.11.RELEASE/ac256a5df93c0c62d2ea3c835d0454f97bc5678c/spring-data-commons-1.12.11.RELEASE.jar!/org/springframework/data/convert/TypeInformationMapper.class], URL [jar:file:/Users/ivan.garcia/.gradle/caches/modules-2/files-2.1/org.springframework.data/spring-data-commons/1.12.11.RELEASE/ac256a5df93c0c62d2ea3c835d0454f97bc5678c/spring-data-commons-1.12.11.RELEASE.jar!/org/springframework/data/convert/TypeMapper.class], URL [jar:file:/Users/ivan.garcia/.gradle/caches/modules-2/files-2.1/org.springframework.data/spring-data-commons/1.12.11.RELEASE/ac256a5df93c0c62d2ea3c835d0454f97bc5678c/spring-data-commons-1.12.11.RELEASE.jar!/org/springframework/data/convert/WritingConverter.class], URL [jar:file:/Users/ivan.garcia/.gradle/caches/modules-2/files-2.1/org.springframework.data/spring-data-commons/1.12.11.RELEASE/ac256a5df93c0c62d2ea3c835d0454f97bc5678c/spring-data-commons-1.12.11.RELEASE.jar!/org/springframework/data/crossstore/ChangeSet.class], URL [jar:file:/Users/ivan.garcia/.gradle/caches/modules-2/files-2.1/org.springframework.data/spring-data-commons/1.12.11.RELEASE/ac256a5df93c0c62d2ea3c835d0454f97bc5678c/spring-data-commons-1.12.11.RELEASE.jar!/org/springframework/data/crossstore/ChangeSetBacked.class], URL [jar:file:/Users/ivan.garcia/.gradle/caches/modules-2/files-2.1/org.springframework.data/spring-data-commons/1.12.11.RELEASE/ac256a5df93c0c62d2ea3c835d0454f97bc5678c/spring-data-commons-1.12.11.RELEASE.jar!/org/springframework/data/crossstore/ChangeSetBackedTransactionSynchronization.class], URL [jar:file:/Users/ivan.garcia/.gradle/caches/modules-2/files-2.1/org.springframework.data/spring-data-commons/1.12.11.RELEASE/ac256a5df93c0c62d2ea3c835d0454f97bc5678c/spring-data-commons-1.12.11.RELEASE.jar!/org/springframework/data/crossstore/ChangeSetPersister$NotFoundException.class], URL [jar:file:/Users/ivan.garcia/.gradle/caches/modules-2/files-2.1/org.springframework.data/spring-data-commons/1.12.11.RELEASE/ac256a5df93c0c62d2ea3c835d0454f97bc5678c/spring-data-commons-1.12.11.RELEASE.jar!/org/springframework/data/crossstore/ChangeSetPersister.class], URL [jar:file:/Users/ivan.garcia/.gradle/caches/modules-2/files-2.1/org.springframework.data/spring-data-commons/1.12.11.RELEASE/ac256a5df93c0c62d2ea3c835d0454f97bc5678c/spring-data-commons-1.12.11.RELEASE.jar!/org/springframework/data/crossstore/HashMapChangeSet.class], URL [jar:file:/Users/ivan.garcia/.gradle/caches/modules-2/files-2.1/org.springframework.data/spring-data-commons/1.12.11.RELEASE/ac256a5df93c0c62d2ea3c835d0454f97bc5678c/spring-data-commons-1.12.11.RELEASE.jar!/org/springframework/data/domain/AbstractPageRequest.class], URL [jar:file:/Users/ivan.garcia/.gradle/caches/modules-2/files-2.1/org.springframework.data/spring-data-commons/1.12.11.RELEASE/ac256a5df93c0c62d2ea3c835d0454f97bc5678c/spring-data-commons-1.12.11.RELEASE.jar!/org/springframework/data/domain/Auditable.class], URL [jar:file:/Users/ivan.garcia/.gradle/caches/modules-2/files-2.1/org.springframework.data/spring-data-commons/1.12.11.RELEASE/ac256a5df93c0c62d2ea3c835d0454f97bc5678c/spring-data-commons-1.12.11.RELEASE.jar!/org/springframework/data/domain/AuditorAware.class], URL [jar:file:/Users/ivan.garcia/.gradle/caches/modules-2/files-2.1/org.springframework.data/spring-data-commons/1.12.11.RELEASE/ac256a5df93c0c62d2ea3c835d0454f97bc5678c/spring-data-commons-1.12.11.RELEASE.jar!/org/springframework/data/domain/Chunk.class], URL [jar:file:/Users/ivan.garcia/.gradle/caches/modules-2/files-2.1/org.springframework.data/spring-data-commons/1.12.11.RELEASE/ac256a5df93c0c62d2ea3c835d0454f97bc5678c/spring-data-commons-1.12.11.RELEASE.jar!/org/springframework/data/domain/Example.class], URL [jar:file:/Users/ivan.garcia/.gradle/caches/modules-2/files-2.1/org.springframework.data/spring-data-commons/1.12.11.RELEASE/ac256a5df93c0c62d2ea3c835d0454f97bc5678c/spring-data-commons-1.12.11.RELEASE.jar!/org/springframework/data/domain/ExampleMatcher$GenericPropertyMatcher.class], URL [jar:file:/Users/ivan.garcia/.gradle/caches/modules-2/files-2.1/org.springframework.data/spring-data-commons/1.12.11.RELEASE/ac256a5df93c0c62d2ea3c835d0454f97bc5678c/spring-data-commons-1.12.11.RELEASE.jar!/org/springframework/data/domain/ExampleMatcher$GenericPropertyMatchers.class], URL [jar:file:/Users/ivan.garcia/.gradle/caches/modules-2/files-2.1/org.springframework.data/spring-data-commons/1.12.11.RELEASE/ac256a5df93c0c62d2ea3c835d0454f97bc5678c/spring-data-commons-1.12.11.RELEASE.jar!/org/springframework/data/domain/ExampleMatcher$MatcherConfigurer.class], URL [jar:file:/Users/ivan.garcia/.gradle/caches/modules-2/files-2.1/org.springframework.data/spring-data-commons/1.12.11.RELEASE/ac256a5df93c0c62d2ea3c835d0454f97bc5678c/spring-data-commons-1.12.11.RELEASE.jar!/org/springframework/data/domain/ExampleMatcher$NoOpPropertyValueTransformer.class], URL [jar:file:/Users/ivan.garcia/.gradle/caches/modules-2/files-2.1/org.springframework.data/spring-data-commons/1.12.11.RELEASE/ac256a5df93c0c62d2ea3c835d0454f97bc5678c/spring-data-commons-1.12.11.RELEASE.jar!/org/springframework/data/domain/ExampleMatcher$NullHandler.class], URL [jar:file:/Users/ivan.garcia/.gradle/caches/modules-2/files-2.1/org.springframework.data/spring-data-commons/1.12.11.RELEASE/ac256a5df93c0c62d2ea3c835d0454f97bc5678c/spring-data-commons-1.12.11.RELEASE.jar!/org/springframework/data/domain/ExampleMatcher$PropertySpecifier.class], URL [jar:file:/Users/ivan.garcia/.gradle/caches/modules-2/files-2.1/org.springframework.data/spring-data-commons/1.12.11.RELEASE/ac256a5df93c0c62d2ea3c835d0454f97bc5678c/spring-data-commons-1.12.11.RELEASE.jar!/org/springframework/data/domain/ExampleMatcher$PropertySpecifiers.class], URL [jar:file:/Users/ivan.garcia/.gradle/caches/modules-2/files-2.1/org.springframework.data/spring-data-commons/1.12.11.RELEASE/ac256a5df93c0c62d2ea3c835d0454f97bc5678c/spring-data-commons-1.12.11.RELEASE.jar!/org/springframework/data/domain/ExampleMatcher$PropertyValueTransformer.class], URL [jar:file:/Users/ivan.garcia/.gradle/caches/modules-2/files-2.1/org.springframework.data/spring-data-commons/1.12.11.RELEASE/ac256a5df93c0c62d2ea3c835d0454f97bc5678c/spring-data-commons-1.12.11.RELEASE.jar!/org/springframework/data/domain/ExampleMatcher$StringMatcher.class], URL [jar:file:/Users/ivan.garcia/.gradle/caches/modules-2/files-2.1/org.springframework.data/spring-data-commons/1.12.11.RELEASE/ac256a5df93c0c62d2ea3c835d0454f97bc5678c/spring-data-commons-1.12.11.RELEASE.jar!/org/springframework/data/domain/ExampleMatcher.class], URL [jar:file:/Users/ivan.garcia/.gradle/caches/modules-2/files-2.1/org.springframework.data/spring-data-commons/1.12.11.RELEASE/ac256a5df93c0c62d2ea3c835d0454f97bc5678c/spring-data-commons-1.12.11.RELEASE.jar!/org/springframework/data/domain/jaxb/OrderAdapter.class], URL [jar:file:/Users/ivan.garcia/.gradle/caches/modules-2/files-2.1/org.springframework.data/spring-data-commons/1.12.11.RELEASE/ac256a5df93c0c62d2ea3c835d0454f97bc5678c/spring-data-commons-1.12.11.RELEASE.jar!/org/springframework/data/domain/jaxb/package-info.class], URL [jar:file:/Users/ivan.garcia/.gradle/caches/modules-2/files-2.1/org.springframework.data/spring-data-commons/1.12.11.RELEASE/ac256a5df93c0c62d2ea3c835d0454f97bc5678c/spring-data-commons-1.12.11.RELEASE.jar!/org/springframework/data/domain/jaxb/PageableAdapter.class], URL [jar:file:/Users/ivan.garcia/.gradle/caches/modules-2/files-2.1/org.springframework.data/spring-data-commons/1.12.11.RELEASE/ac256a5df93c0c62d2ea3c835d0454f97bc5678c/spring-data-commons-1.12.11.RELEASE.jar!/org/springframework/data/domain/jaxb/PageAdapter.class], URL [jar:file:/Users/ivan.garcia/.gradle/caches/modules-2/files-2.1/org.springframework.data/spring-data-commons/1.12.11.RELEASE/ac256a5df93c0c62d2ea3c835d0454f97bc5678c/spring-data-commons-1.12.11.RELEASE.jar!/org/springframework/data/domain/jaxb/SortAdapter.class], URL [jar:file:/Users/ivan.garcia/.gradle/caches/modules-2/files-2.1/org.springframework.data/spring-data-commons/1.12.11.RELEASE/ac256a5df93c0c62d2ea3c835d0454f97bc5678c/spring-data-commons-1.12.11.RELEASE.jar!/org/springframework/data/domain/jaxb/SpringDataJaxb$OrderDto.class], URL [jar:file:/Users/ivan.garcia/.gradle/caches/modules-2/files-2.1/org.springframework.data/spring-data-commons/1.12.11.RELEASE/ac256a5df93c0c62d2ea3c835d0454f97bc5678c/spring-data-commons-1.12.11.RELEASE.jar!/org/springframework/data/domain/jaxb/SpringDataJaxb$PageDto.class], URL [jar:file:/Users/ivan.garcia/.gradle/caches/modules-2/files-2.1/org.springframework.data/spring-data-commons/1.12.11.RELEASE/ac256a5df93c0c62d2ea3c835d0454f97bc5678c/spring-data-commons-1.12.11.RELEASE.jar!/org/springframework/data/domain/jaxb/SpringDataJaxb$PageRequestDto.class], URL [jar:file:/Users/ivan.garcia/.gradle/caches/modules-2/files-2.1/org.springframework.data/spring-data-commons/1.12.11.RELEASE/ac256a5df93c0c62d2ea3c835d0454f97bc5678c/spring-data-commons-1.12.11.RELEASE.jar!/org/springframework/data/domain/jaxb/SpringDataJaxb$SortDto.class], URL [jar:file:/Users/ivan.garcia/.gradle/caches/modules-2/files-2.1/org.springframework.data/spring-data-commons/1.12.11.RELEASE/ac256a5df93c0c62d2ea3c835d0454f97bc5678c/spring-data-commons-1.12.11.RELEASE.jar!/org/springframework/data/domain/jaxb/SpringDataJaxb.class], URL [jar:file:/Users/ivan.garcia/.gradle/caches/modules-2/files-2.1/org.springframework.data/spring-data-commons/1.12.11.RELEASE/ac256a5df93c0c62d2ea3c835d0454f97bc5678c/spring-data-commons-1.12.11.RELEASE.jar!/org/springframework/data/domain/Page.class], URL [jar:file:/Users/ivan.garcia/.gradle/caches/modules-2/files-2.1/org.springframework.data/spring-data-commons/1.12.11.RELEASE/ac256a5df93c0c62d2ea3c835d0454f97bc5678c/spring-data-commons-1.12.11.RELEASE.jar!/org/springframework/data/domain/Pageable.class], URL [jar:file:/Users/ivan.garcia/.gradle/caches/modules-2/files-2.1/org.springframework.data/spring-data-commons/1.12.11.RELEASE/ac256a5df93c0c62d2ea3c835d0454f97bc5678c/spring-data-commons-1.12.11.RELEASE.jar!/org/springframework/data/domain/PageImpl.class], URL [jar:file:/Users/ivan.garcia/.gradle/caches/modules-2/files-2.1/org.springframework.data/spring-data-commons/1.12.11.RELEASE/ac256a5df93c0c62d2ea3c835d0454f97bc5678c/spring-data-commons-1.12.11.RELEASE.jar!/org/springframework/data/domain/PageRequest.class], URL [jar:file:/Users/ivan.garcia/.gradle/caches/modules-2/files-2.1/org.springframework.data/spring-data-commons/1.12.11.RELEASE/ac256a5df93c0c62d2ea3c835d0454f97bc5678c/spring-data-commons-1.12.11.RELEASE.jar!/org/springframework/data/domain/Persistable.class], URL [jar:file:/Users/ivan.garcia/.gradle/caches/modules-2/files-2.1/org.springframework.data/spring-data-commons/1.12.11.RELEASE/ac256a5df93c0c62d2ea3c835d0454f97bc5678c/spring-data-commons-1.12.11.RELEASE.jar!/org/springframework/data/domain/Range.class], URL [jar:file:/Users/ivan.garcia/.gradle/caches/modules-2/files-2.1/org.springframework.data/spring-data-commons/1.12.11.RELEASE/ac256a5df93c0c62d2ea3c835d0454f97bc5678c/spring-data-commons-1.12.11.RELEASE.jar!/org/springframework/data/domain/Slice.class], URL [jar:file:/Users/ivan.garcia/.gradle/caches/modules-2/files-2.1/org.springframework.data/spring-data-commons/1.12.11.RELEASE/ac256a5df93c0c62d2ea3c835d0454f97bc5678c/spring-data-commons-1.12.11.RELEASE.jar!/org/springframework/data/domain/SliceImpl.class], URL [jar:file:/Users/ivan.garcia/.gradle/caches/modules-2/files-2.1/org.springframework.data/spring-data-commons/1.12.11.RELEASE/ac256a5df93c0c62d2ea3c835d0454f97bc5678c/spring-data-commons-1.12.11.RELEASE.jar!/org/springframework/data/domain/Sort$Direction.class], URL [jar:file:/Users/ivan.garcia/.gradle/caches/modules-2/files-2.1/org.springframework.data/spring-data-commons/1.12.11.RELEASE/ac256a5df93c0c62d2ea3c835d0454f97bc5678c/spring-data-commons-1.12.11.RELEASE.jar!/org/springframework/data/domain/Sort$NullHandling.class], URL [jar:file:/Users/ivan.garcia/.gradle/caches/modules-2/files-2.1/org.springframework.data/spring-data-commons/1.12.11.RELEASE/ac256a5df93c0c62d2ea3c835d0454f97bc5678c/spring-data-commons-1.12.11.RELEASE.jar!/org/springframework/data/domain/Sort$Order.class], URL [jar:file:/Users/ivan.garcia/.gradle/caches/modules-2/files-2.1/org.springframework.data/spring-data-commons/1.12.11.RELEASE/ac256a5df93c0c62d2ea3c835d0454f97bc5678c/spring-data-commons-1.12.11.RELEASE.jar!/org/springframework/data/domain/Sort.class], URL [jar:file:/Users/ivan.garcia/.gradle/caches/modules-2/files-2.1/org.springframework.data/spring-data-commons/1.12.11.RELEASE/ac256a5df93c0c62d2ea3c835d0454f97bc5678c/spring-data-commons-1.12.11.RELEASE.jar!/org/springframework/data/geo/Box.class], URL [jar:file:/Users/ivan.garcia/.gradle/caches/modules-2/files-2.1/org.springframework.data/spring-data-commons/1.12.11.RELEASE/ac256a5df93c0c62d2ea3c835d0454f97bc5678c/spring-data-commons-1.12.11.RELEASE.jar!/org/springframework/data/geo/Circle.class], URL [jar:file:/Users/ivan.garcia/.gradle/caches/modules-2/files-2.1/org.springframework.data/spring-data-commons/1.12.11.RELEASE/ac256a5df93c0c62d2ea3c835d0454f97bc5678c/spring-data-commons-1.12.11.RELEASE.jar!/org/springframework/data/geo/CustomMetric.class], URL [jar:file:/Users/ivan.garcia/.gradle/caches/modules-2/files-2.1/org.springframework.data/spring-data-commons/1.12.11.RELEASE/ac256a5df93c0c62d2ea3c835d0454f97bc5678c/spring-data-commons-1.12.11.RELEASE.jar!/org/springframework/data/geo/Distance.class], URL [jar:file:/Users/ivan.garcia/.gradle/caches/modules-2/files-2.1/org.springframework.data/spring-data-commons/1.12.11.RELEASE/ac256a5df93c0c62d2ea3c835d0454f97bc5678c/spring-data-commons-1.12.11.RELEASE.jar!/org/springframework/data/geo/format/DistanceFormatter.class], URL [jar:file:/Users/ivan.garcia/.gradle/caches/modules-2/files-2.1/org.springframework.data/spring-data-commons/1.12.11.RELEASE/ac256a5df93c0c62d2ea3c835d0454f97bc5678c/spring-data-commons-1.12.11.RELEASE.jar!/org/springframework/data/geo/format/PointFormatter.class], URL [jar:file:/Users/ivan.garcia/.gradle/caches/modules-2/files-2.1/org.springframework.data/spring-data-commons/1.12.11.RELEASE/ac256a5df93c0c62d2ea3c835d0454f97bc5678c/spring-data-commons-1.12.11.RELEASE.jar!/org/springframework/data/geo/GeoModule$BoxMixin.class], URL [jar:file:/Users/ivan.garcia/.gradle/caches/modules-2/files-2.1/org.springframework.data/spring-data-commons/1.12.11.RELEASE/ac256a5df93c0c62d2ea3c835d0454f97bc5678c/spring-data-commons-1.12.11.RELEASE.jar!/org/springframework/data/geo/GeoModule$CircleMixin.class], URL [jar:file:/Users/ivan.garcia/.gradle/caches/modules-2/files-2.1/org.springframework.data/spring-data-commons/1.12.11.RELEASE/ac256a5df93c0c62d2ea3c835d0454f97bc5678c/spring-data-commons-1.12.11.RELEASE.jar!/org/springframework/data/geo/GeoModule$DistanceMixin.class], URL [jar:file:/Users/ivan.garcia/.gradle/caches/modules-2/files-2.1/org.springframework.data/spring-data-commons/1.12.11.RELEASE/ac256a5df93c0c62d2ea3c835d0454f97bc5678c/spring-data-commons-1.12.11.RELEASE.jar!/org/springframework/data/geo/GeoModule$PointMixin.class], URL [jar:file:/Users/ivan.garcia/.gradle/caches/modules-2/files-2.1/org.springframework.data/spring-data-commons/1.12.11.RELEASE/ac256a5df93c0c62d2ea3c835d0454f97bc5678c/spring-data-commons-1.12.11.RELEASE.jar!/org/springframework/data/geo/GeoModule$PolygonMixin.class], URL [jar:file:/Users/ivan.garcia/.gradle/caches/modules-2/files-2.1/org.springframework.data/spring-data-commons/1.12.11.RELEASE/ac256a5df93c0c62d2ea3c835d0454f97bc5678c/spring-data-commons-1.12.11.RELEASE.jar!/org/springframework/data/geo/GeoModule.class], URL [jar:file:/Users/ivan.garcia/.gradle/caches/modules-2/files-2.1/org.springframework.data/spring-data-commons/1.12.11.RELEASE/ac256a5df93c0c62d2ea3c835d0454f97bc5678c/spring-data-commons-1.12.11.RELEASE.jar!/org/springframework/data/geo/GeoPage.class], URL [jar:file:/Users/ivan.garcia/.gradle/caches/modules-2/files-2.1/org.springframework.data/spring-data-commons/1.12.11.RELEASE/ac256a5df93c0c62d2ea3c835d0454f97bc5678c/spring-data-commons-1.12.11.RELEASE.jar!/org/springframework/data/geo/GeoResult.class], URL [jar:file:/Users/ivan.garcia/.gradle/caches/modules-2/files-2.1/org.springframework.data/spring-data-commons/1.12.11.RELEASE/ac256a5df93c0c62d2ea3c835d0454f97bc5678c/spring-data-commons-1.12.11.RELEASE.jar!/org/springframework/data/geo/GeoResults.class], URL [jar:file:/Users/ivan.garcia/.gradle/caches/modules-2/files-2.1/org.springframework.data/spring-data-commons/1.12.11.RELEASE/ac256a5df93c0c62d2ea3c835d0454f97bc5678c/spring-data-commons-1.12.11.RELEASE.jar!/org/springframework/data/geo/Metric.class], URL [jar:file:/Users/ivan.garcia/.gradle/caches/modules-2/files-2.1/org.springframework.data/spring-data-commons/1.12.11.RELEASE/ac256a5df93c0c62d2ea3c835d0454f97bc5678c/spring-data-commons-1.12.11.RELEASE.jar!/org/springframework/data/geo/Metrics.class], URL [jar:file:/Users/ivan.garcia/.gradle/caches/modules-2/files-2.1/org.springframework.data/spring-data-commons/1.12.11.RELEASE/ac256a5df93c0c62d2ea3c835d0454f97bc5678c/spring-data-commons-1.12.11.RELEASE.jar!/org/springframework/data/geo/Point.class], URL [jar:file:/Users/ivan.garcia/.gradle/caches/modules-2/files-2.1/org.springframework.data/spring-data-commons/1.12.11.RELEASE/ac256a5df93c0c62d2ea3c835d0454f97bc5678c/spring-data-commons-1.12.11.RELEASE.jar!/org/springframework/data/geo/Polygon.class], URL [jar:file:/Users/ivan.garcia/.gradle/caches/modules-2/files-2.1/org.springframework.data/spring-data-commons/1.12.11.RELEASE/ac256a5df93c0c62d2ea3c835d0454f97bc5678c/spring-data-commons-1.12.11.RELEASE.jar!/org/springframework/data/geo/Shape.class], URL [jar:file:/Users/ivan.garcia/.gradle/caches/modules-2/files-2.1/org.springframework.data/spring-data-commons/1.12.11.RELEASE/ac256a5df93c0c62d2ea3c835d0454f97bc5678c/spring-data-commons-1.12.11.RELEASE.jar!/org/springframework/data/history/AnnotationRevisionMetadata.class], URL [jar:file:/Users/ivan.garcia/.gradle/caches/modules-2/files-2.1/org.springframework.data/spring-data-commons/1.12.11.RELEASE/ac256a5df93c0c62d2ea3c835d0454f97bc5678c/spring-data-commons-1.12.11.RELEASE.jar!/org/springframework/data/history/Revision.class], URL [jar:file:/Users/ivan.garcia/.gradle/caches/modules-2/files-2.1/org.springframework.data/spring-data-commons/1.12.11.RELEASE/ac256a5df93c0c62d2ea3c835d0454f97bc5678c/spring-data-commons-1.12.11.RELEASE.jar!/org/springframework/data/history/RevisionMetadata.class], URL [jar:file:/Users/ivan.garcia/.gradle/caches/modules-2/files-2.1/org.springframework.data/spring-data-commons/1.12.11.RELEASE/ac256a5df93c0c62d2ea3c835d0454f97bc5678c/spring-data-commons-1.12.11.RELEASE.jar!/org/springframework/data/history/Revisions.class], URL [jar:file:/Users/ivan.garcia/.gradle/caches/modules-2/files-2.1/org.springframework.data/spring-data-commons/1.12.11.RELEASE/ac256a5df93c0c62d2ea3c835d0454f97bc5678c/spring-data-commons-1.12.11.RELEASE.jar!/org/springframework/data/mapping/Association.class], URL [jar:file:/Users/ivan.garcia/.gradle/caches/modules-2/files-2.1/org.springframework.data/spring-data-commons/1.12.11.RELEASE/ac256a5df93c0c62d2ea3c835d0454f97bc5678c/spring-data-commons-1.12.11.RELEASE.jar!/org/springframework/data/mapping/AssociationHandler.class], URL [jar:file:/Users/ivan.garcia/.gradle/caches/modules-2/files-2.1/org.springframework.data/spring-data-commons/1.12.11.RELEASE/ac256a5df93c0c62d2ea3c835d0454f97bc5678c/spring-data-commons-1.12.11.RELEASE.jar!/org/springframework/data/mapping/context/AbstractMappingContext$1.class], URL [jar:file:/Users/ivan.garcia/.gradle/caches/modules-2/files-2.1/org.springframework.data/spring-data-commons/1.12.11.RELEASE/ac256a5df93c0c62d2ea3c835d0454f97bc5678c/spring-data-commons-1.12.11.RELEASE.jar!/org/springframework/data/mapping/context/AbstractMappingContext$PersistentPropertyCreator.class], URL [jar:file:/Users/ivan.garcia/.gradle/caches/modules-2/files-2.1/org.springframework.data/spring-data-commons/1.12.11.RELEASE/ac256a5df93c0c62d2ea3c835d0454f97bc5678c/spring-data-commons-1.12.11.RELEASE.jar!/org/springframework/data/mapping/context/AbstractMappingContext$PersistentPropertyFilter$PropertyMatch.class], URL [jar:file:/Users/ivan.garcia/.gradle/caches/modules-2/files-2.1/org.springframework.data/spring-data-commons/1.12.11.RELEASE/ac256a5df93c0c62d2ea3c835d0454f97bc5678c/spring-data-commons-1.12.11.RELEASE.jar!/org/springframework/data/mapping/context/AbstractMappingContext$PersistentPropertyFilter.class], URL [jar:file:/Users/ivan.garcia/.gradle/caches/modules-2/files-2.1/org.springframework.data/spring-data-commons/1.12.11.RELEASE/ac256a5df93c0c62d2ea3c835d0454f97bc5678c/spring-data-commons-1.12.11.RELEASE.jar!/org/springframework/data/mapping/context/AbstractMappingContext.class], URL [jar:file:/Users/ivan.garcia/.gradle/caches/modules-2/files-2.1/org.springframework.data/spring-data-commons/1.12.11.RELEASE/ac256a5df93c0c62d2ea3c835d0454f97bc5678c/spring-data-commons-1.12.11.RELEASE.jar!/org/springframework/data/mapping/context/DefaultPersistentPropertyPath$PropertyNameConverter.class], URL [jar:file:/Users/ivan.garcia/.gradle/caches/modules-2/files-2.1/org.springframework.data/spring-data-commons/1.12.11.RELEASE/ac256a5df93c0c62d2ea3c835d0454f97bc5678c/spring-data-commons-1.12.11.RELEASE.jar!/org/springframework/data/mapping/context/DefaultPersistentPropertyPath.class], URL [jar:file:/Users/ivan.garcia/.gradle/caches/modules-2/files-2.1/org.springframework.data/spring-data-commons/1.12.11.RELEASE/ac256a5df93c0c62d2ea3c835d0454f97bc5678c/spring-data-commons-1.12.11.RELEASE.jar!/org/springframework/data/mapping/context/InvalidPersistentPropertyPath.class], URL [jar:file:/Users/ivan.garcia/.gradle/caches/modules-2/files-2.1/org.springframework.data/spring-data-commons/1.12.11.RELEASE/ac256a5df93c0c62d2ea3c835d0454f97bc5678c/spring-data-commons-1.12.11.RELEASE.jar!/org/springframework/data/mapping/context/MappingContext.class], URL [jar:file:/Users/ivan.garcia/.gradle/caches/modules-2/files-2.1/org.springframework.data/spring-data-commons/1.12.11.RELEASE/ac256a5df93c0c62d2ea3c835d0454f97bc5678c/spring-data-commons-1.12.11.RELEASE.jar!/org/springframework/data/mapping/context/MappingContextEvent.class], URL [jar:file:/Users/ivan.garcia/.gradle/caches/modules-2/files-2.1/org.springframework.data/spring-data-commons/1.12.11.RELEASE/ac256a5df93c0c62d2ea3c835d0454f97bc5678c/spring-data-commons-1.12.11.RELEASE.jar!/org/springframework/data/mapping/context/MappingContextIsNewStrategyFactory$PersistentPropertyInspectingIsNewStrategy.class], URL [jar:file:/Users/ivan.garcia/.gradle/caches/modules-2/files-2.1/org.springframework.data/spring-data-commons/1.12.11.RELEASE/ac256a5df93c0c62d2ea3c835d0454f97bc5678c/spring-data-commons-1.12.11.RELEASE.jar!/org/springframework/data/mapping/context/MappingContextIsNewStrategyFactory$PropertyIsNullIsNewStrategy.class], URL [jar:file:/Users/ivan.garcia/.gradle/caches/modules-2/files-2.1/org.springframework.data/spring-data-commons/1.12.11.RELEASE/ac256a5df93c0c62d2ea3c835d0454f97bc5678c/spring-data-commons-1.12.11.RELEASE.jar!/org/springframework/data/mapping/context/MappingContextIsNewStrategyFactory$PropertyIsNullOrZeroNumberIsNewStrategy.class], URL [jar:file:/Users/ivan.garcia/.gradle/caches/modules-2/files-2.1/org.springframework.data/spring-data-commons/1.12.11.RELEASE/ac256a5df93c0c62d2ea3c835d0454f97bc5678c/spring-data-commons-1.12.11.RELEASE.jar!/org/springframework/data/mapping/context/MappingContextIsNewStrategyFactory.class], URL [jar:file:/Users/ivan.garcia/.gradle/caches/modules-2/files-2.1/org.springframework.data/spring-data-commons/1.12.11.RELEASE/ac256a5df93c0c62d2ea3c835d0454f97bc5678c/spring-data-commons-1.12.11.RELEASE.jar!/org/springframework/data/mapping/context/PersistentEntities.class], URL [jar:file:/Users/ivan.garcia/.gradle/caches/modules-2/files-2.1/org.springframework.data/spring-data-commons/1.12.11.RELEASE/ac256a5df93c0c62d2ea3c835d0454f97bc5678c/spring-data-commons-1.12.11.RELEASE.jar!/org/springframework/data/mapping/context/PersistentPropertyPath.class], URL [jar:file:/Users/ivan.garcia/.gradle/caches/modules-2/files-2.1/org.springframework.data/spring-data-commons/1.12.11.RELEASE/ac256a5df93c0c62d2ea3c835d0454f97bc5678c/spring-data-commons-1.12.11.RELEASE.jar!/org/springframework/data/mapping/IdentifierAccessor.class], URL [jar:file:/Users/ivan.garcia/.gradle/caches/modules-2/files-2.1/org.springframework.data/spring-data-commons/1.12.11.RELEASE/ac256a5df93c0c62d2ea3c835d0454f97bc5678c/spring-data-commons-1.12.11.RELEASE.jar!/org/springframework/data/mapping/model/AbstractPersistentProperty.class], URL [jar:file:/Users/ivan.garcia/.gradle/caches/modules-2/files-2.1/org.springframework.data/spring-data-commons/1.12.11.RELEASE/ac256a5df93c0c62d2ea3c835d0454f97bc5678c/spring-data-commons-1.12.11.RELEASE.jar!/org/springframework/data/mapping/model/AnnotationBasedPersistentProperty.class], URL [jar:file:/Users/ivan.garcia/.gradle/caches/modules-2/files-2.1/org.springframework.data/spring-data-commons/1.12.11.RELEASE/ac256a5df93c0c62d2ea3c835d0454f97bc5678c/spring-data-commons-1.12.11.RELEASE.jar!/org/springframework/data/mapping/model/BasicPersistentEntity$AssociationComparator.class], URL [jar:file:/Users/ivan.garcia/.gradle/caches/modules-2/files-2.1/org.springframework.data/spring-data-commons/1.12.11.RELEASE/ac256a5df93c0c62d2ea3c835d0454f97bc5678c/spring-data-commons-1.12.11.RELEASE.jar!/org/springframework/data/mapping/model/BasicPersistentEntity$NullReturningIdentifierAccessor.class], URL [jar:file:/Users/ivan.garcia/.gradle/caches/modules-2/files-2.1/org.springframework.data/spring-data-commons/1.12.11.RELEASE/ac256a5df93c0c62d2ea3c835d0454f97bc5678c/spring-data-commons-1.12.11.RELEASE.jar!/org/springframework/data/mapping/model/BasicPersistentEntity.class], URL [jar:file:/Users/ivan.garcia/.gradle/caches/modules-2/files-2.1/org.springframework.data/spring-data-commons/1.12.11.RELEASE/ac256a5df93c0c62d2ea3c835d0454f97bc5678c/spring-data-commons-1.12.11.RELEASE.jar!/org/springframework/data/mapping/model/BeanWrapper.class], URL [jar:file:/Users/ivan.garcia/.gradle/caches/modules-2/files-2.1/org.springframework.data/spring-data-commons/1.12.11.RELEASE/ac256a5df93c0c62d2ea3c835d0454f97bc5678c/spring-data-commons-1.12.11.RELEASE.jar!/org/springframework/data/mapping/model/CamelCaseAbbreviatingFieldNamingStrategy.class], URL [jar:file:/Users/ivan.garcia/.gradle/caches/modules-2/files-2.1/org.springframework.data/spring-data-commons/1.12.11.RELEASE/ac256a5df93c0c62d2ea3c835d0454f97bc5678c/spring-data-commons-1.12.11.RELEASE.jar!/org/springframework/data/mapping/model/CamelCaseSplittingFieldNamingStrategy.class], URL [jar:file:/Users/ivan.garcia/.gradle/caches/modules-2/files-2.1/org.springframework.data/spring-data-commons/1.12.11.RELEASE/ac256a5df93c0c62d2ea3c835d0454f97bc5678c/spring-data-commons-1.12.11.RELEASE.jar!/org/springframework/data/mapping/model/ConvertingPropertyAccessor.class], URL [jar:file:/Users/ivan.garcia/.gradle/caches/modules-2/files-2.1/org.springframework.data/spring-data-commons/1.12.11.RELEASE/ac256a5df93c0c62d2ea3c835d0454f97bc5678c/spring-data-commons-1.12.11.RELEASE.jar!/org/springframework/data/mapping/model/DefaultSpELExpressionEvaluator.class], URL [jar:file:/Users/ivan.garcia/.gradle/caches/modules-2/files-2.1/org.springframework.data/spring-data-commons/1.12.11.RELEASE/ac256a5df93c0c62d2ea3c835d0454f97bc5678c/spring-data-commons-1.12.11.RELEASE.jar!/org/springframework/data/mapping/model/FieldNamingStrategy.class], URL [jar:file:/Users/ivan.garcia/.gradle/caches/modules-2/files-2.1/org.springframework.data/spring-data-commons/1.12.11.RELEASE/ac256a5df93c0c62d2ea3c835d0454f97bc5678c/spring-data-commons-1.12.11.RELEASE.jar!/org/springframework/data/mapping/model/IdPropertyIdentifierAccessor.class], URL [jar:file:/Users/ivan.garcia/.gradle/caches/modules-2/files-2.1/org.springframework.data/spring-data-commons/1.12.11.RELEASE/ac256a5df93c0c62d2ea3c835d0454f97bc5678c/spring-data-commons-1.12.11.RELEASE.jar!/org/springframework/data/mapping/model/IllegalMappingException.class], URL [jar:file:/Users/ivan.garcia/.gradle/caches/modules-2/files-2.1/org.springframework.data/spring-data-commons/1.12.11.RELEASE/ac256a5df93c0c62d2ea3c835d0454f97bc5678c/spring-data-commons-1.12.11.RELEASE.jar!/org/springframework/data/mapping/model/MappingException.class], URL [jar:file:/Users/ivan.garcia/.gradle/caches/modules-2/files-2.1/org.springframework.data/spring-data-commons/1.12.11.RELEASE/ac256a5df93c0c62d2ea3c835d0454f97bc5678c/spring-data-commons-1.12.11.RELEASE.jar!/org/springframework/data/mapping/model/MappingInstantiationException.class], URL [jar:file:/Users/ivan.garcia/.gradle/caches/modules-2/files-2.1/org.springframework.data/spring-data-commons/1.12.11.RELEASE/ac256a5df93c0c62d2ea3c835d0454f97bc5678c/spring-data-commons-1.12.11.RELEASE.jar!/org/springframework/data/mapping/model/MutablePersistentEntity.class], URL [jar:file:/Users/ivan.garcia/.gradle/caches/modules-2/files-2.1/org.springframework.data/spring-data-commons/1.12.11.RELEASE/ac256a5df93c0c62d2ea3c835d0454f97bc5678c/spring-data-commons-1.12.11.RELEASE.jar!/org/springframework/data/mapping/model/ParameterValueProvider.class], URL [jar:file:/Users/ivan.garcia/.gradle/caches/modules-2/files-2.1/org.springframework.data/spring-data-commons/1.12.11.RELEASE/ac256a5df93c0c62d2ea3c835d0454f97bc5678c/spring-data-commons-1.12.11.RELEASE.jar!/org/springframework/data/mapping/model/PersistentEntityParameterValueProvider.class], URL [jar:file:/Users/ivan.garcia/.gradle/caches/modules-2/files-2.1/org.springframework.data/spring-data-commons/1.12.11.RELEASE/ac256a5df93c0c62d2ea3c835d0454f97bc5678c/spring-data-commons-1.12.11.RELEASE.jar!/org/springframework/data/mapping/model/PreferredConstructorDiscoverer.class], URL [jar:file:/Users/ivan.garcia/.gradle/caches/modules-2/files-2.1/org.springframework.data/spring-data-commons/1.12.11.RELEASE/ac256a5df93c0c62d2ea3c835d0454f97bc5678c/spring-data-commons-1.12.11.RELEASE.jar!/org/springframework/data/mapping/model/PropertyNameFieldNamingStrategy.class], URL [jar:file:/Users/ivan.garcia/.gradle/caches/modules-2/files-2.1/org.springframework.data/spring-data-commons/1.12.11.RELEASE/ac256a5df93c0c62d2ea3c835d0454f97bc5678c/spring-data-commons-1.12.11.RELEASE.jar!/org/springframework/data/mapping/model/PropertyValueProvider.class], URL [jar:file:/Users/ivan.garcia/.gradle/caches/modules-2/files-2.1/org.springframework.data/spring-data-commons/1.12.11.RELEASE/ac256a5df93c0c62d2ea3c835d0454f97bc5678c/spring-data-commons-1.12.11.RELEASE.jar!/org/springframework/data/mapping/model/SimpleTypeHolder.class], URL [jar:file:/Users/ivan.garcia/.gradle/caches/modules-2/files-2.1/org.springframework.data/spring-data-commons/1.12.11.RELEASE/ac256a5df93c0c62d2ea3c835d0454f97bc5678c/spring-data-commons-1.12.11.RELEASE.jar!/org/springframework/data/mapping/model/SnakeCaseFieldNamingStrategy.class], URL [jar:file:/Users/ivan.garcia/.gradle/caches/modules-2/files-2.1/org.springframework.data/spring-data-commons/1.12.11.RELEASE/ac256a5df93c0c62d2ea3c835d0454f97bc5678c/spring-data-commons-1.12.11.RELEASE.jar!/org/springframework/data/mapping/model/SpELContext.class], URL [jar:file:/Users/ivan.garcia/.gradle/caches/modules-2/files-2.1/org.springframework.data/spring-data-commons/1.12.11.RELEASE/ac256a5df93c0c62d2ea3c835d0454f97bc5678c/spring-data-commons-1.12.11.RELEASE.jar!/org/springframework/data/mapping/model/SpELExpressionEvaluator.class], URL [jar:file:/Users/ivan.garcia/.gradle/caches/modules-2/files-2.1/org.springframework.data/spring-data-commons/1.12.11.RELEASE/ac256a5df93c0c62d2ea3c835d0454f97bc5678c/spring-data-commons-1.12.11.RELEASE.jar!/org/springframework/data/mapping/model/SpELExpressionParameterValueProvider.class], URL [jar:file:/Users/ivan.garcia/.gradle/caches/modules-2/files-2.1/org.springframework.data/spring-data-commons/1.12.11.RELEASE/ac256a5df93c0c62d2ea3c835d0454f97bc5678c/spring-data-commons-1.12.11.RELEASE.jar!/org/springframework/data/mapping/PersistentEntity.class], URL [jar:file:/Users/ivan.garcia/.gradle/caches/modules-2/files-2.1/org.springframework.data/spring-data-commons/1.12.11.RELEASE/ac256a5df93c0c62d2ea3c835d0454f97bc5678c/spring-data-commons-1.12.11.RELEASE.jar!/org/springframework/data/mapping/PersistentProperty.class], URL [jar:file:/Users/ivan.garcia/.gradle/caches/modules-2/files-2.1/org.springframework.data/spring-data-commons/1.12.11.RELEASE/ac256a5df93c0c62d2ea3c835d0454f97bc5678c/spring-data-commons-1.12.11.RELEASE.jar!/org/springframework/data/mapping/PersistentPropertyAccessor.class], URL [jar:file:/Users/ivan.garcia/.gradle/caches/modules-2/files-2.1/org.springframework.data/spring-data-commons/1.12.11.RELEASE/ac256a5df93c0c62d2ea3c835d0454f97bc5678c/spring-data-commons-1.12.11.RELEASE.jar!/org/springframework/data/mapping/PreferredConstructor$Parameter.class], URL [jar:file:/Users/ivan.garcia/.gradle/caches/modules-2/files-2.1/org.springframework.data/spring-data-commons/1.12.11.RELEASE/ac256a5df93c0c62d2ea3c835d0454f97bc5678c/spring-data-commons-1.12.11.RELEASE.jar!/org/springframework/data/mapping/PreferredConstructor.class], URL [jar:file:/Users/ivan.garcia/.gradle/caches/modules-2/files-2.1/org.springframework.data/spring-data-commons/1.12.11.RELEASE/ac256a5df93c0c62d2ea3c835d0454f97bc5678c/spring-data-commons-1.12.11.RELEASE.jar!/org/springframework/data/mapping/PropertyHandler.class], URL [jar:file:/Users/ivan.garcia/.gradle/caches/modules-2/files-2.1/org.springframework.data/spring-data-commons/1.12.11.RELEASE/ac256a5df93c0c62d2ea3c835d0454f97bc5678c/spring-data-commons-1.12.11.RELEASE.jar!/org/springframework/data/mapping/PropertyPath$1.class], URL [jar:file:/Users/ivan.garcia/.gradle/caches/modules-2/files-2.1/org.springframework.data/spring-data-commons/1.12.11.RELEASE/ac256a5df93c0c62d2ea3c835d0454f97bc5678c/spring-data-commons-1.12.11.RELEASE.jar!/org/springframework/data/mapping/PropertyPath.class], URL [jar:file:/Users/ivan.garcia/.gradle/caches/modules-2/files-2.1/org.springframework.data/spring-data-commons/1.12.11.RELEASE/ac256a5df93c0c62d2ea3c835d0454f97bc5678c/spring-data-commons-1.12.11.RELEASE.jar!/org/springframework/data/mapping/PropertyReferenceException.class], URL [jar:file:/Users/ivan.garcia/.gradle/caches/modules-2/files-2.1/org.springframework.data/spring-data-commons/1.12.11.RELEASE/ac256a5df93c0c62d2ea3c835d0454f97bc5678c/spring-data-commons-1.12.11.RELEASE.jar!/org/springframework/data/mapping/SimpleAssociationHandler.class], URL [jar:file:/Users/ivan.garcia/.gradle/caches/modules-2/files-2.1/org.springframework.data/spring-data-commons/1.12.11.RELEASE/ac256a5df93c0c62d2ea3c835d0454f97bc5678c/spring-data-commons-1.12.11.RELEASE.jar!/org/springframework/data/mapping/SimplePropertyHandler.class], URL [jar:file:/Users/ivan.garcia/.gradle/caches/modules-2/files-2.1/org.springframework.data/spring-data-commons/1.12.11.RELEASE/ac256a5df93c0c62d2ea3c835d0454f97bc5678c/spring-data-commons-1.12.11.RELEASE.jar!/org/springframework/data/projection/DefaultMethodInvokingMethodInterceptor$1.class], URL [jar:file:/Users/ivan.garcia/.gradle/caches/modules-2/files-2.1/org.springframework.data/spring-data-commons/1.12.11.RELEASE/ac256a5df93c0c62d2ea3c835d0454f97bc5678c/spring-data-commons-1.12.11.RELEASE.jar!/org/springframework/data/projection/DefaultMethodInvokingMethodInterceptor$MethodHandleLookup$1.class], URL [jar:file:/Users/ivan.garcia/.gradle/caches/modules-2/files-2.1/org.springframework.data/spring-data-commons/1.12.11.RELEASE/ac256a5df93c0c62d2ea3c835d0454f97bc5678c/spring-data-commons-1.12.11.RELEASE.jar!/org/springframework/data/projection/DefaultMethodInvokingMethodInterceptor$MethodHandleLookup$2.class], URL [jar:file:/Users/ivan.garcia/.gradle/caches/modules-2/files-2.1/org.springframework.data/spring-data-commons/1.12.11.RELEASE/ac256a5df93c0c62d2ea3c835d0454f97bc5678c/spring-data-commons-1.12.11.RELEASE.jar!/org/springframework/data/projection/DefaultMethodInvokingMethodInterceptor$MethodHandleLookup.class], URL [jar:file:/Users/ivan.garcia/.gradle/caches/modules-2/files-2.1/org.springframework.data/spring-data-commons/1.12.11.RELEASE/ac256a5df93c0c62d2ea3c835d0454f97bc5678c/spring-data-commons-1.12.11.RELEASE.jar!/org/springframework/data/projection/DefaultMethodInvokingMethodInterceptor.class], URL [jar:file:/Users/ivan.garcia/.gradle/caches/modules-2/files-2.1/org.springframework.data/spring-data-commons/1.12.11.RELEASE/ac256a5df93c0c62d2ea3c835d0454f97bc5678c/spring-data-commons-1.12.11.RELEASE.jar!/org/springframework/data/projection/DefaultProjectionInformation.class], URL [jar:file:/Users/ivan.garcia/.gradle/caches/modules-2/files-2.1/org.springframework.data/spring-data-commons/1.12.11.RELEASE/ac256a5df93c0c62d2ea3c835d0454f97bc5678c/spring-data-commons-1.12.11.RELEASE.jar!/org/springframework/data/projection/MapAccessingMethodInterceptor$Accessor.class], URL [jar:file:/Users/ivan.garcia/.gradle/caches/modules-2/files-2.1/org.springframework.data/spring-data-commons/1.12.11.RELEASE/ac256a5df93c0c62d2ea3c835d0454f97bc5678c/spring-data-commons-1.12.11.RELEASE.jar!/org/springframework/data/projection/MapAccessingMethodInterceptor.class], URL [jar:file:/Users/ivan.garcia/.gradle/caches/modules-2/files-2.1/org.springframework.data/spring-data-commons/1.12.11.RELEASE/ac256a5df93c0c62d2ea3c835d0454f97bc5678c/spring-data-commons-1.12.11.RELEASE.jar!/org/springframework/data/projection/ProjectingMethodInterceptor.class], URL [jar:file:/Users/ivan.garcia/.gradle/caches/modules-2/files-2.1/org.springframework.data/spring-data-commons/1.12.11.RELEASE/ac256a5df93c0c62d2ea3c835d0454f97bc5678c/spring-data-commons-1.12.11.RELEASE.jar!/org/springframework/data/projection/ProjectionFactory.class], URL [jar:file:/Users/ivan.garcia/.gradle/caches/modules-2/files-2.1/org.springframework.data/spring-data-commons/1.12.11.RELEASE/ac256a5df93c0c62d2ea3c835d0454f97bc5678c/spring-data-commons-1.12.11.RELEASE.jar!/org/springframework/data/projection/ProjectionInformation.class], URL [jar:file:/Users/ivan.garcia/.gradle/caches/modules-2/files-2.1/org.springframework.data/spring-data-commons/1.12.11.RELEASE/ac256a5df93c0c62d2ea3c835d0454f97bc5678c/spring-data-commons-1.12.11.RELEASE.jar!/org/springframework/data/projection/PropertyAccessingMethodInterceptor.class], URL [jar:file:/Users/ivan.garcia/.gradle/caches/modules-2/files-2.1/org.springframework.data/spring-data-commons/1.12.11.RELEASE/ac256a5df93c0c62d2ea3c835d0454f97bc5678c/spring-data-commons-1.12.11.RELEASE.jar!/org/springframework/data/projection/ProxyProjectionFactory$TargetAwareMethodInterceptor.class], URL [jar:file:/Users/ivan.garcia/.gradle/caches/modules-2/files-2.1/org.springframework.data/spring-data-commons/1.12.11.RELEASE/ac256a5df93c0c62d2ea3c835d0454f97bc5678c/spring-data-commons-1.12.11.RELEASE.jar!/org/springframework/data/projection/ProxyProjectionFactory.class], URL [jar:file:/Users/ivan.garcia/.gradle/caches/modules-2/files-2.1/org.springframework.data/spring-data-commons/1.12.11.RELEASE/ac256a5df93c0c62d2ea3c835d0454f97bc5678c/spring-data-commons-1.12.11.RELEASE.jar!/org/springframework/data/projection/SpelAwareProxyProjectionFactory$1.class], URL [jar:file:/Users/ivan.garcia/.gradle/caches/modules-2/files-2.1/org.springframework.data/spring-data-commons/1.12.11.RELEASE/ac256a5df93c0c62d2ea3c835d0454f97bc5678c/spring-data-commons-1.12.11.RELEASE.jar!/org/springframework/data/projection/SpelAwareProxyProjectionFactory.class], URL [jar:file:/Users/ivan.garcia/.gradle/caches/modules-2/files-2.1/org.springframework.data/spring-data-commons/1.12.11.RELEASE/ac256a5df93c0c62d2ea3c835d0454f97bc5678c/spring-data-commons-1.12.11.RELEASE.jar!/org/springframework/data/projection/SpelEvaluatingMethodInterceptor$TargetWrapper.class], URL [jar:file:/Users/ivan.garcia/.gradle/caches/modules-2/files-2.1/org.springframework.data/spring-data-commons/1.12.11.RELEASE/ac256a5df93c0c62d2ea3c835d0454f97bc5678c/spring-data-commons-1.12.11.RELEASE.jar!/org/springframework/data/projection/SpelEvaluatingMethodInterceptor.class], URL [jar:file:/Users/ivan.garcia/.gradle/caches/modules-2/files-2.1/org.springframework.data/spring-data-commons/1.12.11.RELEASE/ac256a5df93c0c62d2ea3c835d0454f97bc5678c/spring-data-commons-1.12.11.RELEASE.jar!/org/springframework/data/projection/TargetAware.class], URL [jar:file:/Users/ivan.garcia/.gradle/caches/modules-2/files-2.1/org.springframework.data/spring-data-commons/1.12.11.RELEASE/ac256a5df93c0c62d2ea3c835d0454f97bc5678c/spring-data-commons-1.12.11.RELEASE.jar!/org/springframework/data/querydsl/binding/MultiValueBinding.class], URL [jar:file:/Users/ivan.garcia/.gradle/caches/modules-2/files-2.1/org.springframework.data/spring-data-commons/1.12.11.RELEASE/ac256a5df93c0c62d2ea3c835d0454f97bc5678c/spring-data-commons-1.12.11.RELEASE.jar!/org/springframework/data/querydsl/binding/QuerydslBinderCustomizer.class], URL [jar:file:/Users/ivan.garcia/.gradle/caches/modules-2/files-2.1/org.springframework.data/spring-data-commons/1.12.11.RELEASE/ac256a5df93c0c62d2ea3c835d0454f97bc5678c/spring-data-commons-1.12.11.RELEASE.jar!/org/springframework/data/querydsl/binding/QuerydslBindings$1.class], URL [jar:file:/Users/ivan.garcia/.gradle/caches/modules-2/files-2.1/org.springframework.data/spring-data-commons/1.12.11.RELEASE/ac256a5df93c0c62d2ea3c835d0454f97bc5678c/spring-data-commons-1.12.11.RELEASE.jar!/org/springframework/data/querydsl/binding/QuerydslBindings$AliasingPathBinder.class], URL [jar:file:/Users/ivan.garcia/.gradle/caches/modules-2/files-2.1/org.springframework.data/spring-data-commons/1.12.11.RELEASE/ac256a5df93c0c62d2ea3c835d0454f97bc5678c/spring-data-commons-1.12.11.RELEASE.jar!/org/springframework/data/querydsl/binding/QuerydslBindings$MultiValueBindingAdapter.class], URL [jar:file:/Users/ivan.garcia/.gradle/caches/modules-2/files-2.1/org.springframework.data/spring-data-commons/1.12.11.RELEASE/ac256a5df93c0c62d2ea3c835d0454f97bc5678c/spring-data-commons-1.12.11.RELEASE.jar!/org/springframework/data/querydsl/binding/QuerydslBindings$PathAndBinding.class], URL [jar:file:/Users/ivan.garcia/.gradle/caches/modules-2/files-2.1/org.springframework.data/spring-data-commons/1.12.11.RELEASE/ac256a5df93c0c62d2ea3c835d0454f97bc5678c/spring-data-commons-1.12.11.RELEASE.jar!/org/springframework/data/querydsl/binding/QuerydslBindings$PathBinder.class], URL [jar:file:/Users/ivan.garcia/.gradle/caches/modules-2/files-2.1/org.springframework.data/spring-data-commons/1.12.11.RELEASE/ac256a5df93c0c62d2ea3c835d0454f97bc5678c/spring-data-commons-1.12.11.RELEASE.jar!/org/springframework/data/querydsl/binding/QuerydslBindings$TypeBinder.class], URL [jar:file:/Users/ivan.garcia/.gradle/caches/modules-2/files-2.1/org.springframework.data/spring-data-commons/1.12.11.RELEASE/ac256a5df93c0c62d2ea3c835d0454f97bc5678c/spring-data-commons-1.12.11.RELEASE.jar!/org/springframework/data/querydsl/binding/QuerydslBindings.class], URL [jar:file:/Users/ivan.garcia/.gradle/caches/modules-2/files-2.1/org.springframework.data/spring-data-commons/1.12.11.RELEASE/ac256a5df93c0c62d2ea3c835d0454f97bc5678c/spring-data-commons-1.12.11.RELEASE.jar!/org/springframework/data/querydsl/binding/QuerydslBindingsFactory$NoOpCustomizer.class], URL [jar:file:/Users/ivan.garcia/.gradle/caches/modules-2/files-2.1/org.springframework.data/spring-data-commons/1.12.11.RELEASE/ac256a5df93c0c62d2ea3c835d0454f97bc5678c/spring-data-commons-1.12.11.RELEASE.jar!/org/springframework/data/querydsl/binding/QuerydslBindingsFactory.class], URL [jar:file:/Users/ivan.garcia/.gradle/caches/modules-2/files-2.1/org.springframework.data/spring-data-commons/1.12.11.RELEASE/ac256a5df93c0c62d2ea3c835d0454f97bc5678c/spring-data-commons-1.12.11.RELEASE.jar!/org/springframework/data/querydsl/binding/QuerydslDefaultBinding.class], URL [jar:file:/Users/ivan.garcia/.gradle/caches/modules-2/files-2.1/org.springframework.data/spring-data-commons/1.12.11.RELEASE/ac256a5df93c0c62d2ea3c835d0454f97bc5678c/spring-data-commons-1.12.11.RELEASE.jar!/org/springframework/data/querydsl/binding/QuerydslPredicate.class], URL [jar:file:/Users/ivan.garcia/.gradle/caches/modules-2/files-2.1/org.springframework.data/spring-data-commons/1.12.11.RELEASE/ac256a5df93c0c62d2ea3c835d0454f97bc5678c/spring-data-commons-1.12.11.RELEASE.jar!/org/springframework/data/querydsl/binding/QuerydslPredicateBuilder.class], URL [jar:file:/Users/ivan.garcia/.gradle/caches/modules-2/files-2.1/org.springframework.data/spring-data-commons/1.12.11.RELEASE/ac256a5df93c0c62d2ea3c835d0454f97bc5678c/spring-data-commons-1.12.11.RELEASE.jar!/org/springframework/data/querydsl/binding/SingleValueBinding.class], URL [jar:file:/Users/ivan.garcia/.gradle/caches/modules-2/files-2.1/org.springframework.data/spring-data-commons/1.12.11.RELEASE/ac256a5df93c0c62d2ea3c835d0454f97bc5678c/spring-data-commons-1.12.11.RELEASE.jar!/org/springframework/data/querydsl/EntityPathResolver.class], URL [jar:file:/Users/ivan.garcia/.gradle/caches/modules-2/files-2.1/org.springframework.data/spring-data-commons/1.12.11.RELEASE/ac256a5df93c0c62d2ea3c835d0454f97bc5678c/spring-data-commons-1.12.11.RELEASE.jar!/org/springframework/data/querydsl/QPageRequest.class], URL [jar:file:/Users/ivan.garcia/.gradle/caches/modules-2/files-2.1/org.springframework.data/spring-data-commons/1.12.11.RELEASE/ac256a5df93c0c62d2ea3c835d0454f97bc5678c/spring-data-commons-1.12.11.RELEASE.jar!/org/springframework/data/querydsl/QSort.class], URL [jar:file:/Users/ivan.garcia/.gradle/caches/modules-2/files-2.1/org.springframework.data/spring-data-commons/1.12.11.RELEASE/ac256a5df93c0c62d2ea3c835d0454f97bc5678c/spring-data-commons-1.12.11.RELEASE.jar!/org/springframework/data/querydsl/QueryDslPredicateExecutor.class], URL [jar:file:/Users/ivan.garcia/.gradle/caches/modules-2/files-2.1/org.springframework.data/spring-data-commons/1.12.11.RELEASE/ac256a5df93c0c62d2ea3c835d0454f97bc5678c/spring-data-commons-1.12.11.RELEASE.jar!/org/springframework/data/querydsl/QuerydslRepositoryInvokerAdapter.class], URL [jar:file:/Users/ivan.garcia/.gradle/caches/modules-2/files-2.1/org.springframework.data/spring-data-commons/1.12.11.RELEASE/ac256a5df93c0c62d2ea3c835d0454f97bc5678c/spring-data-commons-1.12.11.RELEASE.jar!/org/springframework/data/querydsl/QueryDslUtils.class], URL [jar:file:/Users/ivan.garcia/.gradle/caches/modules-2/files-2.1/org.springframework.data/spring-data-commons/1.12.11.RELEASE/ac256a5df93c0c62d2ea3c835d0454f97bc5678c/spring-data-commons-1.12.11.RELEASE.jar!/org/springframework/data/querydsl/SimpleEntityPathResolver.class], URL [jar:file:/Users/ivan.garcia/.gradle/caches/modules-2/files-2.1/org.springframework.data/spring-data-commons/1.12.11.RELEASE/ac256a5df93c0c62d2ea3c835d0454f97bc5678c/spring-data-commons-1.12.11.RELEASE.jar!/org/springframework/data/repository/cdi/CdiRepositoryBean$DefaultCdiRepositoryConfiguration.class], URL [jar:file:/Users/ivan.garcia/.gradle/caches/modules-2/files-2.1/org.springframework.data/spring-data-commons/1.12.11.RELEASE/ac256a5df93c0c62d2ea3c835d0454f97bc5678c/spring-data-commons-1.12.11.RELEASE.jar!/org/springframework/data/repository/cdi/CdiRepositoryBean.class], URL [jar:file:/Users/ivan.garcia/.gradle/caches/modules-2/files-2.1/org.springframework.data/spring-data-commons/1.12.11.RELEASE/ac256a5df93c0c62d2ea3c835d0454f97bc5678c/spring-data-commons-1.12.11.RELEASE.jar!/org/springframework/data/repository/cdi/CdiRepositoryConfiguration.class], URL [jar:file:/Users/ivan.garcia/.gradle/caches/modules-2/files-2.1/org.springframework.data/spring-data-commons/1.12.11.RELEASE/ac256a5df93c0c62d2ea3c835d0454f97bc5678c/spring-data-commons-1.12.11.RELEASE.jar!/org/springframework/data/repository/cdi/CdiRepositoryExtensionSupport$AnyAnnotationLiteral.class], URL [jar:file:/Users/ivan.garcia/.gradle/caches/modules-2/files-2.1/org.springframework.data/spring-data-commons/1.12.11.RELEASE/ac256a5df93c0c62d2ea3c835d0454f97bc5678c/spring-data-commons-1.12.11.RELEASE.jar!/org/springframework/data/repository/cdi/CdiRepositoryExtensionSupport$DefaultAnnotationLiteral.class], URL [jar:file:/Users/ivan.garcia/.gradle/caches/modules-2/files-2.1/org.springframework.data/spring-data-commons/1.12.11.RELEASE/ac256a5df93c0c62d2ea3c835d0454f97bc5678c/spring-data-commons-1.12.11.RELEASE.jar!/org/springframework/data/repository/cdi/CdiRepositoryExtensionSupport.class], URL [jar:file:/Users/ivan.garcia/.gradle/caches/modules-2/files-2.1/org.springframework.data/spring-data-commons/1.12.11.RELEASE/ac256a5df93c0c62d2ea3c835d0454f97bc5678c/spring-data-commons-1.12.11.RELEASE.jar!/org/springframework/data/repository/cdi/Eager.class], URL [jar:file:/Users/ivan.garcia/.gradle/caches/modules-2/files-2.1/org.springframework.data/spring-data-commons/1.12.11.RELEASE/ac256a5df93c0c62d2ea3c835d0454f97bc5678c/spring-data-commons-1.12.11.RELEASE.jar!/org/springframework/data/repository/config/AnnotationRepositoryConfigurationSource$1.class], URL [jar:file:/Users/ivan.garcia/.gradle/caches/modules-2/files-2.1/org.springframework.data/spring-data-commons/1.12.11.RELEASE/ac256a5df93c0c62d2ea3c835d0454f97bc5678c/spring-data-commons-1.12.11.RELEASE.jar!/org/springframework/data/repository/config/AnnotationRepositoryConfigurationSource.class], URL [jar:file:/Users/ivan.garcia/.gradle/caches/modules-2/files-2.1/org.springframework.data/spring-data-commons/1.12.11.RELEASE/ac256a5df93c0c62d2ea3c835d0454f97bc5678c/spring-data-commons-1.12.11.RELEASE.jar!/org/springframework/data/repository/config/CustomRepositoryImplementationDetector.class], URL [jar:file:/Users/ivan.garcia/.gradle/caches/modules-2/files-2.1/org.springframework.data/spring-data-commons/1.12.11.RELEASE/ac256a5df93c0c62d2ea3c835d0454f97bc5678c/spring-data-commons-1.12.11.RELEASE.jar!/org/springframework/data/repository/config/DefaultRepositoryBaseClass.class], URL [jar:file:/Users/ivan.garcia/.gradle/caches/modules-2/files-2.1/org.springframework.data/spring-data-commons/1.12.11.RELEASE/ac256a5df93c0c62d2ea3c835d0454f97bc5678c/spring-data-commons-1.12.11.RELEASE.jar!/org/springframework/data/repository/config/DefaultRepositoryConfiguration.class], URL [jar:file:/Users/ivan.garcia/.gradle/caches/modules-2/files-2.1/org.springframework.data/spring-data-commons/1.12.11.RELEASE/ac256a5df93c0c62d2ea3c835d0454f97bc5678c/spring-data-commons-1.12.11.RELEASE.jar!/org/springframework/data/repository/config/NamedQueriesBeanDefinitionBuilder.class], URL [jar:file:/Users/ivan.garcia/.gradle/caches/modules-2/files-2.1/org.springframework.data/spring-data-commons/1.12.11.RELEASE/ac256a5df93c0c62d2ea3c835d0454f97bc5678c/spring-data-commons-1.12.11.RELEASE.jar!/org/springframework/data/repository/config/NamedQueriesBeanDefinitionParser.class], URL [jar:file:/Users/ivan.garcia/.gradle/caches/modules-2/files-2.1/org.springframework.data/spring-data-commons/1.12.11.RELEASE/ac256a5df93c0c62d2ea3c835d0454f97bc5678c/spring-data-commons-1.12.11.RELEASE.jar!/org/springframework/data/repository/config/RepositoryBeanDefinitionBuilder.class], URL [jar:file:/Users/ivan.garcia/.gradle/caches/modules-2/files-2.1/org.springframework.data/spring-data-commons/1.12.11.RELEASE/ac256a5df93c0c62d2ea3c835d0454f97bc5678c/spring-data-commons-1.12.11.RELEASE.jar!/org/springframework/data/repository/config/RepositoryBeanDefinitionParser.class], URL [jar:file:/Users/ivan.garcia/.gradle/caches/modules-2/files-2.1/org.springframework.data/spring-data-commons/1.12.11.RELEASE/ac256a5df93c0c62d2ea3c835d0454f97bc5678c/spring-data-commons-1.12.11.RELEASE.jar!/org/springframework/data/repository/config/RepositoryBeanDefinitionRegistrarSupport.class], URL [jar:file:/Users/ivan.garcia/.gradle/caches/modules-2/files-2.1/org.springframework.data/spring-data-commons/1.12.11.RELEASE/ac256a5df93c0c62d2ea3c835d0454f97bc5678c/spring-data-commons-1.12.11.RELEASE.jar!/org/springframework/data/repository/config/RepositoryBeanNameGenerator.class], URL [jar:file:/Users/ivan.garcia/.gradle/caches/modules-2/files-2.1/org.springframework.data/spring-data-commons/1.12.11.RELEASE/ac256a5df93c0c62d2ea3c835d0454f97bc5678c/spring-data-commons-1.12.11.RELEASE.jar!/org/springframework/data/repository/config/RepositoryComponentProvider$AllTypeFilter.class], URL [jar:file:/Users/ivan.garcia/.gradle/caches/modules-2/files-2.1/org.springframework.data/spring-data-commons/1.12.11.RELEASE/ac256a5df93c0c62d2ea3c835d0454f97bc5678c/spring-data-commons-1.12.11.RELEASE.jar!/org/springframework/data/repository/config/RepositoryComponentProvider$InterfaceTypeFilter.class], URL [jar:file:/Users/ivan.garcia/.gradle/caches/modules-2/files-2.1/org.springframework.data/spring-data-commons/1.12.11.RELEASE/ac256a5df93c0c62d2ea3c835d0454f97bc5678c/spring-data-commons-1.12.11.RELEASE.jar!/org/springframework/data/repository/config/RepositoryComponentProvider.class], URL [jar:file:/Users/ivan.garcia/.gradle/caches/modules-2/files-2.1/org.springframework.data/spring-data-commons/1.12.11.RELEASE/ac256a5df93c0c62d2ea3c835d0454f97bc5678c/spring-data-commons-1.12.11.RELEASE.jar!/org/springframework/data/repository/config/RepositoryConfiguration.class], URL [jar:file:/Users/ivan.garcia/.gradle/caches/modules-2/files-2.1/org.springframework.data/spring-data-commons/1.12.11.RELEASE/ac256a5df93c0c62d2ea3c835d0454f97bc5678c/spring-data-commons-1.12.11.RELEASE.jar!/org/springframework/data/repository/config/RepositoryConfigurationDelegate.class], URL [jar:file:/Users/ivan.garcia/.gradle/caches/modules-2/files-2.1/org.springframework.data/spring-data-commons/1.12.11.RELEASE/ac256a5df93c0c62d2ea3c835d0454f97bc5678c/spring-data-commons-1.12.11.RELEASE.jar!/org/springframework/data/repository/config/RepositoryConfigurationExtension.class], URL [jar:file:/Users/ivan.garcia/.gradle/caches/modules-2/files-2.1/org.springframework.data/spring-data-commons/1.12.11.RELEASE/ac256a5df93c0c62d2ea3c835d0454f97bc5678c/spring-data-commons-1.12.11.RELEASE.jar!/org/springframework/data/repository/config/RepositoryConfigurationExtensionSupport.class], URL [jar:file:/Users/ivan.garcia/.gradle/caches/modules-2/files-2.1/org.springframework.data/spring-data-commons/1.12.11.RELEASE/ac256a5df93c0c62d2ea3c835d0454f97bc5678c/spring-data-commons-1.12.11.RELEASE.jar!/org/springframework/data/repository/config/RepositoryConfigurationSource.class], URL [jar:file:/Users/ivan.garcia/.gradle/caches/modules-2/files-2.1/org.springframework.data/spring-data-commons/1.12.11.RELEASE/ac256a5df93c0c62d2ea3c835d0454f97bc5678c/spring-data-commons-1.12.11.RELEASE.jar!/org/springframework/data/repository/config/RepositoryConfigurationSourceSupport.class], URL [jar:file:/Users/ivan.garcia/.gradle/caches/modules-2/files-2.1/org.springframework.data/spring-data-commons/1.12.11.RELEASE/ac256a5df93c0c62d2ea3c835d0454f97bc5678c/spring-data-commons-1.12.11.RELEASE.jar!/org/springframework/data/repository/config/RepositoryConfigurationUtils.class], URL [jar:file:/Users/ivan.garcia/.gradle/caches/modules-2/files-2.1/org.springframework.data/spring-data-commons/1.12.11.RELEASE/ac256a5df93c0c62d2ea3c835d0454f97bc5678c/spring-data-commons-1.12.11.RELEASE.jar!/org/springframework/data/repository/config/RepositoryNameSpaceHandler.class], URL [jar:file:/Users/ivan.garcia/.gradle/caches/modules-2/files-2.1/org.springframework.data/spring-data-commons/1.12.11.RELEASE/ac256a5df93c0c62d2ea3c835d0454f97bc5678c/spring-data-commons-1.12.11.RELEASE.jar!/org/springframework/data/repository/config/ResourceReaderRepositoryPopulatorBeanDefinitionParser.class], URL [jar:file:/Users/ivan.garcia/.gradle/caches/modules-2/files-2.1/org.springframework.data/spring-data-commons/1.12.11.RELEASE/ac256a5df93c0c62d2ea3c835d0454f97bc5678c/spring-data-commons-1.12.11.RELEASE.jar!/org/springframework/data/repository/config/XmlRepositoryConfigurationSource.class], URL [jar:file:/Users/ivan.garcia/.gradle/caches/modules-2/files-2.1/org.springframework.data/spring-data-commons/1.12.11.RELEASE/ac256a5df93c0c62d2ea3c835d0454f97bc5678c/spring-data-commons-1.12.11.RELEASE.jar!/org/springframework/data/repository/core/CrudMethods.class], URL [jar:file:/Users/ivan.garcia/.gradle/caches/modules-2/files-2.1/org.springframework.data/spring-data-commons/1.12.11.RELEASE/ac256a5df93c0c62d2ea3c835d0454f97bc5678c/spring-data-commons-1.12.11.RELEASE.jar!/org/springframework/data/repository/core/EntityInformation.class], URL [jar:file:/Users/ivan.garcia/.gradle/caches/modules-2/files-2.1/org.springframework.data/spring-data-commons/1.12.11.RELEASE/ac256a5df93c0c62d2ea3c835d0454f97bc5678c/spring-data-commons-1.12.11.RELEASE.jar!/org/springframework/data/repository/core/EntityMetadata.class], URL [jar:file:/Users/ivan.garcia/.gradle/caches/modules-2/files-2.1/org.springframework.data/spring-data-commons/1.12.11.RELEASE/ac256a5df93c0c62d2ea3c835d0454f97bc5678c/spring-data-commons-1.12.11.RELEASE.jar!/org/springframework/data/repository/core/NamedQueries.class], URL [jar:file:/Users/ivan.garcia/.gradle/caches/modules-2/files-2.1/org.springframework.data/spring-data-commons/1.12.11.RELEASE/ac256a5df93c0c62d2ea3c835d0454f97bc5678c/spring-data-commons-1.12.11.RELEASE.jar!/org/springframework/data/repository/core/RepositoryInformation.class], URL [jar:file:/Users/ivan.garcia/.gradle/caches/modules-2/files-2.1/org.springframework.data/spring-data-commons/1.12.11.RELEASE/ac256a5df93c0c62d2ea3c835d0454f97bc5678c/spring-data-commons-1.12.11.RELEASE.jar!/org/springframework/data/repository/core/RepositoryMetadata.class], URL [jar:file:/Users/ivan.garcia/.gradle/caches/modules-2/files-2.1/org.springframework.data/spring-data-commons/1.12.11.RELEASE/ac256a5df93c0c62d2ea3c835d0454f97bc5678c/spring-data-commons-1.12.11.RELEASE.jar!/org/springframework/data/repository/core/support/AbstractEntityInformation.class], URL [jar:file:/Users/ivan.garcia/.gradle/caches/modules-2/files-2.1/org.springframework.data/spring-data-commons/1.12.11.RELEASE/ac256a5df93c0c62d2ea3c835d0454f97bc5678c/spring-data-commons-1.12.11.RELEASE.jar!/org/springframework/data/repository/core/support/AbstractRepositoryMetadata.class], URL [jar:file:/Users/ivan.garcia/.gradle/caches/modules-2/files-2.1/org.springframework.data/spring-data-commons/1.12.11.RELEASE/ac256a5df93c0c62d2ea3c835d0454f97bc5678c/spring-data-commons-1.12.11.RELEASE.jar!/org/springframework/data/repository/core/support/AnnotationRepositoryMetadata.class], URL [jar:file:/Users/ivan.garcia/.gradle/caches/modules-2/files-2.1/org.springframework.data/spring-data-commons/1.12.11.RELEASE/ac256a5df93c0c62d2ea3c835d0454f97bc5678c/spring-data-commons-1.12.11.RELEASE.jar!/org/springframework/data/repository/core/support/DefaultCrudMethods.class], URL [jar:file:/Users/ivan.garcia/.gradle/caches/modules-2/files-2.1/org.springframework.data/spring-data-commons/1.12.11.RELEASE/ac256a5df93c0c62d2ea3c835d0454f97bc5678c/spring-data-commons-1.12.11.RELEASE.jar!/org/springframework/data/repository/core/support/DefaultRepositoryInformation.class], URL [jar:file:/Users/ivan.garcia/.gradle/caches/modules-2/files-2.1/org.springframework.data/spring-data-commons/1.12.11.RELEASE/ac256a5df93c0c62d2ea3c835d0454f97bc5678c/spring-data-commons-1.12.11.RELEASE.jar!/org/springframework/data/repository/core/support/DefaultRepositoryMetadata.class], URL [jar:file:/Users/ivan.garcia/.gradle/caches/modules-2/files-2.1/org.springframework.data/spring-data-commons/1.12.11.RELEASE/ac256a5df93c0c62d2ea3c835d0454f97bc5678c/spring-data-commons-1.12.11.RELEASE.jar!/org/springframework/data/repository/core/support/DelegatingEntityInformation.class], URL [jar:file:/Users/ivan.garcia/.gradle/caches/modules-2/files-2.1/org.springframework.data/spring-data-commons/1.12.11.RELEASE/ac256a5df93c0c62d2ea3c835d0454f97bc5678c/spring-data-commons-1.12.11.RELEASE.jar!/org/springframework/data/repository/core/support/ExampleMatcherAccessor.class], URL [jar:file:/Users/ivan.garcia/.gradle/caches/modules-2/files-2.1/org.springframework.data/spring-data-commons/1.12.11.RELEASE/ac256a5df93c0c62d2ea3c835d0454f97bc5678c/spring-data-commons-1.12.11.RELEASE.jar!/org/springframework/data/repository/core/support/FactoryBeanTypePredictingBeanPostProcessor.class], URL [jar:file:/Users/ivan.garcia/.gradle/caches/modules-2/files-2.1/org.springframework.data/spring-data-commons/1.12.11.RELEASE/ac256a5df93c0c62d2ea3c835d0454f97bc5678c/spring-data-commons-1.12.11.RELEASE.jar!/org/springframework/data/repository/core/support/PersistableEntityInformation.class], URL [jar:file:/Users/ivan.garcia/.gradle/caches/modules-2/files-2.1/org.springframework.data/spring-data-commons/1.12.11.RELEASE/ac256a5df93c0c62d2ea3c835d0454f97bc5678c/spring-data-commons-1.12.11.RELEASE.jar!/org/springframework/data/repository/core/support/PersistenceExceptionTranslationRepositoryProxyPostProcessor.class], URL [jar:file:/Users/ivan.garcia/.gradle/caches/modules-2/files-2.1/org.springframework.data/spring-data-commons/1.12.11.RELEASE/ac256a5df93c0c62d2ea3c835d0454f97bc5678c/spring-data-commons-1.12.11.RELEASE.jar!/org/springframework/data/repository/core/support/PersistentEntityInformation.class], URL [jar:file:/Users/ivan.garcia/.gradle/caches/modules-2/files-2.1/org.springframework.data/spring-data-commons/1.12.11.RELEASE/ac256a5df93c0c62d2ea3c835d0454f97bc5678c/spring-data-commons-1.12.11.RELEASE.jar!/org/springframework/data/repository/core/support/PropertiesBasedNamedQueries.class], URL [jar:file:/Users/ivan.garcia/.gradle/caches/modules-2/files-2.1/org.springframework.data/spring-data-commons/1.12.11.RELEASE/ac256a5df93c0c62d2ea3c835d0454f97bc5678c/spring-data-commons-1.12.11.RELEASE.jar!/org/springframework/data/repository/core/support/QueryCreationListener.class], URL [jar:file:/Users/ivan.garcia/.gradle/caches/modules-2/files-2.1/org.springframework.data/spring-data-commons/1.12.11.RELEASE/ac256a5df93c0c62d2ea3c835d0454f97bc5678c/spring-data-commons-1.12.11.RELEASE.jar!/org/springframework/data/repository/core/support/QueryExecutionResultHandler.class], URL [jar:file:/Users/ivan.garcia/.gradle/caches/modules-2/files-2.1/org.springframework.data/spring-data-commons/1.12.11.RELEASE/ac256a5df93c0c62d2ea3c835d0454f97bc5678c/spring-data-commons-1.12.11.RELEASE.jar!/org/springframework/data/repository/core/support/ReflectionEntityInformation$1.class], URL [jar:file:/Users/ivan.garcia/.gradle/caches/modules-2/files-2.1/org.springframework.data/spring-data-commons/1.12.11.RELEASE/ac256a5df93c0c62d2ea3c835d0454f97bc5678c/spring-data-commons-1.12.11.RELEASE.jar!/org/springframework/data/repository/core/support/ReflectionEntityInformation.class], URL [jar:file:/Users/ivan.garcia/.gradle/caches/modules-2/files-2.1/org.springframework.data/spring-data-commons/1.12.11.RELEASE/ac256a5df93c0c62d2ea3c835d0454f97bc5678c/spring-data-commons-1.12.11.RELEASE.jar!/org/springframework/data/repository/core/support/RepositoryFactoryBeanSupport.class], URL [jar:file:/Users/ivan.garcia/.gradle/caches/modules-2/files-2.1/org.springframework.data/spring-data-commons/1.12.11.RELEASE/ac256a5df93c0c62d2ea3c835d0454f97bc5678c/spring-data-commons-1.12.11.RELEASE.jar!/org/springframework/data/repository/core/support/RepositoryFactoryInformation.class], URL [jar:file:/Users/ivan.garcia/.gradle/caches/modules-2/files-2.1/org.springframework.data/spring-data-commons/1.12.11.RELEASE/ac256a5df93c0c62d2ea3c835d0454f97bc5678c/spring-data-commons-1.12.11.RELEASE.jar!/org/springframework/data/repository/core/support/RepositoryFactorySupport$1.class], URL [jar:file:/Users/ivan.garcia/.gradle/caches/modules-2/files-2.1/org.springframework.data/spring-data-commons/1.12.11.RELEASE/ac256a5df93c0c62d2ea3c835d0454f97bc5678c/spring-data-commons-1.12.11.RELEASE.jar!/org/springframework/data/repository/core/support/RepositoryFactorySupport$QueryCollectingQueryCreationListener.class], URL [jar:file:/Users/ivan.garcia/.gradle/caches/modules-2/files-2.1/org.springframework.data/spring-data-commons/1.12.11.RELEASE/ac256a5df93c0c62d2ea3c835d0454f97bc5678c/spring-data-commons-1.12.11.RELEASE.jar!/org/springframework/data/repository/core/support/RepositoryFactorySupport$QueryExecutorMethodInterceptor.class], URL [jar:file:/Users/ivan.garcia/.gradle/caches/modules-2/files-2.1/org.springframework.data/spring-data-commons/1.12.11.RELEASE/ac256a5df93c0c62d2ea3c835d0454f97bc5678c/spring-data-commons-1.12.11.RELEASE.jar!/org/springframework/data/repository/core/support/RepositoryFactorySupport$RepositoryInformationCacheKey.class], URL [jar:file:/Users/ivan.garcia/.gradle/caches/modules-2/files-2.1/org.springframework.data/spring-data-commons/1.12.11.RELEASE/ac256a5df93c0c62d2ea3c835d0454f97bc5678c/spring-data-commons-1.12.11.RELEASE.jar!/org/springframework/data/repository/core/support/RepositoryFactorySupport.class], URL [jar:file:/Users/ivan.garcia/.gradle/caches/modules-2/files-2.1/org.springframework.data/spring-data-commons/1.12.11.RELEASE/ac256a5df93c0c62d2ea3c835d0454f97bc5678c/spring-data-commons-1.12.11.RELEASE.jar!/org/springframework/data/repository/core/support/RepositoryProxyPostProcessor.class], URL [jar:file:/Users/ivan.garcia/.gradle/caches/modules-2/files-2.1/org.springframework.data/spring-data-commons/1.12.11.RELEASE/ac256a5df93c0c62d2ea3c835d0454f97bc5678c/spring-data-commons-1.12.11.RELEASE.jar!/org/springframework/data/repository/core/support/TransactionalRepositoryFactoryBeanSupport.class], URL [jar:file:/Users/ivan.garcia/.gradle/caches/modules-2/files-2.1/org.springframework.data/spring-data-commons/1.12.11.RELEASE/ac256a5df93c0c62d2ea3c835d0454f97bc5678c/spring-data-commons-1.12.11.RELEASE.jar!/org/springframework/data/repository/core/support/TransactionalRepositoryProxyPostProcessor$AbstractFallbackTransactionAttributeSource$DefaultCacheKey.class], URL [jar:file:/Users/ivan.garcia/.gradle/caches/modules-2/files-2.1/org.springframework.data/spring-data-commons/1.12.11.RELEASE/ac256a5df93c0c62d2ea3c835d0454f97bc5678c/spring-data-commons-1.12.11.RELEASE.jar!/org/springframework/data/repository/core/support/TransactionalRepositoryProxyPostProcessor$AbstractFallbackTransactionAttributeSource.class], URL [jar:file:/Users/ivan.garcia/.gradle/caches/modules-2/files-2.1/org.springframework.data/spring-data-commons/1.12.11.RELEASE/ac256a5df93c0c62d2ea3c835d0454f97bc5678c/spring-data-commons-1.12.11.RELEASE.jar!/org/springframework/data/repository/core/support/TransactionalRepositoryProxyPostProcessor$CustomAnnotationTransactionAttributeSource.class], URL [jar:file:/Users/ivan.garcia/.gradle/caches/modules-2/files-2.1/org.springframework.data/spring-data-commons/1.12.11.RELEASE/ac256a5df93c0c62d2ea3c835d0454f97bc5678c/spring-data-commons-1.12.11.RELEASE.jar!/org/springframework/data/repository/core/support/TransactionalRepositoryProxyPostProcessor.class], URL [jar:file:/Users/ivan.garcia/.gradle/caches/modules-2/files-2.1/org.springframework.data/spring-data-commons/1.12.11.RELEASE/ac256a5df93c0c62d2ea3c835d0454f97bc5678c/spring-data-commons-1.12.11.RELEASE.jar!/org/springframework/data/repository/CrudRepository.class], URL [jar:file:/Users/ivan.garcia/.gradle/caches/modules-2/files-2.1/org.springframework.data/spring-data-commons/1.12.11.RELEASE/ac256a5df93c0c62d2ea3c835d0454f97bc5678c/spring-data-commons-1.12.11.RELEASE.jar!/org/springframework/data/repository/history/RevisionRepository.class], URL [jar:file:/Users/ivan.garcia/.gradle/caches/modules-2/files-2.1/org.springframework.data/spring-data-commons/1.12.11.RELEASE/ac256a5df93c0c62d2ea3c835d0454f97bc5678c/spring-data-commons-1.12.11.RELEASE.jar!/org/springframework/data/repository/history/support/RevisionEntityInformation.class], URL [jar:file:/Users/ivan.garcia/.gradle/caches/modules-2/files-2.1/org.springframework.data/spring-data-commons/1.12.11.RELEASE/ac256a5df93c0c62d2ea3c835d0454f97bc5678c/spring-data-commons-1.12.11.RELEASE.jar!/org/springframework/data/repository/init/AbstractRepositoryPopulatorFactoryBean.class], URL [jar:file:/Users/ivan.garcia/.gradle/caches/modules-2/files-2.1/org.springframework.data/spring-data-commons/1.12.11.RELEASE/ac256a5df93c0c62d2ea3c835d0454f97bc5678c/spring-data-commons-1.12.11.RELEASE.jar!/org/springframework/data/repository/init/Jackson2RepositoryPopulatorFactoryBean.class], URL [jar:file:/Users/ivan.garcia/.gradle/caches/modules-2/files-2.1/org.springframework.data/spring-data-commons/1.12.11.RELEASE/ac256a5df93c0c62d2ea3c835d0454f97bc5678c/spring-data-commons-1.12.11.RELEASE.jar!/org/springframework/data/repository/init/Jackson2ResourceReader.class], URL [jar:file:/Users/ivan.garcia/.gradle/caches/modules-2/files-2.1/org.springframework.data/spring-data-commons/1.12.11.RELEASE/ac256a5df93c0c62d2ea3c835d0454f97bc5678c/spring-data-commons-1.12.11.RELEASE.jar!/org/springframework/data/repository/init/RepositoriesPopulatedEvent.class], URL [jar:file:/Users/ivan.garcia/.gradle/caches/modules-2/files-2.1/org.springframework.data/spring-data-commons/1.12.11.RELEASE/ac256a5df93c0c62d2ea3c835d0454f97bc5678c/spring-data-commons-1.12.11.RELEASE.jar!/org/springframework/data/repository/init/RepositoryPopulator.class], URL [jar:file:/Users/ivan.garcia/.gradle/caches/modules-2/files-2.1/org.springframework.data/spring-data-commons/1.12.11.RELEASE/ac256a5df93c0c62d2ea3c835d0454f97bc5678c/spring-data-commons-1.12.11.RELEASE.jar!/org/springframework/data/repository/init/ResourceReader$Type.class], URL [jar:file:/Users/ivan.garcia/.gradle/caches/modules-2/files-2.1/org.springframework.data/spring-data-commons/1.12.11.RELEASE/ac256a5df93c0c62d2ea3c835d0454f97bc5678c/spring-data-commons-1.12.11.RELEASE.jar!/org/springframework/data/repository/init/ResourceReader.class], URL [jar:file:/Users/ivan.garcia/.gradle/caches/modules-2/files-2.1/org.springframework.data/spring-data-commons/1.12.11.RELEASE/ac256a5df93c0c62d2ea3c835d0454f97bc5678c/spring-data-commons-1.12.11.RELEASE.jar!/org/springframework/data/repository/init/ResourceReaderRepositoryPopulator.class], URL [jar:file:/Users/ivan.garcia/.gradle/caches/modules-2/files-2.1/org.springframework.data/spring-data-commons/1.12.11.RELEASE/ac256a5df93c0c62d2ea3c835d0454f97bc5678c/spring-data-commons-1.12.11.RELEASE.jar!/org/springframework/data/repository/init/UnmarshallerRepositoryPopulatorFactoryBean.class], URL [jar:file:/Users/ivan.garcia/.gradle/caches/modules-2/files-2.1/org.springframework.data/spring-data-commons/1.12.11.RELEASE/ac256a5df93c0c62d2ea3c835d0454f97bc5678c/spring-data-commons-1.12.11.RELEASE.jar!/org/springframework/data/repository/init/UnmarshallingResourceReader.class], URL [jar:file:/Users/ivan.garcia/.gradle/caches/modules-2/files-2.1/org.springframework.data/spring-data-commons/1.12.11.RELEASE/ac256a5df93c0c62d2ea3c835d0454f97bc5678c/spring-data-commons-1.12.11.RELEASE.jar!/org/springframework/data/repository/NoRepositoryBean.class], URL [jar:file:/Users/ivan.garcia/.gradle/caches/modules-2/files-2.1/org.springframework.data/spring-data-commons/1.12.11.RELEASE/ac256a5df93c0c62d2ea3c835d0454f97bc5678c/spring-data-commons-1.12.11.RELEASE.jar!/org/springframework/data/repository/PagingAndSortingRepository.class], URL [jar:file:/Users/ivan.garcia/.gradle/caches/modules-2/files-2.1/org.springframework.data/spring-data-commons/1.12.11.RELEASE/ac256a5df93c0c62d2ea3c835d0454f97bc5678c/spring-data-commons-1.12.11.RELEASE.jar!/org/springframework/data/repository/query/DefaultEvaluationContextProvider.class], URL [jar:file:/Users/ivan.garcia/.gradle/caches/modules-2/files-2.1/org.springframework.data/spring-data-commons/1.12.11.RELEASE/ac256a5df93c0c62d2ea3c835d0454f97bc5678c/spring-data-commons-1.12.11.RELEASE.jar!/org/springframework/data/repository/query/DefaultParameters.class], URL [jar:file:/Users/ivan.garcia/.gradle/caches/modules-2/files-2.1/org.springframework.data/spring-data-commons/1.12.11.RELEASE/ac256a5df93c0c62d2ea3c835d0454f97bc5678c/spring-data-commons-1.12.11.RELEASE.jar!/org/springframework/data/repository/query/EvaluationContextExtensionInformation$1.class], URL [jar:file:/Users/ivan.garcia/.gradle/caches/modules-2/files-2.1/org.springframework.data/spring-data-commons/1.12.11.RELEASE/ac256a5df93c0c62d2ea3c835d0454f97bc5678c/spring-data-commons-1.12.11.RELEASE.jar!/org/springframework/data/repository/query/EvaluationContextExtensionInformation$ExtensionTypeInformation$1.class], URL [jar:file:/Users/ivan.garcia/.gradle/caches/modules-2/files-2.1/org.springframework.data/spring-data-commons/1.12.11.RELEASE/ac256a5df93c0c62d2ea3c835d0454f97bc5678c/spring-data-commons-1.12.11.RELEASE.jar!/org/springframework/data/repository/query/EvaluationContextExtensionInformation$ExtensionTypeInformation$PublicMethodAndFieldFilter.class], URL [jar:file:/Users/ivan.garcia/.gradle/caches/modules-2/files-2.1/org.springframework.data/spring-data-commons/1.12.11.RELEASE/ac256a5df93c0c62d2ea3c835d0454f97bc5678c/spring-data-commons-1.12.11.RELEASE.jar!/org/springframework/data/repository/query/EvaluationContextExtensionInformation$ExtensionTypeInformation.class], URL [jar:file:/Users/ivan.garcia/.gradle/caches/modules-2/files-2.1/org.springframework.data/spring-data-commons/1.12.11.RELEASE/ac256a5df93c0c62d2ea3c835d0454f97bc5678c/spring-data-commons-1.12.11.RELEASE.jar!/org/springframework/data/repository/query/EvaluationContextExtensionInformation$RootObjectInformation$1.class], URL [jar:file:/Users/ivan.garcia/.gradle/caches/modules-2/files-2.1/org.springframework.data/spring-data-commons/1.12.11.RELEASE/ac256a5df93c0c62d2ea3c835d0454f97bc5678c/spring-data-commons-1.12.11.RELEASE.jar!/org/springframework/data/repository/query/EvaluationContextExtensionInformation$RootObjectInformation$2.class], URL [jar:file:/Users/ivan.garcia/.gradle/caches/modules-2/files-2.1/org.springframework.data/spring-data-commons/1.12.11.RELEASE/ac256a5df93c0c62d2ea3c835d0454f97bc5678c/spring-data-commons-1.12.11.RELEASE.jar!/org/springframework/data/repository/query/EvaluationContextExtensionInformation$RootObjectInformation.class], URL [jar:file:/Users/ivan.garcia/.gradle/caches/modules-2/files-2.1/org.springframework.data/spring-data-commons/1.12.11.RELEASE/ac256a5df93c0c62d2ea3c835d0454f97bc5678c/spring-data-commons-1.12.11.RELEASE.jar!/org/springframework/data/repository/query/EvaluationContextExtensionInformation.class], URL [jar:file:/Users/ivan.garcia/.gradle/caches/modules-2/files-2.1/org.springframework.data/spring-data-commons/1.12.11.RELEASE/ac256a5df93c0c62d2ea3c835d0454f97bc5678c/spring-data-commons-1.12.11.RELEASE.jar!/org/springframework/data/repository/query/EvaluationContextProvider.class], URL [jar:file:/Users/ivan.garcia/.gradle/caches/modules-2/files-2.1/org.springframework.data/spring-data-commons/1.12.11.RELEASE/ac256a5df93c0c62d2ea3c835d0454f97bc5678c/spring-data-commons-1.12.11.RELEASE.jar!/org/springframework/data/repository/query/ExtensionAwareEvaluationContextProvider$EvaluationContextExtensionAdapter.class], URL [jar:file:/Users/ivan.garcia/.gradle/caches/modules-2/files-2.1/org.springframework.data/spring-data-commons/1.12.11.RELEASE/ac256a5df93c0c62d2ea3c835d0454f97bc5678c/spring-data-commons-1.12.11.RELEASE.jar!/org/springframework/data/repository/query/ExtensionAwareEvaluationContextProvider$ExtensionAwarePropertyAccessor.class], URL [jar:file:/Users/ivan.garcia/.gradle/caches/modules-2/files-2.1/org.springframework.data/spring-data-commons/1.12.11.RELEASE/ac256a5df93c0c62d2ea3c835d0454f97bc5678c/spring-data-commons-1.12.11.RELEASE.jar!/org/springframework/data/repository/query/ExtensionAwareEvaluationContextProvider$FunctionMethodExecutor.class], URL [jar:file:/Users/ivan.garcia/.gradle/caches/modules-2/files-2.1/org.springframework.data/spring-data-commons/1.12.11.RELEASE/ac256a5df93c0c62d2ea3c835d0454f97bc5678c/spring-data-commons-1.12.11.RELEASE.jar!/org/springframework/data/repository/query/ExtensionAwareEvaluationContextProvider.class], URL [jar:file:/Users/ivan.garcia/.gradle/caches/modules-2/files-2.1/org.springframework.data/spring-data-commons/1.12.11.RELEASE/ac256a5df93c0c62d2ea3c835d0454f97bc5678c/spring-data-commons-1.12.11.RELEASE.jar!/org/springframework/data/repository/query/Param.class], URL [jar:file:/Users/ivan.garcia/.gradle/caches/modules-2/files-2.1/org.springframework.data/spring-data-commons/1.12.11.RELEASE/ac256a5df93c0c62d2ea3c835d0454f97bc5678c/spring-data-commons-1.12.11.RELEASE.jar!/org/springframework/data/repository/query/Parameter.class], URL [jar:file:/Users/ivan.garcia/.gradle/caches/modules-2/files-2.1/org.springframework.data/spring-data-commons/1.12.11.RELEASE/ac256a5df93c0c62d2ea3c835d0454f97bc5678c/spring-data-commons-1.12.11.RELEASE.jar!/org/springframework/data/repository/query/ParameterAccessor.class], URL [jar:file:/Users/ivan.garcia/.gradle/caches/modules-2/files-2.1/org.springframework.data/spring-data-commons/1.12.11.RELEASE/ac256a5df93c0c62d2ea3c835d0454f97bc5678c/spring-data-commons-1.12.11.RELEASE.jar!/org/springframework/data/repository/query/ParameterOutOfBoundsException.class], URL [jar:file:/Users/ivan.garcia/.gradle/caches/modules-2/files-2.1/org.springframework.data/spring-data-commons/1.12.11.RELEASE/ac256a5df93c0c62d2ea3c835d0454f97bc5678c/spring-data-commons-1.12.11.RELEASE.jar!/org/springframework/data/repository/query/Parameters.class], URL [jar:file:/Users/ivan.garcia/.gradle/caches/modules-2/files-2.1/org.springframework.data/spring-data-commons/1.12.11.RELEASE/ac256a5df93c0c62d2ea3c835d0454f97bc5678c/spring-data-commons-1.12.11.RELEASE.jar!/org/springframework/data/repository/query/ParametersParameterAccessor$BindableParameterIterator.class], URL [jar:file:/Users/ivan.garcia/.gradle/caches/modules-2/files-2.1/org.springframework.data/spring-data-commons/1.12.11.RELEASE/ac256a5df93c0c62d2ea3c835d0454f97bc5678c/spring-data-commons-1.12.11.RELEASE.jar!/org/springframework/data/repository/query/ParametersParameterAccessor.class], URL [jar:file:/Users/ivan.garcia/.gradle/caches/modules-2/files-2.1/org.springframework.data/spring-data-commons/1.12.11.RELEASE/ac256a5df93c0c62d2ea3c835d0454f97bc5678c/spring-data-commons-1.12.11.RELEASE.jar!/org/springframework/data/repository/query/parser/AbstractQueryCreator.class], URL [jar:file:/Users/ivan.garcia/.gradle/caches/modules-2/files-2.1/org.springframework.data/spring-data-commons/1.12.11.RELEASE/ac256a5df93c0c62d2ea3c835d0454f97bc5678c/spring-data-commons-1.12.11.RELEASE.jar!/org/springframework/data/repository/query/parser/OrderBySource.class], URL [jar:file:/Users/ivan.garcia/.gradle/caches/modules-2/files-2.1/org.springframework.data/spring-data-commons/1.12.11.RELEASE/ac256a5df93c0c62d2ea3c835d0454f97bc5678c/spring-data-commons-1.12.11.RELEASE.jar!/org/springframework/data/repository/query/parser/Part$IgnoreCaseType.class], URL [jar:file:/Users/ivan.garcia/.gradle/caches/modules-2/files-2.1/org.springframework.data/spring-data-commons/1.12.11.RELEASE/ac256a5df93c0c62d2ea3c835d0454f97bc5678c/spring-data-commons-1.12.11.RELEASE.jar!/org/springframework/data/repository/query/parser/Part$Type.class], URL [jar:file:/Users/ivan.garcia/.gradle/caches/modules-2/files-2.1/org.springframework.data/spring-data-commons/1.12.11.RELEASE/ac256a5df93c0c62d2ea3c835d0454f97bc5678c/spring-data-commons-1.12.11.RELEASE.jar!/org/springframework/data/repository/query/parser/Part.class], URL [jar:file:/Users/ivan.garcia/.gradle/caches/modules-2/files-2.1/org.springframework.data/spring-data-commons/1.12.11.RELEASE/ac256a5df93c0c62d2ea3c835d0454f97bc5678c/spring-data-commons-1.12.11.RELEASE.jar!/org/springframework/data/repository/query/parser/PartTree$OrPart.class], URL [jar:file:/Users/ivan.garcia/.gradle/caches/modules-2/files-2.1/org.springframework.data/spring-data-commons/1.12.11.RELEASE/ac256a5df93c0c62d2ea3c835d0454f97bc5678c/spring-data-commons-1.12.11.RELEASE.jar!/org/springframework/data/repository/query/parser/PartTree$Predicate.class], URL [jar:file:/Users/ivan.garcia/.gradle/caches/modules-2/files-2.1/org.springframework.data/spring-data-commons/1.12.11.RELEASE/ac256a5df93c0c62d2ea3c835d0454f97bc5678c/spring-data-commons-1.12.11.RELEASE.jar!/org/springframework/data/repository/query/parser/PartTree$Subject.class], URL [jar:file:/Users/ivan.garcia/.gradle/caches/modules-2/files-2.1/org.springframework.data/spring-data-commons/1.12.11.RELEASE/ac256a5df93c0c62d2ea3c835d0454f97bc5678c/spring-data-commons-1.12.11.RELEASE.jar!/org/springframework/data/repository/query/parser/PartTree.class], URL [jar:file:/Users/ivan.garcia/.gradle/caches/modules-2/files-2.1/org.springframework.data/spring-data-commons/1.12.11.RELEASE/ac256a5df93c0c62d2ea3c835d0454f97bc5678c/spring-data-commons-1.12.11.RELEASE.jar!/org/springframework/data/repository/query/QueryByExampleExecutor.class], URL [jar:file:/Users/ivan.garcia/.gradle/caches/modules-2/files-2.1/org.springframework.data/spring-data-commons/1.12.11.RELEASE/ac256a5df93c0c62d2ea3c835d0454f97bc5678c/spring-data-commons-1.12.11.RELEASE.jar!/org/springframework/data/repository/query/QueryCreationException.class], URL [jar:file:/Users/ivan.garcia/.gradle/caches/modules-2/files-2.1/org.springframework.data/spring-data-commons/1.12.11.RELEASE/ac256a5df93c0c62d2ea3c835d0454f97bc5678c/spring-data-commons-1.12.11.RELEASE.jar!/org/springframework/data/repository/query/QueryLookupStrategy$Key.class], URL [jar:file:/Users/ivan.garcia/.gradle/caches/modules-2/files-2.1/org.springframework.data/spring-data-commons/1.12.11.RELEASE/ac256a5df93c0c62d2ea3c835d0454f97bc5678c/spring-data-commons-1.12.11.RELEASE.jar!/org/springframework/data/repository/query/QueryLookupStrategy.class], URL [jar:file:/Users/ivan.garcia/.gradle/caches/modules-2/files-2.1/org.springframework.data/spring-data-commons/1.12.11.RELEASE/ac256a5df93c0c62d2ea3c835d0454f97bc5678c/spring-data-commons-1.12.11.RELEASE.jar!/org/springframework/data/repository/query/QueryMethod$1.class], URL [jar:file:/Users/ivan.garcia/.gradle/caches/modules-2/files-2.1/org.springframework.data/spring-data-commons/1.12.11.RELEASE/ac256a5df93c0c62d2ea3c835d0454f97bc5678c/spring-data-commons-1.12.11.RELEASE.jar!/org/springframework/data/repository/query/QueryMethod.class], URL [jar:file:/Users/ivan.garcia/.gradle/caches/modules-2/files-2.1/org.springframework.data/spring-data-commons/1.12.11.RELEASE/ac256a5df93c0c62d2ea3c835d0454f97bc5678c/spring-data-commons-1.12.11.RELEASE.jar!/org/springframework/data/repository/query/RepositoryQuery.class], URL [jar:file:/Users/ivan.garcia/.gradle/caches/modules-2/files-2.1/org.springframework.data/spring-data-commons/1.12.11.RELEASE/ac256a5df93c0c62d2ea3c835d0454f97bc5678c/spring-data-commons-1.12.11.RELEASE.jar!/org/springframework/data/repository/query/ResultProcessor$ChainingConverter$1.class], URL [jar:file:/Users/ivan.garcia/.gradle/caches/modules-2/files-2.1/org.springframework.data/spring-data-commons/1.12.11.RELEASE/ac256a5df93c0c62d2ea3c835d0454f97bc5678c/spring-data-commons-1.12.11.RELEASE.jar!/org/springframework/data/repository/query/ResultProcessor$ChainingConverter.class], URL [jar:file:/Users/ivan.garcia/.gradle/caches/modules-2/files-2.1/org.springframework.data/spring-data-commons/1.12.11.RELEASE/ac256a5df93c0c62d2ea3c835d0454f97bc5678c/spring-data-commons-1.12.11.RELEASE.jar!/org/springframework/data/repository/query/ResultProcessor$NoOpConverter.class], URL [jar:file:/Users/ivan.garcia/.gradle/caches/modules-2/files-2.1/org.springframework.data/spring-data-commons/1.12.11.RELEASE/ac256a5df93c0c62d2ea3c835d0454f97bc5678c/spring-data-commons-1.12.11.RELEASE.jar!/org/springframework/data/repository/query/ResultProcessor$ProjectingConverter.class], URL [jar:file:/Users/ivan.garcia/.gradle/caches/modules-2/files-2.1/org.springframework.data/spring-data-commons/1.12.11.RELEASE/ac256a5df93c0c62d2ea3c835d0454f97bc5678c/spring-data-commons-1.12.11.RELEASE.jar!/org/springframework/data/repository/query/ResultProcessor$StreamQueryResultHandler$1.class], URL [jar:file:/Users/ivan.garcia/.gradle/caches/modules-2/files-2.1/org.springframework.data/spring-data-commons/1.12.11.RELEASE/ac256a5df93c0c62d2ea3c835d0454f97bc5678c/spring-data-commons-1.12.11.RELEASE.jar!/org/springframework/data/repository/query/ResultProcessor$StreamQueryResultHandler.class], URL [jar:file:/Users/ivan.garcia/.gradle/caches/modules-2/files-2.1/org.springframework.data/spring-data-commons/1.12.11.RELEASE/ac256a5df93c0c62d2ea3c835d0454f97bc5678c/spring-data-commons-1.12.11.RELEASE.jar!/org/springframework/data/repository/query/ResultProcessor.class], URL [jar:file:/Users/ivan.garcia/.gradle/caches/modules-2/files-2.1/org.springframework.data/spring-data-commons/1.12.11.RELEASE/ac256a5df93c0c62d2ea3c835d0454f97bc5678c/spring-data-commons-1.12.11.RELEASE.jar!/org/springframework/data/repository/query/ReturnedType$1.class], URL [jar:file:/Users/ivan.garcia/.gradle/caches/modules-2/files-2.1/org.springframework.data/spring-data-commons/1.12.11.RELEASE/ac256a5df93c0c62d2ea3c835d0454f97bc5678c/spring-data-commons-1.12.11.RELEASE.jar!/org/springframework/data/repository/query/ReturnedType$ReturnedClass.class], URL [jar:file:/Users/ivan.garcia/.gradle/caches/modules-2/files-2.1/org.springframework.data/spring-data-commons/1.12.11.RELEASE/ac256a5df93c0c62d2ea3c835d0454f97bc5678c/spring-data-commons-1.12.11.RELEASE.jar!/org/springframework/data/repository/query/ReturnedType$ReturnedInterface.class], URL [jar:file:/Users/ivan.garcia/.gradle/caches/modules-2/files-2.1/org.springframework.data/spring-data-commons/1.12.11.RELEASE/ac256a5df93c0c62d2ea3c835d0454f97bc5678c/spring-data-commons-1.12.11.RELEASE.jar!/org/springframework/data/repository/query/ReturnedType.class], URL [jar:file:/Users/ivan.garcia/.gradle/caches/modules-2/files-2.1/org.springframework.data/spring-data-commons/1.12.11.RELEASE/ac256a5df93c0c62d2ea3c835d0454f97bc5678c/spring-data-commons-1.12.11.RELEASE.jar!/org/springframework/data/repository/query/spi/EvaluationContextExtension.class], URL [jar:file:/Users/ivan.garcia/.gradle/caches/modules-2/files-2.1/org.springframework.data/spring-data-commons/1.12.11.RELEASE/ac256a5df93c0c62d2ea3c835d0454f97bc5678c/spring-data-commons-1.12.11.RELEASE.jar!/org/springframework/data/repository/query/spi/EvaluationContextExtensionSupport.class], URL [jar:file:/Users/ivan.garcia/.gradle/caches/modules-2/files-2.1/org.springframework.data/spring-data-commons/1.12.11.RELEASE/ac256a5df93c0c62d2ea3c835d0454f97bc5678c/spring-data-commons-1.12.11.RELEASE.jar!/org/springframework/data/repository/query/spi/Function.class], URL [jar:file:/Users/ivan.garcia/.gradle/caches/modules-2/files-2.1/org.springframework.data/spring-data-commons/1.12.11.RELEASE/ac256a5df93c0c62d2ea3c835d0454f97bc5678c/spring-data-commons-1.12.11.RELEASE.jar!/org/springframework/data/repository/Repository.class], URL [jar:file:/Users/ivan.garcia/.gradle/caches/modules-2/files-2.1/org.springframework.data/spring-data-commons/1.12.11.RELEASE/ac256a5df93c0c62d2ea3c835d0454f97bc5678c/spring-data-commons-1.12.11.RELEASE.jar!/org/springframework/data/repository/RepositoryDefinition.class], URL [jar:file:/Users/ivan.garcia/.gradle/caches/modules-2/files-2.1/org.springframework.data/spring-data-commons/1.12.11.RELEASE/ac256a5df93c0c62d2ea3c835d0454f97bc5678c/spring-data-commons-1.12.11.RELEASE.jar!/org/springframework/data/repository/support/AnnotationAttribute.class], URL [jar:file:/Users/ivan.garcia/.gradle/caches/modules-2/files-2.1/org.springframework.data/spring-data-commons/1.12.11.RELEASE/ac256a5df93c0c62d2ea3c835d0454f97bc5678c/spring-data-commons-1.12.11.RELEASE.jar!/org/springframework/data/repository/support/CrudRepositoryInvoker.class], URL [jar:file:/Users/ivan.garcia/.gradle/caches/modules-2/files-2.1/org.springframework.data/spring-data-commons/1.12.11.RELEASE/ac256a5df93c0c62d2ea3c835d0454f97bc5678c/spring-data-commons-1.12.11.RELEASE.jar!/org/springframework/data/repository/support/DefaultRepositoryInvokerFactory.class], URL [jar:file:/Users/ivan.garcia/.gradle/caches/modules-2/files-2.1/org.springframework.data/spring-data-commons/1.12.11.RELEASE/ac256a5df93c0c62d2ea3c835d0454f97bc5678c/spring-data-commons-1.12.11.RELEASE.jar!/org/springframework/data/repository/support/DomainClassConverter$ToEntityConverter.class], URL [jar:file:/Users/ivan.garcia/.gradle/caches/modules-2/files-2.1/org.springframework.data/spring-data-commons/1.12.11.RELEASE/ac256a5df93c0c62d2ea3c835d0454f97bc5678c/spring-data-commons-1.12.11.RELEASE.jar!/org/springframework/data/repository/support/DomainClassConverter$ToIdConverter.class], URL [jar:file:/Users/ivan.garcia/.gradle/caches/modules-2/files-2.1/org.springframework.data/spring-data-commons/1.12.11.RELEASE/ac256a5df93c0c62d2ea3c835d0454f97bc5678c/spring-data-commons-1.12.11.RELEASE.jar!/org/springframework/data/repository/support/DomainClassConverter.class], URL [jar:file:/Users/ivan.garcia/.gradle/caches/modules-2/files-2.1/org.springframework.data/spring-data-commons/1.12.11.RELEASE/ac256a5df93c0c62d2ea3c835d0454f97bc5678c/spring-data-commons-1.12.11.RELEASE.jar!/org/springframework/data/repository/support/DomainClassPropertyEditor.class], URL [jar:file:/Users/ivan.garcia/.gradle/caches/modules-2/files-2.1/org.springframework.data/spring-data-commons/1.12.11.RELEASE/ac256a5df93c0c62d2ea3c835d0454f97bc5678c/spring-data-commons-1.12.11.RELEASE.jar!/org/springframework/data/repository/support/DomainClassPropertyEditorRegistrar.class], URL [jar:file:/Users/ivan.garcia/.gradle/caches/modules-2/files-2.1/org.springframework.data/spring-data-commons/1.12.11.RELEASE/ac256a5df93c0c62d2ea3c835d0454f97bc5678c/spring-data-commons-1.12.11.RELEASE.jar!/org/springframework/data/repository/support/MethodParameters$AnnotationNamingMethodParameter.class], URL [jar:file:/Users/ivan.garcia/.gradle/caches/modules-2/files-2.1/org.springframework.data/spring-data-commons/1.12.11.RELEASE/ac256a5df93c0c62d2ea3c835d0454f97bc5678c/spring-data-commons-1.12.11.RELEASE.jar!/org/springframework/data/repository/support/MethodParameters.class], URL [jar:file:/Users/ivan.garcia/.gradle/caches/modules-2/files-2.1/org.springframework.data/spring-data-commons/1.12.11.RELEASE/ac256a5df93c0c62d2ea3c835d0454f97bc5678c/spring-data-commons-1.12.11.RELEASE.jar!/org/springframework/data/repository/support/PagingAndSortingRepositoryInvoker.class], URL [jar:file:/Users/ivan.garcia/.gradle/caches/modules-2/files-2.1/org.springframework.data/spring-data-commons/1.12.11.RELEASE/ac256a5df93c0c62d2ea3c835d0454f97bc5678c/spring-data-commons-1.12.11.RELEASE.jar!/org/springframework/data/repository/support/QueryMethodParameterConversionException.class], URL [jar:file:/Users/ivan.garcia/.gradle/caches/modules-2/files-2.1/org.springframework.data/spring-data-commons/1.12.11.RELEASE/ac256a5df93c0c62d2ea3c835d0454f97bc5678c/spring-data-commons-1.12.11.RELEASE.jar!/org/springframework/data/repository/support/ReflectionRepositoryInvoker.class], URL [jar:file:/Users/ivan.garcia/.gradle/caches/modules-2/files-2.1/org.springframework.data/spring-data-commons/1.12.11.RELEASE/ac256a5df93c0c62d2ea3c835d0454f97bc5678c/spring-data-commons-1.12.11.RELEASE.jar!/org/springframework/data/repository/support/Repositories$EmptyRepositoryFactoryInformation.class], URL [jar:file:/Users/ivan.garcia/.gradle/caches/modules-2/files-2.1/org.springframework.data/spring-data-commons/1.12.11.RELEASE/ac256a5df93c0c62d2ea3c835d0454f97bc5678c/spring-data-commons-1.12.11.RELEASE.jar!/org/springframework/data/repository/support/Repositories.class], URL [jar:file:/Users/ivan.garcia/.gradle/caches/modules-2/files-2.1/org.springframework.data/spring-data-commons/1.12.11.RELEASE/ac256a5df93c0c62d2ea3c835d0454f97bc5678c/spring-data-commons-1.12.11.RELEASE.jar!/org/springframework/data/repository/support/RepositoryInvocationInformation.class], URL [jar:file:/Users/ivan.garcia/.gradle/caches/modules-2/files-2.1/org.springframework.data/spring-data-commons/1.12.11.RELEASE/ac256a5df93c0c62d2ea3c835d0454f97bc5678c/spring-data-commons-1.12.11.RELEASE.jar!/org/springframework/data/repository/support/RepositoryInvoker.class], URL [jar:file:/Users/ivan.garcia/.gradle/caches/modules-2/files-2.1/org.springframework.data/spring-data-commons/1.12.11.RELEASE/ac256a5df93c0c62d2ea3c835d0454f97bc5678c/spring-data-commons-1.12.11.RELEASE.jar!/org/springframework/data/repository/support/RepositoryInvokerFactory.class], URL [jar:file:/Users/ivan.garcia/.gradle/caches/modules-2/files-2.1/org.springframework.data/spring-data-commons/1.12.11.RELEASE/ac256a5df93c0c62d2ea3c835d0454f97bc5678c/spring-data-commons-1.12.11.RELEASE.jar!/org/springframework/data/repository/util/ClassUtils.class], URL [jar:file:/Users/ivan.garcia/.gradle/caches/modules-2/files-2.1/org.springframework.data/spring-data-commons/1.12.11.RELEASE/ac256a5df93c0c62d2ea3c835d0454f97bc5678c/spring-data-commons-1.12.11.RELEASE.jar!/org/springframework/data/repository/util/NullableWrapper.class], URL [jar:file:/Users/ivan.garcia/.gradle/caches/modules-2/files-2.1/org.springframework.data/spring-data-commons/1.12.11.RELEASE/ac256a5df93c0c62d2ea3c835d0454f97bc5678c/spring-data-commons-1.12.11.RELEASE.jar!/org/springframework/data/repository/util/QueryExecutionConverters$AbstractWrapperTypeConverter.class], URL [jar:file:/Users/ivan.garcia/.gradle/caches/modules-2/files-2.1/org.springframework.data/spring-data-commons/1.12.11.RELEASE/ac256a5df93c0c62d2ea3c835d0454f97bc5678c/spring-data-commons-1.12.11.RELEASE.jar!/org/springframework/data/repository/util/QueryExecutionConverters$GuavaOptionalUnwrapper.class], URL [jar:file:/Users/ivan.garcia/.gradle/caches/modules-2/files-2.1/org.springframework.data/spring-data-commons/1.12.11.RELEASE/ac256a5df93c0c62d2ea3c835d0454f97bc5678c/spring-data-commons-1.12.11.RELEASE.jar!/org/springframework/data/repository/util/QueryExecutionConverters$Jdk8OptionalUnwrapper.class], URL [jar:file:/Users/ivan.garcia/.gradle/caches/modules-2/files-2.1/org.springframework.data/spring-data-commons/1.12.11.RELEASE/ac256a5df93c0c62d2ea3c835d0454f97bc5678c/spring-data-commons-1.12.11.RELEASE.jar!/org/springframework/data/repository/util/QueryExecutionConverters$NullableWrapperToCompletableFutureConverter.class], URL [jar:file:/Users/ivan.garcia/.gradle/caches/modules-2/files-2.1/org.springframework.data/spring-data-commons/1.12.11.RELEASE/ac256a5df93c0c62d2ea3c835d0454f97bc5678c/spring-data-commons-1.12.11.RELEASE.jar!/org/springframework/data/repository/util/QueryExecutionConverters$NullableWrapperToFutureConverter.class], URL [jar:file:/Users/ivan.garcia/.gradle/caches/modules-2/files-2.1/org.springframework.data/spring-data-commons/1.12.11.RELEASE/ac256a5df93c0c62d2ea3c835d0454f97bc5678c/spring-data-commons-1.12.11.RELEASE.jar!/org/springframework/data/repository/util/QueryExecutionConverters$NullableWrapperToGuavaOptionalConverter.class], URL [jar:file:/Users/ivan.garcia/.gradle/caches/modules-2/files-2.1/org.springframework.data/spring-data-commons/1.12.11.RELEASE/ac256a5df93c0c62d2ea3c835d0454f97bc5678c/spring-data-commons-1.12.11.RELEASE.jar!/org/springframework/data/repository/util/QueryExecutionConverters$NullableWrapperToJdk8OptionalConverter.class], URL [jar:file:/Users/ivan.garcia/.gradle/caches/modules-2/files-2.1/org.springframework.data/spring-data-commons/1.12.11.RELEASE/ac256a5df93c0c62d2ea3c835d0454f97bc5678c/spring-data-commons-1.12.11.RELEASE.jar!/org/springframework/data/repository/util/QueryExecutionConverters$NullableWrapperToScalaOptionConverter.class], URL [jar:file:/Users/ivan.garcia/.gradle/caches/modules-2/files-2.1/org.springframework.data/spring-data-commons/1.12.11.RELEASE/ac256a5df93c0c62d2ea3c835d0454f97bc5678c/spring-data-commons-1.12.11.RELEASE.jar!/org/springframework/data/repository/util/QueryExecutionConverters$ScalOptionUnwrapper$1.class], URL [jar:file:/Users/ivan.garcia/.gradle/caches/modules-2/files-2.1/org.springframework.data/spring-data-commons/1.12.11.RELEASE/ac256a5df93c0c62d2ea3c835d0454f97bc5678c/spring-data-commons-1.12.11.RELEASE.jar!/org/springframework/data/repository/util/QueryExecutionConverters$ScalOptionUnwrapper.class], URL [jar:file:/Users/ivan.garcia/.gradle/caches/modules-2/files-2.1/org.springframework.data/spring-data-commons/1.12.11.RELEASE/ac256a5df93c0c62d2ea3c835d0454f97bc5678c/spring-data-commons-1.12.11.RELEASE.jar!/org/springframework/data/repository/util/QueryExecutionConverters.class], URL [jar:file:/Users/ivan.garcia/.gradle/caches/modules-2/files-2.1/org.springframework.data/spring-data-commons/1.12.11.RELEASE/ac256a5df93c0c62d2ea3c835d0454f97bc5678c/spring-data-commons-1.12.11.RELEASE.jar!/org/springframework/data/repository/util/TxUtils.class], URL [jar:file:/Users/ivan.garcia/.gradle/caches/modules-2/files-2.1/org.springframework.data/spring-data-commons/1.12.11.RELEASE/ac256a5df93c0c62d2ea3c835d0454f97bc5678c/spring-data-commons-1.12.11.RELEASE.jar!/org/springframework/data/support/CachingIsNewStrategyFactory.class], URL [jar:file:/Users/ivan.garcia/.gradle/caches/modules-2/files-2.1/org.springframework.data/spring-data-commons/1.12.11.RELEASE/ac256a5df93c0c62d2ea3c835d0454f97bc5678c/spring-data-commons-1.12.11.RELEASE.jar!/org/springframework/data/support/IsNewStrategy.class], URL [jar:file:/Users/ivan.garcia/.gradle/caches/modules-2/files-2.1/org.springframework.data/spring-data-commons/1.12.11.RELEASE/ac256a5df93c0c62d2ea3c835d0454f97bc5678c/spring-data-commons-1.12.11.RELEASE.jar!/org/springframework/data/support/IsNewStrategyFactory.class], URL [jar:file:/Users/ivan.garcia/.gradle/caches/modules-2/files-2.1/org.springframework.data/spring-data-commons/1.12.11.RELEASE/ac256a5df93c0c62d2ea3c835d0454f97bc5678c/spring-data-commons-1.12.11.RELEASE.jar!/org/springframework/data/support/IsNewStrategyFactorySupport.class], URL [jar:file:/Users/ivan.garcia/.gradle/caches/modules-2/files-2.1/org.springframework.data/spring-data-commons/1.12.11.RELEASE/ac256a5df93c0c62d2ea3c835d0454f97bc5678c/spring-data-commons-1.12.11.RELEASE.jar!/org/springframework/data/support/PersistableIsNewStrategy.class], URL [jar:file:/Users/ivan.garcia/.gradle/caches/modules-2/files-2.1/org.springframework.data/spring-data-commons/1.12.11.RELEASE/ac256a5df93c0c62d2ea3c835d0454f97bc5678c/spring-data-commons-1.12.11.RELEASE.jar!/org/springframework/data/transaction/ChainedTransactionManager.class], URL [jar:file:/Users/ivan.garcia/.gradle/caches/modules-2/files-2.1/org.springframework.data/spring-data-commons/1.12.11.RELEASE/ac256a5df93c0c62d2ea3c835d0454f97bc5678c/spring-data-commons-1.12.11.RELEASE.jar!/org/springframework/data/transaction/MultiTransactionStatus$1.class], URL [jar:file:/Users/ivan.garcia/.gradle/caches/modules-2/files-2.1/org.springframework.data/spring-data-commons/1.12.11.RELEASE/ac256a5df93c0c62d2ea3c835d0454f97bc5678c/spring-data-commons-1.12.11.RELEASE.jar!/org/springframework/data/transaction/MultiTransactionStatus$SavePoints.class], URL [jar:file:/Users/ivan.garcia/.gradle/caches/modules-2/files-2.1/org.springframework.data/spring-data-commons/1.12.11.RELEASE/ac256a5df93c0c62d2ea3c835d0454f97bc5678c/spring-data-commons-1.12.11.RELEASE.jar!/org/springframework/data/transaction/MultiTransactionStatus.class], URL [jar:file:/Users/ivan.garcia/.gradle/caches/modules-2/files-2.1/org.springframework.data/spring-data-commons/1.12.11.RELEASE/ac256a5df93c0c62d2ea3c835d0454f97bc5678c/spring-data-commons-1.12.11.RELEASE.jar!/org/springframework/data/transaction/SpringTransactionSynchronizationManager.class], URL [jar:file:/Users/ivan.garcia/.gradle/caches/modules-2/files-2.1/org.springframework.data/spring-data-commons/1.12.11.RELEASE/ac256a5df93c0c62d2ea3c835d0454f97bc5678c/spring-data-commons-1.12.11.RELEASE.jar!/org/springframework/data/transaction/SynchronizationManager.class], URL [jar:file:/Users/ivan.garcia/.gradle/caches/modules-2/files-2.1/org.springframework.data/spring-data-commons/1.12.11.RELEASE/ac256a5df93c0c62d2ea3c835d0454f97bc5678c/spring-data-commons-1.12.11.RELEASE.jar!/org/springframework/data/util/AnnotatedTypeScanner$InterfaceAwareScanner.class], URL [jar:file:/Users/ivan.garcia/.gradle/caches/modules-2/files-2.1/org.springframework.data/spring-data-commons/1.12.11.RELEASE/ac256a5df93c0c62d2ea3c835d0454f97bc5678c/spring-data-commons-1.12.11.RELEASE.jar!/org/springframework/data/util/AnnotatedTypeScanner.class], URL [jar:file:/Users/ivan.garcia/.gradle/caches/modules-2/files-2.1/org.springframework.data/spring-data-commons/1.12.11.RELEASE/ac256a5df93c0c62d2ea3c835d0454f97bc5678c/spring-data-commons-1.12.11.RELEASE.jar!/org/springframework/data/util/AnnotationDetectionFieldCallback.class], URL [jar:file:/Users/ivan.garcia/.gradle/caches/modules-2/files-2.1/org.springframework.data/spring-data-commons/1.12.11.RELEASE/ac256a5df93c0c62d2ea3c835d0454f97bc5678c/spring-data-commons-1.12.11.RELEASE.jar!/org/springframework/data/util/AnnotationDetectionMethodCallback.class], URL [jar:file:/Users/ivan.garcia/.gradle/caches/modules-2/files-2.1/org.springframework.data/spring-data-commons/1.12.11.RELEASE/ac256a5df93c0c62d2ea3c835d0454f97bc5678c/spring-data-commons-1.12.11.RELEASE.jar!/org/springframework/data/util/CacheValue.class], URL [jar:file:/Users/ivan.garcia/.gradle/caches/modules-2/files-2.1/org.springframework.data/spring-data-commons/1.12.11.RELEASE/ac256a5df93c0c62d2ea3c835d0454f97bc5678c/spring-data-commons-1.12.11.RELEASE.jar!/org/springframework/data/util/ClassTypeInformation.class], URL [jar:file:/Users/ivan.garcia/.gradle/caches/modules-2/files-2.1/org.springframework.data/spring-data-commons/1.12.11.RELEASE/ac256a5df93c0c62d2ea3c835d0454f97bc5678c/spring-data-commons-1.12.11.RELEASE.jar!/org/springframework/data/util/CloseableIterator.class], URL [jar:file:/Users/ivan.garcia/.gradle/caches/modules-2/files-2.1/org.springframework.data/spring-data-commons/1.12.11.RELEASE/ac256a5df93c0c62d2ea3c835d0454f97bc5678c/spring-data-commons-1.12.11.RELEASE.jar!/org/springframework/data/util/DirectFieldAccessFallbackBeanWrapper.class], URL [jar:file:/Users/ivan.garcia/.gradle/caches/modules-2/files-2.1/org.springframework.data/spring-data-commons/1.12.11.RELEASE/ac256a5df93c0c62d2ea3c835d0454f97bc5678c/spring-data-commons-1.12.11.RELEASE.jar!/org/springframework/data/util/GenericArrayTypeInformation.class], URL [jar:file:/Users/ivan.garcia/.gradle/caches/modules-2/files-2.1/org.springframework.data/spring-data-commons/1.12.11.RELEASE/ac256a5df93c0c62d2ea3c835d0454f97bc5678c/spring-data-commons-1.12.11.RELEASE.jar!/org/springframework/data/util/Pair.class], URL [jar:file:/Users/ivan.garcia/.gradle/caches/modules-2/files-2.1/org.springframework.data/spring-data-commons/1.12.11.RELEASE/ac256a5df93c0c62d2ea3c835d0454f97bc5678c/spring-data-commons-1.12.11.RELEASE.jar!/org/springframework/data/util/ParameterizedTypeInformation.class], URL [jar:file:/Users/ivan.garcia/.gradle/caches/modules-2/files-2.1/org.springframework.data/spring-data-commons/1.12.11.RELEASE/ac256a5df93c0c62d2ea3c835d0454f97bc5678c/spring-data-commons-1.12.11.RELEASE.jar!/org/springframework/data/util/ParentTypeAwareTypeInformation.class], URL [jar:file:/Users/ivan.garcia/.gradle/caches/modules-2/files-2.1/org.springframework.data/spring-data-commons/1.12.11.RELEASE/ac256a5df93c0c62d2ea3c835d0454f97bc5678c/spring-data-commons-1.12.11.RELEASE.jar!/org/springframework/data/util/ParsingUtils.class], URL [jar:file:/Users/ivan.garcia/.gradle/caches/modules-2/files-2.1/org.springframework.data/spring-data-commons/1.12.11.RELEASE/ac256a5df93c0c62d2ea3c835d0454f97bc5678c/spring-data-commons-1.12.11.RELEASE.jar!/org/springframework/data/util/ReflectionUtils$1.class], URL [jar:file:/Users/ivan.garcia/.gradle/caches/modules-2/files-2.1/org.springframework.data/spring-data-commons/1.12.11.RELEASE/ac256a5df93c0c62d2ea3c835d0454f97bc5678c/spring-data-commons-1.12.11.RELEASE.jar!/org/springframework/data/util/ReflectionUtils$AnnotationFieldFilter.class], URL [jar:file:/Users/ivan.garcia/.gradle/caches/modules-2/files-2.1/org.springframework.data/spring-data-commons/1.12.11.RELEASE/ac256a5df93c0c62d2ea3c835d0454f97bc5678c/spring-data-commons-1.12.11.RELEASE.jar!/org/springframework/data/util/ReflectionUtils$DescribedFieldFilter.class], URL [jar:file:/Users/ivan.garcia/.gradle/caches/modules-2/files-2.1/org.springframework.data/spring-data-commons/1.12.11.RELEASE/ac256a5df93c0c62d2ea3c835d0454f97bc5678c/spring-data-commons-1.12.11.RELEASE.jar!/org/springframework/data/util/ReflectionUtils.class], URL [jar:file:/Users/ivan.garcia/.gradle/caches/modules-2/files-2.1/org.springframework.data/spring-data-commons/1.12.11.RELEASE/ac256a5df93c0c62d2ea3c835d0454f97bc5678c/spring-data-commons-1.12.11.RELEASE.jar!/org/springframework/data/util/StreamUtils$CloseableIteratorDisposingRunnable.class], URL [jar:file:/Users/ivan.garcia/.gradle/caches/modules-2/files-2.1/org.springframework.data/spring-data-commons/1.12.11.RELEASE/ac256a5df93c0c62d2ea3c835d0454f97bc5678c/spring-data-commons-1.12.11.RELEASE.jar!/org/springframework/data/util/StreamUtils.class], URL [jar:file:/Users/ivan.garcia/.gradle/caches/modules-2/files-2.1/org.springframework.data/spring-data-commons/1.12.11.RELEASE/ac256a5df93c0c62d2ea3c835d0454f97bc5678c/spring-data-commons-1.12.11.RELEASE.jar!/org/springframework/data/util/TypeDiscoverer$SyntheticParamterizedType.class], URL [jar:file:/Users/ivan.garcia/.gradle/caches/modules-2/files-2.1/org.springframework.data/spring-data-commons/1.12.11.RELEASE/ac256a5df93c0c62d2ea3c835d0454f97bc5678c/spring-data-commons-1.12.11.RELEASE.jar!/org/springframework/data/util/TypeDiscoverer$ValueHolder.class], URL [jar:file:/Users/ivan.garcia/.gradle/caches/modules-2/files-2.1/org.springframework.data/spring-data-commons/1.12.11.RELEASE/ac256a5df93c0c62d2ea3c835d0454f97bc5678c/spring-data-commons-1.12.11.RELEASE.jar!/org/springframework/data/util/TypeDiscoverer.class], URL [jar:file:/Users/ivan.garcia/.gradle/caches/modules-2/files-2.1/org.springframework.data/spring-data-commons/1.12.11.RELEASE/ac256a5df93c0c62d2ea3c835d0454f97bc5678c/spring-data-commons-1.12.11.RELEASE.jar!/org/springframework/data/util/TypeInformation.class], URL [jar:file:/Users/ivan.garcia/.gradle/caches/modules-2/files-2.1/org.springframework.data/spring-data-commons/1.12.11.RELEASE/ac256a5df93c0c62d2ea3c835d0454f97bc5678c/spring-data-commons-1.12.11.RELEASE.jar!/org/springframework/data/util/TypeVariableTypeInformation.class], URL [jar:file:/Users/ivan.garcia/.gradle/caches/modules-2/files-2.1/org.springframework.data/spring-data-commons/1.12.11.RELEASE/ac256a5df93c0c62d2ea3c835d0454f97bc5678c/spring-data-commons-1.12.11.RELEASE.jar!/org/springframework/data/util/Version.class], URL [jar:file:/Users/ivan.garcia/.gradle/caches/modules-2/files-2.1/org.springframework.data/spring-data-commons/1.12.11.RELEASE/ac256a5df93c0c62d2ea3c835d0454f97bc5678c/spring-data-commons-1.12.11.RELEASE.jar!/org/springframework/data/web/config/EnableSpringDataWebSupport$QuerydslActivator.class], URL [jar:file:/Users/ivan.garcia/.gradle/caches/modules-2/files-2.1/org.springframework.data/spring-data-commons/1.12.11.RELEASE/ac256a5df93c0c62d2ea3c835d0454f97bc5678c/spring-data-commons-1.12.11.RELEASE.jar!/org/springframework/data/web/config/EnableSpringDataWebSupport$SpringDataWebConfigurationImportSelector.class], URL [jar:file:/Users/ivan.garcia/.gradle/caches/modules-2/files-2.1/org.springframework.data/spring-data-commons/1.12.11.RELEASE/ac256a5df93c0c62d2ea3c835d0454f97bc5678c/spring-data-commons-1.12.11.RELEASE.jar!/org/springframework/data/web/config/EnableSpringDataWebSupport.class], URL [jar:file:/Users/ivan.garcia/.gradle/caches/modules-2/files-2.1/org.springframework.data/spring-data-commons/1.12.11.RELEASE/ac256a5df93c0c62d2ea3c835d0454f97bc5678c/spring-data-commons-1.12.11.RELEASE.jar!/org/springframework/data/web/config/HateoasAwareSpringDataWebConfiguration.class], URL [jar:file:/Users/ivan.garcia/.gradle/caches/modules-2/files-2.1/org.springframework.data/spring-data-commons/1.12.11.RELEASE/ac256a5df93c0c62d2ea3c835d0454f97bc5678c/spring-data-commons-1.12.11.RELEASE.jar!/org/springframework/data/web/config/QuerydslWebConfiguration.class], URL [jar:file:/Users/ivan.garcia/.gradle/caches/modules-2/files-2.1/org.springframework.data/spring-data-commons/1.12.11.RELEASE/ac256a5df93c0c62d2ea3c835d0454f97bc5678c/spring-data-commons-1.12.11.RELEASE.jar!/org/springframework/data/web/config/SpringDataJacksonConfiguration.class], URL [jar:file:/Users/ivan.garcia/.gradle/caches/modules-2/files-2.1/org.springframework.data/spring-data-commons/1.12.11.RELEASE/ac256a5df93c0c62d2ea3c835d0454f97bc5678c/spring-data-commons-1.12.11.RELEASE.jar!/org/springframework/data/web/config/SpringDataWebConfiguration.class], URL [jar:file:/Users/ivan.garcia/.gradle/caches/modules-2/files-2.1/org.springframework.data/spring-data-commons/1.12.11.RELEASE/ac256a5df93c0c62d2ea3c835d0454f97bc5678c/spring-data-commons-1.12.11.RELEASE.jar!/org/springframework/data/web/config/SpringDataWebConfigurationMixin.class], URL [jar:file:/Users/ivan.garcia/.gradle/caches/modules-2/files-2.1/org.springframework.data/spring-data-commons/1.12.11.RELEASE/ac256a5df93c0c62d2ea3c835d0454f97bc5678c/spring-data-commons-1.12.11.RELEASE.jar!/org/springframework/data/web/HateoasPageableHandlerMethodArgumentResolver.class], URL [jar:file:/Users/ivan.garcia/.gradle/caches/modules-2/files-2.1/org.springframework.data/spring-data-commons/1.12.11.RELEASE/ac256a5df93c0c62d2ea3c835d0454f97bc5678c/spring-data-commons-1.12.11.RELEASE.jar!/org/springframework/data/web/HateoasSortHandlerMethodArgumentResolver.class], URL [jar:file:/Users/ivan.garcia/.gradle/caches/modules-2/files-2.1/org.springframework.data/spring-data-commons/1.12.11.RELEASE/ac256a5df93c0c62d2ea3c835d0454f97bc5678c/spring-data-commons-1.12.11.RELEASE.jar!/org/springframework/data/web/MapDataBinder$MapPropertyAccessor$PropertyTraversingMapAccessor.class], URL [jar:file:/Users/ivan.garcia/.gradle/caches/modules-2/files-2.1/org.springframework.data/spring-data-commons/1.12.11.RELEASE/ac256a5df93c0c62d2ea3c835d0454f97bc5678c/spring-data-commons-1.12.11.RELEASE.jar!/org/springframework/data/web/MapDataBinder$MapPropertyAccessor.class], URL [jar:file:/Users/ivan.garcia/.gradle/caches/modules-2/files-2.1/org.springframework.data/spring-data-commons/1.12.11.RELEASE/ac256a5df93c0c62d2ea3c835d0454f97bc5678c/spring-data-commons-1.12.11.RELEASE.jar!/org/springframework/data/web/MapDataBinder.class], URL [jar:file:/Users/ivan.garcia/.gradle/caches/modules-2/files-2.1/org.springframework.data/spring-data-commons/1.12.11.RELEASE/ac256a5df93c0c62d2ea3c835d0454f97bc5678c/spring-data-commons-1.12.11.RELEASE.jar!/org/springframework/data/web/MethodParameterAwarePagedResourcesAssembler.class], URL [jar:file:/Users/ivan.garcia/.gradle/caches/modules-2/files-2.1/org.springframework.data/spring-data-commons/1.12.11.RELEASE/ac256a5df93c0c62d2ea3c835d0454f97bc5678c/spring-data-commons-1.12.11.RELEASE.jar!/org/springframework/data/web/PageableDefault.class], URL [jar:file:/Users/ivan.garcia/.gradle/caches/modules-2/files-2.1/org.springframework.data/spring-data-commons/1.12.11.RELEASE/ac256a5df93c0c62d2ea3c835d0454f97bc5678c/spring-data-commons-1.12.11.RELEASE.jar!/org/springframework/data/web/PageableHandlerMethodArgumentResolver.class], URL [jar:file:/Users/ivan.garcia/.gradle/caches/modules-2/files-2.1/org.springframework.data/spring-data-commons/1.12.11.RELEASE/ac256a5df93c0c62d2ea3c835d0454f97bc5678c/spring-data-commons-1.12.11.RELEASE.jar!/org/springframework/data/web/PagedResourcesAssembler$1.class], URL [jar:file:/Users/ivan.garcia/.gradle/caches/modules-2/files-2.1/org.springframework.data/spring-data-commons/1.12.11.RELEASE/ac256a5df93c0c62d2ea3c835d0454f97bc5678c/spring-data-commons-1.12.11.RELEASE.jar!/org/springframework/data/web/PagedResourcesAssembler$SimplePagedResourceAssembler.class], URL [jar:file:/Users/ivan.garcia/.gradle/caches/modules-2/files-2.1/org.springframework.data/spring-data-commons/1.12.11.RELEASE/ac256a5df93c0c62d2ea3c835d0454f97bc5678c/spring-data-commons-1.12.11.RELEASE.jar!/org/springframework/data/web/PagedResourcesAssembler.class], URL [jar:file:/Users/ivan.garcia/.gradle/caches/modules-2/files-2.1/org.springframework.data/spring-data-commons/1.12.11.RELEASE/ac256a5df93c0c62d2ea3c835d0454f97bc5678c/spring-data-commons-1.12.11.RELEASE.jar!/org/springframework/data/web/PagedResourcesAssemblerArgumentResolver.class], URL [jar:file:/Users/ivan.garcia/.gradle/caches/modules-2/files-2.1/org.springframework.data/spring-data-commons/1.12.11.RELEASE/ac256a5df93c0c62d2ea3c835d0454f97bc5678c/spring-data-commons-1.12.11.RELEASE.jar!/org/springframework/data/web/ProxyingHandlerMethodArgumentResolver.class], URL [jar:file:/Users/ivan.garcia/.gradle/caches/modules-2/files-2.1/org.springframework.data/spring-data-commons/1.12.11.RELEASE/ac256a5df93c0c62d2ea3c835d0454f97bc5678c/spring-data-commons-1.12.11.RELEASE.jar!/org/springframework/data/web/querydsl/QuerydslPredicateArgumentResolver.class], URL [jar:file:/Users/ivan.garcia/.gradle/caches/modules-2/files-2.1/org.springframework.data/spring-data-commons/1.12.11.RELEASE/ac256a5df93c0c62d2ea3c835d0454f97bc5678c/spring-data-commons-1.12.11.RELEASE.jar!/org/springframework/data/web/SortDefault$SortDefaults.class], URL [jar:file:/Users/ivan.garcia/.gradle/caches/modules-2/files-2.1/org.springframework.data/spring-data-commons/1.12.11.RELEASE/ac256a5df93c0c62d2ea3c835d0454f97bc5678c/spring-data-commons-1.12.11.RELEASE.jar!/org/springframework/data/web/SortDefault.class], URL [jar:file:/Users/ivan.garcia/.gradle/caches/modules-2/files-2.1/org.springframework.data/spring-data-commons/1.12.11.RELEASE/ac256a5df93c0c62d2ea3c835d0454f97bc5678c/spring-data-commons-1.12.11.RELEASE.jar!/org/springframework/data/web/SortHandlerMethodArgumentResolver$ExpressionBuilder.class], URL [jar:file:/Users/ivan.garcia/.gradle/caches/modules-2/files-2.1/org.springframework.data/spring-data-commons/1.12.11.RELEASE/ac256a5df93c0c62d2ea3c835d0454f97bc5678c/spring-data-commons-1.12.11.RELEASE.jar!/org/springframework/data/web/SortHandlerMethodArgumentResolver.class], URL [jar:file:/Users/ivan.garcia/.gradle/caches/modules-2/files-2.1/org.springframework.data/spring-data-commons/1.12.11.RELEASE/ac256a5df93c0c62d2ea3c835d0454f97bc5678c/spring-data-commons-1.12.11.RELEASE.jar!/org/springframework/data/web/SpringDataAnnotationUtils.class], URL [jar:file:/Users/ivan.garcia/.gradle/caches/modules-2/files-2.1/org.springframework.data/spring-data-rest-core/2.5.11.RELEASE/4580a4b5dc02eb769404937ce7d1dd71fd34dd7d/spring-data-rest-core-2.5.11.RELEASE.jar!/org/springframework/data/rest/core/annotation/Description.class], URL [jar:file:/Users/ivan.garcia/.gradle/caches/modules-2/files-2.1/org.springframework.data/spring-data-rest-core/2.5.11.RELEASE/4580a4b5dc02eb769404937ce7d1dd71fd34dd7d/spring-data-rest-core-2.5.11.RELEASE.jar!/org/springframework/data/rest/core/annotation/HandleAfterCreate.class], URL [jar:file:/Users/ivan.garcia/.gradle/caches/modules-2/files-2.1/org.springframework.data/spring-data-rest-core/2.5.11.RELEASE/4580a4b5dc02eb769404937ce7d1dd71fd34dd7d/spring-data-rest-core-2.5.11.RELEASE.jar!/org/springframework/data/rest/core/annotation/HandleAfterDelete.class], URL [jar:file:/Users/ivan.garcia/.gradle/caches/modules-2/files-2.1/org.springframework.data/spring-data-rest-core/2.5.11.RELEASE/4580a4b5dc02eb769404937ce7d1dd71fd34dd7d/spring-data-rest-core-2.5.11.RELEASE.jar!/org/springframework/data/rest/core/annotation/HandleAfterLinkDelete.class], URL [jar:file:/Users/ivan.garcia/.gradle/caches/modules-2/files-2.1/org.springframework.data/spring-data-rest-core/2.5.11.RELEASE/4580a4b5dc02eb769404937ce7d1dd71fd34dd7d/spring-data-rest-core-2.5.11.RELEASE.jar!/org/springframework/data/rest/core/annotation/HandleAfterLinkSave.class], URL [jar:file:/Users/ivan.garcia/.gradle/caches/modules-2/files-2.1/org.springframework.data/spring-data-rest-core/2.5.11.RELEASE/4580a4b5dc02eb769404937ce7d1dd71fd34dd7d/spring-data-rest-core-2.5.11.RELEASE.jar!/org/springframework/data/rest/core/annotation/HandleAfterSave.class], URL [jar:file:/Users/ivan.garcia/.gradle/caches/modules-2/files-2.1/org.springframework.data/spring-data-rest-core/2.5.11.RELEASE/4580a4b5dc02eb769404937ce7d1dd71fd34dd7d/spring-data-rest-core-2.5.11.RELEASE.jar!/org/springframework/data/rest/core/annotation/HandleBeforeCreate.class], URL [jar:file:/Users/ivan.garcia/.gradle/caches/modules-2/files-2.1/org.springframework.data/spring-data-rest-core/2.5.11.RELEASE/4580a4b5dc02eb769404937ce7d1dd71fd34dd7d/spring-data-rest-core-2.5.11.RELEASE.jar!/org/springframework/data/rest/core/annotation/HandleBeforeDelete.class], URL [jar:file:/Users/ivan.garcia/.gradle/caches/modules-2/files-2.1/org.springframework.data/spring-data-rest-core/2.5.11.RELEASE/4580a4b5dc02eb769404937ce7d1dd71fd34dd7d/spring-data-rest-core-2.5.11.RELEASE.jar!/org/springframework/data/rest/core/annotation/HandleBeforeLinkDelete.class], URL [jar:file:/Users/ivan.garcia/.gradle/caches/modules-2/files-2.1/org.springframework.data/spring-data-rest-core/2.5.11.RELEASE/4580a4b5dc02eb769404937ce7d1dd71fd34dd7d/spring-data-rest-core-2.5.11.RELEASE.jar!/org/springframework/data/rest/core/annotation/HandleBeforeLinkSave.class], URL [jar:file:/Users/ivan.garcia/.gradle/caches/modules-2/files-2.1/org.springframework.data/spring-data-rest-core/2.5.11.RELEASE/4580a4b5dc02eb769404937ce7d1dd71fd34dd7d/spring-data-rest-core-2.5.11.RELEASE.jar!/org/springframework/data/rest/core/annotation/HandleBeforeSave.class], URL [jar:file:/Users/ivan.garcia/.gradle/caches/modules-2/files-2.1/org.springframework.data/spring-data-rest-core/2.5.11.RELEASE/4580a4b5dc02eb769404937ce7d1dd71fd34dd7d/spring-data-rest-core-2.5.11.RELEASE.jar!/org/springframework/data/rest/core/annotation/RepositoryEventHandler.class], URL [jar:file:/Users/ivan.garcia/.gradle/caches/modules-2/files-2.1/org.springframework.data/spring-data-rest-core/2.5.11.RELEASE/4580a4b5dc02eb769404937ce7d1dd71fd34dd7d/spring-data-rest-core-2.5.11.RELEASE.jar!/org/springframework/data/rest/core/annotation/RepositoryRestResource$None.class], URL [jar:file:/Users/ivan.garcia/.gradle/caches/modules-2/files-2.1/org.springframework.data/spring-data-rest-core/2.5.11.RELEASE/4580a4b5dc02eb769404937ce7d1dd71fd34dd7d/spring-data-rest-core-2.5.11.RELEASE.jar!/org/springframework/data/rest/core/annotation/RepositoryRestResource.class], URL [jar:file:/Users/ivan.garcia/.gradle/caches/modules-2/files-2.1/org.springframework.data/spring-data-rest-core/2.5.11.RELEASE/4580a4b5dc02eb769404937ce7d1dd71fd34dd7d/spring-data-rest-core-2.5.11.RELEASE.jar!/org/springframework/data/rest/core/annotation/RestResource.class], URL [jar:file:/Users/ivan.garcia/.gradle/caches/modules-2/files-2.1/org.springframework.data/spring-data-rest-core/2.5.11.RELEASE/4580a4b5dc02eb769404937ce7d1dd71fd34dd7d/spring-data-rest-core-2.5.11.RELEASE.jar!/org/springframework/data/rest/core/config/EntityLookupConfiguration$LookupInformation.class], URL [jar:file:/Users/ivan.garcia/.gradle/caches/modules-2/files-2.1/org.springframework.data/spring-data-rest-core/2.5.11.RELEASE/4580a4b5dc02eb769404937ce7d1dd71fd34dd7d/spring-data-rest-core-2.5.11.RELEASE.jar!/org/springframework/data/rest/core/config/EntityLookupConfiguration$MappingBuilder.class], URL [jar:file:/Users/ivan.garcia/.gradle/caches/modules-2/files-2.1/org.springframework.data/spring-data-rest-core/2.5.11.RELEASE/4580a4b5dc02eb769404937ce7d1dd71fd34dd7d/spring-data-rest-core-2.5.11.RELEASE.jar!/org/springframework/data/rest/core/config/EntityLookupConfiguration$RepositoriesEntityLookup.class], URL [jar:file:/Users/ivan.garcia/.gradle/caches/modules-2/files-2.1/org.springframework.data/spring-data-rest-core/2.5.11.RELEASE/4580a4b5dc02eb769404937ce7d1dd71fd34dd7d/spring-data-rest-core-2.5.11.RELEASE.jar!/org/springframework/data/rest/core/config/EntityLookupConfiguration.class], URL [jar:file:/Users/ivan.garcia/.gradle/caches/modules-2/files-2.1/org.springframework.data/spring-data-rest-core/2.5.11.RELEASE/4580a4b5dc02eb769404937ce7d1dd71fd34dd7d/spring-data-rest-core-2.5.11.RELEASE.jar!/org/springframework/data/rest/core/config/EntityLookupRegistrar$IdMappingRegistrar.class], URL [jar:file:/Users/ivan.garcia/.gradle/caches/modules-2/files-2.1/org.springframework.data/spring-data-rest-core/2.5.11.RELEASE/4580a4b5dc02eb769404937ce7d1dd71fd34dd7d/spring-data-rest-core-2.5.11.RELEASE.jar!/org/springframework/data/rest/core/config/EntityLookupRegistrar$LookupRegistrar$Lookup.class], URL [jar:file:/Users/ivan.garcia/.gradle/caches/modules-2/files-2.1/org.springframework.data/spring-data-rest-core/2.5.11.RELEASE/4580a4b5dc02eb769404937ce7d1dd71fd34dd7d/spring-data-rest-core-2.5.11.RELEASE.jar!/org/springframework/data/rest/core/config/EntityLookupRegistrar$LookupRegistrar.class], URL [jar:file:/Users/ivan.garcia/.gradle/caches/modules-2/files-2.1/org.springframework.data/spring-data-rest-core/2.5.11.RELEASE/4580a4b5dc02eb769404937ce7d1dd71fd34dd7d/spring-data-rest-core-2.5.11.RELEASE.jar!/org/springframework/data/rest/core/config/EntityLookupRegistrar.class], URL [jar:file:/Users/ivan.garcia/.gradle/caches/modules-2/files-2.1/org.springframework.data/spring-data-rest-core/2.5.11.RELEASE/4580a4b5dc02eb769404937ce7d1dd71fd34dd7d/spring-data-rest-core-2.5.11.RELEASE.jar!/org/springframework/data/rest/core/config/EnumTranslationConfiguration.class], URL [jar:file:/Users/ivan.garcia/.gradle/caches/modules-2/files-2.1/org.springframework.data/spring-data-rest-core/2.5.11.RELEASE/4580a4b5dc02eb769404937ce7d1dd71fd34dd7d/spring-data-rest-core-2.5.11.RELEASE.jar!/org/springframework/data/rest/core/config/JsonSchemaFormat.class], URL [jar:file:/Users/ivan.garcia/.gradle/caches/modules-2/files-2.1/org.springframework.data/spring-data-rest-core/2.5.11.RELEASE/4580a4b5dc02eb769404937ce7d1dd71fd34dd7d/spring-data-rest-core-2.5.11.RELEASE.jar!/org/springframework/data/rest/core/config/MetadataConfiguration.class], URL [jar:file:/Users/ivan.garcia/.gradle/caches/modules-2/files-2.1/org.springframework.data/spring-data-rest-core/2.5.11.RELEASE/4580a4b5dc02eb769404937ce7d1dd71fd34dd7d/spring-data-rest-core-2.5.11.RELEASE.jar!/org/springframework/data/rest/core/config/Projection.class], URL [jar:file:/Users/ivan.garcia/.gradle/caches/modules-2/files-2.1/org.springframework.data/spring-data-rest-core/2.5.11.RELEASE/4580a4b5dc02eb769404937ce7d1dd71fd34dd7d/spring-data-rest-core-2.5.11.RELEASE.jar!/org/springframework/data/rest/core/config/ProjectionDefinitionConfiguration$ProjectionDefinition.class], URL [jar:file:/Users/ivan.garcia/.gradle/caches/modules-2/files-2.1/org.springframework.data/spring-data-rest-core/2.5.11.RELEASE/4580a4b5dc02eb769404937ce7d1dd71fd34dd7d/spring-data-rest-core-2.5.11.RELEASE.jar!/org/springframework/data/rest/core/config/ProjectionDefinitionConfiguration.class], URL [jar:file:/Users/ivan.garcia/.gradle/caches/modules-2/files-2.1/org.springframework.data/spring-data-rest-core/2.5.11.RELEASE/4580a4b5dc02eb769404937ce7d1dd71fd34dd7d/spring-data-rest-core-2.5.11.RELEASE.jar!/org/springframework/data/rest/core/config/RepositoryRestConfiguration.class], URL [jar:file:/Users/ivan.garcia/.gradle/caches/modules-2/files-2.1/org.springframework.data/spring-data-rest-core/2.5.11.RELEASE/4580a4b5dc02eb769404937ce7d1dd71fd34dd7d/spring-data-rest-core-2.5.11.RELEASE.jar!/org/springframework/data/rest/core/config/ResourceMapping.class], URL [jar:file:/Users/ivan.garcia/.gradle/caches/modules-2/files-2.1/org.springframework.data/spring-data-rest-core/2.5.11.RELEASE/4580a4b5dc02eb769404937ce7d1dd71fd34dd7d/spring-data-rest-core-2.5.11.RELEASE.jar!/org/springframework/data/rest/core/config/ResourceMappingConfiguration.class], URL [jar:file:/Users/ivan.garcia/.gradle/caches/modules-2/files-2.1/org.springframework.data/spring-data-rest-core/2.5.11.RELEASE/4580a4b5dc02eb769404937ce7d1dd71fd34dd7d/spring-data-rest-core-2.5.11.RELEASE.jar!/org/springframework/data/rest/core/event/AbstractRepositoryEventListener.class], URL [jar:file:/Users/ivan.garcia/.gradle/caches/modules-2/files-2.1/org.springframework.data/spring-data-rest-core/2.5.11.RELEASE/4580a4b5dc02eb769404937ce7d1dd71fd34dd7d/spring-data-rest-core-2.5.11.RELEASE.jar!/org/springframework/data/rest/core/event/AfterCreateEvent.class], URL [jar:file:/Users/ivan.garcia/.gradle/caches/modules-2/files-2.1/org.springframework.data/spring-data-rest-core/2.5.11.RELEASE/4580a4b5dc02eb769404937ce7d1dd71fd34dd7d/spring-data-rest-core-2.5.11.RELEASE.jar!/org/springframework/data/rest/core/event/AfterDeleteEvent.class], URL [jar:file:/Users/ivan.garcia/.gradle/caches/modules-2/files-2.1/org.springframework.data/spring-data-rest-core/2.5.11.RELEASE/4580a4b5dc02eb769404937ce7d1dd71fd34dd7d/spring-data-rest-core-2.5.11.RELEASE.jar!/org/springframework/data/rest/core/event/AfterLinkDeleteEvent.class], URL [jar:file:/Users/ivan.garcia/.gradle/caches/modules-2/files-2.1/org.springframework.data/spring-data-rest-core/2.5.11.RELEASE/4580a4b5dc02eb769404937ce7d1dd71fd34dd7d/spring-data-rest-core-2.5.11.RELEASE.jar!/org/springframework/data/rest/core/event/AfterLinkSaveEvent.class], URL [jar:file:/Users/ivan.garcia/.gradle/caches/modules-2/files-2.1/org.springframework.data/spring-data-rest-core/2.5.11.RELEASE/4580a4b5dc02eb769404937ce7d1dd71fd34dd7d/spring-data-rest-core-2.5.11.RELEASE.jar!/org/springframework/data/rest/core/event/AfterSaveEvent.class], URL [jar:file:/Users/ivan.garcia/.gradle/caches/modules-2/files-2.1/org.springframework.data/spring-data-rest-core/2.5.11.RELEASE/4580a4b5dc02eb769404937ce7d1dd71fd34dd7d/spring-data-rest-core-2.5.11.RELEASE.jar!/org/springframework/data/rest/core/event/AnnotatedEventHandlerInvoker$1.class], URL [jar:file:/Users/ivan.garcia/.gradle/caches/modules-2/files-2.1/org.springframework.data/spring-data-rest-core/2.5.11.RELEASE/4580a4b5dc02eb769404937ce7d1dd71fd34dd7d/spring-data-rest-core-2.5.11.RELEASE.jar!/org/springframework/data/rest/core/event/AnnotatedEventHandlerInvoker$EventHandlerMethod.class], URL [jar:file:/Users/ivan.garcia/.gradle/caches/modules-2/files-2.1/org.springframework.data/spring-data-rest-core/2.5.11.RELEASE/4580a4b5dc02eb769404937ce7d1dd71fd34dd7d/spring-data-rest-core-2.5.11.RELEASE.jar!/org/springframework/data/rest/core/event/AnnotatedEventHandlerInvoker.class], URL [jar:file:/Users/ivan.garcia/.gradle/caches/modules-2/files-2.1/org.springframework.data/spring-data-rest-core/2.5.11.RELEASE/4580a4b5dc02eb769404937ce7d1dd71fd34dd7d/spring-data-rest-core-2.5.11.RELEASE.jar!/org/springframework/data/rest/core/event/BeforeCreateEvent.class], URL [jar:file:/Users/ivan.garcia/.gradle/caches/modules-2/files-2.1/org.springframework.data/spring-data-rest-core/2.5.11.RELEASE/4580a4b5dc02eb769404937ce7d1dd71fd34dd7d/spring-data-rest-core-2.5.11.RELEASE.jar!/org/springframework/data/rest/core/event/BeforeDeleteEvent.class], URL [jar:file:/Users/ivan.garcia/.gradle/caches/modules-2/files-2.1/org.springframework.data/spring-data-rest-core/2.5.11.RELEASE/4580a4b5dc02eb769404937ce7d1dd71fd34dd7d/spring-data-rest-core-2.5.11.RELEASE.jar!/org/springframework/data/rest/core/event/BeforeLinkDeleteEvent.class], URL [jar:file:/Users/ivan.garcia/.gradle/caches/modules-2/files-2.1/org.springframework.data/spring-data-rest-core/2.5.11.RELEASE/4580a4b5dc02eb769404937ce7d1dd71fd34dd7d/spring-data-rest-core-2.5.11.RELEASE.jar!/org/springframework/data/rest/core/event/BeforeLinkSaveEvent.class], URL [jar:file:/Users/ivan.garcia/.gradle/caches/modules-2/files-2.1/org.springframework.data/spring-data-rest-core/2.5.11.RELEASE/4580a4b5dc02eb769404937ce7d1dd71fd34dd7d/spring-data-rest-core-2.5.11.RELEASE.jar!/org/springframework/data/rest/core/event/BeforeSaveEvent.class], URL [jar:file:/Users/ivan.garcia/.gradle/caches/modules-2/files-2.1/org.springframework.data/spring-data-rest-core/2.5.11.RELEASE/4580a4b5dc02eb769404937ce7d1dd71fd34dd7d/spring-data-rest-core-2.5.11.RELEASE.jar!/org/springframework/data/rest/core/event/ExceptionEvent.class], URL [jar:file:/Users/ivan.garcia/.gradle/caches/modules-2/files-2.1/org.springframework.data/spring-data-rest-core/2.5.11.RELEASE/4580a4b5dc02eb769404937ce7d1dd71fd34dd7d/spring-data-rest-core-2.5.11.RELEASE.jar!/org/springframework/data/rest/core/event/LinkedEntityEvent.class], URL [jar:file:/Users/ivan.garcia/.gradle/caches/modules-2/files-2.1/org.springframework.data/spring-data-rest-core/2.5.11.RELEASE/4580a4b5dc02eb769404937ce7d1dd71fd34dd7d/spring-data-rest-core-2.5.11.RELEASE.jar!/org/springframework/data/rest/core/event/RepositoryEvent.class], URL [jar:file:/Users/ivan.garcia/.gradle/caches/modules-2/files-2.1/org.springframework.data/spring-data-rest-core/2.5.11.RELEASE/4580a4b5dc02eb769404937ce7d1dd71fd34dd7d/spring-data-rest-core-2.5.11.RELEASE.jar!/org/springframework/data/rest/core/event/ValidatingRepositoryEventListener.class], URL [jar:file:/Users/ivan.garcia/.gradle/caches/modules-2/files-2.1/org.springframework.data/spring-data-rest-core/2.5.11.RELEASE/4580a4b5dc02eb769404937ce7d1dd71fd34dd7d/spring-data-rest-core-2.5.11.RELEASE.jar!/org/springframework/data/rest/core/mapping/AnnotationBasedResourceDescription.class], URL [jar:file:/Users/ivan.garcia/.gradle/caches/modules-2/files-2.1/org.springframework.data/spring-data-rest-core/2.5.11.RELEASE/4580a4b5dc02eb769404937ce7d1dd71fd34dd7d/spring-data-rest-core-2.5.11.RELEASE.jar!/org/springframework/data/rest/core/mapping/CollectionResourceMapping.class], URL [jar:file:/Users/ivan.garcia/.gradle/caches/modules-2/files-2.1/org.springframework.data/spring-data-rest-core/2.5.11.RELEASE/4580a4b5dc02eb769404937ce7d1dd71fd34dd7d/spring-data-rest-core-2.5.11.RELEASE.jar!/org/springframework/data/rest/core/mapping/CrudMethodsSupportedHttpMethods$1.class], URL [jar:file:/Users/ivan.garcia/.gradle/caches/modules-2/files-2.1/org.springframework.data/spring-data-rest-core/2.5.11.RELEASE/4580a4b5dc02eb769404937ce7d1dd71fd34dd7d/spring-data-rest-core-2.5.11.RELEASE.jar!/org/springframework/data/rest/core/mapping/CrudMethodsSupportedHttpMethods$DefaultExposureAwareCrudMethods.class], URL [jar:file:/Users/ivan.garcia/.gradle/caches/modules-2/files-2.1/org.springframework.data/spring-data-rest-core/2.5.11.RELEASE/4580a4b5dc02eb769404937ce7d1dd71fd34dd7d/spring-data-rest-core-2.5.11.RELEASE.jar!/org/springframework/data/rest/core/mapping/CrudMethodsSupportedHttpMethods$ExposureAwareCrudMethods.class], URL [jar:file:/Users/ivan.garcia/.gradle/caches/modules-2/files-2.1/org.springframework.data/spring-data-rest-core/2.5.11.RELEASE/4580a4b5dc02eb769404937ce7d1dd71fd34dd7d/spring-data-rest-core-2.5.11.RELEASE.jar!/org/springframework/data/rest/core/mapping/CrudMethodsSupportedHttpMethods.class], URL [jar:file:/Users/ivan.garcia/.gradle/caches/modules-2/files-2.1/org.springframework.data/spring-data-rest-core/2.5.11.RELEASE/4580a4b5dc02eb769404937ce7d1dd71fd34dd7d/spring-data-rest-core-2.5.11.RELEASE.jar!/org/springframework/data/rest/core/mapping/EvoInflectorTypeBasedCollectionResourceMapping.class], URL [jar:file:/Users/ivan.garcia/.gradle/caches/modules-2/files-2.1/org.springframework.data/spring-data-rest-core/2.5.11.RELEASE/4580a4b5dc02eb769404937ce7d1dd71fd34dd7d/spring-data-rest-core-2.5.11.RELEASE.jar!/org/springframework/data/rest/core/mapping/MappingResourceMetadata$PropertyMappings.class], URL [jar:file:/Users/ivan.garcia/.gradle/caches/modules-2/files-2.1/org.springframework.data/spring-data-rest-core/2.5.11.RELEASE/4580a4b5dc02eb769404937ce7d1dd71fd34dd7d/spring-data-rest-core-2.5.11.RELEASE.jar!/org/springframework/data/rest/core/mapping/MappingResourceMetadata.class], URL [jar:file:/Users/ivan.garcia/.gradle/caches/modules-2/files-2.1/org.springframework.data/spring-data-rest-core/2.5.11.RELEASE/4580a4b5dc02eb769404937ce7d1dd71fd34dd7d/spring-data-rest-core-2.5.11.RELEASE.jar!/org/springframework/data/rest/core/mapping/MethodResourceMapping.class], URL [jar:file:/Users/ivan.garcia/.gradle/caches/modules-2/files-2.1/org.springframework.data/spring-data-rest-core/2.5.11.RELEASE/4580a4b5dc02eb769404937ce7d1dd71fd34dd7d/spring-data-rest-core-2.5.11.RELEASE.jar!/org/springframework/data/rest/core/mapping/ParameterMetadata.class], URL [jar:file:/Users/ivan.garcia/.gradle/caches/modules-2/files-2.1/org.springframework.data/spring-data-rest-core/2.5.11.RELEASE/4580a4b5dc02eb769404937ce7d1dd71fd34dd7d/spring-data-rest-core-2.5.11.RELEASE.jar!/org/springframework/data/rest/core/mapping/ParametersMetadata.class], URL [jar:file:/Users/ivan.garcia/.gradle/caches/modules-2/files-2.1/org.springframework.data/spring-data-rest-core/2.5.11.RELEASE/4580a4b5dc02eb769404937ce7d1dd71fd34dd7d/spring-data-rest-core-2.5.11.RELEASE.jar!/org/springframework/data/rest/core/mapping/PersistentEntitiesResourceMappings.class], URL [jar:file:/Users/ivan.garcia/.gradle/caches/modules-2/files-2.1/org.springframework.data/spring-data-rest-core/2.5.11.RELEASE/4580a4b5dc02eb769404937ce7d1dd71fd34dd7d/spring-data-rest-core-2.5.11.RELEASE.jar!/org/springframework/data/rest/core/mapping/PersistentPropertyResourceMapping.class], URL [jar:file:/Users/ivan.garcia/.gradle/caches/modules-2/files-2.1/org.springframework.data/spring-data-rest-core/2.5.11.RELEASE/4580a4b5dc02eb769404937ce7d1dd71fd34dd7d/spring-data-rest-core-2.5.11.RELEASE.jar!/org/springframework/data/rest/core/mapping/PropertyAwareResourceMapping.class], URL [jar:file:/Users/ivan.garcia/.gradle/caches/modules-2/files-2.1/org.springframework.data/spring-data-rest-core/2.5.11.RELEASE/4580a4b5dc02eb769404937ce7d1dd71fd34dd7d/spring-data-rest-core-2.5.11.RELEASE.jar!/org/springframework/data/rest/core/mapping/RepositoryAwareResourceMetadata.class], URL [jar:file:/Users/ivan.garcia/.gradle/caches/modules-2/files-2.1/org.springframework.data/spring-data-rest-core/2.5.11.RELEASE/4580a4b5dc02eb769404937ce7d1dd71fd34dd7d/spring-data-rest-core-2.5.11.RELEASE.jar!/org/springframework/data/rest/core/mapping/RepositoryCollectionResourceMapping.class], URL [jar:file:/Users/ivan.garcia/.gradle/caches/modules-2/files-2.1/org.springframework.data/spring-data-rest-core/2.5.11.RELEASE/4580a4b5dc02eb769404937ce7d1dd71fd34dd7d/spring-data-rest-core-2.5.11.RELEASE.jar!/org/springframework/data/rest/core/mapping/RepositoryDetectionStrategy$1.class], URL [jar:file:/Users/ivan.garcia/.gradle/caches/modules-2/files-2.1/org.springframework.data/spring-data-rest-core/2.5.11.RELEASE/4580a4b5dc02eb769404937ce7d1dd71fd34dd7d/spring-data-rest-core-2.5.11.RELEASE.jar!/org/springframework/data/rest/core/mapping/RepositoryDetectionStrategy$RepositoryDetectionStrategies$1.class], URL [jar:file:/Users/ivan.garcia/.gradle/caches/modules-2/files-2.1/org.springframework.data/spring-data-rest-core/2.5.11.RELEASE/4580a4b5dc02eb769404937ce7d1dd71fd34dd7d/spring-data-rest-core-2.5.11.RELEASE.jar!/org/springframework/data/rest/core/mapping/RepositoryDetectionStrategy$RepositoryDetectionStrategies$2.class], URL [jar:file:/Users/ivan.garcia/.gradle/caches/modules-2/files-2.1/org.springframework.data/spring-data-rest-core/2.5.11.RELEASE/4580a4b5dc02eb769404937ce7d1dd71fd34dd7d/spring-data-rest-core-2.5.11.RELEASE.jar!/org/springframework/data/rest/core/mapping/RepositoryDetectionStrategy$RepositoryDetectionStrategies$3.class], URL [jar:file:/Users/ivan.garcia/.gradle/caches/modules-2/files-2.1/org.springframework.data/spring-data-rest-core/2.5.11.RELEASE/4580a4b5dc02eb769404937ce7d1dd71fd34dd7d/spring-data-rest-core-2.5.11.RELEASE.jar!/org/springframework/data/rest/core/mapping/RepositoryDetectionStrategy$RepositoryDetectionStrategies$4.class], URL [jar:file:/Users/ivan.garcia/.gradle/caches/modules-2/files-2.1/org.springframework.data/spring-data-rest-core/2.5.11.RELEASE/4580a4b5dc02eb769404937ce7d1dd71fd34dd7d/spring-data-rest-core-2.5.11.RELEASE.jar!/org/springframework/data/rest/core/mapping/RepositoryDetectionStrategy$RepositoryDetectionStrategies.class], URL [jar:file:/Users/ivan.garcia/.gradle/caches/modules-2/files-2.1/org.springframework.data/spring-data-rest-core/2.5.11.RELEASE/4580a4b5dc02eb769404937ce7d1dd71fd34dd7d/spring-data-rest-core-2.5.11.RELEASE.jar!/org/springframework/data/rest/core/mapping/RepositoryDetectionStrategy.class], URL [jar:file:/Users/ivan.garcia/.gradle/caches/modules-2/files-2.1/org.springframework.data/spring-data-rest-core/2.5.11.RELEASE/4580a4b5dc02eb769404937ce7d1dd71fd34dd7d/spring-data-rest-core-2.5.11.RELEASE.jar!/org/springframework/data/rest/core/mapping/RepositoryMethodResourceMapping.class], URL [jar:file:/Users/ivan.garcia/.gradle/caches/modules-2/files-2.1/org.springframework.data/spring-data-rest-core/2.5.11.RELEASE/4580a4b5dc02eb769404937ce7d1dd71fd34dd7d/spring-data-rest-core-2.5.11.RELEASE.jar!/org/springframework/data/rest/core/mapping/RepositoryResourceMappings.class], URL [jar:file:/Users/ivan.garcia/.gradle/caches/modules-2/files-2.1/org.springframework.data/spring-data-rest-core/2.5.11.RELEASE/4580a4b5dc02eb769404937ce7d1dd71fd34dd7d/spring-data-rest-core-2.5.11.RELEASE.jar!/org/springframework/data/rest/core/mapping/ResolvableResourceDescriptionSupport.class], URL [jar:file:/Users/ivan.garcia/.gradle/caches/modules-2/files-2.1/org.springframework.data/spring-data-rest-core/2.5.11.RELEASE/4580a4b5dc02eb769404937ce7d1dd71fd34dd7d/spring-data-rest-core-2.5.11.RELEASE.jar!/org/springframework/data/rest/core/mapping/ResourceDescription.class], URL [jar:file:/Users/ivan.garcia/.gradle/caches/modules-2/files-2.1/org.springframework.data/spring-data-rest-core/2.5.11.RELEASE/4580a4b5dc02eb769404937ce7d1dd71fd34dd7d/spring-data-rest-core-2.5.11.RELEASE.jar!/org/springframework/data/rest/core/mapping/ResourceMapping.class], URL [jar:file:/Users/ivan.garcia/.gradle/caches/modules-2/files-2.1/org.springframework.data/spring-data-rest-core/2.5.11.RELEASE/4580a4b5dc02eb769404937ce7d1dd71fd34dd7d/spring-data-rest-core-2.5.11.RELEASE.jar!/org/springframework/data/rest/core/mapping/ResourceMappings.class], URL [jar:file:/Users/ivan.garcia/.gradle/caches/modules-2/files-2.1/org.springframework.data/spring-data-rest-core/2.5.11.RELEASE/4580a4b5dc02eb769404937ce7d1dd71fd34dd7d/spring-data-rest-core-2.5.11.RELEASE.jar!/org/springframework/data/rest/core/mapping/ResourceMetadata.class], URL [jar:file:/Users/ivan.garcia/.gradle/caches/modules-2/files-2.1/org.springframework.data/spring-data-rest-core/2.5.11.RELEASE/4580a4b5dc02eb769404937ce7d1dd71fd34dd7d/spring-data-rest-core-2.5.11.RELEASE.jar!/org/springframework/data/rest/core/mapping/ResourceType.class], URL [jar:file:/Users/ivan.garcia/.gradle/caches/modules-2/files-2.1/org.springframework.data/spring-data-rest-core/2.5.11.RELEASE/4580a4b5dc02eb769404937ce7d1dd71fd34dd7d/spring-data-rest-core-2.5.11.RELEASE.jar!/org/springframework/data/rest/core/mapping/SearchResourceMappings.class], URL [jar:file:/Users/ivan.garcia/.gradle/caches/modules-2/files-2.1/org.springframework.data/spring-data-rest-core/2.5.11.RELEASE/4580a4b5dc02eb769404937ce7d1dd71fd34dd7d/spring-data-rest-core-2.5.11.RELEASE.jar!/org/springframework/data/rest/core/mapping/SimpleResourceDescription.class], URL [jar:file:/Users/ivan.garcia/.gradle/caches/modules-2/files-2.1/org.springframework.data/spring-data-rest-core/2.5.11.RELEASE/4580a4b5dc02eb769404937ce7d1dd71fd34dd7d/spring-data-rest-core-2.5.11.RELEASE.jar!/org/springframework/data/rest/core/mapping/SupportedHttpMethods$NoSupportedMethods.class], URL [jar:file:/Users/ivan.garcia/.gradle/caches/modules-2/files-2.1/org.springframework.data/spring-data-rest-core/2.5.11.RELEASE/4580a4b5dc02eb769404937ce7d1dd71fd34dd7d/spring-data-rest-core-2.5.11.RELEASE.jar!/org/springframework/data/rest/core/mapping/SupportedHttpMethods.class], URL [jar:file:/Users/ivan.garcia/.gradle/caches/modules-2/files-2.1/org.springframework.data/spring-data-rest-core/2.5.11.RELEASE/4580a4b5dc02eb769404937ce7d1dd71fd34dd7d/spring-data-rest-core-2.5.11.RELEASE.jar!/org/springframework/data/rest/core/mapping/TypeBasedCollectionResourceMapping.class], URL [jar:file:/Users/ivan.garcia/.gradle/caches/modules-2/files-2.1/org.springframework.data/spring-data-rest-core/2.5.11.RELEASE/4580a4b5dc02eb769404937ce7d1dd71fd34dd7d/spring-data-rest-core-2.5.11.RELEASE.jar!/org/springframework/data/rest/core/mapping/TypedResourceDescription.class], URL [jar:file:/Users/ivan.garcia/.gradle/caches/modules-2/files-2.1/org.springframework.data/spring-data-rest-core/2.5.11.RELEASE/4580a4b5dc02eb769404937ce7d1dd71fd34dd7d/spring-data-rest-core-2.5.11.RELEASE.jar!/org/springframework/data/rest/core/Path.class], URL [jar:file:/Users/ivan.garcia/.gradle/caches/modules-2/files-2.1/org.springframework.data/spring-data-rest-core/2.5.11.RELEASE/4580a4b5dc02eb769404937ce7d1dd71fd34dd7d/spring-data-rest-core-2.5.11.RELEASE.jar!/org/springframework/data/rest/core/projection/ProjectionDefinitions.class], URL [jar:file:/Users/ivan.garcia/.gradle/caches/modules-2/files-2.1/org.springframework.data/spring-data-rest-core/2.5.11.RELEASE/4580a4b5dc02eb769404937ce7d1dd71fd34dd7d/spring-data-rest-core-2.5.11.RELEASE.jar!/org/springframework/data/rest/core/RepositoryConstraintViolationException.class], URL [jar:file:/Users/ivan.garcia/.gradle/caches/modules-2/files-2.1/org.springframework.data/spring-data-rest-core/2.5.11.RELEASE/4580a4b5dc02eb769404937ce7d1dd71fd34dd7d/spring-data-rest-core-2.5.11.RELEASE.jar!/org/springframework/data/rest/core/support/DefaultSelfLinkProvider.class], URL [jar:file:/Users/ivan.garcia/.gradle/caches/modules-2/files-2.1/org.springframework.data/spring-data-rest-core/2.5.11.RELEASE/4580a4b5dc02eb769404937ce7d1dd71fd34dd7d/spring-data-rest-core-2.5.11.RELEASE.jar!/org/springframework/data/rest/core/support/DomainObjectMerger$1.class], URL [jar:file:/Users/ivan.garcia/.gradle/caches/modules-2/files-2.1/org.springframework.data/spring-data-rest-core/2.5.11.RELEASE/4580a4b5dc02eb769404937ce7d1dd71fd34dd7d/spring-data-rest-core-2.5.11.RELEASE.jar!/org/springframework/data/rest/core/support/DomainObjectMerger$2.class], URL [jar:file:/Users/ivan.garcia/.gradle/caches/modules-2/files-2.1/org.springframework.data/spring-data-rest-core/2.5.11.RELEASE/4580a4b5dc02eb769404937ce7d1dd71fd34dd7d/spring-data-rest-core-2.5.11.RELEASE.jar!/org/springframework/data/rest/core/support/DomainObjectMerger$NullHandlingPolicy.class], URL [jar:file:/Users/ivan.garcia/.gradle/caches/modules-2/files-2.1/org.springframework.data/spring-data-rest-core/2.5.11.RELEASE/4580a4b5dc02eb769404937ce7d1dd71fd34dd7d/spring-data-rest-core-2.5.11.RELEASE.jar!/org/springframework/data/rest/core/support/DomainObjectMerger.class], URL [jar:file:/Users/ivan.garcia/.gradle/caches/modules-2/files-2.1/org.springframework.data/spring-data-rest-core/2.5.11.RELEASE/4580a4b5dc02eb769404937ce7d1dd71fd34dd7d/spring-data-rest-core-2.5.11.RELEASE.jar!/org/springframework/data/rest/core/support/EntityLookup.class], URL [jar:file:/Users/ivan.garcia/.gradle/caches/modules-2/files-2.1/org.springframework.data/spring-data-rest-core/2.5.11.RELEASE/4580a4b5dc02eb769404937ce7d1dd71fd34dd7d/spring-data-rest-core-2.5.11.RELEASE.jar!/org/springframework/data/rest/core/support/EntityLookupSupport.class], URL [jar:file:/Users/ivan.garcia/.gradle/caches/modules-2/files-2.1/org.springframework.data/spring-data-rest-core/2.5.11.RELEASE/4580a4b5dc02eb769404937ce7d1dd71fd34dd7d/spring-data-rest-core-2.5.11.RELEASE.jar!/org/springframework/data/rest/core/support/RepositoryRelProvider.class], URL [jar:file:/Users/ivan.garcia/.gradle/caches/modules-2/files-2.1/org.springframework.data/spring-data-rest-core/2.5.11.RELEASE/4580a4b5dc02eb769404937ce7d1dd71fd34dd7d/spring-data-rest-core-2.5.11.RELEASE.jar!/org/springframework/data/rest/core/support/ResourceMappingUtils.class], URL [jar:file:/Users/ivan.garcia/.gradle/caches/modules-2/files-2.1/org.springframework.data/spring-data-rest-core/2.5.11.RELEASE/4580a4b5dc02eb769404937ce7d1dd71fd34dd7d/spring-data-rest-core-2.5.11.RELEASE.jar!/org/springframework/data/rest/core/support/ResourceStringUtils.class], URL [jar:file:/Users/ivan.garcia/.gradle/caches/modules-2/files-2.1/org.springframework.data/spring-data-rest-core/2.5.11.RELEASE/4580a4b5dc02eb769404937ce7d1dd71fd34dd7d/spring-data-rest-core-2.5.11.RELEASE.jar!/org/springframework/data/rest/core/support/SelfLinkProvider.class], URL [jar:file:/Users/ivan.garcia/.gradle/caches/modules-2/files-2.1/org.springframework.data/spring-data-rest-core/2.5.11.RELEASE/4580a4b5dc02eb769404937ce7d1dd71fd34dd7d/spring-data-rest-core-2.5.11.RELEASE.jar!/org/springframework/data/rest/core/support/SimpleRelProvider.class], URL [jar:file:/Users/ivan.garcia/.gradle/caches/modules-2/files-2.1/org.springframework.data/spring-data-rest-core/2.5.11.RELEASE/4580a4b5dc02eb769404937ce7d1dd71fd34dd7d/spring-data-rest-core-2.5.11.RELEASE.jar!/org/springframework/data/rest/core/support/UnwrappingRepositoryInvokerFactory$1.class], URL [jar:file:/Users/ivan.garcia/.gradle/caches/modules-2/files-2.1/org.springframework.data/spring-data-rest-core/2.5.11.RELEASE/4580a4b5dc02eb769404937ce7d1dd71fd34dd7d/spring-data-rest-core-2.5.11.RELEASE.jar!/org/springframework/data/rest/core/support/UnwrappingRepositoryInvokerFactory$2.class], URL [jar:file:/Users/ivan.garcia/.gradle/caches/modules-2/files-2.1/org.springframework.data/spring-data-rest-core/2.5.11.RELEASE/4580a4b5dc02eb769404937ce7d1dd71fd34dd7d/spring-data-rest-core-2.5.11.RELEASE.jar!/org/springframework/data/rest/core/support/UnwrappingRepositoryInvokerFactory$UnwrappingRepositoryInvoker.class], URL [jar:file:/Users/ivan.garcia/.gradle/caches/modules-2/files-2.1/org.springframework.data/spring-data-rest-core/2.5.11.RELEASE/4580a4b5dc02eb769404937ce7d1dd71fd34dd7d/spring-data-rest-core-2.5.11.RELEASE.jar!/org/springframework/data/rest/core/support/UnwrappingRepositoryInvokerFactory.class], URL [jar:file:/Users/ivan.garcia/.gradle/caches/modules-2/files-2.1/org.springframework.data/spring-data-rest-core/2.5.11.RELEASE/4580a4b5dc02eb769404937ce7d1dd71fd34dd7d/spring-data-rest-core-2.5.11.RELEASE.jar!/org/springframework/data/rest/core/UriToEntityConverter.class], URL [jar:file:/Users/ivan.garcia/.gradle/caches/modules-2/files-2.1/org.springframework.data/spring-data-rest-core/2.5.11.RELEASE/4580a4b5dc02eb769404937ce7d1dd71fd34dd7d/spring-data-rest-core-2.5.11.RELEASE.jar!/org/springframework/data/rest/core/util/Function.class], URL [jar:file:/Users/ivan.garcia/.gradle/caches/modules-2/files-2.1/org.springframework.data/spring-data-rest-core/2.5.11.RELEASE/4580a4b5dc02eb769404937ce7d1dd71fd34dd7d/spring-data-rest-core-2.5.11.RELEASE.jar!/org/springframework/data/rest/core/util/MapUtils.class], URL [jar:file:/Users/ivan.garcia/.gradle/caches/modules-2/files-2.1/org.springframework.data/spring-data-rest-core/2.5.11.RELEASE/4580a4b5dc02eb769404937ce7d1dd71fd34dd7d/spring-data-rest-core-2.5.11.RELEASE.jar!/org/springframework/data/rest/core/util/Methods$1.class], URL [jar:file:/Users/ivan.garcia/.gradle/caches/modules-2/files-2.1/org.springframework.data/spring-data-rest-core/2.5.11.RELEASE/4580a4b5dc02eb769404937ce7d1dd71fd34dd7d/spring-data-rest-core-2.5.11.RELEASE.jar!/org/springframework/data/rest/core/util/Methods.class], URL [jar:file:/Users/ivan.garcia/.gradle/caches/modules-2/files-2.1/org.springframework.data/spring-data-rest-core/2.5.11.RELEASE/4580a4b5dc02eb769404937ce7d1dd71fd34dd7d/spring-data-rest-core-2.5.11.RELEASE.jar!/org/springframework/data/rest/core/ValidationErrors$1.class], URL [jar:file:/Users/ivan.garcia/.gradle/caches/modules-2/files-2.1/org.springframework.data/spring-data-rest-core/2.5.11.RELEASE/4580a4b5dc02eb769404937ce7d1dd71fd34dd7d/spring-data-rest-core-2.5.11.RELEASE.jar!/org/springframework/data/rest/core/ValidationErrors.class]]
18-febrero-20 16:47:23:483 DEBUG Test worker o.s.c.a.ClassPathScanningCandidateComponentProvider:294 - Identified candidate component class: URL [jar:file:/Users/ivan.garcia/.gradle/caches/modules-2/files-2.1/org.springframework.data/spring-data-commons/1.12.11.RELEASE/ac256a5df93c0c62d2ea3c835d0454f97bc5678c/spring-data-commons-1.12.11.RELEASE.jar!/org/springframework/data/web/config/SpringDataJacksonConfiguration.class]
18-febrero-20 16:47:23:509 DEBUG Test worker o.s.b.f.s.DefaultListableBeanFactory:251 - Returning cached instance of singleton bean 'autoConfigurationReport'
18-febrero-20 16:47:23:510 DEBUG Test worker o.s.b.f.s.DefaultListableBeanFactory:251 - Returning cached instance of singleton bean 'autoConfigurationReport'
18-febrero-20 16:47:23:512 DEBUG Test worker o.s.b.f.s.DefaultListableBeanFactory:251 - Returning cached instance of singleton bean 'autoConfigurationReport'
18-febrero-20 16:47:23:513 DEBUG Test worker o.s.b.f.s.DefaultListableBeanFactory:251 - Returning cached instance of singleton bean 'autoConfigurationReport'
18-febrero-20 16:47:23:516 DEBUG Test worker o.s.b.f.s.DefaultListableBeanFactory:251 - Returning cached instance of singleton bean 'autoConfigurationReport'
18-febrero-20 16:47:23:524 DEBUG Test worker o.s.b.f.s.DefaultListableBeanFactory:251 - Returning cached instance of singleton bean 'autoConfigurationReport'
18-febrero-20 16:47:23:526 DEBUG Test worker o.s.b.f.s.DefaultListableBeanFactory:251 - Returning cached instance of singleton bean 'autoConfigurationReport'
18-febrero-20 16:47:23:529 DEBUG Test worker o.s.b.f.s.DefaultListableBeanFactory:251 - Returning cached instance of singleton bean 'autoConfigurationReport'
18-febrero-20 16:47:23:535 DEBUG Test worker o.s.b.f.s.DefaultListableBeanFactory:251 - Returning cached instance of singleton bean 'autoConfigurationReport'
18-febrero-20 16:47:23:548 DEBUG Test worker o.s.b.f.s.DefaultListableBeanFactory:251 - Returning cached instance of singleton bean 'autoConfigurationReport'
18-febrero-20 16:47:23:551 DEBUG Test worker o.s.b.f.s.DefaultListableBeanFactory:251 - Returning cached instance of singleton bean 'autoConfigurationReport'
18-febrero-20 16:47:23:553 DEBUG Test worker o.s.b.f.s.DefaultListableBeanFactory:251 - Returning cached instance of singleton bean 'autoConfigurationReport'
18-febrero-20 16:47:23:553 DEBUG Test worker o.s.b.f.s.DefaultListableBeanFactory:251 - Returning cached instance of singleton bean 'autoConfigurationReport'
18-febrero-20 16:47:23:554 DEBUG Test worker o.s.b.f.s.DefaultListableBeanFactory:251 - Returning cached instance of singleton bean 'autoConfigurationReport'
18-febrero-20 16:47:23:556 DEBUG Test worker o.s.b.f.s.DefaultListableBeanFactory:251 - Returning cached instance of singleton bean 'autoConfigurationReport'
18-febrero-20 16:47:23:557 DEBUG Test worker o.s.b.f.s.DefaultListableBeanFactory:251 - Returning cached instance of singleton bean 'autoConfigurationReport'
18-febrero-20 16:47:23:561 DEBUG Test worker o.s.b.f.s.DefaultListableBeanFactory:251 - Returning cached instance of singleton bean 'autoConfigurationReport'
18-febrero-20 16:47:23:567 DEBUG Test worker o.s.b.f.s.DefaultListableBeanFactory:251 - Returning cached instance of singleton bean 'autoConfigurationReport'
18-febrero-20 16:47:23:570 DEBUG Test worker o.s.b.f.s.DefaultListableBeanFactory:251 - Returning cached instance of singleton bean 'autoConfigurationReport'
18-febrero-20 16:47:23:572 DEBUG Test worker o.s.b.f.s.DefaultListableBeanFactory:251 - Returning cached instance of singleton bean 'autoConfigurationReport'
18-febrero-20 16:47:23:577 DEBUG Test worker o.s.b.f.s.DefaultListableBeanFactory:251 - Returning cached instance of singleton bean 'autoConfigurationReport'
18-febrero-20 16:47:23:579 DEBUG Test worker o.s.b.f.s.DefaultListableBeanFactory:251 - Returning cached instance of singleton bean 'autoConfigurationReport'
18-febrero-20 16:47:23:581 DEBUG Test worker o.s.b.f.s.DefaultListableBeanFactory:251 - Returning cached instance of singleton bean 'autoConfigurationReport'
18-febrero-20 16:47:23:582 DEBUG Test worker o.s.b.f.s.DefaultListableBeanFactory:251 - Returning cached instance of singleton bean 'autoConfigurationReport'
18-febrero-20 16:47:23:583 DEBUG Test worker o.s.b.f.s.DefaultListableBeanFactory:251 - Returning cached instance of singleton bean 'autoConfigurationReport'
18-febrero-20 16:47:23:584 DEBUG Test worker o.s.b.f.s.DefaultListableBeanFactory:251 - Returning cached instance of singleton bean 'autoConfigurationReport'
18-febrero-20 16:47:23:585 DEBUG Test worker o.s.b.f.s.DefaultListableBeanFactory:251 - Returning cached instance of singleton bean 'autoConfigurationReport'
18-febrero-20 16:47:23:585 DEBUG Test worker o.s.b.f.s.DefaultListableBeanFactory:251 - Returning cached instance of singleton bean 'autoConfigurationReport'
18-febrero-20 16:47:23:587 DEBUG Test worker o.s.b.f.s.DefaultListableBeanFactory:251 - Returning cached instance of singleton bean 'autoConfigurationReport'
18-febrero-20 16:47:23:588 DEBUG Test worker o.s.b.f.s.DefaultListableBeanFactory:251 - Returning cached instance of singleton bean 'autoConfigurationReport'
18-febrero-20 16:47:23:589 DEBUG Test worker o.s.b.f.s.DefaultListableBeanFactory:251 - Returning cached instance of singleton bean 'autoConfigurationReport'
18-febrero-20 16:47:23:592 DEBUG Test worker o.s.b.f.s.DefaultListableBeanFactory:251 - Returning cached instance of singleton bean 'autoConfigurationReport'
18-febrero-20 16:47:23:597 DEBUG Test worker o.s.b.f.s.DefaultListableBeanFactory:251 - Returning cached instance of singleton bean 'autoConfigurationReport'
18-febrero-20 16:47:23:599 DEBUG Test worker o.s.b.f.s.DefaultListableBeanFactory:251 - Returning cached instance of singleton bean 'autoConfigurationReport'
18-febrero-20 16:47:23:600 DEBUG Test worker o.s.b.f.s.DefaultListableBeanFactory:251 - Returning cached instance of singleton bean 'autoConfigurationReport'
18-febrero-20 16:47:23:601 DEBUG Test worker o.s.b.f.s.DefaultListableBeanFactory:251 - Returning cached instance of singleton bean 'autoConfigurationReport'
18-febrero-20 16:47:23:602 DEBUG Test worker o.s.b.f.s.DefaultListableBeanFactory:251 - Returning cached instance of singleton bean 'autoConfigurationReport'
18-febrero-20 16:47:23:603 DEBUG Test worker o.s.b.f.s.DefaultListableBeanFactory:251 - Returning cached instance of singleton bean 'autoConfigurationReport'
18-febrero-20 16:47:23:604 DEBUG Test worker o.s.b.f.s.DefaultListableBeanFactory:251 - Returning cached instance of singleton bean 'autoConfigurationReport'
18-febrero-20 16:47:23:605 DEBUG Test worker o.s.b.f.s.DefaultListableBeanFactory:251 - Returning cached instance of singleton bean 'autoConfigurationReport'
18-febrero-20 16:47:23:605 DEBUG Test worker o.s.b.f.s.DefaultListableBeanFactory:251 - Returning cached instance of singleton bean 'autoConfigurationReport'
18-febrero-20 16:47:23:606 DEBUG Test worker o.s.b.f.s.DefaultListableBeanFactory:251 - Returning cached instance of singleton bean 'autoConfigurationReport'
18-febrero-20 16:47:23:606 DEBUG Test worker o.s.b.f.s.DefaultListableBeanFactory:251 - Returning cached instance of singleton bean 'autoConfigurationReport'
18-febrero-20 16:47:23:608 DEBUG Test worker o.s.b.f.s.DefaultListableBeanFactory:251 - Returning cached instance of singleton bean 'autoConfigurationReport'
18-febrero-20 16:47:23:608 DEBUG Test worker o.s.b.f.s.DefaultListableBeanFactory:251 - Returning cached instance of singleton bean 'autoConfigurationReport'
18-febrero-20 16:47:23:611 DEBUG Test worker o.s.b.f.s.DefaultListableBeanFactory:251 - Returning cached instance of singleton bean 'autoConfigurationReport'
18-febrero-20 16:47:23:612 DEBUG Test worker o.s.b.f.s.DefaultListableBeanFactory:251 - Returning cached instance of singleton bean 'autoConfigurationReport'
18-febrero-20 16:47:23:613 DEBUG Test worker o.s.b.f.s.DefaultListableBeanFactory:251 - Returning cached instance of singleton bean 'autoConfigurationReport'
18-febrero-20 16:47:23:615 DEBUG Test worker o.s.b.f.s.DefaultListableBeanFactory:251 - Returning cached instance of singleton bean 'autoConfigurationReport'
18-febrero-20 16:47:23:616 DEBUG Test worker o.s.b.f.s.DefaultListableBeanFactory:251 - Returning cached instance of singleton bean 'autoConfigurationReport'
18-febrero-20 16:47:23:618 DEBUG Test worker o.s.b.f.s.DefaultListableBeanFactory:251 - Returning cached instance of singleton bean 'autoConfigurationReport'
18-febrero-20 16:47:23:619 DEBUG Test worker o.s.b.f.s.DefaultListableBeanFactory:251 - Returning cached instance of singleton bean 'autoConfigurationReport'
18-febrero-20 16:47:23:620 DEBUG Test worker o.s.b.f.s.DefaultListableBeanFactory:251 - Returning cached instance of singleton bean 'autoConfigurationReport'
18-febrero-20 16:47:23:624 DEBUG Test worker o.s.b.f.s.DefaultListableBeanFactory:251 - Returning cached instance of singleton bean 'autoConfigurationReport'
18-febrero-20 16:47:23:625 DEBUG Test worker o.s.b.f.s.DefaultListableBeanFactory:251 - Returning cached instance of singleton bean 'autoConfigurationReport'
18-febrero-20 16:47:23:627 DEBUG Test worker o.s.b.f.s.DefaultListableBeanFactory:251 - Returning cached instance of singleton bean 'autoConfigurationReport'
18-febrero-20 16:47:23:633 DEBUG Test worker o.s.b.f.s.DefaultListableBeanFactory:251 - Returning cached instance of singleton bean 'autoConfigurationReport'
18-febrero-20 16:47:23:635 DEBUG Test worker o.s.b.f.s.DefaultListableBeanFactory:251 - Returning cached instance of singleton bean 'autoConfigurationReport'
18-febrero-20 16:47:23:636 DEBUG Test worker o.s.b.f.s.DefaultListableBeanFactory:251 - Returning cached instance of singleton bean 'autoConfigurationReport'
18-febrero-20 16:47:23:638 DEBUG Test worker o.s.b.f.s.DefaultListableBeanFactory:251 - Returning cached instance of singleton bean 'autoConfigurationReport'
18-febrero-20 16:47:23:639 DEBUG Test worker o.s.b.f.s.DefaultListableBeanFactory:251 - Returning cached instance of singleton bean 'autoConfigurationReport'
18-febrero-20 16:47:23:641 DEBUG Test worker o.s.b.f.s.DefaultListableBeanFactory:251 - Returning cached instance of singleton bean 'autoConfigurationReport'
18-febrero-20 16:47:23:642 DEBUG Test worker o.s.b.f.s.DefaultListableBeanFactory:251 - Returning cached instance of singleton bean 'autoConfigurationReport'
18-febrero-20 16:47:23:646 DEBUG Test worker o.s.c.a.ConfigurationClassBeanDefinitionReader:164 - Registered bean definition for imported class 'org.springframework.transaction.annotation.ProxyTransactionManagementConfiguration'
18-febrero-20 16:47:23:648 DEBUG Test worker o.s.c.a.ConfigurationClassBeanDefinitionReader:257 - Registering bean definition for @Bean method org.springframework.transaction.annotation.ProxyTransactionManagementConfiguration.org.springframework.transaction.config.internalTransactionAdvisor()
18-febrero-20 16:47:23:648 DEBUG Test worker o.s.c.a.ConfigurationClassBeanDefinitionReader:257 - Registering bean definition for @Bean method org.springframework.transaction.annotation.ProxyTransactionManagementConfiguration.transactionAttributeSource()
18-febrero-20 16:47:23:649 DEBUG Test worker o.s.c.a.ConfigurationClassBeanDefinitionReader:257 - Registering bean definition for @Bean method org.springframework.transaction.annotation.ProxyTransactionManagementConfiguration.transactionInterceptor()
18-febrero-20 16:47:23:649 DEBUG Test worker o.s.c.a.ConfigurationClassBeanDefinitionReader:257 - Registering bean definition for @Bean method org.springframework.transaction.annotation.ProxyTransactionManagementConfiguration.org.springframework.transaction.config.internalTransactionalEventListenerFactory()
18-febrero-20 16:47:23:656 DEBUG Test worker o.s.c.e.StandardEnvironment:109 - Adding [systemProperties] PropertySource with lowest search precedence
18-febrero-20 16:47:23:656 DEBUG Test worker o.s.c.e.StandardEnvironment:109 - Adding [systemEnvironment] PropertySource with lowest search precedence
18-febrero-20 16:47:23:657 DEBUG Test worker o.s.c.e.StandardEnvironment:124 - Initialized StandardEnvironment with PropertySources [systemProperties,systemEnvironment]
18-febrero-20 16:47:23:658 DEBUG Test worker o.s.c.i.s.PathMatchingResourcePatternResolver:318 - Resolved classpath location [org/springframework/data/] to resources [URL [jar:file:/Users/ivan.garcia/.gradle/caches/modules-2/files-2.1/org.springframework.data/spring-data-jpa/1.10.11.RELEASE/5ed321218bdf709f3f915b33d792ce0cc9dc9a93/spring-data-jpa-1.10.11.RELEASE.jar!/org/springframework/data/], URL [jar:file:/Users/ivan.garcia/.gradle/caches/modules-2/files-2.1/org.springframework.data/spring-data-rest-webmvc/2.5.11.RELEASE/bbe67ac5cf23ca4f9244e4588d47683be994cd90/spring-data-rest-webmvc-2.5.11.RELEASE.jar!/org/springframework/data/], URL [jar:file:/Users/ivan.garcia/.gradle/caches/modules-2/files-2.1/org.springframework.data/spring-data-commons/1.12.11.RELEASE/ac256a5df93c0c62d2ea3c835d0454f97bc5678c/spring-data-commons-1.12.11.RELEASE.jar!/org/springframework/data/], URL [jar:file:/Users/ivan.garcia/.gradle/caches/modules-2/files-2.1/org.springframework.data/spring-data-rest-core/2.5.11.RELEASE/4580a4b5dc02eb769404937ce7d1dd71fd34dd7d/spring-data-rest-core-2.5.11.RELEASE.jar!/org/springframework/data/]]
18-febrero-20 16:47:23:659 DEBUG Test worker o.s.c.i.s.PathMatchingResourcePatternResolver:612 - Looking for matching resources in jar file [file:/Users/ivan.garcia/.gradle/caches/modules-2/files-2.1/org.springframework.data/spring-data-jpa/1.10.11.RELEASE/5ed321218bdf709f3f915b33d792ce0cc9dc9a93/spring-data-jpa-1.10.11.RELEASE.jar]
18-febrero-20 16:47:23:661 DEBUG Test worker o.s.c.i.s.PathMatchingResourcePatternResolver:612 - Looking for matching resources in jar file [file:/Users/ivan.garcia/.gradle/caches/modules-2/files-2.1/org.springframework.data/spring-data-rest-webmvc/2.5.11.RELEASE/bbe67ac5cf23ca4f9244e4588d47683be994cd90/spring-data-rest-webmvc-2.5.11.RELEASE.jar]
18-febrero-20 16:47:23:663 DEBUG Test worker o.s.c.i.s.PathMatchingResourcePatternResolver:612 - Looking for matching resources in jar file [file:/Users/ivan.garcia/.gradle/caches/modules-2/files-2.1/org.springframework.data/spring-data-commons/1.12.11.RELEASE/ac256a5df93c0c62d2ea3c835d0454f97bc5678c/spring-data-commons-1.12.11.RELEASE.jar]
18-febrero-20 16:47:23:667 DEBUG Test worker o.s.c.i.s.PathMatchingResourcePatternResolver:612 - Looking for matching resources in jar file [file:/Users/ivan.garcia/.gradle/caches/modules-2/files-2.1/org.springframework.data/spring-data-rest-core/2.5.11.RELEASE/4580a4b5dc02eb769404937ce7d1dd71fd34dd7d/spring-data-rest-core-2.5.11.RELEASE.jar]
18-febrero-20 16:47:23:669 DEBUG Test worker o.s.c.i.s.PathMatchingResourcePatternResolver:482 - Resolved location pattern [classpath*:org/springframework/data/**/repository/support/**/*.class] to resources [URL [jar:file:/Users/ivan.garcia/.gradle/caches/modules-2/files-2.1/org.springframework.data/spring-data-jpa/1.10.11.RELEASE/5ed321218bdf709f3f915b33d792ce0cc9dc9a93/spring-data-jpa-1.10.11.RELEASE.jar!/org/springframework/data/jpa/repository/support/CrudMethodMetadata.class], URL [jar:file:/Users/ivan.garcia/.gradle/caches/modules-2/files-2.1/org.springframework.data/spring-data-jpa/1.10.11.RELEASE/5ed321218bdf709f3f915b33d792ce0cc9dc9a93/spring-data-jpa-1.10.11.RELEASE.jar!/org/springframework/data/jpa/repository/support/CrudMethodMetadataPostProcessor$1.class], URL [jar:file:/Users/ivan.garcia/.gradle/caches/modules-2/files-2.1/org.springframework.data/spring-data-jpa/1.10.11.RELEASE/5ed321218bdf709f3f915b33d792ce0cc9dc9a93/spring-data-jpa-1.10.11.RELEASE.jar!/org/springframework/data/jpa/repository/support/CrudMethodMetadataPostProcessor$CrudMethodMetadataPopulatingMethodInterceptor.class], URL [jar:file:/Users/ivan.garcia/.gradle/caches/modules-2/files-2.1/org.springframework.data/spring-data-jpa/1.10.11.RELEASE/5ed321218bdf709f3f915b33d792ce0cc9dc9a93/spring-data-jpa-1.10.11.RELEASE.jar!/org/springframework/data/jpa/repository/support/CrudMethodMetadataPostProcessor$DefaultCrudMethodMetadata.class], URL [jar:file:/Users/ivan.garcia/.gradle/caches/modules-2/files-2.1/org.springframework.data/spring-data-jpa/1.10.11.RELEASE/5ed321218bdf709f3f915b33d792ce0cc9dc9a93/spring-data-jpa-1.10.11.RELEASE.jar!/org/springframework/data/jpa/repository/support/CrudMethodMetadataPostProcessor$ThreadBoundTargetSource.class], URL [jar:file:/Users/ivan.garcia/.gradle/caches/modules-2/files-2.1/org.springframework.data/spring-data-jpa/1.10.11.RELEASE/5ed321218bdf709f3f915b33d792ce0cc9dc9a93/spring-data-jpa-1.10.11.RELEASE.jar!/org/springframework/data/jpa/repository/support/CrudMethodMetadataPostProcessor.class], URL [jar:file:/Users/ivan.garcia/.gradle/caches/modules-2/files-2.1/org.springframework.data/spring-data-jpa/1.10.11.RELEASE/5ed321218bdf709f3f915b33d792ce0cc9dc9a93/spring-data-jpa-1.10.11.RELEASE.jar!/org/springframework/data/jpa/repository/support/DefaultJpaContext.class], URL [jar:file:/Users/ivan.garcia/.gradle/caches/modules-2/files-2.1/org.springframework.data/spring-data-jpa/1.10.11.RELEASE/5ed321218bdf709f3f915b33d792ce0cc9dc9a93/spring-data-jpa-1.10.11.RELEASE.jar!/org/springframework/data/jpa/repository/support/EntityManagerBeanDefinitionRegistrarPostProcessor.class], URL [jar:file:/Users/ivan.garcia/.gradle/caches/modules-2/files-2.1/org.springframework.data/spring-data-jpa/1.10.11.RELEASE/5ed321218bdf709f3f915b33d792ce0cc9dc9a93/spring-data-jpa-1.10.11.RELEASE.jar!/org/springframework/data/jpa/repository/support/JpaEntityInformation.class], URL [jar:file:/Users/ivan.garcia/.gradle/caches/modules-2/files-2.1/org.springframework.data/spring-data-jpa/1.10.11.RELEASE/5ed321218bdf709f3f915b33d792ce0cc9dc9a93/spring-data-jpa-1.10.11.RELEASE.jar!/org/springframework/data/jpa/repository/support/JpaEntityInformationSupport.class], URL [jar:file:/Users/ivan.garcia/.gradle/caches/modules-2/files-2.1/org.springframework.data/spring-data-jpa/1.10.11.RELEASE/5ed321218bdf709f3f915b33d792ce0cc9dc9a93/spring-data-jpa-1.10.11.RELEASE.jar!/org/springframework/data/jpa/repository/support/JpaMetamodelEntityInformation$IdentifierDerivingDirectFieldAccessFallbackBeanWrapper.class], URL [jar:file:/Users/ivan.garcia/.gradle/caches/modules-2/files-2.1/org.springframework.data/spring-data-jpa/1.10.11.RELEASE/5ed321218bdf709f3f915b33d792ce0cc9dc9a93/spring-data-jpa-1.10.11.RELEASE.jar!/org/springframework/data/jpa/repository/support/JpaMetamodelEntityInformation$IdMetadata.class], URL [jar:file:/Users/ivan.garcia/.gradle/caches/modules-2/files-2.1/org.springframework.data/spring-data-jpa/1.10.11.RELEASE/5ed321218bdf709f3f915b33d792ce0cc9dc9a93/spring-data-jpa-1.10.11.RELEASE.jar!/org/springframework/data/jpa/repository/support/JpaMetamodelEntityInformation.class], URL [jar:file:/Users/ivan.garcia/.gradle/caches/modules-2/files-2.1/org.springframework.data/spring-data-jpa/1.10.11.RELEASE/5ed321218bdf709f3f915b33d792ce0cc9dc9a93/spring-data-jpa-1.10.11.RELEASE.jar!/org/springframework/data/jpa/repository/support/JpaPersistableEntityInformation.class], URL [jar:file:/Users/ivan.garcia/.gradle/caches/modules-2/files-2.1/org.springframework.data/spring-data-jpa/1.10.11.RELEASE/5ed321218bdf709f3f915b33d792ce0cc9dc9a93/spring-data-jpa-1.10.11.RELEASE.jar!/org/springframework/data/jpa/repository/support/JpaRepositoryFactory.class], URL [jar:file:/Users/ivan.garcia/.gradle/caches/modules-2/files-2.1/org.springframework.data/spring-data-jpa/1.10.11.RELEASE/5ed321218bdf709f3f915b33d792ce0cc9dc9a93/spring-data-jpa-1.10.11.RELEASE.jar!/org/springframework/data/jpa/repository/support/JpaRepositoryFactoryBean.class], URL [jar:file:/Users/ivan.garcia/.gradle/caches/modules-2/files-2.1/org.springframework.data/spring-data-jpa/1.10.11.RELEASE/5ed321218bdf709f3f915b33d792ce0cc9dc9a93/spring-data-jpa-1.10.11.RELEASE.jar!/org/springframework/data/jpa/repository/support/Querydsl$1.class], URL [jar:file:/Users/ivan.garcia/.gradle/caches/modules-2/files-2.1/org.springframework.data/spring-data-jpa/1.10.11.RELEASE/5ed321218bdf709f3f915b33d792ce0cc9dc9a93/spring-data-jpa-1.10.11.RELEASE.jar!/org/springframework/data/jpa/repository/support/Querydsl.class], URL [jar:file:/Users/ivan.garcia/.gradle/caches/modules-2/files-2.1/org.springframework.data/spring-data-jpa/1.10.11.RELEASE/5ed321218bdf709f3f915b33d792ce0cc9dc9a93/spring-data-jpa-1.10.11.RELEASE.jar!/org/springframework/data/jpa/repository/support/QueryDslJpaRepository.class], URL [jar:file:/Users/ivan.garcia/.gradle/caches/modules-2/files-2.1/org.springframework.data/spring-data-jpa/1.10.11.RELEASE/5ed321218bdf709f3f915b33d792ce0cc9dc9a93/spring-data-jpa-1.10.11.RELEASE.jar!/org/springframework/data/jpa/repository/support/QueryDslRepositorySupport.class], URL [jar:file:/Users/ivan.garcia/.gradle/caches/modules-2/files-2.1/org.springframework.data/spring-data-jpa/1.10.11.RELEASE/5ed321218bdf709f3f915b33d792ce0cc9dc9a93/spring-data-jpa-1.10.11.RELEASE.jar!/org/springframework/data/jpa/repository/support/SimpleJpaRepository$ByIdsSpecification.class], URL [jar:file:/Users/ivan.garcia/.gradle/caches/modules-2/files-2.1/org.springframework.data/spring-data-jpa/1.10.11.RELEASE/5ed321218bdf709f3f915b33d792ce0cc9dc9a93/spring-data-jpa-1.10.11.RELEASE.jar!/org/springframework/data/jpa/repository/support/SimpleJpaRepository$ExampleSpecification.class], URL [jar:file:/Users/ivan.garcia/.gradle/caches/modules-2/files-2.1/org.springframework.data/spring-data-jpa/1.10.11.RELEASE/5ed321218bdf709f3f915b33d792ce0cc9dc9a93/spring-data-jpa-1.10.11.RELEASE.jar!/org/springframework/data/jpa/repository/support/SimpleJpaRepository.class], URL [jar:file:/Users/ivan.garcia/.gradle/caches/modules-2/files-2.1/org.springframework.data/spring-data-commons/1.12.11.RELEASE/ac256a5df93c0c62d2ea3c835d0454f97bc5678c/spring-data-commons-1.12.11.RELEASE.jar!/org/springframework/data/repository/support/AnnotationAttribute.class], URL [jar:file:/Users/ivan.garcia/.gradle/caches/modules-2/files-2.1/org.springframework.data/spring-data-commons/1.12.11.RELEASE/ac256a5df93c0c62d2ea3c835d0454f97bc5678c/spring-data-commons-1.12.11.RELEASE.jar!/org/springframework/data/repository/support/CrudRepositoryInvoker.class], URL [jar:file:/Users/ivan.garcia/.gradle/caches/modules-2/files-2.1/org.springframework.data/spring-data-commons/1.12.11.RELEASE/ac256a5df93c0c62d2ea3c835d0454f97bc5678c/spring-data-commons-1.12.11.RELEASE.jar!/org/springframework/data/repository/support/DefaultRepositoryInvokerFactory.class], URL [jar:file:/Users/ivan.garcia/.gradle/caches/modules-2/files-2.1/org.springframework.data/spring-data-commons/1.12.11.RELEASE/ac256a5df93c0c62d2ea3c835d0454f97bc5678c/spring-data-commons-1.12.11.RELEASE.jar!/org/springframework/data/repository/support/DomainClassConverter$ToEntityConverter.class], URL [jar:file:/Users/ivan.garcia/.gradle/caches/modules-2/files-2.1/org.springframework.data/spring-data-commons/1.12.11.RELEASE/ac256a5df93c0c62d2ea3c835d0454f97bc5678c/spring-data-commons-1.12.11.RELEASE.jar!/org/springframework/data/repository/support/DomainClassConverter$ToIdConverter.class], URL [jar:file:/Users/ivan.garcia/.gradle/caches/modules-2/files-2.1/org.springframework.data/spring-data-commons/1.12.11.RELEASE/ac256a5df93c0c62d2ea3c835d0454f97bc5678c/spring-data-commons-1.12.11.RELEASE.jar!/org/springframework/data/repository/support/DomainClassConverter.class], URL [jar:file:/Users/ivan.garcia/.gradle/caches/modules-2/files-2.1/org.springframework.data/spring-data-commons/1.12.11.RELEASE/ac256a5df93c0c62d2ea3c835d0454f97bc5678c/spring-data-commons-1.12.11.RELEASE.jar!/org/springframework/data/repository/support/DomainClassPropertyEditor.class], URL [jar:file:/Users/ivan.garcia/.gradle/caches/modules-2/files-2.1/org.springframework.data/spring-data-commons/1.12.11.RELEASE/ac256a5df93c0c62d2ea3c835d0454f97bc5678c/spring-data-commons-1.12.11.RELEASE.jar!/org/springframework/data/repository/support/DomainClassPropertyEditorRegistrar.class], URL [jar:file:/Users/ivan.garcia/.gradle/caches/modules-2/files-2.1/org.springframework.data/spring-data-commons/1.12.11.RELEASE/ac256a5df93c0c62d2ea3c835d0454f97bc5678c/spring-data-commons-1.12.11.RELEASE.jar!/org/springframework/data/repository/support/MethodParameters$AnnotationNamingMethodParameter.class], URL [jar:file:/Users/ivan.garcia/.gradle/caches/modules-2/files-2.1/org.springframework.data/spring-data-commons/1.12.11.RELEASE/ac256a5df93c0c62d2ea3c835d0454f97bc5678c/spring-data-commons-1.12.11.RELEASE.jar!/org/springframework/data/repository/support/MethodParameters.class], URL [jar:file:/Users/ivan.garcia/.gradle/caches/modules-2/files-2.1/org.springframework.data/spring-data-commons/1.12.11.RELEASE/ac256a5df93c0c62d2ea3c835d0454f97bc5678c/spring-data-commons-1.12.11.RELEASE.jar!/org/springframework/data/repository/support/PagingAndSortingRepositoryInvoker.class], URL [jar:file:/Users/ivan.garcia/.gradle/caches/modules-2/files-2.1/org.springframework.data/spring-data-commons/1.12.11.RELEASE/ac256a5df93c0c62d2ea3c835d0454f97bc5678c/spring-data-commons-1.12.11.RELEASE.jar!/org/springframework/data/repository/support/QueryMethodParameterConversionException.class], URL [jar:file:/Users/ivan.garcia/.gradle/caches/modules-2/files-2.1/org.springframework.data/spring-data-commons/1.12.11.RELEASE/ac256a5df93c0c62d2ea3c835d0454f97bc5678c/spring-data-commons-1.12.11.RELEASE.jar!/org/springframework/data/repository/support/ReflectionRepositoryInvoker.class], URL [jar:file:/Users/ivan.garcia/.gradle/caches/modules-2/files-2.1/org.springframework.data/spring-data-commons/1.12.11.RELEASE/ac256a5df93c0c62d2ea3c835d0454f97bc5678c/spring-data-commons-1.12.11.RELEASE.jar!/org/springframework/data/repository/support/Repositories$EmptyRepositoryFactoryInformation.class], URL [jar:file:/Users/ivan.garcia/.gradle/caches/modules-2/files-2.1/org.springframework.data/spring-data-commons/1.12.11.RELEASE/ac256a5df93c0c62d2ea3c835d0454f97bc5678c/spring-data-commons-1.12.11.RELEASE.jar!/org/springframework/data/repository/support/Repositories.class], URL [jar:file:/Users/ivan.garcia/.gradle/caches/modules-2/files-2.1/org.springframework.data/spring-data-commons/1.12.11.RELEASE/ac256a5df93c0c62d2ea3c835d0454f97bc5678c/spring-data-commons-1.12.11.RELEASE.jar!/org/springframework/data/repository/support/RepositoryInvocationInformation.class], URL [jar:file:/Users/ivan.garcia/.gradle/caches/modules-2/files-2.1/org.springframework.data/spring-data-commons/1.12.11.RELEASE/ac256a5df93c0c62d2ea3c835d0454f97bc5678c/spring-data-commons-1.12.11.RELEASE.jar!/org/springframework/data/repository/support/RepositoryInvoker.class], URL [jar:file:/Users/ivan.garcia/.gradle/caches/modules-2/files-2.1/org.springframework.data/spring-data-commons/1.12.11.RELEASE/ac256a5df93c0c62d2ea3c835d0454f97bc5678c/spring-data-commons-1.12.11.RELEASE.jar!/org/springframework/data/repository/support/RepositoryInvokerFactory.class]]
18-febrero-20 16:47:23:685 DEBUG Test worker o.s.c.a.ClassPathScanningCandidateComponentProvider:294 - Identified candidate component class: URL [jar:file:/Users/ivan.garcia/.gradle/caches/modules-2/files-2.1/org.springframework.data/spring-data-jpa/1.10.11.RELEASE/5ed321218bdf709f3f915b33d792ce0cc9dc9a93/spring-data-jpa-1.10.11.RELEASE.jar!/org/springframework/data/jpa/repository/support/JpaRepositoryFactory.class]
18-febrero-20 16:47:23:712 DEBUG Test worker o.s.c.e.StandardEnvironment:109 - Adding [systemProperties] PropertySource with lowest search precedence
18-febrero-20 16:47:23:713 DEBUG Test worker o.s.c.e.StandardEnvironment:109 - Adding [systemEnvironment] PropertySource with lowest search precedence
18-febrero-20 16:47:23:713 DEBUG Test worker o.s.c.e.StandardEnvironment:124 - Initialized StandardEnvironment with PropertySources [systemProperties,systemEnvironment]
18-febrero-20 16:47:23:715 DEBUG Test worker o.s.c.i.s.PathMatchingResourcePatternResolver:318 - Resolved classpath location [com/privalia/repositories/] to resources [URL [file:/Users/ivan.garcia/Documents/eclipse-workspace/PrivaliaSpringBootProject/build/classes/test/com/privalia/repositories/], URL [file:/Users/ivan.garcia/Documents/eclipse-workspace/PrivaliaSpringBootProject/build/classes/main/com/privalia/repositories/]]
18-febrero-20 16:47:23:720 DEBUG Test worker o.s.c.i.s.PathMatchingResourcePatternResolver:713 - Looking for matching resources in directory tree [/Users/ivan.garcia/Documents/eclipse-workspace/PrivaliaSpringBootProject/build/classes/test/com/privalia/repositories]
18-febrero-20 16:47:23:721 DEBUG Test worker o.s.c.i.s.PathMatchingResourcePatternResolver:775 - Searching directory [/Users/ivan.garcia/Documents/eclipse-workspace/PrivaliaSpringBootProject/build/classes/test/com/privalia/repositories] for files matching pattern [/Users/ivan.garcia/Documents/eclipse-workspace/PrivaliaSpringBootProject/build/classes/test/com/privalia/repositories/**/*.class]
18-febrero-20 16:47:23:721 DEBUG Test worker o.s.c.i.s.PathMatchingResourcePatternResolver:713 - Looking for matching resources in directory tree [/Users/ivan.garcia/Documents/eclipse-workspace/PrivaliaSpringBootProject/build/classes/main/com/privalia/repositories]
18-febrero-20 16:47:23:722 DEBUG Test worker o.s.c.i.s.PathMatchingResourcePatternResolver:775 - Searching directory [/Users/ivan.garcia/Documents/eclipse-workspace/PrivaliaSpringBootProject/build/classes/main/com/privalia/repositories] for files matching pattern [/Users/ivan.garcia/Documents/eclipse-workspace/PrivaliaSpringBootProject/build/classes/main/com/privalia/repositories/**/*.class]
18-febrero-20 16:47:23:723 DEBUG Test worker o.s.c.i.s.PathMatchingResourcePatternResolver:482 - Resolved location pattern [classpath*:com/privalia/repositories/**/*.class] to resources [file [/Users/ivan.garcia/Documents/eclipse-workspace/PrivaliaSpringBootProject/build/classes/test/com/privalia/repositories/ProductRepositoryTest.class], file [/Users/ivan.garcia/Documents/eclipse-workspace/PrivaliaSpringBootProject/build/classes/main/com/privalia/repositories/ProductRepository.class]]
18-febrero-20 16:47:23:728 DEBUG Test worker o.s.d.r.c.RepositoryComponentProvider:294 - Identified candidate component class: file [/Users/ivan.garcia/Documents/eclipse-workspace/PrivaliaSpringBootProject/build/classes/main/com/privalia/repositories/ProductRepository.class]
18-febrero-20 16:47:23:731 DEBUG Test worker o.s.c.e.StandardEnvironment:109 - Adding [systemProperties] PropertySource with lowest search precedence
18-febrero-20 16:47:23:732 DEBUG Test worker o.s.c.e.StandardEnvironment:109 - Adding [systemEnvironment] PropertySource with lowest search precedence
18-febrero-20 16:47:23:732 DEBUG Test worker o.s.c.e.StandardEnvironment:124 - Initialized StandardEnvironment with PropertySources [systemProperties,systemEnvironment]
18-febrero-20 16:47:23:734 DEBUG Test worker o.s.c.i.s.PathMatchingResourcePatternResolver:318 - Resolved classpath location [com/privalia/repositories/] to resources [URL [file:/Users/ivan.garcia/Documents/eclipse-workspace/PrivaliaSpringBootProject/build/classes/test/com/privalia/repositories/], URL [file:/Users/ivan.garcia/Documents/eclipse-workspace/PrivaliaSpringBootProject/build/classes/main/com/privalia/repositories/]]
18-febrero-20 16:47:23:734 DEBUG Test worker o.s.c.i.s.PathMatchingResourcePatternResolver:713 - Looking for matching resources in directory tree [/Users/ivan.garcia/Documents/eclipse-workspace/PrivaliaSpringBootProject/build/classes/test/com/privalia/repositories]
18-febrero-20 16:47:23:734 DEBUG Test worker o.s.c.i.s.PathMatchingResourcePatternResolver:775 - Searching directory [/Users/ivan.garcia/Documents/eclipse-workspace/PrivaliaSpringBootProject/build/classes/test/com/privalia/repositories] for files matching pattern [/Users/ivan.garcia/Documents/eclipse-workspace/PrivaliaSpringBootProject/build/classes/test/com/privalia/repositories/**/*ProductRepositoryImpl.class]
18-febrero-20 16:47:23:735 DEBUG Test worker o.s.c.i.s.PathMatchingResourcePatternResolver:713 - Looking for matching resources in directory tree [/Users/ivan.garcia/Documents/eclipse-workspace/PrivaliaSpringBootProject/build/classes/main/com/privalia/repositories]
18-febrero-20 16:47:23:736 DEBUG Test worker o.s.c.i.s.PathMatchingResourcePatternResolver:775 - Searching directory [/Users/ivan.garcia/Documents/eclipse-workspace/PrivaliaSpringBootProject/build/classes/main/com/privalia/repositories] for files matching pattern [/Users/ivan.garcia/Documents/eclipse-workspace/PrivaliaSpringBootProject/build/classes/main/com/privalia/repositories/**/*ProductRepositoryImpl.class]
18-febrero-20 16:47:23:736 DEBUG Test worker o.s.c.i.s.PathMatchingResourcePatternResolver:482 - Resolved location pattern [classpath*:com/privalia/repositories/**/*ProductRepositoryImpl.class] to resources []
18-febrero-20 16:47:23:740 DEBUG Test worker o.s.d.r.c.RepositoryConfigurationDelegate:141 - Spring Data JPA - Registering repository: productRepository - Interface: com.privalia.repositories.ProductRepository - Factory: org.springframework.data.jpa.repository.support.JpaRepositoryFactoryBean
18-febrero-20 16:47:23:745 DEBUG Test worker o.s.c.a.ConfigurationClassBeanDefinitionReader:164 - Registered bean definition for imported class 'org.springframework.boot.autoconfigure.PropertyPlaceholderAutoConfiguration'
18-febrero-20 16:47:23:750 DEBUG Test worker o.s.b.f.s.DefaultListableBeanFactory:221 - Creating shared instance of singleton bean 'org.springframework.boot.autoconfigure.condition.BeanTypeRegistry'
18-febrero-20 16:47:23:751 DEBUG Test worker o.s.b.f.s.DefaultListableBeanFactory:449 - Creating instance of bean 'org.springframework.boot.autoconfigure.condition.BeanTypeRegistry'
18-febrero-20 16:47:23:759 DEBUG Test worker o.s.b.f.s.DefaultListableBeanFactory:539 - Eagerly caching bean 'org.springframework.boot.autoconfigure.condition.BeanTypeRegistry' to allow for resolving potential circular references
18-febrero-20 16:47:23:759 DEBUG Test worker o.s.b.f.s.DefaultListableBeanFactory:485 - Finished creating instance of bean 'org.springframework.boot.autoconfigure.condition.BeanTypeRegistry'
18-febrero-20 16:47:23:771 DEBUG Test worker o.s.b.f.s.DefaultListableBeanFactory:251 - Returning cached instance of singleton bean 'autoConfigurationReport'
18-febrero-20 16:47:23:772 DEBUG Test worker o.s.c.a.ConfigurationClassBeanDefinitionReader:257 - Registering bean definition for @Bean method org.springframework.boot.autoconfigure.PropertyPlaceholderAutoConfiguration.propertySourcesPlaceholderConfigurer()
18-febrero-20 16:47:23:773 DEBUG Test worker o.s.b.f.s.DefaultListableBeanFactory:251 - Returning cached instance of singleton bean 'autoConfigurationReport'
18-febrero-20 16:47:23:773 DEBUG Test worker o.s.b.f.s.DefaultListableBeanFactory:251 - Returning cached instance of singleton bean 'autoConfigurationReport'
18-febrero-20 16:47:23:773 DEBUG Test worker o.s.c.a.ConfigurationClassBeanDefinitionReader:164 - Registered bean definition for imported class 'org.springframework.boot.autoconfigure.jackson.JacksonAutoConfiguration$Jackson2ObjectMapperBuilderCustomizerConfiguration'
18-febrero-20 16:47:23:774 DEBUG Test worker o.s.c.a.ConfigurationClassBeanDefinitionReader:257 - Registering bean definition for @Bean method org.springframework.boot.autoconfigure.jackson.JacksonAutoConfiguration$Jackson2ObjectMapperBuilderCustomizerConfiguration.standardJacksonObjectMapperBuilderCustomizer()
18-febrero-20 16:47:23:778 DEBUG Test worker o.s.b.f.s.DefaultListableBeanFactory:251 - Returning cached instance of singleton bean 'autoConfigurationReport'
18-febrero-20 16:47:23:778 DEBUG Test worker o.s.c.a.ConfigurationClassBeanDefinitionReader:164 - Registered bean definition for imported class 'org.springframework.boot.autoconfigure.jackson.JacksonAutoConfiguration$JacksonObjectMapperBuilderConfiguration'
18-febrero-20 16:47:23:778 DEBUG Test worker o.s.b.f.s.DefaultListableBeanFactory:251 - Returning cached instance of singleton bean 'org.springframework.boot.autoconfigure.condition.BeanTypeRegistry'
18-febrero-20 16:47:23:781 DEBUG Test worker o.s.b.f.s.DefaultListableBeanFactory:251 - Returning cached instance of singleton bean 'autoConfigurationReport'
18-febrero-20 16:47:23:781 DEBUG Test worker o.s.c.a.ConfigurationClassBeanDefinitionReader:257 - Registering bean definition for @Bean method org.springframework.boot.autoconfigure.jackson.JacksonAutoConfiguration$JacksonObjectMapperBuilderConfiguration.jacksonObjectMapperBuilder()
18-febrero-20 16:47:23:781 DEBUG Test worker o.s.b.f.s.DefaultListableBeanFactory:251 - Returning cached instance of singleton bean 'autoConfigurationReport'
18-febrero-20 16:47:23:782 DEBUG Test worker o.s.c.a.ConfigurationClassBeanDefinitionReader:164 - Registered bean definition for imported class 'org.springframework.boot.autoconfigure.jackson.JacksonAutoConfiguration$JacksonObjectMapperConfiguration'
18-febrero-20 16:47:23:782 DEBUG Test worker o.s.b.f.s.DefaultListableBeanFactory:251 - Returning cached instance of singleton bean 'org.springframework.boot.autoconfigure.condition.BeanTypeRegistry'
18-febrero-20 16:47:23:783 DEBUG Test worker o.s.b.f.s.DefaultListableBeanFactory:251 - Returning cached instance of singleton bean 'autoConfigurationReport'
18-febrero-20 16:47:23:784 DEBUG Test worker o.s.c.a.ConfigurationClassBeanDefinitionReader:257 - Registering bean definition for @Bean method org.springframework.boot.autoconfigure.jackson.JacksonAutoConfiguration$JacksonObjectMapperConfiguration.jacksonObjectMapper()
18-febrero-20 16:47:23:784 DEBUG Test worker o.s.c.a.ConfigurationClassBeanDefinitionReader:164 - Registered bean definition for imported class 'org.springframework.boot.autoconfigure.jackson.JacksonAutoConfiguration'
18-febrero-20 16:47:23:785 DEBUG Test worker o.s.c.a.ConfigurationClassBeanDefinitionReader:257 - Registering bean definition for @Bean method org.springframework.boot.autoconfigure.jackson.JacksonAutoConfiguration.jsonComponentModule()
18-febrero-20 16:47:23:786 DEBUG Test worker o.s.b.f.s.DefaultListableBeanFactory:251 - Returning cached instance of singleton bean 'autoConfigurationReport'
18-febrero-20 16:47:23:786 DEBUG Test worker o.s.b.f.s.DefaultListableBeanFactory:251 - Returning cached instance of singleton bean 'autoConfigurationReport'
18-febrero-20 16:47:23:787 DEBUG Test worker o.s.b.f.s.DefaultListableBeanFactory:251 - Returning cached instance of singleton bean 'autoConfigurationReport'
18-febrero-20 16:47:23:788 DEBUG Test worker o.s.c.a.ConfigurationClassBeanDefinitionReader:164 - Registered bean definition for imported class 'org.springframework.boot.autoconfigure.websocket.WebSocketAutoConfiguration$TomcatWebSocketConfiguration'
18-febrero-20 16:47:23:789 DEBUG Test worker o.s.b.f.s.DefaultListableBeanFactory:251 - Returning cached instance of singleton bean 'autoConfigurationReport'
18-febrero-20 16:47:23:792 DEBUG Test worker o.s.b.f.s.DefaultListableBeanFactory:251 - Returning cached instance of singleton bean 'autoConfigurationReport'
18-febrero-20 16:47:23:793 DEBUG Test worker o.s.c.a.ConfigurationClassBeanDefinitionReader:257 - Registering bean definition for @Bean method org.springframework.boot.autoconfigure.websocket.WebSocketAutoConfiguration$TomcatWebSocketConfiguration.websocketContainerCustomizer()
18-febrero-20 16:47:23:795 DEBUG Test worker o.s.c.a.ConfigurationClassBeanDefinitionReader:164 - Registered bean definition for imported class 'org.springframework.boot.autoconfigure.websocket.WebSocketAutoConfiguration'
18-febrero-20 16:47:23:795 DEBUG Test worker o.s.b.f.s.DefaultListableBeanFactory:251 - Returning cached instance of singleton bean 'autoConfigurationReport'
18-febrero-20 16:47:23:796 DEBUG Test worker o.s.b.f.s.DefaultListableBeanFactory:251 - Returning cached instance of singleton bean 'autoConfigurationReport'
18-febrero-20 16:47:23:798 DEBUG Test worker o.s.b.f.s.DefaultListableBeanFactory:251 - Returning cached instance of singleton bean 'org.springframework.boot.autoconfigure.condition.BeanTypeRegistry'
18-febrero-20 16:47:23:801 DEBUG Test worker o.s.b.f.s.DefaultListableBeanFactory:251 - Returning cached instance of singleton bean 'autoConfigurationReport'
18-febrero-20 16:47:23:802 DEBUG Test worker o.s.c.a.ConfigurationClassBeanDefinitionReader:164 - Registered bean definition for imported class 'org.springframework.boot.autoconfigure.web.EmbeddedServletContainerAutoConfiguration$EmbeddedTomcat'
18-febrero-20 16:47:23:802 DEBUG Test worker o.s.c.a.ConfigurationClassBeanDefinitionReader:257 - Registering bean definition for @Bean method org.springframework.boot.autoconfigure.web.EmbeddedServletContainerAutoConfiguration$EmbeddedTomcat.tomcatEmbeddedServletContainerFactory()
18-febrero-20 16:47:23:802 DEBUG Test worker o.s.c.a.ConfigurationClassBeanDefinitionReader:164 - Registered bean definition for imported class 'org.springframework.boot.autoconfigure.web.EmbeddedServletContainerAutoConfiguration'
18-febrero-20 16:47:23:808 DEBUG Test worker o.s.b.f.s.DefaultListableBeanFactory:251 - Returning cached instance of singleton bean 'autoConfigurationReport'
18-febrero-20 16:47:23:809 DEBUG Test worker o.s.b.f.s.DefaultListableBeanFactory:251 - Returning cached instance of singleton bean 'autoConfigurationReport'
18-febrero-20 16:47:23:809 DEBUG Test worker o.s.b.f.s.DefaultListableBeanFactory:251 - Returning cached instance of singleton bean 'autoConfigurationReport'
18-febrero-20 16:47:23:811 DEBUG Test worker o.s.b.f.s.DefaultListableBeanFactory:251 - Returning cached instance of singleton bean 'autoConfigurationReport'
18-febrero-20 16:47:23:816 DEBUG Test worker o.s.b.f.s.DefaultListableBeanFactory:251 - Returning cached instance of singleton bean 'autoConfigurationReport'
18-febrero-20 16:47:23:817 DEBUG Test worker o.s.b.f.s.DefaultListableBeanFactory:251 - Returning cached instance of singleton bean 'autoConfigurationReport'
18-febrero-20 16:47:23:818 DEBUG Test worker o.s.c.a.ConfigurationClassBeanDefinitionReader:164 - Registered bean definition for imported class 'org.springframework.boot.autoconfigure.web.DispatcherServletAutoConfiguration$DispatcherServletConfiguration'
18-febrero-20 16:47:23:818 DEBUG Test worker o.s.c.a.ConfigurationClassBeanDefinitionReader:257 - Registering bean definition for @Bean method org.springframework.boot.autoconfigure.web.DispatcherServletAutoConfiguration$DispatcherServletConfiguration.dispatcherServlet()
18-febrero-20 16:47:23:819 DEBUG Test worker o.s.b.f.s.DefaultListableBeanFactory:251 - Returning cached instance of singleton bean 'org.springframework.boot.autoconfigure.condition.BeanTypeRegistry'
18-febrero-20 16:47:23:820 DEBUG Test worker o.s.b.f.s.DefaultListableBeanFactory:251 - Returning cached instance of singleton bean 'autoConfigurationReport'
18-febrero-20 16:47:23:821 DEBUG Test worker o.s.c.a.ConfigurationClassBeanDefinitionReader:164 - Registered bean definition for imported class 'org.springframework.boot.autoconfigure.web.DispatcherServletAutoConfiguration$DispatcherServletRegistrationConfiguration'
18-febrero-20 16:47:23:822 DEBUG Test worker o.s.b.f.s.DefaultListableBeanFactory:251 - Returning cached instance of singleton bean 'org.springframework.boot.autoconfigure.condition.BeanTypeRegistry'
18-febrero-20 16:47:23:823 DEBUG Test worker o.s.b.f.s.DefaultListableBeanFactory:251 - Returning cached instance of singleton bean 'autoConfigurationReport'
18-febrero-20 16:47:23:823 DEBUG Test worker o.s.c.a.ConfigurationClassBeanDefinitionReader:257 - Registering bean definition for @Bean method org.springframework.boot.autoconfigure.web.DispatcherServletAutoConfiguration$DispatcherServletRegistrationConfiguration.dispatcherServletRegistration()
18-febrero-20 16:47:23:824 DEBUG Test worker o.s.c.a.ConfigurationClassBeanDefinitionReader:164 - Registered bean definition for imported class 'org.springframework.boot.autoconfigure.web.DispatcherServletAutoConfiguration'
18-febrero-20 16:47:23:824 DEBUG Test worker o.s.b.f.s.DefaultListableBeanFactory:251 - Returning cached instance of singleton bean 'autoConfigurationReport'
18-febrero-20 16:47:23:824 DEBUG Test worker o.s.b.f.s.DefaultListableBeanFactory:251 - Returning cached instance of singleton bean 'autoConfigurationReport'
18-febrero-20 16:47:23:825 DEBUG Test worker o.s.b.f.s.DefaultListableBeanFactory:251 - Returning cached instance of singleton bean 'autoConfigurationReport'
18-febrero-20 16:47:23:830 DEBUG Test worker o.s.b.f.s.DefaultListableBeanFactory:251 - Returning cached instance of singleton bean 'autoConfigurationReport'
18-febrero-20 16:47:23:831 DEBUG Test worker o.s.c.a.ConfigurationClassBeanDefinitionReader:164 - Registered bean definition for imported class 'org.springframework.boot.autoconfigure.web.ErrorMvcAutoConfiguration$WhitelabelErrorViewConfiguration'
18-febrero-20 16:47:23:832 DEBUG Test worker o.s.b.f.s.DefaultListableBeanFactory:251 - Returning cached instance of singleton bean 'autoConfigurationReport'
18-febrero-20 16:47:23:833 DEBUG Test worker o.s.c.a.ConfigurationClassBeanDefinitionReader:257 - Registering bean definition for @Bean method org.springframework.boot.autoconfigure.web.ErrorMvcAutoConfiguration$WhitelabelErrorViewConfiguration.error()
18-febrero-20 16:47:23:835 DEBUG Test worker o.s.b.f.s.DefaultListableBeanFactory:251 - Returning cached instance of singleton bean 'org.springframework.boot.autoconfigure.condition.BeanTypeRegistry'
18-febrero-20 16:47:23:837 DEBUG Test worker o.s.b.f.s.DefaultListableBeanFactory:251 - Returning cached instance of singleton bean 'autoConfigurationReport'
18-febrero-20 16:47:23:837 DEBUG Test worker o.s.c.a.ConfigurationClassBeanDefinitionReader:257 - Registering bean definition for @Bean method org.springframework.boot.autoconfigure.web.ErrorMvcAutoConfiguration$WhitelabelErrorViewConfiguration.beanNameViewResolver()
18-febrero-20 16:47:23:838 DEBUG Test worker o.s.c.a.ConfigurationClassBeanDefinitionReader:164 - Registered bean definition for imported class 'org.springframework.boot.autoconfigure.web.ErrorMvcAutoConfiguration'
18-febrero-20 16:47:23:839 DEBUG Test worker o.s.b.f.s.DefaultListableBeanFactory:251 - Returning cached instance of singleton bean 'org.springframework.boot.autoconfigure.condition.BeanTypeRegistry'
18-febrero-20 16:47:23:840 DEBUG Test worker o.s.b.f.s.DefaultListableBeanFactory:251 - Returning cached instance of singleton bean 'autoConfigurationReport'
18-febrero-20 16:47:23:841 DEBUG Test worker o.s.c.a.ConfigurationClassBeanDefinitionReader:257 - Registering bean definition for @Bean method org.springframework.boot.autoconfigure.web.ErrorMvcAutoConfiguration.errorAttributes()
18-febrero-20 16:47:23:842 DEBUG Test worker o.s.b.f.s.DefaultListableBeanFactory:251 - Returning cached instance of singleton bean 'org.springframework.boot.autoconfigure.condition.BeanTypeRegistry'
18-febrero-20 16:47:23:848 DEBUG Test worker o.s.b.f.s.DefaultListableBeanFactory:251 - Returning cached instance of singleton bean 'autoConfigurationReport'
18-febrero-20 16:47:23:849 DEBUG Test worker o.s.c.a.ConfigurationClassBeanDefinitionReader:257 - Registering bean definition for @Bean method org.springframework.boot.autoconfigure.web.ErrorMvcAutoConfiguration.basicErrorController()
18-febrero-20 16:47:23:849 DEBUG Test worker o.s.c.a.ConfigurationClassBeanDefinitionReader:257 - Registering bean definition for @Bean method org.springframework.boot.autoconfigure.web.ErrorMvcAutoConfiguration.errorPageCustomizer()
18-febrero-20 16:47:23:850 DEBUG Test worker o.s.b.f.s.DefaultListableBeanFactory:251 - Returning cached instance of singleton bean 'org.springframework.boot.autoconfigure.condition.BeanTypeRegistry'
18-febrero-20 16:47:23:851 DEBUG Test worker o.s.b.f.s.DefaultListableBeanFactory:251 - Returning cached instance of singleton bean 'org.springframework.boot.autoconfigure.condition.BeanTypeRegistry'
18-febrero-20 16:47:23:851 DEBUG Test worker o.s.b.f.s.DefaultListableBeanFactory:251 - Returning cached instance of singleton bean 'autoConfigurationReport'
18-febrero-20 16:47:23:852 DEBUG Test worker o.s.b.f.s.DefaultListableBeanFactory:251 - Returning cached instance of singleton bean 'org.springframework.boot.autoconfigure.condition.BeanTypeRegistry'
18-febrero-20 16:47:23:852 DEBUG Test worker o.s.b.f.s.DefaultListableBeanFactory:251 - Returning cached instance of singleton bean 'org.springframework.boot.autoconfigure.condition.BeanTypeRegistry'
18-febrero-20 16:47:23:853 DEBUG Test worker o.s.b.f.s.DefaultListableBeanFactory:251 - Returning cached instance of singleton bean 'autoConfigurationReport'
18-febrero-20 16:47:23:853 DEBUG Test worker o.s.c.a.ConfigurationClassBeanDefinitionReader:257 - Registering bean definition for @Bean method org.springframework.boot.autoconfigure.web.ErrorMvcAutoConfiguration.conventionErrorViewResolver()
18-febrero-20 16:47:23:854 DEBUG Test worker o.s.c.a.ConfigurationClassBeanDefinitionReader:257 - Registering bean definition for @Bean method org.springframework.boot.autoconfigure.web.ErrorMvcAutoConfiguration.preserveErrorControllerTargetClassPostProcessor()
18-febrero-20 16:47:23:854 DEBUG Test worker o.s.b.f.s.DefaultListableBeanFactory:251 - Returning cached instance of singleton bean 'autoConfigurationReport'
18-febrero-20 16:47:23:855 DEBUG Test worker o.s.b.f.s.DefaultListableBeanFactory:251 - Returning cached instance of singleton bean 'autoConfigurationReport'
18-febrero-20 16:47:23:857 DEBUG Test worker o.s.b.f.s.DefaultListableBeanFactory:251 - Returning cached instance of singleton bean 'org.springframework.boot.autoconfigure.condition.BeanTypeRegistry'
18-febrero-20 16:47:23:857 DEBUG Test worker o.s.b.f.s.DefaultListableBeanFactory:251 - Returning cached instance of singleton bean 'autoConfigurationReport'
18-febrero-20 16:47:23:858 DEBUG Test worker o.s.c.a.ConfigurationClassBeanDefinitionReader:164 - Registered bean definition for imported class 'org.springframework.boot.autoconfigure.web.WebMvcAutoConfiguration$EnableWebMvcConfiguration'
18-febrero-20 16:47:23:858 DEBUG Test worker o.s.c.a.ConfigurationClassBeanDefinitionReader:257 - Registering bean definition for @Bean method org.springframework.boot.autoconfigure.web.WebMvcAutoConfiguration$EnableWebMvcConfiguration.requestMappingHandlerAdapter()
18-febrero-20 16:47:23:859 DEBUG Test worker o.s.c.a.ConfigurationClassBeanDefinitionReader:257 - Registering bean definition for @Bean method org.springframework.boot.autoconfigure.web.WebMvcAutoConfiguration$EnableWebMvcConfiguration.requestMappingHandlerMapping()
18-febrero-20 16:47:23:859 DEBUG Test worker o.s.c.a.ConfigurationClassBeanDefinitionReader:257 - Registering bean definition for @Bean method org.springframework.boot.autoconfigure.web.WebMvcAutoConfiguration$EnableWebMvcConfiguration.mvcPathMatcher()
18-febrero-20 16:47:23:859 DEBUG Test worker o.s.c.a.ConfigurationClassBeanDefinitionReader:257 - Registering bean definition for @Bean method org.springframework.boot.autoconfigure.web.WebMvcAutoConfiguration$EnableWebMvcConfiguration.mvcUrlPathHelper()
18-febrero-20 16:47:23:860 DEBUG Test worker o.s.c.a.ConfigurationClassBeanDefinitionReader:257 - Registering bean definition for @Bean method org.springframework.boot.autoconfigure.web.WebMvcAutoConfiguration$EnableWebMvcConfiguration.mvcContentNegotiationManager()
18-febrero-20 16:47:23:860 DEBUG Test worker o.s.c.a.ConfigurationClassBeanDefinitionReader:257 - Registering bean definition for @Bean method org.springframework.boot.autoconfigure.web.WebMvcAutoConfiguration$EnableWebMvcConfiguration.viewControllerHandlerMapping()
18-febrero-20 16:47:23:861 DEBUG Test worker o.s.c.a.ConfigurationClassBeanDefinitionReader:257 - Registering bean definition for @Bean method org.springframework.boot.autoconfigure.web.WebMvcAutoConfiguration$EnableWebMvcConfiguration.beanNameHandlerMapping()
18-febrero-20 16:47:23:861 DEBUG Test worker o.s.c.a.ConfigurationClassBeanDefinitionReader:257 - Registering bean definition for @Bean method org.springframework.boot.autoconfigure.web.WebMvcAutoConfiguration$EnableWebMvcConfiguration.resourceHandlerMapping()
18-febrero-20 16:47:23:861 DEBUG Test worker o.s.c.a.ConfigurationClassBeanDefinitionReader:257 - Registering bean definition for @Bean method org.springframework.boot.autoconfigure.web.WebMvcAutoConfiguration$EnableWebMvcConfiguration.mvcResourceUrlProvider()
18-febrero-20 16:47:23:862 DEBUG Test worker o.s.c.a.ConfigurationClassBeanDefinitionReader:257 - Registering bean definition for @Bean method org.springframework.boot.autoconfigure.web.WebMvcAutoConfiguration$EnableWebMvcConfiguration.defaultServletHandlerMapping()
18-febrero-20 16:47:23:862 DEBUG Test worker o.s.c.a.ConfigurationClassBeanDefinitionReader:257 - Registering bean definition for @Bean method org.springframework.boot.autoconfigure.web.WebMvcAutoConfiguration$EnableWebMvcConfiguration.mvcConversionService()
18-febrero-20 16:47:23:862 DEBUG Test worker o.s.c.a.ConfigurationClassBeanDefinitionReader:257 - Registering bean definition for @Bean method org.springframework.boot.autoconfigure.web.WebMvcAutoConfiguration$EnableWebMvcConfiguration.mvcValidator()
18-febrero-20 16:47:23:863 DEBUG Test worker o.s.c.a.ConfigurationClassBeanDefinitionReader:257 - Registering bean definition for @Bean method org.springframework.boot.autoconfigure.web.WebMvcAutoConfiguration$EnableWebMvcConfiguration.mvcUriComponentsContributor()
18-febrero-20 16:47:23:863 DEBUG Test worker o.s.c.a.ConfigurationClassBeanDefinitionReader:257 - Registering bean definition for @Bean method org.springframework.boot.autoconfigure.web.WebMvcAutoConfiguration$EnableWebMvcConfiguration.httpRequestHandlerAdapter()
18-febrero-20 16:47:23:863 DEBUG Test worker o.s.c.a.ConfigurationClassBeanDefinitionReader:257 - Registering bean definition for @Bean method org.springframework.boot.autoconfigure.web.WebMvcAutoConfiguration$EnableWebMvcConfiguration.simpleControllerHandlerAdapter()
18-febrero-20 16:47:23:864 DEBUG Test worker o.s.c.a.ConfigurationClassBeanDefinitionReader:257 - Registering bean definition for @Bean method org.springframework.boot.autoconfigure.web.WebMvcAutoConfiguration$EnableWebMvcConfiguration.handlerExceptionResolver()
18-febrero-20 16:47:23:864 DEBUG Test worker o.s.c.a.ConfigurationClassBeanDefinitionReader:257 - Registering bean definition for @Bean method org.springframework.boot.autoconfigure.web.WebMvcAutoConfiguration$EnableWebMvcConfiguration.mvcViewResolver()
18-febrero-20 16:47:23:864 DEBUG Test worker o.s.b.f.s.DefaultListableBeanFactory:251 - Returning cached instance of singleton bean 'autoConfigurationReport'
18-febrero-20 16:47:23:865 DEBUG Test worker o.s.c.a.ConfigurationClassBeanDefinitionReader:164 - Registered bean definition for imported class 'org.springframework.boot.autoconfigure.web.WebMvcAutoConfiguration$WebMvcAutoConfigurationAdapter$FaviconConfiguration'
18-febrero-20 16:47:23:865 DEBUG Test worker o.s.c.a.ConfigurationClassBeanDefinitionReader:257 - Registering bean definition for @Bean method org.springframework.boot.autoconfigure.web.WebMvcAutoConfiguration$WebMvcAutoConfigurationAdapter$FaviconConfiguration.faviconHandlerMapping()
18-febrero-20 16:47:23:866 DEBUG Test worker o.s.c.a.ConfigurationClassBeanDefinitionReader:257 - Registering bean definition for @Bean method org.springframework.boot.autoconfigure.web.WebMvcAutoConfiguration$WebMvcAutoConfigurationAdapter$FaviconConfiguration.faviconRequestHandler()
18-febrero-20 16:47:23:867 DEBUG Test worker o.s.c.a.ConfigurationClassBeanDefinitionReader:164 - Registered bean definition for imported class 'org.springframework.boot.autoconfigure.web.WebMvcAutoConfiguration$WebMvcAutoConfigurationAdapter'
18-febrero-20 16:47:23:886 DEBUG Test worker o.s.b.f.s.DefaultListableBeanFactory:251 - Returning cached instance of singleton bean 'org.springframework.boot.autoconfigure.condition.BeanTypeRegistry'
18-febrero-20 16:47:23:910 DEBUG Test worker o.s.b.f.s.DefaultListableBeanFactory:251 - Returning cached instance of singleton bean 'autoConfigurationReport'
18-febrero-20 16:47:23:911 DEBUG Test worker o.s.c.a.ConfigurationClassBeanDefinitionReader:257 - Registering bean definition for @Bean method org.springframework.boot.autoconfigure.web.WebMvcAutoConfiguration$WebMvcAutoConfigurationAdapter.defaultViewResolver()
18-febrero-20 16:47:23:912 DEBUG Test worker o.s.b.f.s.DefaultListableBeanFactory:251 - Returning cached instance of singleton bean 'org.springframework.boot.autoconfigure.condition.BeanTypeRegistry'
18-febrero-20 16:47:23:915 DEBUG Test worker o.s.b.f.s.DefaultListableBeanFactory:251 - Returning cached instance of singleton bean 'org.springframework.boot.autoconfigure.condition.BeanTypeRegistry'
18-febrero-20 16:47:23:916 DEBUG Test worker o.s.b.f.s.DefaultListableBeanFactory:251 - Returning cached instance of singleton bean 'autoConfigurationReport'
18-febrero-20 16:47:23:917 DEBUG Test worker o.s.b.f.s.DefaultListableBeanFactory:251 - Returning cached instance of singleton bean 'org.springframework.boot.autoconfigure.condition.BeanTypeRegistry'
18-febrero-20 16:47:23:918 DEBUG Test worker o.s.b.f.s.DefaultListableBeanFactory:251 - Returning cached instance of singleton bean 'org.springframework.boot.autoconfigure.condition.BeanTypeRegistry'
18-febrero-20 16:47:23:918 DEBUG Test worker o.s.b.f.s.DefaultListableBeanFactory:251 - Returning cached instance of singleton bean 'autoConfigurationReport'
18-febrero-20 16:47:23:919 DEBUG Test worker o.s.b.f.s.DefaultListableBeanFactory:251 - Returning cached instance of singleton bean 'org.springframework.boot.autoconfigure.condition.BeanTypeRegistry'
18-febrero-20 16:47:23:920 DEBUG Test worker o.s.b.f.s.DefaultListableBeanFactory:251 - Returning cached instance of singleton bean 'org.springframework.boot.autoconfigure.condition.BeanTypeRegistry'
18-febrero-20 16:47:23:920 DEBUG Test worker o.s.b.f.s.DefaultListableBeanFactory:251 - Returning cached instance of singleton bean 'autoConfigurationReport'
18-febrero-20 16:47:23:921 DEBUG Test worker o.s.c.a.ConfigurationClassBeanDefinitionReader:257 - Registering bean definition for @Bean method org.springframework.boot.autoconfigure.web.WebMvcAutoConfiguration$WebMvcAutoConfigurationAdapter.viewResolver()
18-febrero-20 16:47:23:922 DEBUG Test worker o.s.b.f.s.DefaultListableBeanFactory:251 - Returning cached instance of singleton bean 'autoConfigurationReport'
18-febrero-20 16:47:23:924 DEBUG Test worker o.s.b.f.s.DefaultListableBeanFactory:251 - Returning cached instance of singleton bean 'autoConfigurationReport'
18-febrero-20 16:47:23:924 DEBUG Test worker o.s.c.a.ConfigurationClassBeanDefinitionReader:257 - Registering bean definition for @Bean method org.springframework.boot.autoconfigure.web.WebMvcAutoConfiguration$WebMvcAutoConfigurationAdapter.welcomePageHandlerMapping()
18-febrero-20 16:47:23:926 DEBUG Test worker o.s.b.f.s.DefaultListableBeanFactory:251 - Returning cached instance of singleton bean 'org.springframework.boot.autoconfigure.condition.BeanTypeRegistry'
18-febrero-20 16:47:23:926 DEBUG Test worker o.s.b.f.s.DefaultListableBeanFactory:251 - Returning cached instance of singleton bean 'org.springframework.boot.autoconfigure.condition.BeanTypeRegistry'
18-febrero-20 16:47:23:928 DEBUG Test worker o.s.b.f.s.DefaultListableBeanFactory:251 - Returning cached instance of singleton bean 'autoConfigurationReport'
18-febrero-20 16:47:23:929 DEBUG Test worker o.s.c.a.ConfigurationClassBeanDefinitionReader:257 - Registering bean definition for @Bean method org.springframework.boot.autoconfigure.web.WebMvcAutoConfiguration$WebMvcAutoConfigurationAdapter.requestContextFilter()
18-febrero-20 16:47:23:930 DEBUG Test worker o.s.c.a.ConfigurationClassBeanDefinitionReader:164 - Registered bean definition for imported class 'org.springframework.boot.autoconfigure.web.WebMvcAutoConfiguration'
18-febrero-20 16:47:23:931 DEBUG Test worker o.s.b.f.s.DefaultListableBeanFactory:251 - Returning cached instance of singleton bean 'org.springframework.boot.autoconfigure.condition.BeanTypeRegistry'
18-febrero-20 16:47:23:933 DEBUG Test worker o.s.b.f.s.DefaultListableBeanFactory:251 - Returning cached instance of singleton bean 'autoConfigurationReport'
18-febrero-20 16:47:23:934 DEBUG Test worker o.s.c.a.ConfigurationClassBeanDefinitionReader:257 - Registering bean definition for @Bean method org.springframework.boot.autoconfigure.web.WebMvcAutoConfiguration.hiddenHttpMethodFilter()
18-febrero-20 16:47:23:934 DEBUG Test worker o.s.b.f.s.DefaultListableBeanFactory:251 - Returning cached instance of singleton bean 'autoConfigurationReport'
18-febrero-20 16:47:23:935 DEBUG Test worker o.s.b.f.s.DefaultListableBeanFactory:251 - Returning cached instance of singleton bean 'org.springframework.boot.autoconfigure.condition.BeanTypeRegistry'
18-febrero-20 16:47:23:937 DEBUG Test worker o.s.b.f.s.DefaultListableBeanFactory:251 - Returning cached instance of singleton bean 'autoConfigurationReport'
18-febrero-20 16:47:23:937 DEBUG Test worker o.s.c.a.ConfigurationClassBeanDefinitionReader:257 - Registering bean definition for @Bean method org.springframework.boot.autoconfigure.web.WebMvcAutoConfiguration.httpPutFormContentFilter()
18-febrero-20 16:47:23:938 DEBUG Test worker o.s.b.f.s.DefaultListableBeanFactory:251 - Returning cached instance of singleton bean 'autoConfigurationReport'
18-febrero-20 16:47:23:938 DEBUG Test worker o.s.b.f.s.DefaultListableBeanFactory:251 - Returning cached instance of singleton bean 'autoConfigurationReport'
18-febrero-20 16:47:23:939 DEBUG Test worker o.s.b.f.s.DefaultListableBeanFactory:251 - Returning cached instance of singleton bean 'autoConfigurationReport'
18-febrero-20 16:47:23:940 DEBUG Test worker o.s.c.a.ConfigurationClassBeanDefinitionReader:164 - Registered bean definition for imported class 'org.springframework.boot.autoconfigure.aop.AopAutoConfiguration$JdkDynamicAutoProxyConfiguration'
18-febrero-20 16:47:23:941 DEBUG Test worker o.s.c.a.ConfigurationClassBeanDefinitionReader:164 - Registered bean definition for imported class 'org.springframework.boot.autoconfigure.aop.AopAutoConfiguration'
18-febrero-20 16:47:23:941 DEBUG Test worker o.s.b.f.s.DefaultListableBeanFactory:251 - Returning cached instance of singleton bean 'autoConfigurationReport'
18-febrero-20 16:47:23:942 DEBUG Test worker o.s.b.f.s.DefaultListableBeanFactory:251 - Returning cached instance of singleton bean 'autoConfigurationReport'
18-febrero-20 16:47:23:949 DEBUG Test worker o.s.c.a.ConfigurationClassBeanDefinitionReader:164 - Registered bean definition for imported class 'org.springframework.boot.autoconfigure.transaction.jta.JtaAutoConfiguration'
18-febrero-20 16:47:23:950 DEBUG Test worker o.s.b.f.s.DefaultListableBeanFactory:251 - Returning cached instance of singleton bean 'autoConfigurationReport'
18-febrero-20 16:47:23:951 DEBUG Test worker o.s.b.f.s.DefaultListableBeanFactory:251 - Returning cached instance of singleton bean 'org.springframework.boot.autoconfigure.condition.BeanTypeRegistry'
18-febrero-20 16:47:23:952 DEBUG Test worker o.s.b.f.s.DefaultListableBeanFactory:251 - Returning cached instance of singleton bean 'autoConfigurationReport'
18-febrero-20 16:47:23:953 DEBUG Test worker o.s.b.f.s.DefaultListableBeanFactory:251 - Returning cached instance of singleton bean 'autoConfigurationReport'
18-febrero-20 16:47:23:954 DEBUG Test worker o.s.b.f.s.DefaultListableBeanFactory:251 - Returning cached instance of singleton bean 'org.springframework.boot.autoconfigure.condition.BeanTypeRegistry'
18-febrero-20 16:47:23:954 DEBUG Test worker o.s.b.f.s.DefaultListableBeanFactory:251 - Returning cached instance of singleton bean 'org.springframework.boot.autoconfigure.condition.BeanTypeRegistry'
18-febrero-20 16:47:23:954 DEBUG Test worker o.s.b.f.s.DefaultListableBeanFactory:251 - Returning cached instance of singleton bean 'autoConfigurationReport'
18-febrero-20 16:47:23:955 DEBUG Test worker o.s.b.f.s.DefaultListableBeanFactory:251 - Returning cached instance of singleton bean 'autoConfigurationReport'
18-febrero-20 16:47:23:955 DEBUG Test worker o.s.b.f.s.DefaultListableBeanFactory:251 - Returning cached instance of singleton bean 'autoConfigurationReport'
18-febrero-20 16:47:23:956 DEBUG Test worker o.s.c.a.ConfigurationClassBeanDefinitionReader:164 - Registered bean definition for imported class 'org.springframework.boot.autoconfigure.jdbc.DataSourceConfiguration$Tomcat'
18-febrero-20 16:47:23:956 DEBUG Test worker o.s.c.a.ConfigurationClassBeanDefinitionReader:257 - Registering bean definition for @Bean method org.springframework.boot.autoconfigure.jdbc.DataSourceConfiguration$Tomcat.dataSource()
18-febrero-20 16:47:23:958 DEBUG Test worker o.s.c.a.ConfigurationClassBeanDefinitionReader:164 - Registered bean definition for imported class 'org.springframework.boot.autoconfigure.jdbc.DataSourceAutoConfiguration$PooledDataSourceConfiguration'
18-febrero-20 16:47:23:959 DEBUG Test worker o.s.b.f.s.DefaultListableBeanFactory:251 - Returning cached instance of singleton bean 'autoConfigurationReport'
18-febrero-20 16:47:23:959 DEBUG Test worker o.s.c.a.ConfigurationClassBeanDefinitionReader:164 - Registered bean definition for imported class 'org.springframework.boot.autoconfigure.jdbc.metadata.DataSourcePoolMetadataProvidersConfiguration$TomcatDataSourcePoolMetadataProviderConfiguration'
18-febrero-20 16:47:23:959 DEBUG Test worker o.s.c.a.ConfigurationClassBeanDefinitionReader:257 - Registering bean definition for @Bean method org.springframework.boot.autoconfigure.jdbc.metadata.DataSourcePoolMetadataProvidersConfiguration$TomcatDataSourcePoolMetadataProviderConfiguration.tomcatPoolDataSourceMetadataProvider()
18-febrero-20 16:47:23:960 DEBUG Test worker o.s.c.a.ConfigurationClassBeanDefinitionReader:164 - Registered bean definition for imported class 'org.springframework.boot.autoconfigure.jdbc.metadata.DataSourcePoolMetadataProvidersConfiguration'
18-febrero-20 16:47:23:960 DEBUG Test worker o.s.c.a.ConfigurationClassBeanDefinitionReader:164 - Registered bean definition for imported class 'org.springframework.boot.autoconfigure.jdbc.DataSourceAutoConfiguration'
18-febrero-20 16:47:23:962 DEBUG Test worker o.s.b.f.s.DefaultListableBeanFactory:251 - Returning cached instance of singleton bean 'org.springframework.boot.autoconfigure.condition.BeanTypeRegistry'
18-febrero-20 16:47:23:964 DEBUG Test worker o.s.b.f.s.DefaultListableBeanFactory:251 - Returning cached instance of singleton bean 'autoConfigurationReport'
18-febrero-20 16:47:23:964 DEBUG Test worker o.s.c.a.ConfigurationClassBeanDefinitionReader:257 - Registering bean definition for @Bean method org.springframework.boot.autoconfigure.jdbc.DataSourceAutoConfiguration.dataSourceInitializer()
18-febrero-20 16:47:23:965 DEBUG Test worker o.s.b.f.s.DefaultListableBeanFactory:251 - Returning cached instance of singleton bean 'autoConfigurationReport'
18-febrero-20 16:47:23:967 DEBUG Test worker o.s.b.f.s.DefaultListableBeanFactory:251 - Returning cached instance of singleton bean 'org.springframework.boot.autoconfigure.condition.BeanTypeRegistry'
18-febrero-20 16:47:23:967 DEBUG Test worker o.s.b.f.s.DefaultListableBeanFactory:251 - Returning cached instance of singleton bean 'autoConfigurationReport'
18-febrero-20 16:47:23:968 DEBUG Test worker o.s.b.f.s.DefaultListableBeanFactory:251 - Returning cached instance of singleton bean 'autoConfigurationReport'
18-febrero-20 16:47:23:969 DEBUG Test worker o.s.b.f.s.DefaultListableBeanFactory:251 - Returning cached instance of singleton bean 'autoConfigurationReport'
18-febrero-20 16:47:23:969 DEBUG Test worker o.s.b.f.s.DefaultListableBeanFactory:251 - Returning cached instance of singleton bean 'autoConfigurationReport'
18-febrero-20 16:47:23:969 DEBUG Test worker o.s.b.f.s.DefaultListableBeanFactory:251 - Returning cached instance of singleton bean 'autoConfigurationReport'
18-febrero-20 16:47:23:970 DEBUG Test worker o.s.b.f.s.DefaultListableBeanFactory:251 - Returning cached instance of singleton bean 'autoConfigurationReport'
18-febrero-20 16:47:23:973 DEBUG Test worker o.s.b.f.s.DefaultListableBeanFactory:251 - Returning cached instance of singleton bean 'org.springframework.boot.autoconfigure.condition.BeanTypeRegistry'
18-febrero-20 16:47:23:973 DEBUG Test worker o.s.b.f.s.DefaultListableBeanFactory:251 - Returning cached instance of singleton bean 'org.springframework.boot.autoconfigure.condition.BeanTypeRegistry'
18-febrero-20 16:47:23:973 DEBUG Test worker o.s.b.f.s.DefaultListableBeanFactory:251 - Returning cached instance of singleton bean 'autoConfigurationReport'
18-febrero-20 16:47:23:974 DEBUG Test worker o.s.c.a.ConfigurationClassBeanDefinitionReader:164 - Registered bean definition for imported class 'org.springframework.boot.autoconfigure.orm.jpa.JpaBaseConfiguration$JpaWebConfiguration$JpaWebMvcConfiguration'
18-febrero-20 16:47:23:974 DEBUG Test worker o.s.c.a.ConfigurationClassBeanDefinitionReader:257 - Registering bean definition for @Bean method org.springframework.boot.autoconfigure.orm.jpa.JpaBaseConfiguration$JpaWebConfiguration$JpaWebMvcConfiguration.openEntityManagerInViewInterceptor()
18-febrero-20 16:47:23:974 DEBUG Test worker o.s.c.a.ConfigurationClassBeanDefinitionReader:164 - Registered bean definition for imported class 'org.springframework.boot.autoconfigure.orm.jpa.JpaBaseConfiguration$JpaWebConfiguration'
18-febrero-20 16:47:23:975 DEBUG Test worker o.s.c.a.ConfigurationClassBeanDefinitionReader:164 - Registered bean definition for imported class 'org.springframework.boot.autoconfigure.orm.jpa.HibernateJpaAutoConfiguration'
18-febrero-20 16:47:23:975 DEBUG Test worker o.s.b.f.s.DefaultListableBeanFactory:251 - Returning cached instance of singleton bean 'org.springframework.boot.autoconfigure.condition.BeanTypeRegistry'
18-febrero-20 16:47:23:977 DEBUG Test worker o.s.b.f.s.DefaultListableBeanFactory:251 - Returning cached instance of singleton bean 'autoConfigurationReport'
18-febrero-20 16:47:23:977 DEBUG Test worker o.s.c.a.ConfigurationClassBeanDefinitionReader:257 - Registering bean definition for @Bean method org.springframework.boot.autoconfigure.orm.jpa.HibernateJpaAutoConfiguration.transactionManager()
18-febrero-20 16:47:23:979 DEBUG Test worker o.s.b.f.s.DefaultListableBeanFactory:251 - Returning cached instance of singleton bean 'org.springframework.boot.autoconfigure.condition.BeanTypeRegistry'
18-febrero-20 16:47:23:981 DEBUG Test worker o.s.b.f.s.DefaultListableBeanFactory:251 - Returning cached instance of singleton bean 'autoConfigurationReport'
18-febrero-20 16:47:23:981 DEBUG Test worker o.s.c.a.ConfigurationClassBeanDefinitionReader:257 - Registering bean definition for @Bean method org.springframework.boot.autoconfigure.orm.jpa.HibernateJpaAutoConfiguration.jpaVendorAdapter()
18-febrero-20 16:47:23:982 DEBUG Test worker o.s.b.f.s.DefaultListableBeanFactory:251 - Returning cached instance of singleton bean 'org.springframework.boot.autoconfigure.condition.BeanTypeRegistry'
18-febrero-20 16:47:23:982 DEBUG Test worker o.s.b.f.s.DefaultListableBeanFactory:251 - Returning cached instance of singleton bean 'autoConfigurationReport'
18-febrero-20 16:47:23:983 DEBUG Test worker o.s.c.a.ConfigurationClassBeanDefinitionReader:257 - Registering bean definition for @Bean method org.springframework.boot.autoconfigure.orm.jpa.HibernateJpaAutoConfiguration.entityManagerFactoryBuilder()
18-febrero-20 16:47:23:983 DEBUG Test worker o.s.b.f.s.DefaultListableBeanFactory:251 - Returning cached instance of singleton bean 'org.springframework.boot.autoconfigure.condition.BeanTypeRegistry'
18-febrero-20 16:47:23:983 DEBUG Test worker o.s.b.f.s.DefaultListableBeanFactory:251 - Returning cached instance of singleton bean 'org.springframework.boot.autoconfigure.condition.BeanTypeRegistry'
18-febrero-20 16:47:23:984 DEBUG Test worker o.s.b.f.s.DefaultListableBeanFactory:251 - Returning cached instance of singleton bean 'autoConfigurationReport'
18-febrero-20 16:47:23:984 DEBUG Test worker o.s.c.a.ConfigurationClassBeanDefinitionReader:257 - Registering bean definition for @Bean method org.springframework.boot.autoconfigure.orm.jpa.HibernateJpaAutoConfiguration.entityManagerFactory()
18-febrero-20 16:47:23:985 DEBUG Test worker o.s.c.a.ConfigurationClassBeanDefinitionReader:164 - Registered bean definition for imported class 'org.springframework.boot.autoconfigure.context.ConfigurationPropertiesAutoConfiguration'
18-febrero-20 16:47:23:985 DEBUG Test worker o.s.b.f.s.DefaultListableBeanFactory:251 - Returning cached instance of singleton bean 'autoConfigurationReport'
18-febrero-20 16:47:23:986 DEBUG Test worker o.s.c.a.ConfigurationClassBeanDefinitionReader:164 - Registered bean definition for imported class 'org.springframework.boot.autoconfigure.dao.PersistenceExceptionTranslationAutoConfiguration'
18-febrero-20 16:47:23:986 DEBUG Test worker o.s.b.f.s.DefaultListableBeanFactory:251 - Returning cached instance of singleton bean 'autoConfigurationReport'
18-febrero-20 16:47:23:987 DEBUG Test worker o.s.b.f.s.DefaultListableBeanFactory:251 - Returning cached instance of singleton bean 'org.springframework.boot.autoconfigure.condition.BeanTypeRegistry'
18-febrero-20 16:47:23:989 DEBUG Test worker o.s.b.f.s.DefaultListableBeanFactory:251 - Returning cached instance of singleton bean 'autoConfigurationReport'
18-febrero-20 16:47:23:990 DEBUG Test worker o.s.c.a.ConfigurationClassBeanDefinitionReader:257 - Registering bean definition for @Bean method org.springframework.boot.autoconfigure.dao.PersistenceExceptionTranslationAutoConfiguration.persistenceExceptionTranslationPostProcessor()
18-febrero-20 16:47:23:990 DEBUG Test worker o.s.b.f.s.DefaultListableBeanFactory:251 - Returning cached instance of singleton bean 'autoConfigurationReport'
18-febrero-20 16:47:23:991 DEBUG Test worker o.s.b.f.s.DefaultListableBeanFactory:251 - Returning cached instance of singleton bean 'autoConfigurationReport'
18-febrero-20 16:47:23:991 DEBUG Test worker o.s.b.f.s.DefaultListableBeanFactory:251 - Returning cached instance of singleton bean 'org.springframework.boot.autoconfigure.condition.BeanTypeRegistry'
18-febrero-20 16:47:23:991 DEBUG Test worker o.s.b.f.s.DefaultListableBeanFactory:251 - Returning cached instance of singleton bean 'org.springframework.boot.autoconfigure.condition.BeanTypeRegistry'
18-febrero-20 16:47:23:992 DEBUG Test worker o.s.b.f.s.DefaultListableBeanFactory:251 - Returning cached instance of singleton bean 'org.springframework.boot.autoconfigure.condition.BeanTypeRegistry'
18-febrero-20 16:47:23:992 DEBUG Test worker o.s.b.f.s.DefaultListableBeanFactory:251 - Returning cached instance of singleton bean 'autoConfigurationReport'
18-febrero-20 16:47:23:993 DEBUG Test worker o.s.b.f.s.DefaultListableBeanFactory:251 - Returning cached instance of singleton bean 'autoConfigurationReport'
18-febrero-20 16:47:23:993 DEBUG Test worker o.s.b.f.s.DefaultListableBeanFactory:251 - Returning cached instance of singleton bean 'autoConfigurationReport'
18-febrero-20 16:47:23:993 DEBUG Test worker o.s.c.a.ConfigurationClassBeanDefinitionReader:164 - Registered bean definition for imported class 'org.springframework.boot.autoconfigure.web.HttpMessageConvertersAutoConfiguration$StringHttpMessageConverterConfiguration'
18-febrero-20 16:47:23:994 DEBUG Test worker o.s.b.f.s.DefaultListableBeanFactory:251 - Returning cached instance of singleton bean 'org.springframework.boot.autoconfigure.condition.BeanTypeRegistry'
18-febrero-20 16:47:23:995 DEBUG Test worker o.s.b.f.s.DefaultListableBeanFactory:251 - Returning cached instance of singleton bean 'autoConfigurationReport'
18-febrero-20 16:47:23:995 DEBUG Test worker o.s.c.a.ConfigurationClassBeanDefinitionReader:257 - Registering bean definition for @Bean method org.springframework.boot.autoconfigure.web.HttpMessageConvertersAutoConfiguration$StringHttpMessageConverterConfiguration.stringHttpMessageConverter()
18-febrero-20 16:47:23:996 DEBUG Test worker o.s.b.f.s.DefaultListableBeanFactory:251 - Returning cached instance of singleton bean 'autoConfigurationReport'
18-febrero-20 16:47:23:996 DEBUG Test worker o.s.b.f.s.DefaultListableBeanFactory:251 - Returning cached instance of singleton bean 'autoConfigurationReport'
18-febrero-20 16:47:23:997 DEBUG Test worker o.s.b.f.s.DefaultListableBeanFactory:251 - Returning cached instance of singleton bean 'org.springframework.boot.autoconfigure.condition.BeanTypeRegistry'
18-febrero-20 16:47:23:997 DEBUG Test worker o.s.b.f.s.DefaultListableBeanFactory:251 - Returning cached instance of singleton bean 'autoConfigurationReport'
18-febrero-20 16:47:23:998 DEBUG Test worker o.s.c.a.ConfigurationClassBeanDefinitionReader:164 - Registered bean definition for imported class 'org.springframework.boot.autoconfigure.web.JacksonHttpMessageConvertersConfiguration$MappingJackson2HttpMessageConverterConfiguration'
18-febrero-20 16:47:23:998 DEBUG Test worker o.s.b.f.s.DefaultListableBeanFactory:251 - Returning cached instance of singleton bean 'org.springframework.boot.autoconfigure.condition.BeanTypeRegistry'
18-febrero-20 16:47:23:999 DEBUG Test worker o.s.b.f.s.DefaultListableBeanFactory:251 - Returning cached instance of singleton bean 'org.springframework.boot.autoconfigure.condition.BeanTypeRegistry'
18-febrero-20 16:47:24:000 DEBUG Test worker o.s.b.f.s.DefaultListableBeanFactory:251 - Returning cached instance of singleton bean 'org.springframework.boot.autoconfigure.condition.BeanTypeRegistry'
18-febrero-20 16:47:24:001 DEBUG Test worker o.s.b.f.s.DefaultListableBeanFactory:251 - Returning cached instance of singleton bean 'autoConfigurationReport'
18-febrero-20 16:47:24:003 DEBUG Test worker o.s.c.a.ConfigurationClassBeanDefinitionReader:257 - Registering bean definition for @Bean method org.springframework.boot.autoconfigure.web.JacksonHttpMessageConvertersConfiguration$MappingJackson2HttpMessageConverterConfiguration.mappingJackson2HttpMessageConverter()
18-febrero-20 16:47:24:003 DEBUG Test worker o.s.c.a.ConfigurationClassBeanDefinitionReader:164 - Registered bean definition for imported class 'org.springframework.boot.autoconfigure.web.JacksonHttpMessageConvertersConfiguration'
18-febrero-20 16:47:24:004 DEBUG Test worker o.s.c.a.ConfigurationClassBeanDefinitionReader:164 - Registered bean definition for imported class 'org.springframework.boot.autoconfigure.web.HttpMessageConvertersAutoConfiguration'
18-febrero-20 16:47:24:006 DEBUG Test worker o.s.b.f.s.DefaultListableBeanFactory:251 - Returning cached instance of singleton bean 'org.springframework.boot.autoconfigure.condition.BeanTypeRegistry'
18-febrero-20 16:47:24:007 DEBUG Test worker o.s.b.f.s.DefaultListableBeanFactory:251 - Returning cached instance of singleton bean 'autoConfigurationReport'
18-febrero-20 16:47:24:007 DEBUG Test worker o.s.c.a.ConfigurationClassBeanDefinitionReader:257 - Registering bean definition for @Bean method org.springframework.boot.autoconfigure.web.HttpMessageConvertersAutoConfiguration.messageConverters()
18-febrero-20 16:47:24:008 DEBUG Test worker o.s.b.f.s.DefaultListableBeanFactory:251 - Returning cached instance of singleton bean 'autoConfigurationReport'
18-febrero-20 16:47:24:008 DEBUG Test worker o.s.b.f.s.DefaultListableBeanFactory:251 - Returning cached instance of singleton bean 'autoConfigurationReport'
18-febrero-20 16:47:24:009 DEBUG Test worker o.s.b.f.s.DefaultListableBeanFactory:251 - Returning cached instance of singleton bean 'org.springframework.boot.autoconfigure.condition.BeanTypeRegistry'
18-febrero-20 16:47:24:010 DEBUG Test worker o.s.b.f.s.DefaultListableBeanFactory:251 - Returning cached instance of singleton bean 'autoConfigurationReport'
18-febrero-20 16:47:24:014 DEBUG Test worker o.s.c.a.ConfigurationClassBeanDefinitionReader:164 - Registered bean definition for imported class 'org.springframework.hateoas.config.HateoasConfiguration'
18-febrero-20 16:47:24:014 DEBUG Test worker o.s.c.a.ConfigurationClassBeanDefinitionReader:257 - Registering bean definition for @Bean method org.springframework.hateoas.config.HateoasConfiguration.linkRelationMessageSource()
18-febrero-20 16:47:24:015 DEBUG Test worker o.s.c.a.ConfigurationClassBeanDefinitionReader:164 - Registered bean definition for imported class 'org.springframework.data.web.config.SpringDataJacksonConfiguration'
18-febrero-20 16:47:24:015 DEBUG Test worker o.s.c.a.ConfigurationClassBeanDefinitionReader:257 - Registering bean definition for @Bean method org.springframework.data.web.config.SpringDataJacksonConfiguration.jacksonGeoModule()
18-febrero-20 16:47:24:016 DEBUG Test worker o.s.c.a.ConfigurationClassBeanDefinitionReader:164 - Registered bean definition for imported class 'org.springframework.data.rest.webmvc.config.RepositoryRestMvcConfiguration'
18-febrero-20 16:47:24:016 DEBUG Test worker o.s.c.a.ConfigurationClassBeanDefinitionReader:257 - Registering bean definition for @Bean method org.springframework.data.rest.webmvc.config.RepositoryRestMvcConfiguration.repositories()
18-febrero-20 16:47:24:017 DEBUG Test worker o.s.c.a.ConfigurationClassBeanDefinitionReader:257 - Registering bean definition for @Bean method org.springframework.data.rest.webmvc.config.RepositoryRestMvcConfiguration.repositoryRelProvider()
18-febrero-20 16:47:24:018 DEBUG Test worker o.s.c.a.ConfigurationClassBeanDefinitionReader:257 - Registering bean definition for @Bean method org.springframework.data.rest.webmvc.config.RepositoryRestMvcConfiguration.persistentEntities()
18-febrero-20 16:47:24:018 DEBUG Test worker o.s.c.a.ConfigurationClassBeanDefinitionReader:257 - Registering bean definition for @Bean method org.springframework.data.rest.webmvc.config.RepositoryRestMvcConfiguration.defaultConversionService()
18-febrero-20 16:47:24:018 DEBUG Test worker o.s.c.a.ConfigurationClassBeanDefinitionReader:257 - Registering bean definition for @Bean method org.springframework.data.rest.webmvc.config.RepositoryRestMvcConfiguration.validatingRepositoryEventListener()
18-febrero-20 16:47:24:019 DEBUG Test worker o.s.c.a.ConfigurationClassBeanDefinitionReader:257 - Registering bean definition for @Bean method org.springframework.data.rest.webmvc.config.RepositoryRestMvcConfiguration.jpaHelper()
18-febrero-20 16:47:24:019 DEBUG Test worker o.s.c.a.ConfigurationClassBeanDefinitionReader:257 - Registering bean definition for @Bean method org.springframework.data.rest.webmvc.config.RepositoryRestMvcConfiguration.config()
18-febrero-20 16:47:24:020 DEBUG Test worker o.s.c.a.ConfigurationClassBeanDefinitionReader:257 - Registering bean definition for @Bean method org.springframework.data.rest.webmvc.config.RepositoryRestMvcConfiguration.projectionDefinitionRegistrar()
18-febrero-20 16:47:24:020 DEBUG Test worker o.s.c.a.ConfigurationClassBeanDefinitionReader:257 - Registering bean definition for @Bean method org.springframework.data.rest.webmvc.config.RepositoryRestMvcConfiguration.metadataConfiguration()
18-febrero-20 16:47:24:021 DEBUG Test worker o.s.c.a.ConfigurationClassBeanDefinitionReader:257 - Registering bean definition for @Bean method org.springframework.data.rest.webmvc.config.RepositoryRestMvcConfiguration.baseUri()
18-febrero-20 16:47:24:021 DEBUG Test worker o.s.c.a.ConfigurationClassBeanDefinitionReader:257 - Registering bean definition for @Bean method org.springframework.data.rest.webmvc.config.RepositoryRestMvcConfiguration.annotatedEventHandlerInvoker()
18-febrero-20 16:47:24:022 DEBUG Test worker o.s.c.a.ConfigurationClassBeanDefinitionReader:257 - Registering bean definition for @Bean method org.springframework.data.rest.webmvc.config.RepositoryRestMvcConfiguration.domainObjectMerger()
18-febrero-20 16:47:24:022 DEBUG Test worker o.s.c.a.ConfigurationClassBeanDefinitionReader:257 - Registering bean definition for @Bean method org.springframework.data.rest.webmvc.config.RepositoryRestMvcConfiguration.serverHttpRequestMethodArgumentResolver()
18-febrero-20 16:47:24:022 DEBUG Test worker o.s.c.a.ConfigurationClassBeanDefinitionReader:257 - Registering bean definition for @Bean method org.springframework.data.rest.webmvc.config.RepositoryRestMvcConfiguration.repoRequestArgumentResolver()
18-febrero-20 16:47:24:023 DEBUG Test worker o.s.c.a.ConfigurationClassBeanDefinitionReader:257 - Registering bean definition for @Bean method org.springframework.data.rest.webmvc.config.RepositoryRestMvcConfiguration.resourceMetadataHandlerMethodArgumentResolver()
18-febrero-20 16:47:24:023 DEBUG Test worker o.s.c.a.ConfigurationClassBeanDefinitionReader:257 - Registering bean definition for @Bean method org.springframework.data.rest.webmvc.config.RepositoryRestMvcConfiguration.backendIdHandlerMethodArgumentResolver()
18-febrero-20 16:47:24:023 DEBUG Test worker o.s.c.a.ConfigurationClassBeanDefinitionReader:257 - Registering bean definition for @Bean method org.springframework.data.rest.webmvc.config.RepositoryRestMvcConfiguration.eTagArgumentResolver()
18-febrero-20 16:47:24:024 DEBUG Test worker o.s.c.a.ConfigurationClassBeanDefinitionReader:257 - Registering bean definition for @Bean method org.springframework.data.rest.webmvc.config.RepositoryRestMvcConfiguration.entityLinks()
18-febrero-20 16:47:24:024 DEBUG Test worker o.s.c.a.ConfigurationClassBeanDefinitionReader:257 - Registering bean definition for @Bean method org.springframework.data.rest.webmvc.config.RepositoryRestMvcConfiguration.persistentEntityArgumentResolver()
18-febrero-20 16:47:24:025 DEBUG Test worker o.s.c.a.ConfigurationClassBeanDefinitionReader:257 - Registering bean definition for @Bean method org.springframework.data.rest.webmvc.config.RepositoryRestMvcConfiguration.jsonSchemaConverter()
18-febrero-20 16:47:24:025 DEBUG Test worker o.s.c.a.ConfigurationClassBeanDefinitionReader:257 - Registering bean definition for @Bean method org.springframework.data.rest.webmvc.config.RepositoryRestMvcConfiguration.resourceDescriptionMessageSourceAccessor()
18-febrero-20 16:47:24:025 DEBUG Test worker o.s.c.a.ConfigurationClassBeanDefinitionReader:257 - Registering bean definition for @Bean method org.springframework.data.rest.webmvc.config.RepositoryRestMvcConfiguration.objectMapper()
18-febrero-20 16:47:24:026 DEBUG Test worker o.s.c.a.ConfigurationClassBeanDefinitionReader:257 - Registering bean definition for @Bean method org.springframework.data.rest.webmvc.config.RepositoryRestMvcConfiguration.jacksonHttpMessageConverter()
18-febrero-20 16:47:24:026 DEBUG Test worker o.s.c.a.ConfigurationClassBeanDefinitionReader:257 - Registering bean definition for @Bean method org.springframework.data.rest.webmvc.config.RepositoryRestMvcConfiguration.halJacksonHttpMessageConverter()
18-febrero-20 16:47:24:026 DEBUG Test worker o.s.c.a.ConfigurationClassBeanDefinitionReader:257 - Registering bean definition for @Bean method org.springframework.data.rest.webmvc.config.RepositoryRestMvcConfiguration.halObjectMapper()
18-febrero-20 16:47:24:027 DEBUG Test worker o.s.c.a.ConfigurationClassBeanDefinitionReader:257 - Registering bean definition for @Bean method org.springframework.data.rest.webmvc.config.RepositoryRestMvcConfiguration.uriListHttpMessageConverter()
18-febrero-20 16:47:24:028 DEBUG Test worker o.s.c.a.ConfigurationClassBeanDefinitionReader:257 - Registering bean definition for @Bean method org.springframework.data.rest.webmvc.config.RepositoryRestMvcConfiguration.resourceProcessorInvoker()
18-febrero-20 16:47:24:028 DEBUG Test worker o.s.c.a.ConfigurationClassBeanDefinitionReader:257 - Registering bean definition for @Bean method org.springframework.data.rest.webmvc.config.RepositoryRestMvcConfiguration.repositoryExporterHandlerAdapter()
18-febrero-20 16:47:24:028 DEBUG Test worker o.s.c.a.ConfigurationClassBeanDefinitionReader:257 - Registering bean definition for @Bean method org.springframework.data.rest.webmvc.config.RepositoryRestMvcConfiguration.restHandlerMapping()
18-febrero-20 16:47:24:029 DEBUG Test worker o.s.c.a.ConfigurationClassBeanDefinitionReader:257 - Registering bean definition for @Bean method org.springframework.data.rest.webmvc.config.RepositoryRestMvcConfiguration.resourceMappings()
18-febrero-20 16:47:24:029 DEBUG Test worker o.s.c.a.ConfigurationClassBeanDefinitionReader:257 - Registering bean definition for @Bean method org.springframework.data.rest.webmvc.config.RepositoryRestMvcConfiguration.linkCollector()
18-febrero-20 16:47:24:029 DEBUG Test worker o.s.c.a.ConfigurationClassBeanDefinitionReader:257 - Registering bean definition for @Bean method org.springframework.data.rest.webmvc.config.RepositoryRestMvcConfiguration.excerptProjector()
18-febrero-20 16:47:24:029 DEBUG Test worker o.s.c.a.ConfigurationClassBeanDefinitionReader:257 - Registering bean definition for @Bean method org.springframework.data.rest.webmvc.config.RepositoryRestMvcConfiguration.exceptionHandlerExceptionResolver()
18-febrero-20 16:47:24:030 DEBUG Test worker o.s.c.a.ConfigurationClassBeanDefinitionReader:257 - Registering bean definition for @Bean method org.springframework.data.rest.webmvc.config.RepositoryRestMvcConfiguration.repositoryRestExceptionHandler()
18-febrero-20 16:47:24:031 DEBUG Test worker o.s.c.a.ConfigurationClassBeanDefinitionReader:257 - Registering bean definition for @Bean method org.springframework.data.rest.webmvc.config.RepositoryRestMvcConfiguration.repositoryInvokerFactory()
18-febrero-20 16:47:24:033 DEBUG Test worker o.s.c.a.ConfigurationClassBeanDefinitionReader:257 - Registering bean definition for @Bean method org.springframework.data.rest.webmvc.config.RepositoryRestMvcConfiguration.defaultMessageConverters()
18-febrero-20 16:47:24:034 DEBUG Test worker o.s.c.a.ConfigurationClassBeanDefinitionReader:257 - Registering bean definition for @Bean method org.springframework.data.rest.webmvc.config.RepositoryRestMvcConfiguration.alpsJsonHttpMessageConverter()
18-febrero-20 16:47:24:034 DEBUG Test worker o.s.c.a.ConfigurationClassBeanDefinitionReader:257 - Registering bean definition for @Bean method org.springframework.data.rest.webmvc.config.RepositoryRestMvcConfiguration.pageableResolver()
18-febrero-20 16:47:24:035 DEBUG Test worker o.s.c.a.ConfigurationClassBeanDefinitionReader:257 - Registering bean definition for @Bean method org.springframework.data.rest.webmvc.config.RepositoryRestMvcConfiguration.sortResolver()
18-febrero-20 16:47:24:035 DEBUG Test worker o.s.c.a.ConfigurationClassBeanDefinitionReader:257 - Registering bean definition for @Bean method org.springframework.data.rest.webmvc.config.RepositoryRestMvcConfiguration.backendIdConverterRegistry()
18-febrero-20 16:47:24:035 DEBUG Test worker o.s.c.a.ConfigurationClassBeanDefinitionReader:257 - Registering bean definition for @Bean method org.springframework.data.rest.webmvc.config.RepositoryRestMvcConfiguration.auditableBeanWrapperFactory()
18-febrero-20 16:47:24:036 DEBUG Test worker o.s.c.a.ConfigurationClassBeanDefinitionReader:257 - Registering bean definition for @Bean method org.springframework.data.rest.webmvc.config.RepositoryRestMvcConfiguration.selfLinkProvider()
18-febrero-20 16:47:24:036 DEBUG Test worker o.s.c.a.ConfigurationClassBeanDefinitionReader:257 - Registering bean definition for @Bean method org.springframework.data.rest.webmvc.config.RepositoryRestMvcConfiguration.associationLinks()
18-febrero-20 16:47:24:036 DEBUG Test worker o.s.c.a.ConfigurationClassBeanDefinitionReader:257 - Registering bean definition for @Bean method org.springframework.data.rest.webmvc.config.RepositoryRestMvcConfiguration.enumTranslator()
18-febrero-20 16:47:24:036 DEBUG Test worker o.s.c.a.ConfigurationClassBeanDefinitionReader:257 - Registering bean definition for @Bean method org.springframework.data.rest.webmvc.config.RepositoryRestMvcConfiguration.alpsConverter()
18-febrero-20 16:47:24:037 DEBUG Test worker o.s.c.a.ConfigurationClassBeanDefinitionReader:257 - Registering bean definition for @Bean method org.springframework.data.rest.webmvc.config.RepositoryRestMvcConfiguration.profileResourceProcessor()
18-febrero-20 16:47:24:037 DEBUG Test worker o.s.c.a.ConfigurationClassBeanDefinitionReader:257 - Registering bean definition for @Bean method org.springframework.data.rest.webmvc.config.RepositoryRestMvcConfiguration.pagedResourcesAssembler()
18-febrero-20 16:47:24:037 DEBUG Test worker o.s.c.a.ConfigurationClassBeanDefinitionReader:257 - Registering bean definition for @Bean method org.springframework.data.rest.webmvc.config.RepositoryRestMvcConfiguration.pagedResourcesAssemblerArgumentResolver()
18-febrero-20 16:47:24:037 DEBUG Test worker o.s.c.e.StandardEnvironment:109 - Adding [systemProperties] PropertySource with lowest search precedence
18-febrero-20 16:47:24:038 DEBUG Test worker o.s.c.e.StandardEnvironment:109 - Adding [systemEnvironment] PropertySource with lowest search precedence
18-febrero-20 16:47:24:039 DEBUG Test worker o.s.c.e.StandardEnvironment:124 - Initialized StandardEnvironment with PropertySources [systemProperties,systemEnvironment]
18-febrero-20 16:47:24:040 DEBUG Test worker o.s.c.i.s.PathMatchingResourcePatternResolver:318 - Resolved classpath location [META-INF/spring-data-rest/] to resources []
18-febrero-20 16:47:24:040 DEBUG Test worker o.s.c.i.s.PathMatchingResourcePatternResolver:482 - Resolved location pattern [classpath*:META-INF/spring-data-rest/**/*.xml] to resources []
18-febrero-20 16:47:24:041 DEBUG Test worker o.s.b.f.x.XmlBeanDefinitionReader:224 - Loaded 0 bean definitions from location pattern [classpath*:META-INF/spring-data-rest/**/*.xml]
18-febrero-20 16:47:24:051 DEBUG Test worker o.s.c.a.ConfigurationClassBeanDefinitionReader:164 - Registered bean definition for imported class 'org.springframework.boot.autoconfigure.data.rest.RepositoryRestMvcAutoConfiguration'
18-febrero-20 16:47:24:052 DEBUG Test worker o.s.c.a.ConfigurationClassBeanDefinitionReader:257 - Registering bean definition for @Bean method org.springframework.boot.autoconfigure.data.rest.RepositoryRestMvcAutoConfiguration.springBootRepositoryRestConfigurer()
18-febrero-20 16:47:24:052 DEBUG Test worker o.s.b.f.s.DefaultListableBeanFactory:251 - Returning cached instance of singleton bean 'autoConfigurationReport'
18-febrero-20 16:47:24:053 DEBUG Test worker o.s.b.f.s.DefaultListableBeanFactory:251 - Returning cached instance of singleton bean 'autoConfigurationReport'
18-febrero-20 16:47:24:053 DEBUG Test worker o.s.b.f.s.DefaultListableBeanFactory:251 - Returning cached instance of singleton bean 'org.springframework.boot.autoconfigure.condition.BeanTypeRegistry'
18-febrero-20 16:47:24:097 DEBUG Test worker o.s.b.f.s.DefaultListableBeanFactory:251 - Returning cached instance of singleton bean 'autoConfigurationReport'
18-febrero-20 16:47:24:098 DEBUG Test worker o.s.b.f.s.DefaultListableBeanFactory:251 - Returning cached instance of singleton bean 'autoConfigurationReport'
18-febrero-20 16:47:24:098 DEBUG Test worker o.s.b.f.s.DefaultListableBeanFactory:251 - Returning cached instance of singleton bean 'autoConfigurationReport'
18-febrero-20 16:47:24:099 DEBUG Test worker o.s.b.f.s.DefaultListableBeanFactory:251 - Returning cached instance of singleton bean 'autoConfigurationReport'
18-febrero-20 16:47:24:099 DEBUG Test worker o.s.b.f.s.DefaultListableBeanFactory:251 - Returning cached instance of singleton bean 'org.springframework.boot.autoconfigure.condition.BeanTypeRegistry'
18-febrero-20 16:47:24:099 DEBUG Test worker o.s.b.f.s.DefaultListableBeanFactory:251 - Returning cached instance of singleton bean 'autoConfigurationReport'
18-febrero-20 16:47:24:100 DEBUG Test worker o.s.b.f.s.DefaultListableBeanFactory:251 - Returning cached instance of singleton bean 'autoConfigurationReport'
18-febrero-20 16:47:24:100 DEBUG Test worker o.s.c.a.ConfigurationClassBeanDefinitionReader:164 - Registered bean definition for imported class 'org.springframework.boot.autoconfigure.security.SpringBootWebSecurityConfiguration$ApplicationWebSecurityConfigurerAdapter'
18-febrero-20 16:47:24:101 DEBUG Test worker o.s.c.a.ConfigurationClassBeanDefinitionReader:164 - Registered bean definition for imported class 'org.springframework.security.config.annotation.authentication.configuration.AuthenticationConfiguration'
18-febrero-20 16:47:24:101 DEBUG Test worker o.s.c.a.ConfigurationClassBeanDefinitionReader:257 - Registering bean definition for @Bean method org.springframework.security.config.annotation.authentication.configuration.AuthenticationConfiguration.authenticationManagerBuilder()
18-febrero-20 16:47:24:101 DEBUG Test worker o.s.c.a.ConfigurationClassBeanDefinitionReader:257 - Registering bean definition for @Bean method org.springframework.security.config.annotation.authentication.configuration.AuthenticationConfiguration.enableGlobalAuthenticationAutowiredConfigurer()
18-febrero-20 16:47:24:102 DEBUG Test worker o.s.c.a.ConfigurationClassBeanDefinitionReader:257 - Registering bean definition for @Bean method org.springframework.security.config.annotation.authentication.configuration.AuthenticationConfiguration.initializeUserDetailsBeanManagerConfigurer()
18-febrero-20 16:47:24:104 DEBUG Test worker o.s.c.a.ConfigurationClassBeanDefinitionReader:257 - Registering bean definition for @Bean method org.springframework.security.config.annotation.authentication.configuration.AuthenticationConfiguration.initializeAuthenticationProviderBeanManagerConfigurer()
18-febrero-20 16:47:24:105 DEBUG Test worker o.s.c.a.ConfigurationClassBeanDefinitionReader:164 - Registered bean definition for imported class 'org.springframework.security.config.annotation.web.configuration.WebSecurityConfiguration'
18-febrero-20 16:47:24:107 DEBUG Test worker o.s.c.a.ConfigurationClassBeanDefinitionReader:257 - Registering bean definition for @Bean method org.springframework.security.config.annotation.web.configuration.WebSecurityConfiguration.delegatingApplicationListener()
18-febrero-20 16:47:24:107 DEBUG Test worker o.s.c.a.ConfigurationClassBeanDefinitionReader:257 - Registering bean definition for @Bean method org.springframework.security.config.annotation.web.configuration.WebSecurityConfiguration.webSecurityExpressionHandler()
18-febrero-20 16:47:24:108 DEBUG Test worker o.s.c.a.ConfigurationClassBeanDefinitionReader:257 - Registering bean definition for @Bean method org.springframework.security.config.annotation.web.configuration.WebSecurityConfiguration.springSecurityFilterChain()
18-febrero-20 16:47:24:108 DEBUG Test worker o.s.c.a.ConfigurationClassBeanDefinitionReader:257 - Registering bean definition for @Bean method org.springframework.security.config.annotation.web.configuration.WebSecurityConfiguration.privilegeEvaluator()
18-febrero-20 16:47:24:108 DEBUG Test worker o.s.c.a.ConfigurationClassBeanDefinitionReader:257 - Registering bean definition for @Bean method org.springframework.security.config.annotation.web.configuration.WebSecurityConfiguration.autowiredWebSecurityConfigurersIgnoreParents()
18-febrero-20 16:47:24:108 DEBUG Test worker o.s.c.a.ConfigurationClassBeanDefinitionReader:164 - Registered bean definition for imported class 'org.springframework.security.config.annotation.configuration.ObjectPostProcessorConfiguration'
18-febrero-20 16:47:24:109 DEBUG Test worker o.s.c.a.ConfigurationClassBeanDefinitionReader:257 - Registering bean definition for @Bean method org.springframework.security.config.annotation.configuration.ObjectPostProcessorConfiguration.objectPostProcessor()
18-febrero-20 16:47:24:109 DEBUG Test worker o.s.c.a.ConfigurationClassBeanDefinitionReader:164 - Registered bean definition for imported class 'org.springframework.security.config.annotation.web.configuration.WebMvcSecurityConfiguration'
18-febrero-20 16:47:24:109 DEBUG Test worker o.s.c.a.ConfigurationClassBeanDefinitionReader:257 - Registering bean definition for @Bean method org.springframework.security.config.annotation.web.configuration.WebMvcSecurityConfiguration.requestDataValueProcessor()
18-febrero-20 16:47:24:109 DEBUG Test worker o.s.c.a.ConfigurationClassBeanDefinitionReader:164 - Registered bean definition for imported class 'org.springframework.boot.autoconfigure.security.SpringBootWebSecurityConfiguration'
18-febrero-20 16:47:24:111 DEBUG Test worker o.s.b.f.s.DefaultListableBeanFactory:251 - Returning cached instance of singleton bean 'org.springframework.boot.autoconfigure.condition.BeanTypeRegistry'
18-febrero-20 16:47:24:128 DEBUG Test worker o.s.b.f.s.DefaultListableBeanFactory:251 - Returning cached instance of singleton bean 'autoConfigurationReport'
18-febrero-20 16:47:24:128 DEBUG Test worker o.s.c.a.ConfigurationClassBeanDefinitionReader:257 - Registering bean definition for @Bean method org.springframework.boot.autoconfigure.security.SpringBootWebSecurityConfiguration.ignoredPathsWebSecurityConfigurerAdapter()
18-febrero-20 16:47:24:129 DEBUG Test worker o.s.b.f.s.DefaultListableBeanFactory:251 - Returning cached instance of singleton bean 'org.springframework.boot.autoconfigure.condition.BeanTypeRegistry'
18-febrero-20 16:47:24:134 DEBUG Test worker o.s.b.f.s.DefaultListableBeanFactory:251 - Returning cached instance of singleton bean 'org.springframework.boot.autoconfigure.condition.BeanTypeRegistry'
18-febrero-20 16:47:24:135 DEBUG Test worker o.s.b.f.s.DefaultListableBeanFactory:251 - Returning cached instance of singleton bean 'autoConfigurationReport'
18-febrero-20 16:47:24:136 DEBUG Test worker o.s.b.f.s.DefaultListableBeanFactory:251 - Returning cached instance of singleton bean 'org.springframework.boot.autoconfigure.condition.BeanTypeRegistry'
18-febrero-20 16:47:24:136 DEBUG Test worker o.s.b.f.s.DefaultListableBeanFactory:251 - Returning cached instance of singleton bean 'org.springframework.boot.autoconfigure.condition.BeanTypeRegistry'
18-febrero-20 16:47:24:137 DEBUG Test worker o.s.b.f.s.DefaultListableBeanFactory:251 - Returning cached instance of singleton bean 'autoConfigurationReport'
18-febrero-20 16:47:24:137 DEBUG Test worker o.s.c.a.ConfigurationClassBeanDefinitionReader:164 - Registered bean definition for imported class 'org.springframework.boot.autoconfigure.security.AuthenticationManagerConfiguration$AuthenticationManagerConfigurationListener'
18-febrero-20 16:47:24:137 DEBUG Test worker o.s.c.a.ConfigurationClassBeanDefinitionReader:164 - Registered bean definition for imported class 'org.springframework.boot.autoconfigure.security.AuthenticationManagerConfiguration'
18-febrero-20 16:47:24:138 DEBUG Test worker o.s.c.a.ConfigurationClassBeanDefinitionReader:257 - Registering bean definition for @Bean method org.springframework.boot.autoconfigure.security.AuthenticationManagerConfiguration.authenticationManager()
18-febrero-20 16:47:24:138 DEBUG Test worker o.s.c.a.ConfigurationClassBeanDefinitionReader:257 - Registering bean definition for @Bean method org.springframework.boot.autoconfigure.security.AuthenticationManagerConfiguration.springBootAuthenticationConfigurerAdapter()
18-febrero-20 16:47:24:138 DEBUG Test worker o.s.b.f.s.DefaultListableBeanFactory:251 - Returning cached instance of singleton bean 'autoConfigurationReport'
18-febrero-20 16:47:24:139 DEBUG Test worker o.s.c.a.ConfigurationClassBeanDefinitionReader:164 - Registered bean definition for imported class 'org.springframework.boot.autoconfigure.security.BootGlobalAuthenticationConfiguration'
18-febrero-20 16:47:24:140 DEBUG Test worker o.s.c.a.ConfigurationClassBeanDefinitionReader:257 - Registering bean definition for @Bean method org.springframework.boot.autoconfigure.security.BootGlobalAuthenticationConfiguration.bootGlobalAuthenticationConfigurationAdapter()
18-febrero-20 16:47:24:141 DEBUG Test worker o.s.c.a.ConfigurationClassBeanDefinitionReader:164 - Registered bean definition for imported class 'org.springframework.boot.autoconfigure.security.SecurityAutoConfiguration'
18-febrero-20 16:47:24:142 DEBUG Test worker o.s.b.f.s.DefaultListableBeanFactory:251 - Returning cached instance of singleton bean 'org.springframework.boot.autoconfigure.condition.BeanTypeRegistry'
18-febrero-20 16:47:24:146 DEBUG Test worker o.s.b.f.s.DefaultListableBeanFactory:251 - Returning cached instance of singleton bean 'autoConfigurationReport'
18-febrero-20 16:47:24:147 DEBUG Test worker o.s.c.a.ConfigurationClassBeanDefinitionReader:257 - Registering bean definition for @Bean method org.springframework.boot.autoconfigure.security.SecurityAutoConfiguration.authenticationEventPublisher()
18-febrero-20 16:47:24:149 DEBUG Test worker o.s.b.f.s.DefaultListableBeanFactory:251 - Returning cached instance of singleton bean 'org.springframework.boot.autoconfigure.condition.BeanTypeRegistry'
18-febrero-20 16:47:24:150 DEBUG Test worker o.s.b.f.s.DefaultListableBeanFactory:251 - Returning cached instance of singleton bean 'autoConfigurationReport'
18-febrero-20 16:47:24:150 DEBUG Test worker o.s.c.a.ConfigurationClassBeanDefinitionReader:257 - Registering bean definition for @Bean method org.springframework.boot.autoconfigure.security.SecurityAutoConfiguration.securityProperties()
18-febrero-20 16:47:24:150 DEBUG Test worker o.s.b.f.s.DefaultListableBeanFactory:251 - Returning cached instance of singleton bean 'autoConfigurationReport'
18-febrero-20 16:47:24:151 DEBUG Test worker o.s.b.f.s.DefaultListableBeanFactory:251 - Returning cached instance of singleton bean 'autoConfigurationReport'
18-febrero-20 16:47:24:152 DEBUG Test worker o.s.b.f.s.DefaultListableBeanFactory:251 - Returning cached instance of singleton bean 'org.springframework.boot.autoconfigure.condition.BeanTypeRegistry'
18-febrero-20 16:47:24:153 DEBUG Test worker o.s.b.f.s.DefaultListableBeanFactory:251 - Returning cached instance of singleton bean 'autoConfigurationReport'
18-febrero-20 16:47:24:153 DEBUG Test worker o.s.b.f.s.DefaultListableBeanFactory:251 - Returning cached instance of singleton bean 'autoConfigurationReport'
18-febrero-20 16:47:24:153 DEBUG Test worker o.s.b.f.s.DefaultListableBeanFactory:251 - Returning cached instance of singleton bean 'org.springframework.boot.autoconfigure.condition.BeanTypeRegistry'
18-febrero-20 16:47:24:153 DEBUG Test worker o.s.b.f.s.DefaultListableBeanFactory:251 - Returning cached instance of singleton bean 'autoConfigurationReport'
18-febrero-20 16:47:24:153 DEBUG Test worker o.s.c.a.ConfigurationClassBeanDefinitionReader:164 - Registered bean definition for imported class 'org.springframework.boot.autoconfigure.hateoas.HypermediaHttpMessageConverterConfiguration'
18-febrero-20 16:47:24:154 DEBUG Test worker o.s.b.f.s.DefaultListableBeanFactory:251 - Returning cached instance of singleton bean 'autoConfigurationReport'
18-febrero-20 16:47:24:155 DEBUG Test worker o.s.c.a.ConfigurationClassBeanDefinitionReader:257 - Registering bean definition for @Bean method org.springframework.boot.autoconfigure.hateoas.HypermediaHttpMessageConverterConfiguration.halMessageConverterSupportedMediaTypeCustomizer()
18-febrero-20 16:47:24:156 DEBUG Test worker o.s.c.a.ConfigurationClassBeanDefinitionReader:164 - Registered bean definition for imported class 'org.springframework.boot.autoconfigure.hateoas.HypermediaAutoConfiguration'
18-febrero-20 16:47:24:157 DEBUG Test worker o.s.c.a.ConfigurationClassBeanDefinitionReader:164 - Registered bean definition for imported class 'org.springframework.boot.autoconfigure.info.ProjectInfoAutoConfiguration'
18-febrero-20 16:47:24:158 DEBUG Test worker o.s.b.f.s.DefaultListableBeanFactory:251 - Returning cached instance of singleton bean 'autoConfigurationReport'
18-febrero-20 16:47:24:159 DEBUG Test worker o.s.c.e.PropertySourcesPropertyResolver:91 - Could not find key 'spring.info.build.location:classpath:META-INF/build-info.properties' in any property source
18-febrero-20 16:47:24:159 DEBUG Test worker o.s.c.e.PropertySourcesPropertyResolver:91 - Could not find key 'spring.info.build.location' in any property source
18-febrero-20 16:47:24:160 DEBUG Test worker o.s.b.f.s.DefaultListableBeanFactory:251 - Returning cached instance of singleton bean 'autoConfigurationReport'
18-febrero-20 16:47:24:160 DEBUG Test worker o.s.b.f.s.DefaultListableBeanFactory:251 - Returning cached instance of singleton bean 'autoConfigurationReport'
18-febrero-20 16:47:24:161 DEBUG Test worker o.s.b.f.s.DefaultListableBeanFactory:251 - Returning cached instance of singleton bean 'org.springframework.boot.autoconfigure.condition.BeanTypeRegistry'
18-febrero-20 16:47:24:163 DEBUG Test worker o.s.b.f.s.DefaultListableBeanFactory:251 - Returning cached instance of singleton bean 'autoConfigurationReport'
18-febrero-20 16:47:24:164 DEBUG Test worker o.s.b.f.s.DefaultListableBeanFactory:251 - Returning cached instance of singleton bean 'org.springframework.boot.autoconfigure.condition.BeanTypeRegistry'
18-febrero-20 16:47:24:164 DEBUG Test worker o.s.b.f.s.DefaultListableBeanFactory:251 - Returning cached instance of singleton bean 'autoConfigurationReport'
18-febrero-20 16:47:24:164 DEBUG Test worker o.s.c.a.ConfigurationClassBeanDefinitionReader:164 - Registered bean definition for imported class 'org.springframework.boot.autoconfigure.jdbc.DataSourceTransactionManagerAutoConfiguration$DataSourceTransactionManagerConfiguration'
18-febrero-20 16:47:24:165 DEBUG Test worker o.s.b.f.s.DefaultListableBeanFactory:251 - Returning cached instance of singleton bean 'org.springframework.boot.autoconfigure.condition.BeanTypeRegistry'
18-febrero-20 16:47:24:166 DEBUG Test worker o.s.b.f.s.DefaultListableBeanFactory:251 - Returning cached instance of singleton bean 'autoConfigurationReport'
18-febrero-20 16:47:24:166 DEBUG Test worker o.s.c.a.ConfigurationClassBeanDefinitionReader:164 - Registered bean definition for imported class 'org.springframework.boot.autoconfigure.jdbc.DataSourceTransactionManagerAutoConfiguration'
18-febrero-20 16:47:24:167 DEBUG Test worker o.s.b.f.s.DefaultListableBeanFactory:251 - Returning cached instance of singleton bean 'autoConfigurationReport'
18-febrero-20 16:47:24:167 DEBUG Test worker o.s.b.f.s.DefaultListableBeanFactory:251 - Returning cached instance of singleton bean 'org.springframework.boot.autoconfigure.condition.BeanTypeRegistry'
18-febrero-20 16:47:24:168 DEBUG Test worker o.s.b.f.s.DefaultListableBeanFactory:251 - Returning cached instance of singleton bean 'autoConfigurationReport'
18-febrero-20 16:47:24:168 DEBUG Test worker o.s.c.a.ConfigurationClassBeanDefinitionReader:164 - Registered bean definition for imported class 'org.springframework.boot.autoconfigure.jdbc.JdbcTemplateAutoConfiguration'
18-febrero-20 16:47:24:169 DEBUG Test worker o.s.b.f.s.DefaultListableBeanFactory:251 - Returning cached instance of singleton bean 'org.springframework.boot.autoconfigure.condition.BeanTypeRegistry'
18-febrero-20 16:47:24:170 DEBUG Test worker o.s.b.f.s.DefaultListableBeanFactory:251 - Returning cached instance of singleton bean 'autoConfigurationReport'
18-febrero-20 16:47:24:171 DEBUG Test worker o.s.c.a.ConfigurationClassBeanDefinitionReader:257 - Registering bean definition for @Bean method org.springframework.boot.autoconfigure.jdbc.JdbcTemplateAutoConfiguration.jdbcTemplate()
18-febrero-20 16:47:24:172 DEBUG Test worker o.s.b.f.s.DefaultListableBeanFactory:251 - Returning cached instance of singleton bean 'org.springframework.boot.autoconfigure.condition.BeanTypeRegistry'
18-febrero-20 16:47:24:173 DEBUG Test worker o.s.b.f.s.DefaultListableBeanFactory:251 - Returning cached instance of singleton bean 'autoConfigurationReport'
18-febrero-20 16:47:24:174 DEBUG Test worker o.s.c.a.ConfigurationClassBeanDefinitionReader:257 - Registering bean definition for @Bean method org.springframework.boot.autoconfigure.jdbc.JdbcTemplateAutoConfiguration.namedParameterJdbcTemplate()
18-febrero-20 16:47:24:174 DEBUG Test worker o.s.b.f.s.DefaultListableBeanFactory:251 - Returning cached instance of singleton bean 'autoConfigurationReport'
18-febrero-20 16:47:24:174 DEBUG Test worker o.s.b.f.s.DefaultListableBeanFactory:251 - Returning cached instance of singleton bean 'autoConfigurationReport'
18-febrero-20 16:47:24:175 DEBUG Test worker o.s.c.a.ConfigurationClassBeanDefinitionReader:164 - Registered bean definition for imported class 'org.springframework.boot.autoconfigure.security.SecurityFilterAutoConfiguration'
18-febrero-20 16:47:24:175 DEBUG Test worker o.s.b.f.s.DefaultListableBeanFactory:251 - Returning cached instance of singleton bean 'autoConfigurationReport'
18-febrero-20 16:47:24:175 DEBUG Test worker o.s.c.a.ConfigurationClassBeanDefinitionReader:257 - Registering bean definition for @Bean method org.springframework.boot.autoconfigure.security.SecurityFilterAutoConfiguration.securityFilterChainRegistration()
18-febrero-20 16:47:24:180 DEBUG Test worker o.s.b.f.s.DefaultListableBeanFactory:251 - Returning cached instance of singleton bean 'org.springframework.boot.autoconfigure.condition.BeanTypeRegistry'
18-febrero-20 16:47:24:181 DEBUG Test worker o.s.b.f.s.DefaultListableBeanFactory:251 - Returning cached instance of singleton bean 'autoConfigurationReport'
18-febrero-20 16:47:24:182 DEBUG Test worker o.s.b.f.s.DefaultListableBeanFactory:251 - Returning cached instance of singleton bean 'autoConfigurationReport'
18-febrero-20 16:47:24:182 DEBUG Test worker o.s.b.f.s.DefaultListableBeanFactory:251 - Returning cached instance of singleton bean 'org.springframework.boot.autoconfigure.condition.BeanTypeRegistry'
18-febrero-20 16:47:24:183 DEBUG Test worker o.s.b.f.s.DefaultListableBeanFactory:251 - Returning cached instance of singleton bean 'autoConfigurationReport'
18-febrero-20 16:47:24:183 DEBUG Test worker o.s.c.a.ConfigurationClassBeanDefinitionReader:164 - Registered bean definition for imported class 'org.springframework.boot.autoconfigure.transaction.TransactionAutoConfiguration'
18-febrero-20 16:47:24:184 DEBUG Test worker o.s.b.f.s.DefaultListableBeanFactory:251 - Returning cached instance of singleton bean 'org.springframework.boot.autoconfigure.condition.BeanTypeRegistry'
18-febrero-20 16:47:24:185 DEBUG Test worker o.s.b.f.s.DefaultListableBeanFactory:251 - Returning cached instance of singleton bean 'autoConfigurationReport'
18-febrero-20 16:47:24:185 DEBUG Test worker o.s.c.a.ConfigurationClassBeanDefinitionReader:257 - Registering bean definition for @Bean method org.springframework.boot.autoconfigure.transaction.TransactionAutoConfiguration.transactionTemplate()
18-febrero-20 16:47:24:185 DEBUG Test worker o.s.b.f.s.DefaultListableBeanFactory:251 - Returning cached instance of singleton bean 'autoConfigurationReport'
18-febrero-20 16:47:24:186 DEBUG Test worker o.s.b.f.s.DefaultListableBeanFactory:251 - Returning cached instance of singleton bean 'autoConfigurationReport'
18-febrero-20 16:47:24:186 DEBUG Test worker o.s.b.f.s.DefaultListableBeanFactory:251 - Returning cached instance of singleton bean 'autoConfigurationReport'
18-febrero-20 16:47:24:187 DEBUG Test worker o.s.c.a.ConfigurationClassBeanDefinitionReader:164 - Registered bean definition for imported class 'org.springframework.boot.autoconfigure.web.HttpEncodingAutoConfiguration'
18-febrero-20 16:47:24:187 DEBUG Test worker o.s.b.f.s.DefaultListableBeanFactory:251 - Returning cached instance of singleton bean 'org.springframework.boot.autoconfigure.condition.BeanTypeRegistry'
18-febrero-20 16:47:24:189 DEBUG Test worker o.s.b.f.s.DefaultListableBeanFactory:251 - Returning cached instance of singleton bean 'autoConfigurationReport'
18-febrero-20 16:47:24:189 DEBUG Test worker o.s.c.a.ConfigurationClassBeanDefinitionReader:257 - Registering bean definition for @Bean method org.springframework.boot.autoconfigure.web.HttpEncodingAutoConfiguration.characterEncodingFilter()
18-febrero-20 16:47:24:189 DEBUG Test worker o.s.c.a.ConfigurationClassBeanDefinitionReader:257 - Registering bean definition for @Bean method org.springframework.boot.autoconfigure.web.HttpEncodingAutoConfiguration.localeCharsetMappingsCustomizer()
18-febrero-20 16:47:24:190 DEBUG Test worker o.s.b.f.s.DefaultListableBeanFactory:251 - Returning cached instance of singleton bean 'autoConfigurationReport'
18-febrero-20 16:47:24:190 DEBUG Test worker o.s.b.f.s.DefaultListableBeanFactory:251 - Returning cached instance of singleton bean 'autoConfigurationReport'
18-febrero-20 16:47:24:191 DEBUG Test worker o.s.c.a.ConfigurationClassBeanDefinitionReader:164 - Registered bean definition for imported class 'org.springframework.boot.autoconfigure.web.MultipartAutoConfiguration'
18-febrero-20 16:47:24:191 DEBUG Test worker o.s.b.f.s.DefaultListableBeanFactory:251 - Returning cached instance of singleton bean 'org.springframework.boot.autoconfigure.condition.BeanTypeRegistry'
18-febrero-20 16:47:24:193 DEBUG Test worker o.s.b.f.s.DefaultListableBeanFactory:251 - Returning cached instance of singleton bean 'autoConfigurationReport'
18-febrero-20 16:47:24:193 DEBUG Test worker o.s.c.a.ConfigurationClassBeanDefinitionReader:257 - Registering bean definition for @Bean method org.springframework.boot.autoconfigure.web.MultipartAutoConfiguration.multipartConfigElement()
18-febrero-20 16:47:24:194 DEBUG Test worker o.s.b.f.s.DefaultListableBeanFactory:251 - Returning cached instance of singleton bean 'org.springframework.boot.autoconfigure.condition.BeanTypeRegistry'
18-febrero-20 16:47:24:194 DEBUG Test worker o.s.b.f.s.DefaultListableBeanFactory:251 - Returning cached instance of singleton bean 'autoConfigurationReport'
18-febrero-20 16:47:24:195 DEBUG Test worker o.s.c.a.ConfigurationClassBeanDefinitionReader:257 - Registering bean definition for @Bean method org.springframework.boot.autoconfigure.web.MultipartAutoConfiguration.multipartResolver()
18-febrero-20 16:47:24:195 DEBUG Test worker o.s.b.f.s.DefaultListableBeanFactory:251 - Returning cached instance of singleton bean 'autoConfigurationReport'
18-febrero-20 16:47:24:195 DEBUG Test worker o.s.c.a.ConfigurationClassBeanDefinitionReader:164 - Registered bean definition for imported class 'org.springframework.boot.autoconfigure.web.ServerPropertiesAutoConfiguration'
18-febrero-20 16:47:24:197 DEBUG Test worker o.s.b.f.s.DefaultListableBeanFactory:251 - Returning cached instance of singleton bean 'org.springframework.boot.autoconfigure.condition.BeanTypeRegistry'
18-febrero-20 16:47:24:198 DEBUG Test worker o.s.b.f.s.DefaultListableBeanFactory:251 - Returning cached instance of singleton bean 'autoConfigurationReport'
18-febrero-20 16:47:24:198 DEBUG Test worker o.s.c.a.ConfigurationClassBeanDefinitionReader:257 - Registering bean definition for @Bean method org.springframework.boot.autoconfigure.web.ServerPropertiesAutoConfiguration.serverProperties()
18-febrero-20 16:47:24:199 DEBUG Test worker o.s.c.a.ConfigurationClassBeanDefinitionReader:257 - Registering bean definition for @Bean method org.springframework.boot.autoconfigure.web.ServerPropertiesAutoConfiguration.duplicateServerPropertiesDetector()
18-febrero-20 16:47:24:199 DEBUG Test worker o.s.b.f.s.DefaultListableBeanFactory:251 - Returning cached instance of singleton bean 'autoConfigurationReport'
18-febrero-20 16:47:24:199 DEBUG Test worker o.s.c.a.ConfigurationClassBeanDefinitionReader:164 - Registered bean definition for imported class 'org.springframework.boot.autoconfigure.web.WebClientAutoConfiguration$RestTemplateConfiguration'
18-febrero-20 16:47:24:201 DEBUG Test worker o.s.b.f.s.DefaultListableBeanFactory:251 - Returning cached instance of singleton bean 'org.springframework.boot.autoconfigure.condition.BeanTypeRegistry'
18-febrero-20 16:47:24:202 DEBUG Test worker o.s.b.f.s.DefaultListableBeanFactory:251 - Returning cached instance of singleton bean 'autoConfigurationReport'
18-febrero-20 16:47:24:202 DEBUG Test worker o.s.c.a.ConfigurationClassBeanDefinitionReader:257 - Registering bean definition for @Bean method org.springframework.boot.autoconfigure.web.WebClientAutoConfiguration$RestTemplateConfiguration.restTemplateBuilder()
18-febrero-20 16:47:24:203 DEBUG Test worker o.s.c.a.ConfigurationClassBeanDefinitionReader:164 - Registered bean definition for imported class 'org.springframework.boot.autoconfigure.web.WebClientAutoConfiguration'
18-febrero-20 16:47:24:210 DEBUG Test worker o.s.b.f.s.DefaultListableBeanFactory:251 - Returning cached instance of singleton bean 'autoConfigurationReport'
18-febrero-20 16:47:24:211 DEBUG Test worker o.s.b.f.s.DefaultListableBeanFactory:251 - Returning cached instance of singleton bean 'autoConfigurationReport'
18-febrero-20 16:47:24:212 DEBUG Test worker o.s.b.f.s.DefaultListableBeanFactory:251 - Returning cached instance of singleton bean 'org.springframework.boot.autoconfigure.condition.BeanTypeRegistry'
18-febrero-20 16:47:24:216 DEBUG Test worker o.s.b.f.s.DefaultListableBeanFactory:251 - Returning cached instance of singleton bean 'autoConfigurationReport'
18-febrero-20 16:47:24:216 DEBUG Test worker o.s.c.a.ConfigurationClassBeanDefinitionReader:164 - Registered bean definition for imported class 'org.springframework.boot.devtools.autoconfigure.DevToolsDataSourceAutoConfiguration$DatabaseShutdownExecutorJpaDependencyConfiguration'
18-febrero-20 16:47:24:217 DEBUG Test worker o.s.c.a.ConfigurationClassBeanDefinitionReader:164 - Registered bean definition for imported class 'org.springframework.boot.devtools.autoconfigure.DevToolsDataSourceAutoConfiguration'
18-febrero-20 16:47:24:217 DEBUG Test worker o.s.c.a.ConfigurationClassBeanDefinitionReader:257 - Registering bean definition for @Bean method org.springframework.boot.devtools.autoconfigure.DevToolsDataSourceAutoConfiguration.inMemoryDatabaseShutdownExecutor()
18-febrero-20 16:47:24:352 DEBUG Test worker o.s.c.a.ConfigurationClassEnhancer:112 - Successfully enhanced com.privalia.configuration.RepositoryConfiguration; enhanced class name is: com.privalia.configuration.RepositoryConfiguration$$EnhancerBySpringCGLIB$$326f4623
18-febrero-20 16:47:24:352 DEBUG Test worker o.s.c.a.ConfigurationClassPostProcessor:396 - Replacing bean definition 'repositoryConfiguration' existing class 'com.privalia.configuration.RepositoryConfiguration' with enhanced class 'com.privalia.configuration.RepositoryConfiguration$$EnhancerBySpringCGLIB$$326f4623'
18-febrero-20 16:47:24:360 DEBUG Test worker o.s.c.a.ConfigurationClassEnhancer:112 - Successfully enhanced org.springframework.transaction.annotation.ProxyTransactionManagementConfiguration; enhanced class name is: org.springframework.transaction.annotation.ProxyTransactionManagementConfiguration$$EnhancerBySpringCGLIB$$1df66199
18-febrero-20 16:47:24:361 DEBUG Test worker o.s.c.a.ConfigurationClassPostProcessor:396 - Replacing bean definition 'org.springframework.transaction.annotation.ProxyTransactionManagementConfiguration' existing class 'org.springframework.transaction.annotation.ProxyTransactionManagementConfiguration' with enhanced class 'org.springframework.transaction.annotation.ProxyTransactionManagementConfiguration$$EnhancerBySpringCGLIB$$1df66199'
18-febrero-20 16:47:24:364 DEBUG Test worker o.s.c.a.ConfigurationClassEnhancer:112 - Successfully enhanced org.springframework.boot.autoconfigure.PropertyPlaceholderAutoConfiguration; enhanced class name is: org.springframework.boot.autoconfigure.PropertyPlaceholderAutoConfiguration$$EnhancerBySpringCGLIB$$d5d30a13
18-febrero-20 16:47:24:365 DEBUG Test worker o.s.c.a.ConfigurationClassPostProcessor:396 - Replacing bean definition 'org.springframework.boot.autoconfigure.PropertyPlaceholderAutoConfiguration' existing class 'org.springframework.boot.autoconfigure.PropertyPlaceholderAutoConfiguration' with enhanced class 'org.springframework.boot.autoconfigure.PropertyPlaceholderAutoConfiguration$$EnhancerBySpringCGLIB$$d5d30a13'
18-febrero-20 16:47:24:365 DEBUG Test worker o.s.c.a.ConfigurationClassEnhancer:112 - Successfully enhanced org.springframework.boot.autoconfigure.PropertyPlaceholderAutoConfiguration; enhanced class name is: org.springframework.boot.autoconfigure.PropertyPlaceholderAutoConfiguration$$EnhancerBySpringCGLIB$$d5d30a13
18-febrero-20 16:47:24:366 DEBUG Test worker o.s.c.a.ConfigurationClassPostProcessor:396 - Replacing bean definition 'propertySourcesPlaceholderConfigurer' existing class 'org.springframework.boot.autoconfigure.PropertyPlaceholderAutoConfiguration' with enhanced class 'org.springframework.boot.autoconfigure.PropertyPlaceholderAutoConfiguration$$EnhancerBySpringCGLIB$$d5d30a13'
18-febrero-20 16:47:24:369 DEBUG Test worker o.s.c.a.ConfigurationClassEnhancer:112 - Successfully enhanced org.springframework.boot.autoconfigure.jackson.JacksonAutoConfiguration$Jackson2ObjectMapperBuilderCustomizerConfiguration; enhanced class name is: org.springframework.boot.autoconfigure.jackson.JacksonAutoConfiguration$Jackson2ObjectMapperBuilderCustomizerConfiguration$$EnhancerBySpringCGLIB$$e6ed8932
18-febrero-20 16:47:24:370 DEBUG Test worker o.s.c.a.ConfigurationClassPostProcessor:396 - Replacing bean definition 'org.springframework.boot.autoconfigure.jackson.JacksonAutoConfiguration$Jackson2ObjectMapperBuilderCustomizerConfiguration' existing class 'org.springframework.boot.autoconfigure.jackson.JacksonAutoConfiguration$Jackson2ObjectMapperBuilderCustomizerConfiguration' with enhanced class 'org.springframework.boot.autoconfigure.jackson.JacksonAutoConfiguration$Jackson2ObjectMapperBuilderCustomizerConfiguration$$EnhancerBySpringCGLIB$$e6ed8932'
18-febrero-20 16:47:24:377 DEBUG Test worker o.s.c.a.ConfigurationClassEnhancer:112 - Successfully enhanced org.springframework.boot.autoconfigure.jackson.JacksonAutoConfiguration$JacksonObjectMapperBuilderConfiguration; enhanced class name is: org.springframework.boot.autoconfigure.jackson.JacksonAutoConfiguration$JacksonObjectMapperBuilderConfiguration$$EnhancerBySpringCGLIB$$2bd6a343
18-febrero-20 16:47:24:378 DEBUG Test worker o.s.c.a.ConfigurationClassPostProcessor:396 - Replacing bean definition 'org.springframework.boot.autoconfigure.jackson.JacksonAutoConfiguration$JacksonObjectMapperBuilderConfiguration' existing class 'org.springframework.boot.autoconfigure.jackson.JacksonAutoConfiguration$JacksonObjectMapperBuilderConfiguration' with enhanced class 'org.springframework.boot.autoconfigure.jackson.JacksonAutoConfiguration$JacksonObjectMapperBuilderConfiguration$$EnhancerBySpringCGLIB$$2bd6a343'
18-febrero-20 16:47:24:386 DEBUG Test worker o.s.c.a.ConfigurationClassEnhancer:112 - Successfully enhanced org.springframework.boot.autoconfigure.jackson.JacksonAutoConfiguration$JacksonObjectMapperConfiguration; enhanced class name is: org.springframework.boot.autoconfigure.jackson.JacksonAutoConfiguration$JacksonObjectMapperConfiguration$$EnhancerBySpringCGLIB$$7989e12a
18-febrero-20 16:47:24:387 DEBUG Test worker o.s.c.a.ConfigurationClassPostProcessor:396 - Replacing bean definition 'org.springframework.boot.autoconfigure.jackson.JacksonAutoConfiguration$JacksonObjectMapperConfiguration' existing class 'org.springframework.boot.autoconfigure.jackson.JacksonAutoConfiguration$JacksonObjectMapperConfiguration' with enhanced class 'org.springframework.boot.autoconfigure.jackson.JacksonAutoConfiguration$JacksonObjectMapperConfiguration$$EnhancerBySpringCGLIB$$7989e12a'
18-febrero-20 16:47:24:394 DEBUG Test worker o.s.c.a.ConfigurationClassEnhancer:112 - Successfully enhanced org.springframework.boot.autoconfigure.jackson.JacksonAutoConfiguration; enhanced class name is: org.springframework.boot.autoconfigure.jackson.JacksonAutoConfiguration$$EnhancerBySpringCGLIB$$5b957eb9
18-febrero-20 16:47:24:394 DEBUG Test worker o.s.c.a.ConfigurationClassPostProcessor:396 - Replacing bean definition 'org.springframework.boot.autoconfigure.jackson.JacksonAutoConfiguration' existing class 'org.springframework.boot.autoconfigure.jackson.JacksonAutoConfiguration' with enhanced class 'org.springframework.boot.autoconfigure.jackson.JacksonAutoConfiguration$$EnhancerBySpringCGLIB$$5b957eb9'
18-febrero-20 16:47:24:400 DEBUG Test worker o.s.c.a.ConfigurationClassEnhancer:112 - Successfully enhanced org.springframework.boot.autoconfigure.websocket.WebSocketAutoConfiguration$TomcatWebSocketConfiguration; enhanced class name is: org.springframework.boot.autoconfigure.websocket.WebSocketAutoConfiguration$TomcatWebSocketConfiguration$$EnhancerBySpringCGLIB$$4cc8e1c2
18-febrero-20 16:47:24:401 DEBUG Test worker o.s.c.a.ConfigurationClassPostProcessor:396 - Replacing bean definition 'org.springframework.boot.autoconfigure.websocket.WebSocketAutoConfiguration$TomcatWebSocketConfiguration' existing class 'org.springframework.boot.autoconfigure.websocket.WebSocketAutoConfiguration$TomcatWebSocketConfiguration' with enhanced class 'org.springframework.boot.autoconfigure.websocket.WebSocketAutoConfiguration$TomcatWebSocketConfiguration$$EnhancerBySpringCGLIB$$4cc8e1c2'
18-febrero-20 16:47:24:404 DEBUG Test worker o.s.c.a.ConfigurationClassEnhancer:112 - Successfully enhanced org.springframework.boot.autoconfigure.websocket.WebSocketAutoConfiguration; enhanced class name is: org.springframework.boot.autoconfigure.websocket.WebSocketAutoConfiguration$$EnhancerBySpringCGLIB$$30a6f5f1
18-febrero-20 16:47:24:424 DEBUG Test worker o.s.c.a.ConfigurationClassPostProcessor:396 - Replacing bean definition 'org.springframework.boot.autoconfigure.websocket.WebSocketAutoConfiguration' existing class 'org.springframework.boot.autoconfigure.websocket.WebSocketAutoConfiguration' with enhanced class 'org.springframework.boot.autoconfigure.websocket.WebSocketAutoConfiguration$$EnhancerBySpringCGLIB$$30a6f5f1'
18-febrero-20 16:47:24:427 DEBUG Test worker o.s.c.a.ConfigurationClassEnhancer:112 - Successfully enhanced org.springframework.boot.autoconfigure.web.EmbeddedServletContainerAutoConfiguration$EmbeddedTomcat; enhanced class name is: org.springframework.boot.autoconfigure.web.EmbeddedServletContainerAutoConfiguration$EmbeddedTomcat$$EnhancerBySpringCGLIB$$d179a4b5
18-febrero-20 16:47:24:434 DEBUG Test worker o.s.c.a.ConfigurationClassPostProcessor:396 - Replacing bean definition 'org.springframework.boot.autoconfigure.web.EmbeddedServletContainerAutoConfiguration$EmbeddedTomcat' existing class 'org.springframework.boot.autoconfigure.web.EmbeddedServletContainerAutoConfiguration$EmbeddedTomcat' with enhanced class 'org.springframework.boot.autoconfigure.web.EmbeddedServletContainerAutoConfiguration$EmbeddedTomcat$$EnhancerBySpringCGLIB$$d179a4b5'
18-febrero-20 16:47:24:436 DEBUG Test worker o.s.c.a.ConfigurationClassEnhancer:112 - Successfully enhanced org.springframework.boot.autoconfigure.web.EmbeddedServletContainerAutoConfiguration; enhanced class name is: org.springframework.boot.autoconfigure.web.EmbeddedServletContainerAutoConfiguration$$EnhancerBySpringCGLIB$$8a6331d9
18-febrero-20 16:47:24:436 DEBUG Test worker o.s.c.a.ConfigurationClassPostProcessor:396 - Replacing bean definition 'org.springframework.boot.autoconfigure.web.EmbeddedServletContainerAutoConfiguration' existing class 'org.springframework.boot.autoconfigure.web.EmbeddedServletContainerAutoConfiguration' with enhanced class 'org.springframework.boot.autoconfigure.web.EmbeddedServletContainerAutoConfiguration$$EnhancerBySpringCGLIB$$8a6331d9'
18-febrero-20 16:47:24:463 DEBUG Test worker o.s.c.a.ConfigurationClassEnhancer:112 - Successfully enhanced org.springframework.boot.autoconfigure.web.DispatcherServletAutoConfiguration$DispatcherServletConfiguration; enhanced class name is: org.springframework.boot.autoconfigure.web.DispatcherServletAutoConfiguration$DispatcherServletConfiguration$$EnhancerBySpringCGLIB$$c45c10eb
18-febrero-20 16:47:24:464 DEBUG Test worker o.s.c.a.ConfigurationClassPostProcessor:396 - Replacing bean definition 'org.springframework.boot.autoconfigure.web.DispatcherServletAutoConfiguration$DispatcherServletConfiguration' existing class 'org.springframework.boot.autoconfigure.web.DispatcherServletAutoConfiguration$DispatcherServletConfiguration' with enhanced class 'org.springframework.boot.autoconfigure.web.DispatcherServletAutoConfiguration$DispatcherServletConfiguration$$EnhancerBySpringCGLIB$$c45c10eb'
18-febrero-20 16:47:24:467 DEBUG Test worker o.s.c.a.ConfigurationClassEnhancer:112 - Successfully enhanced org.springframework.boot.autoconfigure.web.DispatcherServletAutoConfiguration$DispatcherServletRegistrationConfiguration; enhanced class name is: org.springframework.boot.autoconfigure.web.DispatcherServletAutoConfiguration$DispatcherServletRegistrationConfiguration$$EnhancerBySpringCGLIB$$3f4ba012
18-febrero-20 16:47:24:468 DEBUG Test worker o.s.c.a.ConfigurationClassPostProcessor:396 - Replacing bean definition 'org.springframework.boot.autoconfigure.web.DispatcherServletAutoConfiguration$DispatcherServletRegistrationConfiguration' existing class 'org.springframework.boot.autoconfigure.web.DispatcherServletAutoConfiguration$DispatcherServletRegistrationConfiguration' with enhanced class 'org.springframework.boot.autoconfigure.web.DispatcherServletAutoConfiguration$DispatcherServletRegistrationConfiguration$$EnhancerBySpringCGLIB$$3f4ba012'
18-febrero-20 16:47:24:473 DEBUG Test worker o.s.c.a.ConfigurationClassEnhancer:112 - Successfully enhanced org.springframework.boot.autoconfigure.web.DispatcherServletAutoConfiguration; enhanced class name is: org.springframework.boot.autoconfigure.web.DispatcherServletAutoConfiguration$$EnhancerBySpringCGLIB$$136aa3ed
18-febrero-20 16:47:24:473 DEBUG Test worker o.s.c.a.ConfigurationClassPostProcessor:396 - Replacing bean definition 'org.springframework.boot.autoconfigure.web.DispatcherServletAutoConfiguration' existing class 'org.springframework.boot.autoconfigure.web.DispatcherServletAutoConfiguration' with enhanced class 'org.springframework.boot.autoconfigure.web.DispatcherServletAutoConfiguration$$EnhancerBySpringCGLIB$$136aa3ed'
18-febrero-20 16:47:24:476 DEBUG Test worker o.s.c.a.ConfigurationClassEnhancer:112 - Successfully enhanced org.springframework.boot.autoconfigure.web.ErrorMvcAutoConfiguration$WhitelabelErrorViewConfiguration; enhanced class name is: org.springframework.boot.autoconfigure.web.ErrorMvcAutoConfiguration$WhitelabelErrorViewConfiguration$$EnhancerBySpringCGLIB$$643dd307
18-febrero-20 16:47:24:477 DEBUG Test worker o.s.c.a.ConfigurationClassPostProcessor:396 - Replacing bean definition 'org.springframework.boot.autoconfigure.web.ErrorMvcAutoConfiguration$WhitelabelErrorViewConfiguration' existing class 'org.springframework.boot.autoconfigure.web.ErrorMvcAutoConfiguration$WhitelabelErrorViewConfiguration' with enhanced class 'org.springframework.boot.autoconfigure.web.ErrorMvcAutoConfiguration$WhitelabelErrorViewConfiguration$$EnhancerBySpringCGLIB$$643dd307'
18-febrero-20 16:47:24:483 DEBUG Test worker o.s.c.a.ConfigurationClassEnhancer:112 - Successfully enhanced org.springframework.boot.autoconfigure.web.ErrorMvcAutoConfiguration; enhanced class name is: org.springframework.boot.autoconfigure.web.ErrorMvcAutoConfiguration$$EnhancerBySpringCGLIB$$d3f16b8d
18-febrero-20 16:47:24:484 DEBUG Test worker o.s.c.a.ConfigurationClassPostProcessor:396 - Replacing bean definition 'org.springframework.boot.autoconfigure.web.ErrorMvcAutoConfiguration' existing class 'org.springframework.boot.autoconfigure.web.ErrorMvcAutoConfiguration' with enhanced class 'org.springframework.boot.autoconfigure.web.ErrorMvcAutoConfiguration$$EnhancerBySpringCGLIB$$d3f16b8d'
18-febrero-20 16:47:24:484 DEBUG Test worker o.s.c.a.ConfigurationClassEnhancer:112 - Successfully enhanced org.springframework.boot.autoconfigure.web.ErrorMvcAutoConfiguration; enhanced class name is: org.springframework.boot.autoconfigure.web.ErrorMvcAutoConfiguration$$EnhancerBySpringCGLIB$$d3f16b8d
18-febrero-20 16:47:24:484 DEBUG Test worker o.s.c.a.ConfigurationClassPostProcessor:396 - Replacing bean definition 'preserveErrorControllerTargetClassPostProcessor' existing class 'org.springframework.boot.autoconfigure.web.ErrorMvcAutoConfiguration' with enhanced class 'org.springframework.boot.autoconfigure.web.ErrorMvcAutoConfiguration$$EnhancerBySpringCGLIB$$d3f16b8d'
18-febrero-20 16:47:24:497 DEBUG Test worker o.s.c.a.ConfigurationClassEnhancer:112 - Successfully enhanced org.springframework.boot.autoconfigure.web.WebMvcAutoConfiguration$EnableWebMvcConfiguration; enhanced class name is: org.springframework.boot.autoconfigure.web.WebMvcAutoConfiguration$EnableWebMvcConfiguration$$EnhancerBySpringCGLIB$$752403a2
18-febrero-20 16:47:24:497 DEBUG Test worker o.s.c.a.ConfigurationClassPostProcessor:396 - Replacing bean definition 'org.springframework.boot.autoconfigure.web.WebMvcAutoConfiguration$EnableWebMvcConfiguration' existing class 'org.springframework.boot.autoconfigure.web.WebMvcAutoConfiguration$EnableWebMvcConfiguration' with enhanced class 'org.springframework.boot.autoconfigure.web.WebMvcAutoConfiguration$EnableWebMvcConfiguration$$EnhancerBySpringCGLIB$$752403a2'
18-febrero-20 16:47:24:500 DEBUG Test worker o.s.c.a.ConfigurationClassEnhancer:112 - Successfully enhanced org.springframework.boot.autoconfigure.web.WebMvcAutoConfiguration$WebMvcAutoConfigurationAdapter$FaviconConfiguration; enhanced class name is: org.springframework.boot.autoconfigure.web.WebMvcAutoConfiguration$WebMvcAutoConfigurationAdapter$FaviconConfiguration$$EnhancerBySpringCGLIB$$56138d8d
18-febrero-20 16:47:24:501 DEBUG Test worker o.s.c.a.ConfigurationClassPostProcessor:396 - Replacing bean definition 'org.springframework.boot.autoconfigure.web.WebMvcAutoConfiguration$WebMvcAutoConfigurationAdapter$FaviconConfiguration' existing class 'org.springframework.boot.autoconfigure.web.WebMvcAutoConfiguration$WebMvcAutoConfigurationAdapter$FaviconConfiguration' with enhanced class 'org.springframework.boot.autoconfigure.web.WebMvcAutoConfiguration$WebMvcAutoConfigurationAdapter$FaviconConfiguration$$EnhancerBySpringCGLIB$$56138d8d'
18-febrero-20 16:47:24:509 DEBUG Test worker o.s.c.a.ConfigurationClassEnhancer:112 - Successfully enhanced org.springframework.boot.autoconfigure.web.WebMvcAutoConfiguration$WebMvcAutoConfigurationAdapter; enhanced class name is: org.springframework.boot.autoconfigure.web.WebMvcAutoConfiguration$WebMvcAutoConfigurationAdapter$$EnhancerBySpringCGLIB$$8f9b915
18-febrero-20 16:47:24:510 DEBUG Test worker o.s.c.a.ConfigurationClassPostProcessor:396 - Replacing bean definition 'org.springframework.boot.autoconfigure.web.WebMvcAutoConfiguration$WebMvcAutoConfigurationAdapter' existing class 'org.springframework.boot.autoconfigure.web.WebMvcAutoConfiguration$WebMvcAutoConfigurationAdapter' with enhanced class 'org.springframework.boot.autoconfigure.web.WebMvcAutoConfiguration$WebMvcAutoConfigurationAdapter$$EnhancerBySpringCGLIB$$8f9b915'
18-febrero-20 16:47:24:514 DEBUG Test worker o.s.c.a.ConfigurationClassEnhancer:112 - Successfully enhanced org.springframework.boot.autoconfigure.web.WebMvcAutoConfiguration$WebMvcAutoConfigurationAdapter; enhanced class name is: org.springframework.boot.autoconfigure.web.WebMvcAutoConfiguration$WebMvcAutoConfigurationAdapter$$EnhancerBySpringCGLIB$$8f9b915
18-febrero-20 16:47:24:515 DEBUG Test worker o.s.c.a.ConfigurationClassPostProcessor:396 - Replacing bean definition 'requestContextFilter' existing class 'org.springframework.boot.autoconfigure.web.WebMvcAutoConfiguration$WebMvcAutoConfigurationAdapter' with enhanced class 'org.springframework.boot.autoconfigure.web.WebMvcAutoConfiguration$WebMvcAutoConfigurationAdapter$$EnhancerBySpringCGLIB$$8f9b915'
18-febrero-20 16:47:24:520 DEBUG Test worker o.s.c.a.ConfigurationClassEnhancer:112 - Successfully enhanced org.springframework.boot.autoconfigure.web.WebMvcAutoConfiguration; enhanced class name is: org.springframework.boot.autoconfigure.web.WebMvcAutoConfiguration$$EnhancerBySpringCGLIB$$8d334ad9
18-febrero-20 16:47:24:521 DEBUG Test worker o.s.c.a.ConfigurationClassPostProcessor:396 - Replacing bean definition 'org.springframework.boot.autoconfigure.web.WebMvcAutoConfiguration' existing class 'org.springframework.boot.autoconfigure.web.WebMvcAutoConfiguration' with enhanced class 'org.springframework.boot.autoconfigure.web.WebMvcAutoConfiguration$$EnhancerBySpringCGLIB$$8d334ad9'
18-febrero-20 16:47:24:534 DEBUG Test worker o.s.c.a.ConfigurationClassEnhancer:112 - Successfully enhanced org.springframework.boot.autoconfigure.aop.AopAutoConfiguration$JdkDynamicAutoProxyConfiguration; enhanced class name is: org.springframework.boot.autoconfigure.aop.AopAutoConfiguration$JdkDynamicAutoProxyConfiguration$$EnhancerBySpringCGLIB$$ad67a90a
18-febrero-20 16:47:24:536 DEBUG Test worker o.s.c.a.ConfigurationClassPostProcessor:396 - Replacing bean definition 'org.springframework.boot.autoconfigure.aop.AopAutoConfiguration$JdkDynamicAutoProxyConfiguration' existing class 'org.springframework.boot.autoconfigure.aop.AopAutoConfiguration$JdkDynamicAutoProxyConfiguration' with enhanced class 'org.springframework.boot.autoconfigure.aop.AopAutoConfiguration$JdkDynamicAutoProxyConfiguration$$EnhancerBySpringCGLIB$$ad67a90a'
18-febrero-20 16:47:24:549 DEBUG Test worker o.s.c.a.ConfigurationClassEnhancer:112 - Successfully enhanced org.springframework.boot.autoconfigure.aop.AopAutoConfiguration; enhanced class name is: org.springframework.boot.autoconfigure.aop.AopAutoConfiguration$$EnhancerBySpringCGLIB$$694ce05b
18-febrero-20 16:47:24:549 DEBUG Test worker o.s.c.a.ConfigurationClassPostProcessor:396 - Replacing bean definition 'org.springframework.boot.autoconfigure.aop.AopAutoConfiguration' existing class 'org.springframework.boot.autoconfigure.aop.AopAutoConfiguration' with enhanced class 'org.springframework.boot.autoconfigure.aop.AopAutoConfiguration$$EnhancerBySpringCGLIB$$694ce05b'
18-febrero-20 16:47:24:552 DEBUG Test worker o.s.c.a.ConfigurationClassEnhancer:112 - Successfully enhanced org.springframework.boot.autoconfigure.jdbc.DataSourceAutoConfiguration$PooledDataSourceConfiguration; enhanced class name is: org.springframework.boot.autoconfigure.jdbc.DataSourceAutoConfiguration$PooledDataSourceConfiguration$$EnhancerBySpringCGLIB$$9c9a528b
18-febrero-20 16:47:24:553 DEBUG Test worker o.s.c.a.ConfigurationClassPostProcessor:396 - Replacing bean definition 'org.springframework.boot.autoconfigure.jdbc.DataSourceAutoConfiguration$PooledDataSourceConfiguration' existing class 'org.springframework.boot.autoconfigure.jdbc.DataSourceAutoConfiguration$PooledDataSourceConfiguration' with enhanced class 'org.springframework.boot.autoconfigure.jdbc.DataSourceAutoConfiguration$PooledDataSourceConfiguration$$EnhancerBySpringCGLIB$$9c9a528b'
18-febrero-20 16:47:24:556 DEBUG Test worker o.s.c.a.ConfigurationClassEnhancer:112 - Successfully enhanced org.springframework.boot.autoconfigure.jdbc.metadata.DataSourcePoolMetadataProvidersConfiguration$TomcatDataSourcePoolMetadataProviderConfiguration; enhanced class name is: org.springframework.boot.autoconfigure.jdbc.metadata.DataSourcePoolMetadataProvidersConfiguration$TomcatDataSourcePoolMetadataProviderConfiguration$$EnhancerBySpringCGLIB$$7d5c4fc7
18-febrero-20 16:47:24:557 DEBUG Test worker o.s.c.a.ConfigurationClassPostProcessor:396 - Replacing bean definition 'org.springframework.boot.autoconfigure.jdbc.metadata.DataSourcePoolMetadataProvidersConfiguration$TomcatDataSourcePoolMetadataProviderConfiguration' existing class 'org.springframework.boot.autoconfigure.jdbc.metadata.DataSourcePoolMetadataProvidersConfiguration$TomcatDataSourcePoolMetadataProviderConfiguration' with enhanced class 'org.springframework.boot.autoconfigure.jdbc.metadata.DataSourcePoolMetadataProvidersConfiguration$TomcatDataSourcePoolMetadataProviderConfiguration$$EnhancerBySpringCGLIB$$7d5c4fc7'
18-febrero-20 16:47:24:560 DEBUG Test worker o.s.c.a.ConfigurationClassEnhancer:112 - Successfully enhanced org.springframework.boot.autoconfigure.jdbc.metadata.DataSourcePoolMetadataProvidersConfiguration; enhanced class name is: org.springframework.boot.autoconfigure.jdbc.metadata.DataSourcePoolMetadataProvidersConfiguration$$EnhancerBySpringCGLIB$$fae749da
18-febrero-20 16:47:24:561 DEBUG Test worker o.s.c.a.ConfigurationClassPostProcessor:396 - Replacing bean definition 'org.springframework.boot.autoconfigure.jdbc.metadata.DataSourcePoolMetadataProvidersConfiguration' existing class 'org.springframework.boot.autoconfigure.jdbc.metadata.DataSourcePoolMetadataProvidersConfiguration' with enhanced class 'org.springframework.boot.autoconfigure.jdbc.metadata.DataSourcePoolMetadataProvidersConfiguration$$EnhancerBySpringCGLIB$$fae749da'
18-febrero-20 16:47:24:563 DEBUG Test worker o.s.c.a.ConfigurationClassEnhancer:112 - Successfully enhanced org.springframework.boot.autoconfigure.jdbc.DataSourceAutoConfiguration; enhanced class name is: org.springframework.boot.autoconfigure.jdbc.DataSourceAutoConfiguration$$EnhancerBySpringCGLIB$$ffea04f9
18-febrero-20 16:47:24:564 DEBUG Test worker o.s.c.a.ConfigurationClassPostProcessor:396 - Replacing bean definition 'org.springframework.boot.autoconfigure.jdbc.DataSourceAutoConfiguration' existing class 'org.springframework.boot.autoconfigure.jdbc.DataSourceAutoConfiguration' with enhanced class 'org.springframework.boot.autoconfigure.jdbc.DataSourceAutoConfiguration$$EnhancerBySpringCGLIB$$ffea04f9'
18-febrero-20 16:47:24:566 DEBUG Test worker o.s.c.a.ConfigurationClassEnhancer:112 - Successfully enhanced org.springframework.boot.autoconfigure.orm.jpa.JpaBaseConfiguration$JpaWebConfiguration$JpaWebMvcConfiguration; enhanced class name is: org.springframework.boot.autoconfigure.orm.jpa.JpaBaseConfiguration$JpaWebConfiguration$JpaWebMvcConfiguration$$EnhancerBySpringCGLIB$$67316e91
18-febrero-20 16:47:24:568 DEBUG Test worker o.s.c.a.ConfigurationClassPostProcessor:396 - Replacing bean definition 'org.springframework.boot.autoconfigure.orm.jpa.JpaBaseConfiguration$JpaWebConfiguration$JpaWebMvcConfiguration' existing class 'org.springframework.boot.autoconfigure.orm.jpa.JpaBaseConfiguration$JpaWebConfiguration$JpaWebMvcConfiguration' with enhanced class 'org.springframework.boot.autoconfigure.orm.jpa.JpaBaseConfiguration$JpaWebConfiguration$JpaWebMvcConfiguration$$EnhancerBySpringCGLIB$$67316e91'
18-febrero-20 16:47:24:573 DEBUG Test worker o.s.c.a.ConfigurationClassEnhancer:112 - Successfully enhanced org.springframework.boot.autoconfigure.orm.jpa.JpaBaseConfiguration$JpaWebConfiguration; enhanced class name is: org.springframework.boot.autoconfigure.orm.jpa.JpaBaseConfiguration$JpaWebConfiguration$$EnhancerBySpringCGLIB$$8c12fee4
18-febrero-20 16:47:24:574 DEBUG Test worker o.s.c.a.ConfigurationClassPostProcessor:396 - Replacing bean definition 'org.springframework.boot.autoconfigure.orm.jpa.JpaBaseConfiguration$JpaWebConfiguration' existing class 'org.springframework.boot.autoconfigure.orm.jpa.JpaBaseConfiguration$JpaWebConfiguration' with enhanced class 'org.springframework.boot.autoconfigure.orm.jpa.JpaBaseConfiguration$JpaWebConfiguration$$EnhancerBySpringCGLIB$$8c12fee4'
18-febrero-20 16:47:24:579 DEBUG Test worker o.s.c.a.ConfigurationClassEnhancer:112 - Successfully enhanced org.springframework.boot.autoconfigure.orm.jpa.HibernateJpaAutoConfiguration; enhanced class name is: org.springframework.boot.autoconfigure.orm.jpa.HibernateJpaAutoConfiguration$$EnhancerBySpringCGLIB$$877cc5b9
18-febrero-20 16:47:24:580 DEBUG Test worker o.s.c.a.ConfigurationClassPostProcessor:396 - Replacing bean definition 'org.springframework.boot.autoconfigure.orm.jpa.HibernateJpaAutoConfiguration' existing class 'org.springframework.boot.autoconfigure.orm.jpa.HibernateJpaAutoConfiguration' with enhanced class 'org.springframework.boot.autoconfigure.orm.jpa.HibernateJpaAutoConfiguration$$EnhancerBySpringCGLIB$$877cc5b9'
18-febrero-20 16:47:24:582 DEBUG Test worker o.s.c.a.ConfigurationClassEnhancer:112 - Successfully enhanced org.springframework.boot.autoconfigure.context.ConfigurationPropertiesAutoConfiguration; enhanced class name is: org.springframework.boot.autoconfigure.context.ConfigurationPropertiesAutoConfiguration$$EnhancerBySpringCGLIB$$d7fece7
18-febrero-20 16:47:24:582 DEBUG Test worker o.s.c.a.ConfigurationClassPostProcessor:396 - Replacing bean definition 'org.springframework.boot.autoconfigure.context.ConfigurationPropertiesAutoConfiguration' existing class 'org.springframework.boot.autoconfigure.context.ConfigurationPropertiesAutoConfiguration' with enhanced class 'org.springframework.boot.autoconfigure.context.ConfigurationPropertiesAutoConfiguration$$EnhancerBySpringCGLIB$$d7fece7'
18-febrero-20 16:47:24:585 DEBUG Test worker o.s.c.a.ConfigurationClassEnhancer:112 - Successfully enhanced org.springframework.boot.autoconfigure.web.HttpMessageConvertersAutoConfiguration$StringHttpMessageConverterConfiguration; enhanced class name is: org.springframework.boot.autoconfigure.web.HttpMessageConvertersAutoConfiguration$StringHttpMessageConverterConfiguration$$EnhancerBySpringCGLIB$$6b248a99
18-febrero-20 16:47:24:585 DEBUG Test worker o.s.c.a.ConfigurationClassPostProcessor:396 - Replacing bean definition 'org.springframework.boot.autoconfigure.web.HttpMessageConvertersAutoConfiguration$StringHttpMessageConverterConfiguration' existing class 'org.springframework.boot.autoconfigure.web.HttpMessageConvertersAutoConfiguration$StringHttpMessageConverterConfiguration' with enhanced class 'org.springframework.boot.autoconfigure.web.HttpMessageConvertersAutoConfiguration$StringHttpMessageConverterConfiguration$$EnhancerBySpringCGLIB$$6b248a99'
18-febrero-20 16:47:24:588 DEBUG Test worker o.s.c.a.ConfigurationClassEnhancer:112 - Successfully enhanced org.springframework.boot.autoconfigure.web.JacksonHttpMessageConvertersConfiguration$MappingJackson2HttpMessageConverterConfiguration; enhanced class name is: org.springframework.boot.autoconfigure.web.JacksonHttpMessageConvertersConfiguration$MappingJackson2HttpMessageConverterConfiguration$$EnhancerBySpringCGLIB$$f932b499
18-febrero-20 16:47:24:588 DEBUG Test worker o.s.c.a.ConfigurationClassPostProcessor:396 - Replacing bean definition 'org.springframework.boot.autoconfigure.web.JacksonHttpMessageConvertersConfiguration$MappingJackson2HttpMessageConverterConfiguration' existing class 'org.springframework.boot.autoconfigure.web.JacksonHttpMessageConvertersConfiguration$MappingJackson2HttpMessageConverterConfiguration' with enhanced class 'org.springframework.boot.autoconfigure.web.JacksonHttpMessageConvertersConfiguration$MappingJackson2HttpMessageConverterConfiguration$$EnhancerBySpringCGLIB$$f932b499'
18-febrero-20 16:47:24:590 DEBUG Test worker o.s.c.a.ConfigurationClassEnhancer:112 - Successfully enhanced org.springframework.boot.autoconfigure.web.JacksonHttpMessageConvertersConfiguration; enhanced class name is: org.springframework.boot.autoconfigure.web.JacksonHttpMessageConvertersConfiguration$$EnhancerBySpringCGLIB$$8c204d0f
18-febrero-20 16:47:24:591 DEBUG Test worker o.s.c.a.ConfigurationClassPostProcessor:396 - Replacing bean definition 'org.springframework.boot.autoconfigure.web.JacksonHttpMessageConvertersConfiguration' existing class 'org.springframework.boot.autoconfigure.web.JacksonHttpMessageConvertersConfiguration' with enhanced class 'org.springframework.boot.autoconfigure.web.JacksonHttpMessageConvertersConfiguration$$EnhancerBySpringCGLIB$$8c204d0f'
18-febrero-20 16:47:24:593 DEBUG Test worker o.s.c.a.ConfigurationClassEnhancer:112 - Successfully enhanced org.springframework.boot.autoconfigure.web.HttpMessageConvertersAutoConfiguration; enhanced class name is: org.springframework.boot.autoconfigure.web.HttpMessageConvertersAutoConfiguration$$EnhancerBySpringCGLIB$$aeae7ff9
18-febrero-20 16:47:24:594 DEBUG Test worker o.s.c.a.ConfigurationClassPostProcessor:396 - Replacing bean definition 'org.springframework.boot.autoconfigure.web.HttpMessageConvertersAutoConfiguration' existing class 'org.springframework.boot.autoconfigure.web.HttpMessageConvertersAutoConfiguration' with enhanced class 'org.springframework.boot.autoconfigure.web.HttpMessageConvertersAutoConfiguration$$EnhancerBySpringCGLIB$$aeae7ff9'
18-febrero-20 16:47:24:596 DEBUG Test worker o.s.c.a.ConfigurationClassEnhancer:112 - Successfully enhanced org.springframework.hateoas.config.HateoasConfiguration; enhanced class name is: org.springframework.hateoas.config.HateoasConfiguration$$EnhancerBySpringCGLIB$$9d76aecb
18-febrero-20 16:47:24:596 DEBUG Test worker o.s.c.a.ConfigurationClassPostProcessor:396 - Replacing bean definition 'org.springframework.hateoas.config.HateoasConfiguration' existing class 'org.springframework.hateoas.config.HateoasConfiguration' with enhanced class 'org.springframework.hateoas.config.HateoasConfiguration$$EnhancerBySpringCGLIB$$9d76aecb'
18-febrero-20 16:47:24:598 DEBUG Test worker o.s.c.a.ConfigurationClassEnhancer:112 - Successfully enhanced org.springframework.data.web.config.SpringDataJacksonConfiguration; enhanced class name is: org.springframework.data.web.config.SpringDataJacksonConfiguration$$EnhancerBySpringCGLIB$$569cd56d
18-febrero-20 16:47:24:599 DEBUG Test worker o.s.c.a.ConfigurationClassPostProcessor:396 - Replacing bean definition 'org.springframework.data.web.config.SpringDataJacksonConfiguration' existing class 'org.springframework.data.web.config.SpringDataJacksonConfiguration' with enhanced class 'org.springframework.data.web.config.SpringDataJacksonConfiguration$$EnhancerBySpringCGLIB$$569cd56d'
18-febrero-20 16:47:24:621 DEBUG Test worker o.s.c.a.ConfigurationClassEnhancer:112 - Successfully enhanced org.springframework.data.rest.webmvc.config.RepositoryRestMvcConfiguration; enhanced class name is: org.springframework.data.rest.webmvc.config.RepositoryRestMvcConfiguration$$EnhancerBySpringCGLIB$$3ef98039
18-febrero-20 16:47:24:624 DEBUG Test worker o.s.c.a.ConfigurationClassPostProcessor:396 - Replacing bean definition 'org.springframework.data.rest.webmvc.config.RepositoryRestMvcConfiguration' existing class 'org.springframework.data.rest.webmvc.config.RepositoryRestMvcConfiguration' with enhanced class 'org.springframework.data.rest.webmvc.config.RepositoryRestMvcConfiguration$$EnhancerBySpringCGLIB$$3ef98039'
18-febrero-20 16:47:24:625 DEBUG Test worker o.s.c.a.ConfigurationClassEnhancer:112 - Successfully enhanced org.springframework.data.rest.webmvc.config.RepositoryRestMvcConfiguration; enhanced class name is: org.springframework.data.rest.webmvc.config.RepositoryRestMvcConfiguration$$EnhancerBySpringCGLIB$$3ef98039
18-febrero-20 16:47:24:626 DEBUG Test worker o.s.c.a.ConfigurationClassPostProcessor:396 - Replacing bean definition 'projectionDefinitionRegistrar' existing class 'org.springframework.data.rest.webmvc.config.RepositoryRestMvcConfiguration' with enhanced class 'org.springframework.data.rest.webmvc.config.RepositoryRestMvcConfiguration$$EnhancerBySpringCGLIB$$3ef98039'
18-febrero-20 16:47:24:626 DEBUG Test worker o.s.c.a.ConfigurationClassEnhancer:112 - Successfully enhanced org.springframework.data.rest.webmvc.config.RepositoryRestMvcConfiguration; enhanced class name is: org.springframework.data.rest.webmvc.config.RepositoryRestMvcConfiguration$$EnhancerBySpringCGLIB$$3ef98039
18-febrero-20 16:47:24:626 DEBUG Test worker o.s.c.a.ConfigurationClassPostProcessor:396 - Replacing bean definition 'annotatedEventHandlerInvoker' existing class 'org.springframework.data.rest.webmvc.config.RepositoryRestMvcConfiguration' with enhanced class 'org.springframework.data.rest.webmvc.config.RepositoryRestMvcConfiguration$$EnhancerBySpringCGLIB$$3ef98039'
18-febrero-20 16:47:24:629 DEBUG Test worker o.s.c.a.ConfigurationClassEnhancer:112 - Successfully enhanced org.springframework.boot.autoconfigure.data.rest.RepositoryRestMvcAutoConfiguration; enhanced class name is: org.springframework.boot.autoconfigure.data.rest.RepositoryRestMvcAutoConfiguration$$EnhancerBySpringCGLIB$$5c04b28b
18-febrero-20 16:47:24:629 DEBUG Test worker o.s.c.a.ConfigurationClassPostProcessor:396 - Replacing bean definition 'org.springframework.boot.autoconfigure.data.rest.RepositoryRestMvcAutoConfiguration' existing class 'org.springframework.boot.autoconfigure.data.rest.RepositoryRestMvcAutoConfiguration' with enhanced class 'org.springframework.boot.autoconfigure.data.rest.RepositoryRestMvcAutoConfiguration$$EnhancerBySpringCGLIB$$5c04b28b'
18-febrero-20 16:47:24:638 DEBUG Test worker o.s.c.a.ConfigurationClassEnhancer:112 - Successfully enhanced org.springframework.boot.autoconfigure.security.SpringBootWebSecurityConfiguration$ApplicationWebSecurityConfigurerAdapter; enhanced class name is: org.springframework.boot.autoconfigure.security.SpringBootWebSecurityConfiguration$ApplicationWebSecurityConfigurerAdapter$$EnhancerBySpringCGLIB$$2916275c
18-febrero-20 16:47:24:639 DEBUG Test worker o.s.c.a.ConfigurationClassPostProcessor:396 - Replacing bean definition 'org.springframework.boot.autoconfigure.security.SpringBootWebSecurityConfiguration$ApplicationWebSecurityConfigurerAdapter' existing class 'org.springframework.boot.autoconfigure.security.SpringBootWebSecurityConfiguration$ApplicationWebSecurityConfigurerAdapter' with enhanced class 'org.springframework.boot.autoconfigure.security.SpringBootWebSecurityConfiguration$ApplicationWebSecurityConfigurerAdapter$$EnhancerBySpringCGLIB$$2916275c'
18-febrero-20 16:47:24:642 DEBUG Test worker o.s.c.a.ConfigurationClassEnhancer:112 - Successfully enhanced org.springframework.security.config.annotation.authentication.configuration.AuthenticationConfiguration; enhanced class name is: org.springframework.security.config.annotation.authentication.configuration.AuthenticationConfiguration$$EnhancerBySpringCGLIB$$26d3448
18-febrero-20 16:47:24:642 DEBUG Test worker o.s.c.a.ConfigurationClassPostProcessor:396 - Replacing bean definition 'org.springframework.security.config.annotation.authentication.configuration.AuthenticationConfiguration' existing class 'org.springframework.security.config.annotation.authentication.configuration.AuthenticationConfiguration' with enhanced class 'org.springframework.security.config.annotation.authentication.configuration.AuthenticationConfiguration$$EnhancerBySpringCGLIB$$26d3448'
18-febrero-20 16:47:24:642 DEBUG Test worker o.s.c.a.ConfigurationClassEnhancer:112 - Successfully enhanced org.springframework.security.config.annotation.authentication.configuration.AuthenticationConfiguration; enhanced class name is: org.springframework.security.config.annotation.authentication.configuration.AuthenticationConfiguration$$EnhancerBySpringCGLIB$$26d3448
18-febrero-20 16:47:24:643 DEBUG Test worker o.s.c.a.ConfigurationClassPostProcessor:396 - Replacing bean definition 'enableGlobalAuthenticationAutowiredConfigurer' existing class 'org.springframework.security.config.annotation.authentication.configuration.AuthenticationConfiguration' with enhanced class 'org.springframework.security.config.annotation.authentication.configuration.AuthenticationConfiguration$$EnhancerBySpringCGLIB$$26d3448'
18-febrero-20 16:47:24:643 DEBUG Test worker o.s.c.a.ConfigurationClassEnhancer:112 - Successfully enhanced org.springframework.security.config.annotation.authentication.configuration.AuthenticationConfiguration; enhanced class name is: org.springframework.security.config.annotation.authentication.configuration.AuthenticationConfiguration$$EnhancerBySpringCGLIB$$26d3448
18-febrero-20 16:47:24:643 DEBUG Test worker o.s.c.a.ConfigurationClassPostProcessor:396 - Replacing bean definition 'initializeUserDetailsBeanManagerConfigurer' existing class 'org.springframework.security.config.annotation.authentication.configuration.AuthenticationConfiguration' with enhanced class 'org.springframework.security.config.annotation.authentication.configuration.AuthenticationConfiguration$$EnhancerBySpringCGLIB$$26d3448'
18-febrero-20 16:47:24:643 DEBUG Test worker o.s.c.a.ConfigurationClassEnhancer:112 - Successfully enhanced org.springframework.security.config.annotation.authentication.configuration.AuthenticationConfiguration; enhanced class name is: org.springframework.security.config.annotation.authentication.configuration.AuthenticationConfiguration$$EnhancerBySpringCGLIB$$26d3448
18-febrero-20 16:47:24:643 DEBUG Test worker o.s.c.a.ConfigurationClassPostProcessor:396 - Replacing bean definition 'initializeAuthenticationProviderBeanManagerConfigurer' existing class 'org.springframework.security.config.annotation.authentication.configuration.AuthenticationConfiguration' with enhanced class 'org.springframework.security.config.annotation.authentication.configuration.AuthenticationConfiguration$$EnhancerBySpringCGLIB$$26d3448'
18-febrero-20 16:47:24:649 DEBUG Test worker o.s.c.a.ConfigurationClassEnhancer:112 - Successfully enhanced org.springframework.security.config.annotation.web.configuration.WebSecurityConfiguration; enhanced class name is: org.springframework.security.config.annotation.web.configuration.WebSecurityConfiguration$$EnhancerBySpringCGLIB$$c5278e8c
18-febrero-20 16:47:24:650 DEBUG Test worker o.s.c.a.ConfigurationClassPostProcessor:396 - Replacing bean definition 'org.springframework.security.config.annotation.web.configuration.WebSecurityConfiguration' existing class 'org.springframework.security.config.annotation.web.configuration.WebSecurityConfiguration' with enhanced class 'org.springframework.security.config.annotation.web.configuration.WebSecurityConfiguration$$EnhancerBySpringCGLIB$$c5278e8c'
18-febrero-20 16:47:24:650 DEBUG Test worker o.s.c.a.ConfigurationClassEnhancer:112 - Successfully enhanced org.springframework.security.config.annotation.web.configuration.WebSecurityConfiguration; enhanced class name is: org.springframework.security.config.annotation.web.configuration.WebSecurityConfiguration$$EnhancerBySpringCGLIB$$c5278e8c
18-febrero-20 16:47:24:650 DEBUG Test worker o.s.c.a.ConfigurationClassPostProcessor:396 - Replacing bean definition 'delegatingApplicationListener' existing class 'org.springframework.security.config.annotation.web.configuration.WebSecurityConfiguration' with enhanced class 'org.springframework.security.config.annotation.web.configuration.WebSecurityConfiguration$$EnhancerBySpringCGLIB$$c5278e8c'
18-febrero-20 16:47:24:652 DEBUG Test worker o.s.c.a.ConfigurationClassEnhancer:112 - Successfully enhanced org.springframework.security.config.annotation.configuration.ObjectPostProcessorConfiguration; enhanced class name is: org.springframework.security.config.annotation.configuration.ObjectPostProcessorConfiguration$$EnhancerBySpringCGLIB$$b6a429d3
18-febrero-20 16:47:24:652 DEBUG Test worker o.s.c.a.ConfigurationClassPostProcessor:396 - Replacing bean definition 'org.springframework.security.config.annotation.configuration.ObjectPostProcessorConfiguration' existing class 'org.springframework.security.config.annotation.configuration.ObjectPostProcessorConfiguration' with enhanced class 'org.springframework.security.config.annotation.configuration.ObjectPostProcessorConfiguration$$EnhancerBySpringCGLIB$$b6a429d3'
18-febrero-20 16:47:24:654 DEBUG Test worker o.s.c.a.ConfigurationClassEnhancer:112 - Successfully enhanced org.springframework.boot.autoconfigure.security.SpringBootWebSecurityConfiguration; enhanced class name is: org.springframework.boot.autoconfigure.security.SpringBootWebSecurityConfiguration$$EnhancerBySpringCGLIB$$65eb2641
18-febrero-20 16:47:24:654 DEBUG Test worker o.s.c.a.ConfigurationClassPostProcessor:396 - Replacing bean definition 'org.springframework.boot.autoconfigure.security.SpringBootWebSecurityConfiguration' existing class 'org.springframework.boot.autoconfigure.security.SpringBootWebSecurityConfiguration' with enhanced class 'org.springframework.boot.autoconfigure.security.SpringBootWebSecurityConfiguration$$EnhancerBySpringCGLIB$$65eb2641'
18-febrero-20 16:47:24:656 DEBUG Test worker o.s.c.a.ConfigurationClassEnhancer:112 - Successfully enhanced org.springframework.boot.autoconfigure.security.AuthenticationManagerConfiguration; enhanced class name is: org.springframework.boot.autoconfigure.security.AuthenticationManagerConfiguration$$EnhancerBySpringCGLIB$$720ca6c1
18-febrero-20 16:47:24:657 DEBUG Test worker o.s.c.a.ConfigurationClassPostProcessor:396 - Replacing bean definition 'org.springframework.boot.autoconfigure.security.AuthenticationManagerConfiguration' existing class 'org.springframework.boot.autoconfigure.security.AuthenticationManagerConfiguration' with enhanced class 'org.springframework.boot.autoconfigure.security.AuthenticationManagerConfiguration$$EnhancerBySpringCGLIB$$720ca6c1'
18-febrero-20 16:47:24:657 DEBUG Test worker o.s.c.a.ConfigurationClassEnhancer:112 - Successfully enhanced org.springframework.boot.autoconfigure.security.AuthenticationManagerConfiguration; enhanced class name is: org.springframework.boot.autoconfigure.security.AuthenticationManagerConfiguration$$EnhancerBySpringCGLIB$$720ca6c1
18-febrero-20 16:47:24:658 DEBUG Test worker o.s.c.a.ConfigurationClassPostProcessor:396 - Replacing bean definition 'springBootAuthenticationConfigurerAdapter' existing class 'org.springframework.boot.autoconfigure.security.AuthenticationManagerConfiguration' with enhanced class 'org.springframework.boot.autoconfigure.security.AuthenticationManagerConfiguration$$EnhancerBySpringCGLIB$$720ca6c1'
18-febrero-20 16:47:24:659 DEBUG Test worker o.s.c.a.ConfigurationClassEnhancer:112 - Successfully enhanced org.springframework.boot.autoconfigure.security.BootGlobalAuthenticationConfiguration; enhanced class name is: org.springframework.boot.autoconfigure.security.BootGlobalAuthenticationConfiguration$$EnhancerBySpringCGLIB$$75d96b05
18-febrero-20 16:47:24:660 DEBUG Test worker o.s.c.a.ConfigurationClassPostProcessor:396 - Replacing bean definition 'org.springframework.boot.autoconfigure.security.BootGlobalAuthenticationConfiguration' existing class 'org.springframework.boot.autoconfigure.security.BootGlobalAuthenticationConfiguration' with enhanced class 'org.springframework.boot.autoconfigure.security.BootGlobalAuthenticationConfiguration$$EnhancerBySpringCGLIB$$75d96b05'
18-febrero-20 16:47:24:660 DEBUG Test worker o.s.c.a.ConfigurationClassEnhancer:112 - Successfully enhanced org.springframework.boot.autoconfigure.security.BootGlobalAuthenticationConfiguration; enhanced class name is: org.springframework.boot.autoconfigure.security.BootGlobalAuthenticationConfiguration$$EnhancerBySpringCGLIB$$75d96b05
18-febrero-20 16:47:24:661 DEBUG Test worker o.s.c.a.ConfigurationClassPostProcessor:396 - Replacing bean definition 'bootGlobalAuthenticationConfigurationAdapter' existing class 'org.springframework.boot.autoconfigure.security.BootGlobalAuthenticationConfiguration' with enhanced class 'org.springframework.boot.autoconfigure.security.BootGlobalAuthenticationConfiguration$$EnhancerBySpringCGLIB$$75d96b05'
18-febrero-20 16:47:24:666 DEBUG Test worker o.s.c.a.ConfigurationClassEnhancer:112 - Successfully enhanced org.springframework.boot.autoconfigure.security.SecurityAutoConfiguration; enhanced class name is: org.springframework.boot.autoconfigure.security.SecurityAutoConfiguration$$EnhancerBySpringCGLIB$$1d4a5f03
18-febrero-20 16:47:24:667 DEBUG Test worker o.s.c.a.ConfigurationClassPostProcessor:396 - Replacing bean definition 'org.springframework.boot.autoconfigure.security.SecurityAutoConfiguration' existing class 'org.springframework.boot.autoconfigure.security.SecurityAutoConfiguration' with enhanced class 'org.springframework.boot.autoconfigure.security.SecurityAutoConfiguration$$EnhancerBySpringCGLIB$$1d4a5f03'
18-febrero-20 16:47:24:669 DEBUG Test worker o.s.c.a.ConfigurationClassEnhancer:112 - Successfully enhanced org.springframework.boot.autoconfigure.hateoas.HypermediaAutoConfiguration; enhanced class name is: org.springframework.boot.autoconfigure.hateoas.HypermediaAutoConfiguration$$EnhancerBySpringCGLIB$$39fccbca
18-febrero-20 16:47:24:670 DEBUG Test worker o.s.c.a.ConfigurationClassPostProcessor:396 - Replacing bean definition 'org.springframework.boot.autoconfigure.hateoas.HypermediaAutoConfiguration' existing class 'org.springframework.boot.autoconfigure.hateoas.HypermediaAutoConfiguration' with enhanced class 'org.springframework.boot.autoconfigure.hateoas.HypermediaAutoConfiguration$$EnhancerBySpringCGLIB$$39fccbca'
18-febrero-20 16:47:24:677 DEBUG Test worker o.s.c.a.ConfigurationClassEnhancer:112 - Successfully enhanced org.springframework.boot.autoconfigure.info.ProjectInfoAutoConfiguration; enhanced class name is: org.springframework.boot.autoconfigure.info.ProjectInfoAutoConfiguration$$EnhancerBySpringCGLIB$$59f06eb2
18-febrero-20 16:47:24:678 DEBUG Test worker o.s.c.a.ConfigurationClassPostProcessor:396 - Replacing bean definition 'org.springframework.boot.autoconfigure.info.ProjectInfoAutoConfiguration' existing class 'org.springframework.boot.autoconfigure.info.ProjectInfoAutoConfiguration' with enhanced class 'org.springframework.boot.autoconfigure.info.ProjectInfoAutoConfiguration$$EnhancerBySpringCGLIB$$59f06eb2'
18-febrero-20 16:47:24:683 DEBUG Test worker o.s.c.a.ConfigurationClassEnhancer:112 - Successfully enhanced org.springframework.boot.autoconfigure.jdbc.DataSourceTransactionManagerAutoConfiguration$DataSourceTransactionManagerConfiguration; enhanced class name is: org.springframework.boot.autoconfigure.jdbc.DataSourceTransactionManagerAutoConfiguration$DataSourceTransactionManagerConfiguration$$EnhancerBySpringCGLIB$$caf6fa08
18-febrero-20 16:47:24:683 DEBUG Test worker o.s.c.a.ConfigurationClassPostProcessor:396 - Replacing bean definition 'org.springframework.boot.autoconfigure.jdbc.DataSourceTransactionManagerAutoConfiguration$DataSourceTransactionManagerConfiguration' existing class 'org.springframework.boot.autoconfigure.jdbc.DataSourceTransactionManagerAutoConfiguration$DataSourceTransactionManagerConfiguration' with enhanced class 'org.springframework.boot.autoconfigure.jdbc.DataSourceTransactionManagerAutoConfiguration$DataSourceTransactionManagerConfiguration$$EnhancerBySpringCGLIB$$caf6fa08'
18-febrero-20 16:47:24:685 DEBUG Test worker o.s.c.a.ConfigurationClassEnhancer:112 - Successfully enhanced org.springframework.boot.autoconfigure.jdbc.DataSourceTransactionManagerAutoConfiguration; enhanced class name is: org.springframework.boot.autoconfigure.jdbc.DataSourceTransactionManagerAutoConfiguration$$EnhancerBySpringCGLIB$$2ecd51ea
18-febrero-20 16:47:24:685 DEBUG Test worker o.s.c.a.ConfigurationClassPostProcessor:396 - Replacing bean definition 'org.springframework.boot.autoconfigure.jdbc.DataSourceTransactionManagerAutoConfiguration' existing class 'org.springframework.boot.autoconfigure.jdbc.DataSourceTransactionManagerAutoConfiguration' with enhanced class 'org.springframework.boot.autoconfigure.jdbc.DataSourceTransactionManagerAutoConfiguration$$EnhancerBySpringCGLIB$$2ecd51ea'
18-febrero-20 16:47:24:687 DEBUG Test worker o.s.c.a.ConfigurationClassEnhancer:112 - Successfully enhanced org.springframework.boot.autoconfigure.jdbc.JdbcTemplateAutoConfiguration; enhanced class name is: org.springframework.boot.autoconfigure.jdbc.JdbcTemplateAutoConfiguration$$EnhancerBySpringCGLIB$$3dda9689
18-febrero-20 16:47:24:688 DEBUG Test worker o.s.c.a.ConfigurationClassPostProcessor:396 - Replacing bean definition 'org.springframework.boot.autoconfigure.jdbc.JdbcTemplateAutoConfiguration' existing class 'org.springframework.boot.autoconfigure.jdbc.JdbcTemplateAutoConfiguration' with enhanced class 'org.springframework.boot.autoconfigure.jdbc.JdbcTemplateAutoConfiguration$$EnhancerBySpringCGLIB$$3dda9689'
18-febrero-20 16:47:24:690 DEBUG Test worker o.s.c.a.ConfigurationClassEnhancer:112 - Successfully enhanced org.springframework.boot.autoconfigure.security.SecurityFilterAutoConfiguration; enhanced class name is: org.springframework.boot.autoconfigure.security.SecurityFilterAutoConfiguration$$EnhancerBySpringCGLIB$$b70c68eb
18-febrero-20 16:47:24:690 DEBUG Test worker o.s.c.a.ConfigurationClassPostProcessor:396 - Replacing bean definition 'org.springframework.boot.autoconfigure.security.SecurityFilterAutoConfiguration' existing class 'org.springframework.boot.autoconfigure.security.SecurityFilterAutoConfiguration' with enhanced class 'org.springframework.boot.autoconfigure.security.SecurityFilterAutoConfiguration$$EnhancerBySpringCGLIB$$b70c68eb'
18-febrero-20 16:47:24:693 DEBUG Test worker o.s.c.a.ConfigurationClassEnhancer:112 - Successfully enhanced org.springframework.boot.autoconfigure.transaction.TransactionAutoConfiguration; enhanced class name is: org.springframework.boot.autoconfigure.transaction.TransactionAutoConfiguration$$EnhancerBySpringCGLIB$$b26a5ca3
18-febrero-20 16:47:24:693 DEBUG Test worker o.s.c.a.ConfigurationClassPostProcessor:396 - Replacing bean definition 'org.springframework.boot.autoconfigure.transaction.TransactionAutoConfiguration' existing class 'org.springframework.boot.autoconfigure.transaction.TransactionAutoConfiguration' with enhanced class 'org.springframework.boot.autoconfigure.transaction.TransactionAutoConfiguration$$EnhancerBySpringCGLIB$$b26a5ca3'
18-febrero-20 16:47:24:696 DEBUG Test worker o.s.c.a.ConfigurationClassEnhancer:112 - Successfully enhanced org.springframework.boot.autoconfigure.web.HttpEncodingAutoConfiguration; enhanced class name is: org.springframework.boot.autoconfigure.web.HttpEncodingAutoConfiguration$$EnhancerBySpringCGLIB$$f4e2c844
18-febrero-20 16:47:24:697 DEBUG Test worker o.s.c.a.ConfigurationClassPostProcessor:396 - Replacing bean definition 'org.springframework.boot.autoconfigure.web.HttpEncodingAutoConfiguration' existing class 'org.springframework.boot.autoconfigure.web.HttpEncodingAutoConfiguration' with enhanced class 'org.springframework.boot.autoconfigure.web.HttpEncodingAutoConfiguration$$EnhancerBySpringCGLIB$$f4e2c844'
18-febrero-20 16:47:24:699 DEBUG Test worker o.s.c.a.ConfigurationClassEnhancer:112 - Successfully enhanced org.springframework.boot.autoconfigure.web.MultipartAutoConfiguration; enhanced class name is: org.springframework.boot.autoconfigure.web.MultipartAutoConfiguration$$EnhancerBySpringCGLIB$$d8a414df
18-febrero-20 16:47:24:699 DEBUG Test worker o.s.c.a.ConfigurationClassPostProcessor:396 - Replacing bean definition 'org.springframework.boot.autoconfigure.web.MultipartAutoConfiguration' existing class 'org.springframework.boot.autoconfigure.web.MultipartAutoConfiguration' with enhanced class 'org.springframework.boot.autoconfigure.web.MultipartAutoConfiguration$$EnhancerBySpringCGLIB$$d8a414df'
18-febrero-20 16:47:24:701 DEBUG Test worker o.s.c.a.ConfigurationClassEnhancer:112 - Successfully enhanced org.springframework.boot.autoconfigure.web.ServerPropertiesAutoConfiguration; enhanced class name is: org.springframework.boot.autoconfigure.web.ServerPropertiesAutoConfiguration$$EnhancerBySpringCGLIB$$d44bdd69
18-febrero-20 16:47:24:702 DEBUG Test worker o.s.c.a.ConfigurationClassPostProcessor:396 - Replacing bean definition 'org.springframework.boot.autoconfigure.web.ServerPropertiesAutoConfiguration' existing class 'org.springframework.boot.autoconfigure.web.ServerPropertiesAutoConfiguration' with enhanced class 'org.springframework.boot.autoconfigure.web.ServerPropertiesAutoConfiguration$$EnhancerBySpringCGLIB$$d44bdd69'
18-febrero-20 16:47:24:704 DEBUG Test worker o.s.c.a.ConfigurationClassEnhancer:112 - Successfully enhanced org.springframework.boot.autoconfigure.web.WebClientAutoConfiguration$RestTemplateConfiguration; enhanced class name is: org.springframework.boot.autoconfigure.web.WebClientAutoConfiguration$RestTemplateConfiguration$$EnhancerBySpringCGLIB$$2525d8b0
18-febrero-20 16:47:24:704 DEBUG Test worker o.s.c.a.ConfigurationClassPostProcessor:396 - Replacing bean definition 'org.springframework.boot.autoconfigure.web.WebClientAutoConfiguration$RestTemplateConfiguration' existing class 'org.springframework.boot.autoconfigure.web.WebClientAutoConfiguration$RestTemplateConfiguration' with enhanced class 'org.springframework.boot.autoconfigure.web.WebClientAutoConfiguration$RestTemplateConfiguration$$EnhancerBySpringCGLIB$$2525d8b0'
18-febrero-20 16:47:24:706 DEBUG Test worker o.s.c.a.ConfigurationClassEnhancer:112 - Successfully enhanced org.springframework.boot.autoconfigure.web.WebClientAutoConfiguration; enhanced class name is: org.springframework.boot.autoconfigure.web.WebClientAutoConfiguration$$EnhancerBySpringCGLIB$$2e95864c
18-febrero-20 16:47:24:707 DEBUG Test worker o.s.c.a.ConfigurationClassPostProcessor:396 - Replacing bean definition 'org.springframework.boot.autoconfigure.web.WebClientAutoConfiguration' existing class 'org.springframework.boot.autoconfigure.web.WebClientAutoConfiguration' with enhanced class 'org.springframework.boot.autoconfigure.web.WebClientAutoConfiguration$$EnhancerBySpringCGLIB$$2e95864c'
18-febrero-20 16:47:24:710 DEBUG Test worker o.s.c.a.ConfigurationClassEnhancer:112 - Successfully enhanced org.springframework.boot.devtools.autoconfigure.DevToolsDataSourceAutoConfiguration$DatabaseShutdownExecutorJpaDependencyConfiguration; enhanced class name is: org.springframework.boot.devtools.autoconfigure.DevToolsDataSourceAutoConfiguration$DatabaseShutdownExecutorJpaDependencyConfiguration$$EnhancerBySpringCGLIB$$bdce3f44
18-febrero-20 16:47:24:710 DEBUG Test worker o.s.c.a.ConfigurationClassPostProcessor:396 - Replacing bean definition 'org.springframework.boot.devtools.autoconfigure.DevToolsDataSourceAutoConfiguration$DatabaseShutdownExecutorJpaDependencyConfiguration' existing class 'org.springframework.boot.devtools.autoconfigure.DevToolsDataSourceAutoConfiguration$DatabaseShutdownExecutorJpaDependencyConfiguration' with enhanced class 'org.springframework.boot.devtools.autoconfigure.DevToolsDataSourceAutoConfiguration$DatabaseShutdownExecutorJpaDependencyConfiguration$$EnhancerBySpringCGLIB$$bdce3f44'
18-febrero-20 16:47:24:740 DEBUG Test worker o.s.c.a.ConfigurationClassEnhancer:112 - Successfully enhanced org.springframework.boot.devtools.autoconfigure.DevToolsDataSourceAutoConfiguration; enhanced class name is: org.springframework.boot.devtools.autoconfigure.DevToolsDataSourceAutoConfiguration$$EnhancerBySpringCGLIB$$f8ba70d0
18-febrero-20 16:47:24:741 DEBUG Test worker o.s.c.a.ConfigurationClassPostProcessor:396 - Replacing bean definition 'org.springframework.boot.devtools.autoconfigure.DevToolsDataSourceAutoConfiguration' existing class 'org.springframework.boot.devtools.autoconfigure.DevToolsDataSourceAutoConfiguration' with enhanced class 'org.springframework.boot.devtools.autoconfigure.DevToolsDataSourceAutoConfiguration$$EnhancerBySpringCGLIB$$f8ba70d0'
18-febrero-20 16:47:24:743 DEBUG Test worker o.s.c.e.StandardEnvironment:137 - Adding [applicationConfig: [classpath:/application.properties]] PropertySource with search precedence immediately lower than [applicationConfigurationProperties]
18-febrero-20 16:47:24:745 DEBUG Test worker o.s.c.e.StandardEnvironment:159 - Removing [applicationConfigurationProperties] PropertySource
18-febrero-20 16:47:24:746 DEBUG Test worker o.s.c.e.StandardEnvironment:159 - Removing [defaultProperties] PropertySource
18-febrero-20 16:47:24:750 DEBUG Test worker o.s.b.f.s.DefaultListableBeanFactory:221 - Creating shared instance of singleton bean 'propertySourcesPlaceholderConfigurer'
18-febrero-20 16:47:24:753 DEBUG Test worker o.s.b.f.s.DefaultListableBeanFactory:449 - Creating instance of bean 'propertySourcesPlaceholderConfigurer'
18-febrero-20 16:47:24:757 DEBUG Test worker o.s.b.f.s.DefaultListableBeanFactory:539 - Eagerly caching bean 'propertySourcesPlaceholderConfigurer' to allow for resolving potential circular references
18-febrero-20 16:47:24:807 DEBUG Test worker o.s.b.f.s.DefaultListableBeanFactory:485 - Finished creating instance of bean 'propertySourcesPlaceholderConfigurer'
18-febrero-20 16:47:24:808 DEBUG Test worker o.s.c.e.MutablePropertySources:109 - Adding [environmentProperties] PropertySource with lowest search precedence
18-febrero-20 16:47:24:809 DEBUG Test worker o.s.c.e.MutablePropertySources:109 - Adding [localProperties] PropertySource with lowest search precedence
18-febrero-20 16:47:24:823 DEBUG Test worker o.s.b.f.s.DefaultListableBeanFactory:221 - Creating shared instance of singleton bean 'org.springframework.boot.test.mock.mockito.MockitoPostProcessor'
18-febrero-20 16:47:24:825 DEBUG Test worker o.s.b.f.s.DefaultListableBeanFactory:449 - Creating instance of bean 'org.springframework.boot.test.mock.mockito.MockitoPostProcessor'
18-febrero-20 16:47:24:835 DEBUG Test worker o.s.b.f.s.DefaultListableBeanFactory:539 - Eagerly caching bean 'org.springframework.boot.test.mock.mockito.MockitoPostProcessor' to allow for resolving potential circular references
18-febrero-20 16:47:24:848 DEBUG Test worker o.s.b.f.s.DefaultListableBeanFactory:485 - Finished creating instance of bean 'org.springframework.boot.test.mock.mockito.MockitoPostProcessor'
18-febrero-20 16:47:24:899 DEBUG Test worker o.s.b.f.s.DefaultListableBeanFactory:221 - Creating shared instance of singleton bean 'emBeanDefinitionRegistrarPostProcessor'
18-febrero-20 16:47:24:899 DEBUG Test worker o.s.b.f.s.DefaultListableBeanFactory:449 - Creating instance of bean 'emBeanDefinitionRegistrarPostProcessor'
18-febrero-20 16:47:24:900 DEBUG Test worker o.s.b.f.s.DefaultListableBeanFactory:539 - Eagerly caching bean 'emBeanDefinitionRegistrarPostProcessor' to allow for resolving potential circular references
18-febrero-20 16:47:24:904 DEBUG Test worker o.s.b.f.s.DefaultListableBeanFactory:485 - Finished creating instance of bean 'emBeanDefinitionRegistrarPostProcessor'
18-febrero-20 16:47:24:907 DEBUG Test worker o.s.b.f.s.DefaultListableBeanFactory:221 - Creating shared instance of singleton bean 'org.springframework.boot.context.properties.ConfigurationPropertiesBindingPostProcessor.store'
18-febrero-20 16:47:24:907 DEBUG Test worker o.s.b.f.s.DefaultListableBeanFactory:449 - Creating instance of bean 'org.springframework.boot.context.properties.ConfigurationPropertiesBindingPostProcessor.store'
18-febrero-20 16:47:24:908 DEBUG Test worker o.s.b.f.s.DefaultListableBeanFactory:539 - Eagerly caching bean 'org.springframework.boot.context.properties.ConfigurationPropertiesBindingPostProcessor.store' to allow for resolving potential circular references
18-febrero-20 16:47:24:910 DEBUG Test worker o.s.b.f.s.DefaultListableBeanFactory:485 - Finished creating instance of bean 'org.springframework.boot.context.properties.ConfigurationPropertiesBindingPostProcessor.store'
18-febrero-20 16:47:24:911 DEBUG Test worker o.s.b.f.s.DefaultListableBeanFactory:221 - Creating shared instance of singleton bean 'preserveErrorControllerTargetClassPostProcessor'
18-febrero-20 16:47:24:911 DEBUG Test worker o.s.b.f.s.DefaultListableBeanFactory:449 - Creating instance of bean 'preserveErrorControllerTargetClassPostProcessor'
18-febrero-20 16:47:24:912 DEBUG Test worker o.s.b.f.s.DefaultListableBeanFactory:539 - Eagerly caching bean 'preserveErrorControllerTargetClassPostProcessor' to allow for resolving potential circular references
18-febrero-20 16:47:24:920 DEBUG Test worker o.s.b.f.s.DefaultListableBeanFactory:485 - Finished creating instance of bean 'preserveErrorControllerTargetClassPostProcessor'
18-febrero-20 16:47:24:920 DEBUG Test worker o.s.b.f.s.DefaultListableBeanFactory:221 - Creating shared instance of singleton bean 'org.springframework.boot.devtools.autoconfigure.DevToolsDataSourceAutoConfiguration$DatabaseShutdownExecutorJpaDependencyConfiguration'
18-febrero-20 16:47:24:921 DEBUG Test worker o.s.b.f.s.DefaultListableBeanFactory:449 - Creating instance of bean 'org.springframework.boot.devtools.autoconfigure.DevToolsDataSourceAutoConfiguration$DatabaseShutdownExecutorJpaDependencyConfiguration'
18-febrero-20 16:47:24:922 DEBUG Test worker o.s.b.f.s.DefaultListableBeanFactory:539 - Eagerly caching bean 'org.springframework.boot.devtools.autoconfigure.DevToolsDataSourceAutoConfiguration$DatabaseShutdownExecutorJpaDependencyConfiguration' to allow for resolving potential circular references
18-febrero-20 16:47:24:928 DEBUG Test worker o.s.b.f.s.DefaultListableBeanFactory:485 - Finished creating instance of bean 'org.springframework.boot.devtools.autoconfigure.DevToolsDataSourceAutoConfiguration$DatabaseShutdownExecutorJpaDependencyConfiguration'
18-febrero-20 16:47:24:953 DEBUG Test worker o.s.b.f.s.DefaultListableBeanFactory:221 - Creating shared instance of singleton bean 'org.springframework.boot.test.mock.mockito.MockitoPostProcessor$SpyPostProcessor'
18-febrero-20 16:47:24:953 DEBUG Test worker o.s.b.f.s.DefaultListableBeanFactory:449 - Creating instance of bean 'org.springframework.boot.test.mock.mockito.MockitoPostProcessor$SpyPostProcessor'
18-febrero-20 16:47:24:954 DEBUG Test worker o.s.b.f.s.DefaultListableBeanFactory:251 - Returning cached instance of singleton bean 'org.springframework.boot.test.mock.mockito.MockitoPostProcessor'
18-febrero-20 16:47:24:955 DEBUG Test worker o.s.b.f.s.DefaultListableBeanFactory:539 - Eagerly caching bean 'org.springframework.boot.test.mock.mockito.MockitoPostProcessor$SpyPostProcessor' to allow for resolving potential circular references
18-febrero-20 16:47:24:984 DEBUG Test worker o.s.b.f.s.DefaultListableBeanFactory:485 - Finished creating instance of bean 'org.springframework.boot.test.mock.mockito.MockitoPostProcessor$SpyPostProcessor'
18-febrero-20 16:47:24:984 DEBUG Test worker o.s.b.f.s.DefaultListableBeanFactory:221 - Creating shared instance of singleton bean 'org.springframework.context.annotation.internalAutowiredAnnotationProcessor'
18-febrero-20 16:47:24:985 DEBUG Test worker o.s.b.f.s.DefaultListableBeanFactory:449 - Creating instance of bean 'org.springframework.context.annotation.internalAutowiredAnnotationProcessor'
18-febrero-20 16:47:24:987 DEBUG Test worker o.s.b.f.s.DefaultListableBeanFactory:539 - Eagerly caching bean 'org.springframework.context.annotation.internalAutowiredAnnotationProcessor' to allow for resolving potential circular references
18-febrero-20 16:47:24:992 DEBUG Test worker o.s.b.f.s.DefaultListableBeanFactory:485 - Finished creating instance of bean 'org.springframework.context.annotation.internalAutowiredAnnotationProcessor'
18-febrero-20 16:47:24:993 DEBUG Test worker o.s.b.f.s.DefaultListableBeanFactory:221 - Creating shared instance of singleton bean 'org.springframework.context.annotation.internalRequiredAnnotationProcessor'
18-febrero-20 16:47:24:993 DEBUG Test worker o.s.b.f.s.DefaultListableBeanFactory:449 - Creating instance of bean 'org.springframework.context.annotation.internalRequiredAnnotationProcessor'
18-febrero-20 16:47:24:993 DEBUG Test worker o.s.b.f.s.DefaultListableBeanFactory:539 - Eagerly caching bean 'org.springframework.context.annotation.internalRequiredAnnotationProcessor' to allow for resolving potential circular references
18-febrero-20 16:47:24:998 DEBUG Test worker o.s.b.f.s.DefaultListableBeanFactory:485 - Finished creating instance of bean 'org.springframework.context.annotation.internalRequiredAnnotationProcessor'
18-febrero-20 16:47:24:998 DEBUG Test worker o.s.b.f.s.DefaultListableBeanFactory:221 - Creating shared instance of singleton bean 'org.springframework.context.annotation.internalCommonAnnotationProcessor'
18-febrero-20 16:47:24:998 DEBUG Test worker o.s.b.f.s.DefaultListableBeanFactory:449 - Creating instance of bean 'org.springframework.context.annotation.internalCommonAnnotationProcessor'
18-febrero-20 16:47:25:001 DEBUG Test worker o.s.b.f.s.DefaultListableBeanFactory:539 - Eagerly caching bean 'org.springframework.context.annotation.internalCommonAnnotationProcessor' to allow for resolving potential circular references
18-febrero-20 16:47:25:008 DEBUG Test worker o.s.b.f.s.DefaultListableBeanFactory:485 - Finished creating instance of bean 'org.springframework.context.annotation.internalCommonAnnotationProcessor'
18-febrero-20 16:47:25:008 DEBUG Test worker o.s.b.f.s.DefaultListableBeanFactory:221 - Creating shared instance of singleton bean 'org.springframework.context.annotation.internalPersistenceAnnotationProcessor'
18-febrero-20 16:47:25:009 DEBUG Test worker o.s.b.f.s.DefaultListableBeanFactory:449 - Creating instance of bean 'org.springframework.context.annotation.internalPersistenceAnnotationProcessor'
18-febrero-20 16:47:25:009 DEBUG Test worker o.s.b.f.s.DefaultListableBeanFactory:539 - Eagerly caching bean 'org.springframework.context.annotation.internalPersistenceAnnotationProcessor' to allow for resolving potential circular references
18-febrero-20 16:47:25:014 DEBUG Test worker o.s.b.f.s.DefaultListableBeanFactory:485 - Finished creating instance of bean 'org.springframework.context.annotation.internalPersistenceAnnotationProcessor'
18-febrero-20 16:47:25:014 DEBUG Test worker o.s.b.f.s.DefaultListableBeanFactory:221 - Creating shared instance of singleton bean 'org.springframework.data.repository.core.support.RepositoryFactoryBeanSupport_Predictor'
18-febrero-20 16:47:25:019 DEBUG Test worker o.s.b.f.s.DefaultListableBeanFactory:449 - Creating instance of bean 'org.springframework.data.repository.core.support.RepositoryFactoryBeanSupport_Predictor'
18-febrero-20 16:47:25:029 DEBUG Test worker o.s.b.f.s.DefaultListableBeanFactory:539 - Eagerly caching bean 'org.springframework.data.repository.core.support.RepositoryFactoryBeanSupport_Predictor' to allow for resolving potential circular references
18-febrero-20 16:47:25:036 DEBUG Test worker o.s.b.f.s.DefaultListableBeanFactory:485 - Finished creating instance of bean 'org.springframework.data.repository.core.support.RepositoryFactoryBeanSupport_Predictor'
18-febrero-20 16:47:25:036 DEBUG Test worker o.s.b.f.s.DefaultListableBeanFactory:221 - Creating shared instance of singleton bean 'org.springframework.boot.context.properties.ConfigurationPropertiesBindingPostProcessor'
18-febrero-20 16:47:25:037 DEBUG Test worker o.s.b.f.s.DefaultListableBeanFactory:449 - Creating instance of bean 'org.springframework.boot.context.properties.ConfigurationPropertiesBindingPostProcessor'
18-febrero-20 16:47:25:037 DEBUG Test worker o.s.c.e.StandardEnvironment:109 - Adding [systemProperties] PropertySource with lowest search precedence
18-febrero-20 16:47:25:037 DEBUG Test worker o.s.c.e.StandardEnvironment:109 - Adding [systemEnvironment] PropertySource with lowest search precedence
18-febrero-20 16:47:25:038 DEBUG Test worker o.s.c.e.StandardEnvironment:124 - Initialized StandardEnvironment with PropertySources [systemProperties,systemEnvironment]
18-febrero-20 16:47:25:038 DEBUG Test worker o.s.b.f.s.DefaultListableBeanFactory:539 - Eagerly caching bean 'org.springframework.boot.context.properties.ConfigurationPropertiesBindingPostProcessor' to allow for resolving potential circular references
18-febrero-20 16:47:25:049 DEBUG Test worker o.s.b.f.s.DefaultListableBeanFactory:251 - Returning cached instance of singleton bean 'org.springframework.boot.context.properties.ConfigurationPropertiesBindingPostProcessor.store'
18-febrero-20 16:47:25:050 DEBUG Test worker o.s.b.f.s.DefaultListableBeanFactory:1670 - Invoking afterPropertiesSet() on bean with name 'org.springframework.boot.context.properties.ConfigurationPropertiesBindingPostProcessor'
18-febrero-20 16:47:25:053 DEBUG Test worker o.s.b.f.s.DefaultListableBeanFactory:251 - Returning cached instance of singleton bean 'propertySourcesPlaceholderConfigurer'
18-febrero-20 16:47:25:054 DEBUG Test worker o.s.b.f.s.DefaultListableBeanFactory:485 - Finished creating instance of bean 'org.springframework.boot.context.properties.ConfigurationPropertiesBindingPostProcessor'
18-febrero-20 16:47:25:055 DEBUG Test worker o.s.b.f.s.DefaultListableBeanFactory:251 - Returning cached instance of singleton bean 'org.springframework.boot.test.mock.mockito.MockitoPostProcessor'
18-febrero-20 16:47:25:055 DEBUG Test worker o.s.b.f.s.DefaultListableBeanFactory:221 - Creating shared instance of singleton bean 'org.springframework.aop.config.internalAutoProxyCreator'
18-febrero-20 16:47:25:055 DEBUG Test worker o.s.b.f.s.DefaultListableBeanFactory:449 - Creating instance of bean 'org.springframework.aop.config.internalAutoProxyCreator'
18-febrero-20 16:47:25:071 DEBUG Test worker o.s.b.f.s.DefaultListableBeanFactory:539 - Eagerly caching bean 'org.springframework.aop.config.internalAutoProxyCreator' to allow for resolving potential circular references
18-febrero-20 16:47:25:092 DEBUG Test worker o.s.b.f.s.DefaultListableBeanFactory:485 - Finished creating instance of bean 'org.springframework.aop.config.internalAutoProxyCreator'
18-febrero-20 16:47:25:093 DEBUG Test worker o.s.b.f.s.DefaultListableBeanFactory:221 - Creating shared instance of singleton bean 'dataSourceInitializerPostProcessor'
18-febrero-20 16:47:25:093 DEBUG Test worker o.s.b.f.s.DefaultListableBeanFactory:449 - Creating instance of bean 'dataSourceInitializerPostProcessor'
18-febrero-20 16:47:25:096 DEBUG Test worker o.s.b.f.a.InjectionMetadata:72 - Registered injected element on class [org.springframework.boot.autoconfigure.jdbc.DataSourceInitializerPostProcessor]: AutowiredFieldElement for private org.springframework.beans.factory.BeanFactory org.springframework.boot.autoconfigure.jdbc.DataSourceInitializerPostProcessor.beanFactory
18-febrero-20 16:47:25:096 DEBUG Test worker o.s.b.f.s.DefaultListableBeanFactory:539 - Eagerly caching bean 'dataSourceInitializerPostProcessor' to allow for resolving potential circular references
18-febrero-20 16:47:25:099 DEBUG Test worker o.s.b.f.a.InjectionMetadata:86 - Processing injected element of bean 'dataSourceInitializerPostProcessor': AutowiredFieldElement for private org.springframework.beans.factory.BeanFactory org.springframework.boot.autoconfigure.jdbc.DataSourceInitializerPostProcessor.beanFactory
18-febrero-20 16:47:25:103 DEBUG Test worker o.s.b.f.a.AutowiredAnnotationBeanPostProcessor:535 - Autowiring by type from bean name 'dataSourceInitializerPostProcessor' to bean named 'org.springframework.beans.factory.support.DefaultListableBeanFactory@6e2e64b7'
18-febrero-20 16:47:25:104 DEBUG Test worker o.s.b.f.s.DefaultListableBeanFactory:485 - Finished creating instance of bean 'dataSourceInitializerPostProcessor'
18-febrero-20 16:47:25:104 DEBUG Test worker o.s.b.f.s.DefaultListableBeanFactory:221 - Creating shared instance of singleton bean 'persistenceExceptionTranslationPostProcessor'
18-febrero-20 16:47:25:105 DEBUG Test worker o.s.b.f.s.DefaultListableBeanFactory:449 - Creating instance of bean 'persistenceExceptionTranslationPostProcessor'
18-febrero-20 16:47:25:108 DEBUG Test worker o.s.b.f.s.DefaultListableBeanFactory:539 - Eagerly caching bean 'persistenceExceptionTranslationPostProcessor' to allow for resolving potential circular references
18-febrero-20 16:47:25:130 DEBUG Test worker o.s.b.f.s.DefaultListableBeanFactory:485 - Finished creating instance of bean 'persistenceExceptionTranslationPostProcessor'
18-febrero-20 16:47:25:130 DEBUG Test worker o.s.b.f.s.DefaultListableBeanFactory:221 - Creating shared instance of singleton bean 'embeddedServletContainerCustomizerBeanPostProcessor'
18-febrero-20 16:47:25:131 DEBUG Test worker o.s.b.f.s.DefaultListableBeanFactory:449 - Creating instance of bean 'embeddedServletContainerCustomizerBeanPostProcessor'
18-febrero-20 16:47:25:132 DEBUG Test worker o.s.b.f.s.DefaultListableBeanFactory:539 - Eagerly caching bean 'embeddedServletContainerCustomizerBeanPostProcessor' to allow for resolving potential circular references
18-febrero-20 16:47:25:134 DEBUG Test worker o.s.b.f.s.DefaultListableBeanFactory:485 - Finished creating instance of bean 'embeddedServletContainerCustomizerBeanPostProcessor'
18-febrero-20 16:47:25:134 DEBUG Test worker o.s.b.f.s.DefaultListableBeanFactory:221 - Creating shared instance of singleton bean 'errorPageRegistrarBeanPostProcessor'
18-febrero-20 16:47:25:135 DEBUG Test worker o.s.b.f.s.DefaultListableBeanFactory:449 - Creating instance of bean 'errorPageRegistrarBeanPostProcessor'
18-febrero-20 16:47:25:135 DEBUG Test worker o.s.b.f.s.DefaultListableBeanFactory:539 - Eagerly caching bean 'errorPageRegistrarBeanPostProcessor' to allow for resolving potential circular references
18-febrero-20 16:47:25:139 DEBUG Test worker o.s.b.f.s.DefaultListableBeanFactory:485 - Finished creating instance of bean 'errorPageRegistrarBeanPostProcessor'
18-febrero-20 16:47:25:139 DEBUG Test worker o.s.b.f.s.DefaultListableBeanFactory:221 - Creating shared instance of singleton bean 'dataSourceInitializedPublisher'
18-febrero-20 16:47:25:140 DEBUG Test worker o.s.b.f.s.DefaultListableBeanFactory:449 - Creating instance of bean 'dataSourceInitializedPublisher'
18-febrero-20 16:47:25:140 DEBUG Test worker o.s.b.f.a.InjectionMetadata:72 - Registered injected element on class [org.springframework.boot.autoconfigure.orm.jpa.DataSourceInitializedPublisher]: AutowiredFieldElement for private org.springframework.context.ApplicationContext org.springframework.boot.autoconfigure.orm.jpa.DataSourceInitializedPublisher.applicationContext
18-febrero-20 16:47:25:140 DEBUG Test worker o.s.b.f.s.DefaultListableBeanFactory:539 - Eagerly caching bean 'dataSourceInitializedPublisher' to allow for resolving potential circular references
18-febrero-20 16:47:25:143 DEBUG Test worker o.s.b.f.a.InjectionMetadata:86 - Processing injected element of bean 'dataSourceInitializedPublisher': AutowiredFieldElement for private org.springframework.context.ApplicationContext org.springframework.boot.autoconfigure.orm.jpa.DataSourceInitializedPublisher.applicationContext
18-febrero-20 16:47:25:147 DEBUG Test worker o.s.b.f.a.AutowiredAnnotationBeanPostProcessor:535 - Autowiring by type from bean name 'dataSourceInitializedPublisher' to bean named 'org.springframework.web.context.support.GenericWebApplicationContext@305e722c'
18-febrero-20 16:47:25:147 DEBUG Test worker o.s.b.f.s.DefaultListableBeanFactory:485 - Finished creating instance of bean 'dataSourceInitializedPublisher'
18-febrero-20 16:47:25:148 DEBUG Test worker o.s.b.f.s.DefaultListableBeanFactory:221 - Creating shared instance of singleton bean 'projectionDefinitionRegistrar'
18-febrero-20 16:47:25:148 DEBUG Test worker o.s.b.f.s.DefaultListableBeanFactory:449 - Creating instance of bean 'projectionDefinitionRegistrar'
18-febrero-20 16:47:25:150 DEBUG Test worker o.s.b.f.s.DefaultListableBeanFactory:221 - Creating shared instance of singleton bean 'org.springframework.transaction.config.internalTransactionAdvisor'
18-febrero-20 16:47:25:151 DEBUG Test worker o.s.b.f.s.DefaultListableBeanFactory:449 - Creating instance of bean 'org.springframework.transaction.config.internalTransactionAdvisor'
18-febrero-20 16:47:25:151 DEBUG Test worker o.s.b.f.s.DefaultListableBeanFactory:221 - Creating shared instance of singleton bean 'org.springframework.transaction.annotation.ProxyTransactionManagementConfiguration'
18-febrero-20 16:47:25:151 DEBUG Test worker o.s.b.f.s.DefaultListableBeanFactory:449 - Creating instance of bean 'org.springframework.transaction.annotation.ProxyTransactionManagementConfiguration'
18-febrero-20 16:47:25:152 DEBUG Test worker o.s.a.f.a.BeanFactoryAdvisorRetrievalHelper:87 - Skipping currently created advisor 'org.springframework.transaction.config.internalTransactionAdvisor'
18-febrero-20 16:47:25:172 DEBUG Test worker o.s.b.f.a.InjectionMetadata:72 - Registered injected element on class [org.springframework.transaction.annotation.ProxyTransactionManagementConfiguration$$EnhancerBySpringCGLIB$$1df66199]: AutowiredMethodElement for void org.springframework.transaction.annotation.AbstractTransactionManagementConfiguration.setConfigurers(java.util.Collection)
18-febrero-20 16:47:25:173 DEBUG Test worker o.s.b.f.s.DefaultListableBeanFactory:539 - Eagerly caching bean 'org.springframework.transaction.annotation.ProxyTransactionManagementConfiguration' to allow for resolving potential circular references
18-febrero-20 16:47:25:173 DEBUG Test worker o.s.b.f.a.InjectionMetadata:86 - Processing injected element of bean 'org.springframework.transaction.annotation.ProxyTransactionManagementConfiguration': AutowiredMethodElement for void org.springframework.transaction.annotation.AbstractTransactionManagementConfiguration.setConfigurers(java.util.Collection)
18-febrero-20 16:47:25:180 DEBUG Test worker o.s.b.f.s.DefaultListableBeanFactory:251 - Returning cached instance of singleton bean 'org.springframework.context.annotation.ConfigurationClassPostProcessor.importRegistry'
18-febrero-20 16:47:25:182  INFO Test worker o.s.c.s.PostProcessorRegistrationDelegate$BeanPostProcessorChecker:325 - Bean 'org.springframework.transaction.annotation.ProxyTransactionManagementConfiguration' of type [org.springframework.transaction.annotation.ProxyTransactionManagementConfiguration$$EnhancerBySpringCGLIB$$1df66199] is not eligible for getting processed by all BeanPostProcessors (for example: not eligible for auto-proxying)
18-febrero-20 16:47:25:182 DEBUG Test worker o.s.a.f.a.BeanFactoryAdvisorRetrievalHelper:87 - Skipping currently created advisor 'org.springframework.transaction.config.internalTransactionAdvisor'
18-febrero-20 16:47:25:183 DEBUG Test worker o.s.a.f.a.BeanFactoryAdvisorRetrievalHelper:87 - Skipping currently created advisor 'org.springframework.transaction.config.internalTransactionAdvisor'
18-febrero-20 16:47:25:184 DEBUG Test worker o.s.b.f.s.DefaultListableBeanFactory:485 - Finished creating instance of bean 'org.springframework.transaction.annotation.ProxyTransactionManagementConfiguration'
18-febrero-20 16:47:25:201 DEBUG Test worker o.s.b.f.s.DefaultListableBeanFactory:221 - Creating shared instance of singleton bean 'transactionAttributeSource'
18-febrero-20 16:47:25:202 DEBUG Test worker o.s.b.f.s.DefaultListableBeanFactory:449 - Creating instance of bean 'transactionAttributeSource'
18-febrero-20 16:47:25:203 DEBUG Test worker o.s.a.f.a.BeanFactoryAdvisorRetrievalHelper:87 - Skipping currently created advisor 'org.springframework.transaction.config.internalTransactionAdvisor'
18-febrero-20 16:47:25:203 DEBUG Test worker o.s.b.f.s.DefaultListableBeanFactory:251 - Returning cached instance of singleton bean 'org.springframework.transaction.annotation.ProxyTransactionManagementConfiguration'
18-febrero-20 16:47:25:205 DEBUG Test worker o.s.b.f.s.DefaultListableBeanFactory:539 - Eagerly caching bean 'transactionAttributeSource' to allow for resolving potential circular references
18-febrero-20 16:47:25:209 DEBUG Test worker o.s.a.f.a.BeanFactoryAdvisorRetrievalHelper:87 - Skipping currently created advisor 'org.springframework.transaction.config.internalTransactionAdvisor'
18-febrero-20 16:47:25:209 DEBUG Test worker o.s.a.f.a.BeanFactoryAdvisorRetrievalHelper:87 - Skipping currently created advisor 'org.springframework.transaction.config.internalTransactionAdvisor'
18-febrero-20 16:47:25:210 DEBUG Test worker o.s.b.f.s.DefaultListableBeanFactory:485 - Finished creating instance of bean 'transactionAttributeSource'
18-febrero-20 16:47:25:211 DEBUG Test worker o.s.b.f.s.DefaultListableBeanFactory:221 - Creating shared instance of singleton bean 'transactionInterceptor'
18-febrero-20 16:47:25:212 DEBUG Test worker o.s.b.f.s.DefaultListableBeanFactory:449 - Creating instance of bean 'transactionInterceptor'
18-febrero-20 16:47:25:212 DEBUG Test worker o.s.b.f.s.DefaultListableBeanFactory:251 - Returning cached instance of singleton bean 'org.springframework.transaction.annotation.ProxyTransactionManagementConfiguration'
18-febrero-20 16:47:25:218 DEBUG Test worker o.s.b.f.s.DefaultListableBeanFactory:251 - Returning cached instance of singleton bean 'transactionAttributeSource'
18-febrero-20 16:47:25:222 DEBUG Test worker o.s.b.f.s.DefaultListableBeanFactory:539 - Eagerly caching bean 'transactionInterceptor' to allow for resolving potential circular references
18-febrero-20 16:47:25:235 DEBUG Test worker o.s.b.f.s.DefaultListableBeanFactory:1670 - Invoking afterPropertiesSet() on bean with name 'transactionInterceptor'
18-febrero-20 16:47:25:236 DEBUG Test worker o.s.b.f.s.DefaultListableBeanFactory:485 - Finished creating instance of bean 'transactionInterceptor'
18-febrero-20 16:47:25:237 DEBUG Test worker o.s.b.f.s.DefaultListableBeanFactory:539 - Eagerly caching bean 'org.springframework.transaction.config.internalTransactionAdvisor' to allow for resolving potential circular references
18-febrero-20 16:47:25:246 DEBUG Test worker o.s.b.f.s.DefaultListableBeanFactory:485 - Finished creating instance of bean 'org.springframework.transaction.config.internalTransactionAdvisor'
18-febrero-20 16:47:25:256 DEBUG Test worker o.s.b.f.s.DefaultListableBeanFactory:539 - Eagerly caching bean 'projectionDefinitionRegistrar' to allow for resolving potential circular references
18-febrero-20 16:47:25:258 DEBUG Test worker o.s.b.f.s.DefaultListableBeanFactory:251 - Returning cached instance of singleton bean 'org.springframework.transaction.config.internalTransactionAdvisor'
18-febrero-20 16:47:25:258 DEBUG Test worker o.s.b.f.s.DefaultListableBeanFactory:251 - Returning cached instance of singleton bean 'org.springframework.transaction.config.internalTransactionAdvisor'
18-febrero-20 16:47:25:261 DEBUG Test worker o.s.b.f.s.DefaultListableBeanFactory:485 - Finished creating instance of bean 'projectionDefinitionRegistrar'
18-febrero-20 16:47:25:261 DEBUG Test worker o.s.b.f.s.DefaultListableBeanFactory:221 - Creating shared instance of singleton bean 'annotatedEventHandlerInvoker'
18-febrero-20 16:47:25:261 DEBUG Test worker o.s.b.f.s.DefaultListableBeanFactory:449 - Creating instance of bean 'annotatedEventHandlerInvoker'
18-febrero-20 16:47:25:262 DEBUG Test worker o.s.b.f.s.DefaultListableBeanFactory:251 - Returning cached instance of singleton bean 'org.springframework.transaction.config.internalTransactionAdvisor'
18-febrero-20 16:47:25:263 DEBUG Test worker o.s.b.f.s.DefaultListableBeanFactory:539 - Eagerly caching bean 'annotatedEventHandlerInvoker' to allow for resolving potential circular references
18-febrero-20 16:47:25:265 DEBUG Test worker o.s.b.f.s.DefaultListableBeanFactory:251 - Returning cached instance of singleton bean 'org.springframework.transaction.config.internalTransactionAdvisor'
18-febrero-20 16:47:25:266 DEBUG Test worker o.s.b.f.s.DefaultListableBeanFactory:251 - Returning cached instance of singleton bean 'org.springframework.transaction.config.internalTransactionAdvisor'
18-febrero-20 16:47:25:266 DEBUG Test worker o.s.b.f.s.DefaultListableBeanFactory:485 - Finished creating instance of bean 'annotatedEventHandlerInvoker'
18-febrero-20 16:47:25:267 DEBUG Test worker o.s.b.f.s.DefaultListableBeanFactory:221 - Creating shared instance of singleton bean 'org.springframework.hateoas.config.HypermediaSupportBeanDefinitionRegistrar$DefaultObjectMapperCustomizer#0'
18-febrero-20 16:47:25:267 DEBUG Test worker o.s.b.f.s.DefaultListableBeanFactory:449 - Creating instance of bean 'org.springframework.hateoas.config.HypermediaSupportBeanDefinitionRegistrar$DefaultObjectMapperCustomizer#0'
18-febrero-20 16:47:25:267 DEBUG Test worker o.s.b.f.s.DefaultListableBeanFactory:251 - Returning cached instance of singleton bean 'org.springframework.transaction.config.internalTransactionAdvisor'
18-febrero-20 16:47:25:268 DEBUG Test worker o.s.b.f.s.DefaultListableBeanFactory:539 - Eagerly caching bean 'org.springframework.hateoas.config.HypermediaSupportBeanDefinitionRegistrar$DefaultObjectMapperCustomizer#0' to allow for resolving potential circular references
18-febrero-20 16:47:25:270 DEBUG Test worker o.s.b.f.s.DefaultListableBeanFactory:251 - Returning cached instance of singleton bean 'org.springframework.transaction.config.internalTransactionAdvisor'
18-febrero-20 16:47:25:270 DEBUG Test worker o.s.b.f.s.DefaultListableBeanFactory:251 - Returning cached instance of singleton bean 'org.springframework.transaction.config.internalTransactionAdvisor'
18-febrero-20 16:47:25:271 DEBUG Test worker o.s.b.f.s.DefaultListableBeanFactory:485 - Finished creating instance of bean 'org.springframework.hateoas.config.HypermediaSupportBeanDefinitionRegistrar$DefaultObjectMapperCustomizer#0'
18-febrero-20 16:47:25:271 DEBUG Test worker o.s.b.f.s.DefaultListableBeanFactory:221 - Creating shared instance of singleton bean 'org.springframework.hateoas.config.HypermediaSupportBeanDefinitionRegistrar$Jackson2ModuleRegisteringBeanPostProcessor#0'
18-febrero-20 16:47:25:271 DEBUG Test worker o.s.b.f.s.DefaultListableBeanFactory:449 - Creating instance of bean 'org.springframework.hateoas.config.HypermediaSupportBeanDefinitionRegistrar$Jackson2ModuleRegisteringBeanPostProcessor#0'
18-febrero-20 16:47:25:273 DEBUG Test worker o.s.b.f.s.DefaultListableBeanFactory:251 - Returning cached instance of singleton bean 'org.springframework.transaction.config.internalTransactionAdvisor'
18-febrero-20 16:47:25:274 DEBUG Test worker o.s.b.f.s.DefaultListableBeanFactory:539 - Eagerly caching bean 'org.springframework.hateoas.config.HypermediaSupportBeanDefinitionRegistrar$Jackson2ModuleRegisteringBeanPostProcessor#0' to allow for resolving potential circular references
18-febrero-20 16:47:25:277 DEBUG Test worker o.s.b.f.s.DefaultListableBeanFactory:251 - Returning cached instance of singleton bean 'org.springframework.transaction.config.internalTransactionAdvisor'
18-febrero-20 16:47:25:277 DEBUG Test worker o.s.b.f.s.DefaultListableBeanFactory:251 - Returning cached instance of singleton bean 'org.springframework.transaction.config.internalTransactionAdvisor'
18-febrero-20 16:47:25:278 DEBUG Test worker o.s.b.f.s.DefaultListableBeanFactory:485 - Finished creating instance of bean 'org.springframework.hateoas.config.HypermediaSupportBeanDefinitionRegistrar$Jackson2ModuleRegisteringBeanPostProcessor#0'
18-febrero-20 16:47:25:278 DEBUG Test worker o.s.b.f.s.DefaultListableBeanFactory:251 - Returning cached instance of singleton bean 'org.springframework.boot.test.autoconfigure.properties.PropertyMappingContextCustomizer$PropertyMappingCheckBeanPostProcessor'
18-febrero-20 16:47:25:281 DEBUG Test worker o.s.w.c.s.GenericWebApplicationContext:734 - Unable to locate MessageSource with name 'messageSource': using default [org.springframework.context.support.DelegatingMessageSource@17a5c10b]
18-febrero-20 16:47:25:281 DEBUG Test worker o.s.w.c.s.GenericWebApplicationContext:758 - Unable to locate ApplicationEventMulticaster with name 'applicationEventMulticaster': using default [org.springframework.context.event.SimpleApplicationEventMulticaster@2fb3a6f2]
18-febrero-20 16:47:25:286 DEBUG Test worker o.s.u.c.s.UiApplicationContextUtils:85 - Unable to locate ThemeSource with name 'themeSource': using default [org.springframework.ui.context.support.ResourceBundleThemeSource@1b7cbff9]
18-febrero-20 16:47:25:292 DEBUG Test worker o.s.b.f.s.DefaultListableBeanFactory:221 - Creating shared instance of singleton bean 'inMemoryDatabaseShutdownExecutor'
18-febrero-20 16:47:25:294 DEBUG Test worker o.s.b.f.s.DefaultListableBeanFactory:449 - Creating instance of bean 'inMemoryDatabaseShutdownExecutor'
18-febrero-20 16:47:25:294 DEBUG Test worker o.s.b.f.s.DefaultListableBeanFactory:251 - Returning cached instance of singleton bean 'org.springframework.transaction.config.internalTransactionAdvisor'
18-febrero-20 16:47:25:295 DEBUG Test worker o.s.b.f.s.DefaultListableBeanFactory:221 - Creating shared instance of singleton bean 'org.springframework.boot.devtools.autoconfigure.DevToolsDataSourceAutoConfiguration'
18-febrero-20 16:47:25:295 DEBUG Test worker o.s.b.f.s.DefaultListableBeanFactory:449 - Creating instance of bean 'org.springframework.boot.devtools.autoconfigure.DevToolsDataSourceAutoConfiguration'
18-febrero-20 16:47:25:295 DEBUG Test worker o.s.b.f.s.DefaultListableBeanFactory:251 - Returning cached instance of singleton bean 'org.springframework.transaction.config.internalTransactionAdvisor'
18-febrero-20 16:47:25:296 DEBUG Test worker o.s.b.f.s.DefaultListableBeanFactory:539 - Eagerly caching bean 'org.springframework.boot.devtools.autoconfigure.DevToolsDataSourceAutoConfiguration' to allow for resolving potential circular references
18-febrero-20 16:47:25:301 DEBUG Test worker o.s.b.f.s.DefaultListableBeanFactory:251 - Returning cached instance of singleton bean 'org.springframework.transaction.config.internalTransactionAdvisor'
18-febrero-20 16:47:25:301 DEBUG Test worker o.s.b.f.s.DefaultListableBeanFactory:251 - Returning cached instance of singleton bean 'org.springframework.transaction.config.internalTransactionAdvisor'
18-febrero-20 16:47:25:302 DEBUG Test worker o.s.b.f.s.DefaultListableBeanFactory:485 - Finished creating instance of bean 'org.springframework.boot.devtools.autoconfigure.DevToolsDataSourceAutoConfiguration'
18-febrero-20 16:47:25:305 DEBUG Test worker o.s.b.f.s.DefaultListableBeanFactory:221 - Creating shared instance of singleton bean 'dataSource'
18-febrero-20 16:47:25:306 DEBUG Test worker o.s.b.f.s.DefaultListableBeanFactory:449 - Creating instance of bean 'dataSource'
18-febrero-20 16:47:25:306 DEBUG Test worker o.s.b.f.s.DefaultListableBeanFactory:251 - Returning cached instance of singleton bean 'org.springframework.transaction.config.internalTransactionAdvisor'
18-febrero-20 16:47:25:307 DEBUG Test worker o.s.b.f.s.DefaultListableBeanFactory:221 - Creating shared instance of singleton bean 'org.springframework.boot.autoconfigure.jdbc.DataSourceConfiguration$Tomcat'
18-febrero-20 16:47:25:307 DEBUG Test worker o.s.b.f.s.DefaultListableBeanFactory:449 - Creating instance of bean 'org.springframework.boot.autoconfigure.jdbc.DataSourceConfiguration$Tomcat'
18-febrero-20 16:47:25:308 DEBUG Test worker o.s.b.f.s.DefaultListableBeanFactory:251 - Returning cached instance of singleton bean 'org.springframework.transaction.config.internalTransactionAdvisor'
18-febrero-20 16:47:25:309 DEBUG Test worker o.s.b.f.s.DefaultListableBeanFactory:539 - Eagerly caching bean 'org.springframework.boot.autoconfigure.jdbc.DataSourceConfiguration$Tomcat' to allow for resolving potential circular references
18-febrero-20 16:47:25:311 DEBUG Test worker o.s.b.f.s.DefaultListableBeanFactory:251 - Returning cached instance of singleton bean 'org.springframework.transaction.config.internalTransactionAdvisor'
18-febrero-20 16:47:25:311 DEBUG Test worker o.s.b.f.s.DefaultListableBeanFactory:251 - Returning cached instance of singleton bean 'org.springframework.transaction.config.internalTransactionAdvisor'
18-febrero-20 16:47:25:312 DEBUG Test worker o.s.b.f.s.DefaultListableBeanFactory:485 - Finished creating instance of bean 'org.springframework.boot.autoconfigure.jdbc.DataSourceConfiguration$Tomcat'
18-febrero-20 16:47:25:325 DEBUG Test worker o.s.b.f.s.DefaultListableBeanFactory:221 - Creating shared instance of singleton bean 'spring.datasource-org.springframework.boot.autoconfigure.jdbc.DataSourceProperties'
18-febrero-20 16:47:25:326 DEBUG Test worker o.s.b.f.s.DefaultListableBeanFactory:449 - Creating instance of bean 'spring.datasource-org.springframework.boot.autoconfigure.jdbc.DataSourceProperties'
18-febrero-20 16:47:25:327 DEBUG Test worker o.s.b.f.s.DefaultListableBeanFactory:251 - Returning cached instance of singleton bean 'org.springframework.transaction.config.internalTransactionAdvisor'
18-febrero-20 16:47:25:333 DEBUG Test worker o.s.b.f.s.DefaultListableBeanFactory:539 - Eagerly caching bean 'spring.datasource-org.springframework.boot.autoconfigure.jdbc.DataSourceProperties' to allow for resolving potential circular references
18-febrero-20 16:47:25:345 DEBUG Test worker o.h.v.i.e.r.DefaultTraversableResolver:103 - Found javax.persistence.Persistence on classpath containing 'getPersistenceUtil'. Assuming JPA 2 environment. Trying to instantiate JPA aware TraversableResolver
18-febrero-20 16:47:25:346 DEBUG Test worker o.h.v.i.e.r.DefaultTraversableResolver:114 - Instantiated JPA aware TraversableResolver of type org.hibernate.validator.internal.engine.resolver.JPATraversableResolver.
18-febrero-20 16:47:25:349 DEBUG Test worker o.h.v.i.e.ConfigurationImpl:156 - Setting custom MessageInterpolator of type org.springframework.validation.beanvalidation.LocaleContextMessageInterpolator
18-febrero-20 16:47:25:350 DEBUG Test worker o.h.v.i.e.ConfigurationImpl:178 - Setting custom ConstraintValidatorFactory of type org.springframework.validation.beanvalidation.SpringConstraintValidatorFactory
18-febrero-20 16:47:25:352 DEBUG Test worker o.h.v.i.e.ConfigurationImpl:192 - Setting custom ParameterNameProvider of type com.sun.proxy.$Proxy78
18-febrero-20 16:47:25:354 DEBUG Test worker o.h.v.i.x.ValidationXmlParser:99 - Trying to load META-INF/validation.xml for XML based Validator configuration.
18-febrero-20 16:47:25:355 DEBUG Test worker o.h.v.i.x.ResourceLoaderHelper:47 - Trying to load META-INF/validation.xml via user class loader
18-febrero-20 16:47:25:356 DEBUG Test worker o.h.v.i.x.ResourceLoaderHelper:54 - Trying to load META-INF/validation.xml via TCCL
18-febrero-20 16:47:25:357 DEBUG Test worker o.h.v.i.x.ResourceLoaderHelper:60 - Trying to load META-INF/validation.xml via Hibernate Validator's class loader
18-febrero-20 16:47:25:358 DEBUG Test worker o.h.v.i.x.ValidationXmlParser:106 - No META-INF/validation.xml found. Using annotation based configuration only.
18-febrero-20 16:47:25:419 DEBUG Test worker o.s.b.f.a.InjectionMetadata:86 - Processing injected element of bean 'org.springframework.boot.context.properties.ConfigurationPropertiesBindingPostProcessor': AutowiredMethodElement for public void org.springframework.boot.context.properties.ConfigurationPropertiesBindingPostProcessor.setConverters(java.util.List)
18-febrero-20 16:47:25:435 DEBUG Test worker o.s.b.f.a.InjectionMetadata:86 - Processing injected element of bean 'org.springframework.boot.context.properties.ConfigurationPropertiesBindingPostProcessor': AutowiredMethodElement for public void org.springframework.boot.context.properties.ConfigurationPropertiesBindingPostProcessor.setGenericConverters(java.util.List)
18-febrero-20 16:47:25:448 DEBUG Test worker o.s.c.e.MutablePropertySources:109 - Adding [Inlined Test Properties] PropertySource with lowest search precedence
18-febrero-20 16:47:25:448 DEBUG Test worker o.s.c.e.MutablePropertySources:109 - Adding [systemProperties] PropertySource with lowest search precedence
18-febrero-20 16:47:25:449 DEBUG Test worker o.s.c.e.MutablePropertySources:109 - Adding [systemEnvironment] PropertySource with lowest search precedence
18-febrero-20 16:47:25:449 DEBUG Test worker o.s.c.e.MutablePropertySources:109 - Adding [random] PropertySource with lowest search precedence
18-febrero-20 16:47:25:449 DEBUG Test worker o.s.c.e.MutablePropertySources:109 - Adding [applicationConfig: [classpath:/application.properties]] PropertySource with lowest search precedence
18-febrero-20 16:47:25:449 DEBUG Test worker o.s.c.e.MutablePropertySources:109 - Adding [localProperties] PropertySource with lowest search precedence
18-febrero-20 16:47:25:455 DEBUG Test worker o.s.c.e.MutablePropertySources:109 - Adding [Inlined Test Properties] PropertySource with lowest search precedence
18-febrero-20 16:47:25:456 DEBUG Test worker o.s.c.e.MutablePropertySources:109 - Adding [systemProperties] PropertySource with lowest search precedence
18-febrero-20 16:47:25:456 DEBUG Test worker o.s.c.e.MutablePropertySources:109 - Adding [systemEnvironment] PropertySource with lowest search precedence
18-febrero-20 16:47:25:457 DEBUG Test worker o.s.c.e.MutablePropertySources:109 - Adding [random] PropertySource with lowest search precedence
18-febrero-20 16:47:25:457 DEBUG Test worker o.s.c.e.MutablePropertySources:109 - Adding [applicationConfig: [classpath:/application.properties]] PropertySource with lowest search precedence
18-febrero-20 16:47:25:457 DEBUG Test worker o.s.c.e.MutablePropertySources:109 - Adding [localProperties] PropertySource with lowest search precedence
18-febrero-20 16:47:25:458 DEBUG Test worker o.s.c.e.PropertySourcesPropertyResolver:151 - Found key 'spring.datasource.username' in [applicationConfig: [classpath:/application.properties]] with type [String]
18-febrero-20 16:47:25:459 DEBUG Test worker o.s.c.e.MutablePropertySources:109 - Adding [Inlined Test Properties] PropertySource with lowest search precedence
18-febrero-20 16:47:25:460 DEBUG Test worker o.s.c.e.MutablePropertySources:109 - Adding [systemProperties] PropertySource with lowest search precedence
18-febrero-20 16:47:25:460 DEBUG Test worker o.s.c.e.MutablePropertySources:109 - Adding [systemEnvironment] PropertySource with lowest search precedence
18-febrero-20 16:47:25:460 DEBUG Test worker o.s.c.e.MutablePropertySources:109 - Adding [random] PropertySource with lowest search precedence
18-febrero-20 16:47:25:461 DEBUG Test worker o.s.c.e.MutablePropertySources:109 - Adding [applicationConfig: [classpath:/application.properties]] PropertySource with lowest search precedence
18-febrero-20 16:47:25:461 DEBUG Test worker o.s.c.e.MutablePropertySources:109 - Adding [localProperties] PropertySource with lowest search precedence
18-febrero-20 16:47:25:461 DEBUG Test worker o.s.c.e.PropertySourcesPropertyResolver:151 - Found key 'spring.datasource.driverClassName' in [applicationConfig: [classpath:/application.properties]] with type [String]
18-febrero-20 16:47:25:462 DEBUG Test worker o.s.c.e.MutablePropertySources:109 - Adding [Inlined Test Properties] PropertySource with lowest search precedence
18-febrero-20 16:47:25:463 DEBUG Test worker o.s.c.e.MutablePropertySources:109 - Adding [systemProperties] PropertySource with lowest search precedence
18-febrero-20 16:47:25:463 DEBUG Test worker o.s.c.e.MutablePropertySources:109 - Adding [systemEnvironment] PropertySource with lowest search precedence
18-febrero-20 16:47:25:463 DEBUG Test worker o.s.c.e.MutablePropertySources:109 - Adding [random] PropertySource with lowest search precedence
18-febrero-20 16:47:25:464 DEBUG Test worker o.s.c.e.MutablePropertySources:109 - Adding [applicationConfig: [classpath:/application.properties]] PropertySource with lowest search precedence
18-febrero-20 16:47:25:464 DEBUG Test worker o.s.c.e.MutablePropertySources:109 - Adding [localProperties] PropertySource with lowest search precedence
18-febrero-20 16:47:25:464 DEBUG Test worker o.s.c.e.PropertySourcesPropertyResolver:151 - Found key 'spring.datasource.password' in [applicationConfig: [classpath:/application.properties]] with type [String]
18-febrero-20 16:47:25:465 DEBUG Test worker o.s.c.e.MutablePropertySources:109 - Adding [Inlined Test Properties] PropertySource with lowest search precedence
18-febrero-20 16:47:25:466 DEBUG Test worker o.s.c.e.MutablePropertySources:109 - Adding [systemProperties] PropertySource with lowest search precedence
18-febrero-20 16:47:25:466 DEBUG Test worker o.s.c.e.MutablePropertySources:109 - Adding [systemEnvironment] PropertySource with lowest search precedence
18-febrero-20 16:47:25:466 DEBUG Test worker o.s.c.e.MutablePropertySources:109 - Adding [random] PropertySource with lowest search precedence
18-febrero-20 16:47:25:467 DEBUG Test worker o.s.c.e.MutablePropertySources:109 - Adding [applicationConfig: [classpath:/application.properties]] PropertySource with lowest search precedence
18-febrero-20 16:47:25:467 DEBUG Test worker o.s.c.e.MutablePropertySources:109 - Adding [localProperties] PropertySource with lowest search precedence
18-febrero-20 16:47:25:467 DEBUG Test worker o.s.c.e.PropertySourcesPropertyResolver:151 - Found key 'spring.datasource.url' in [applicationConfig: [classpath:/application.properties]] with type [String]
18-febrero-20 16:47:25:554 DEBUG Test worker o.s.b.f.s.DefaultListableBeanFactory:1670 - Invoking afterPropertiesSet() on bean with name 'spring.datasource-org.springframework.boot.autoconfigure.jdbc.DataSourceProperties'
18-febrero-20 16:47:25:555 DEBUG Test worker o.s.b.f.s.DefaultListableBeanFactory:251 - Returning cached instance of singleton bean 'org.springframework.transaction.config.internalTransactionAdvisor'
18-febrero-20 16:47:25:556 DEBUG Test worker o.s.b.f.s.DefaultListableBeanFactory:251 - Returning cached instance of singleton bean 'org.springframework.transaction.config.internalTransactionAdvisor'
18-febrero-20 16:47:25:558 DEBUG Test worker o.s.b.f.s.DefaultListableBeanFactory:485 - Finished creating instance of bean 'spring.datasource-org.springframework.boot.autoconfigure.jdbc.DataSourceProperties'
18-febrero-20 16:47:25:558 DEBUG Test worker o.s.b.f.s.DefaultListableBeanFactory:757 - Autowiring by type from bean name 'dataSource' via factory method to bean named 'spring.datasource-org.springframework.boot.autoconfigure.jdbc.DataSourceProperties'
18-febrero-20 16:47:25:583 DEBUG Test worker o.s.b.f.s.DefaultListableBeanFactory:539 - Eagerly caching bean 'dataSource' to allow for resolving potential circular references
18-febrero-20 16:47:25:594 DEBUG Test worker o.s.c.e.MutablePropertySources:109 - Adding [Inlined Test Properties] PropertySource with lowest search precedence
18-febrero-20 16:47:25:594 DEBUG Test worker o.s.c.e.MutablePropertySources:109 - Adding [systemProperties] PropertySource with lowest search precedence
18-febrero-20 16:47:25:594 DEBUG Test worker o.s.c.e.MutablePropertySources:109 - Adding [systemEnvironment] PropertySource with lowest search precedence
18-febrero-20 16:47:25:595 DEBUG Test worker o.s.c.e.MutablePropertySources:109 - Adding [random] PropertySource with lowest search precedence
18-febrero-20 16:47:25:595 DEBUG Test worker o.s.c.e.MutablePropertySources:109 - Adding [applicationConfig: [classpath:/application.properties]] PropertySource with lowest search precedence
18-febrero-20 16:47:25:595 DEBUG Test worker o.s.c.e.MutablePropertySources:109 - Adding [localProperties] PropertySource with lowest search precedence
18-febrero-20 16:47:25:707 DEBUG Test worker o.s.b.f.s.DefaultListableBeanFactory:251 - Returning cached instance of singleton bean 'org.springframework.transaction.config.internalTransactionAdvisor'
18-febrero-20 16:47:25:708 DEBUG Test worker o.s.b.f.s.DefaultListableBeanFactory:251 - Returning cached instance of singleton bean 'org.springframework.transaction.config.internalTransactionAdvisor'
18-febrero-20 16:47:25:717 DEBUG Test worker o.s.b.f.s.DefaultListableBeanFactory:221 - Creating shared instance of singleton bean 'dataSourceInitializer'
18-febrero-20 16:47:25:717 DEBUG Test worker o.s.b.f.s.DefaultListableBeanFactory:449 - Creating instance of bean 'dataSourceInitializer'
18-febrero-20 16:47:25:718 DEBUG Test worker o.s.b.f.s.DefaultListableBeanFactory:251 - Returning cached instance of singleton bean 'org.springframework.transaction.config.internalTransactionAdvisor'
18-febrero-20 16:47:25:718 DEBUG Test worker o.s.b.f.s.DefaultListableBeanFactory:221 - Creating shared instance of singleton bean 'org.springframework.boot.autoconfigure.jdbc.DataSourceAutoConfiguration'
18-febrero-20 16:47:25:718 DEBUG Test worker o.s.b.f.s.DefaultListableBeanFactory:449 - Creating instance of bean 'org.springframework.boot.autoconfigure.jdbc.DataSourceAutoConfiguration'
18-febrero-20 16:47:25:719 DEBUG Test worker o.s.b.f.s.DefaultListableBeanFactory:251 - Returning cached instance of singleton bean 'org.springframework.transaction.config.internalTransactionAdvisor'
18-febrero-20 16:47:25:720 DEBUG Test worker o.s.b.f.s.DefaultListableBeanFactory:539 - Eagerly caching bean 'org.springframework.boot.autoconfigure.jdbc.DataSourceAutoConfiguration' to allow for resolving potential circular references
18-febrero-20 16:47:25:723 DEBUG Test worker o.s.b.f.s.DefaultListableBeanFactory:251 - Returning cached instance of singleton bean 'org.springframework.transaction.config.internalTransactionAdvisor'
18-febrero-20 16:47:25:723 DEBUG Test worker o.s.b.f.s.DefaultListableBeanFactory:251 - Returning cached instance of singleton bean 'org.springframework.transaction.config.internalTransactionAdvisor'
18-febrero-20 16:47:25:725 DEBUG Test worker o.s.b.f.s.DefaultListableBeanFactory:485 - Finished creating instance of bean 'org.springframework.boot.autoconfigure.jdbc.DataSourceAutoConfiguration'
18-febrero-20 16:47:25:733 DEBUG Test worker o.s.c.a.CommonAnnotationBeanPostProcessor:214 - Found init method on class [org.springframework.boot.autoconfigure.jdbc.DataSourceInitializer]: public void org.springframework.boot.autoconfigure.jdbc.DataSourceInitializer.init()
18-febrero-20 16:47:25:733 DEBUG Test worker o.s.c.a.CommonAnnotationBeanPostProcessor:283 - Registered init method on class [org.springframework.boot.autoconfigure.jdbc.DataSourceInitializer]: org.springframework.beans.factory.annotation.InitDestroyAnnotationBeanPostProcessor$LifecycleElement@316510
18-febrero-20 16:47:25:734 DEBUG Test worker o.s.b.f.a.InjectionMetadata:72 - Registered injected element on class [org.springframework.boot.autoconfigure.jdbc.DataSourceInitializer]: AutowiredFieldElement for private org.springframework.context.ConfigurableApplicationContext org.springframework.boot.autoconfigure.jdbc.DataSourceInitializer.applicationContext
18-febrero-20 16:47:25:734 DEBUG Test worker o.s.b.f.a.InjectionMetadata:72 - Registered injected element on class [org.springframework.boot.autoconfigure.jdbc.DataSourceInitializer]: AutowiredFieldElement for private org.springframework.boot.autoconfigure.jdbc.DataSourceProperties org.springframework.boot.autoconfigure.jdbc.DataSourceInitializer.properties
18-febrero-20 16:47:25:734 DEBUG Test worker o.s.b.f.s.DefaultListableBeanFactory:539 - Eagerly caching bean 'dataSourceInitializer' to allow for resolving potential circular references
18-febrero-20 16:47:25:737 DEBUG Test worker o.s.b.f.a.InjectionMetadata:86 - Processing injected element of bean 'dataSourceInitializer': AutowiredFieldElement for private org.springframework.context.ConfigurableApplicationContext org.springframework.boot.autoconfigure.jdbc.DataSourceInitializer.applicationContext
18-febrero-20 16:47:25:740 DEBUG Test worker o.s.b.f.a.AutowiredAnnotationBeanPostProcessor:535 - Autowiring by type from bean name 'dataSourceInitializer' to bean named 'org.springframework.web.context.support.GenericWebApplicationContext@305e722c'
18-febrero-20 16:47:25:740 DEBUG Test worker o.s.b.f.a.InjectionMetadata:86 - Processing injected element of bean 'dataSourceInitializer': AutowiredFieldElement for private org.springframework.boot.autoconfigure.jdbc.DataSourceProperties org.springframework.boot.autoconfigure.jdbc.DataSourceInitializer.properties
18-febrero-20 16:47:25:745 DEBUG Test worker o.s.b.f.s.DefaultListableBeanFactory:251 - Returning cached instance of singleton bean 'spring.datasource-org.springframework.boot.autoconfigure.jdbc.DataSourceProperties'
18-febrero-20 16:47:25:745 DEBUG Test worker o.s.b.f.a.AutowiredAnnotationBeanPostProcessor:535 - Autowiring by type from bean name 'dataSourceInitializer' to bean named 'spring.datasource-org.springframework.boot.autoconfigure.jdbc.DataSourceProperties'
18-febrero-20 16:47:25:747 DEBUG Test worker o.s.c.a.CommonAnnotationBeanPostProcessor:309 - Invoking init method on bean 'dataSourceInitializer': public void org.springframework.boot.autoconfigure.jdbc.DataSourceInitializer.init()
18-febrero-20 16:47:25:751 DEBUG Test worker o.s.b.f.s.DefaultListableBeanFactory:247 - Returning eagerly cached instance of singleton bean 'dataSource' that is not fully initialized yet - a consequence of a circular reference
18-febrero-20 16:47:25:753 DEBUG Test worker o.s.c.i.s.PathMatchingResourcePatternResolver:318 - Resolved classpath location [schema-all.sql] to resources []
18-febrero-20 16:47:25:754 DEBUG Test worker o.s.c.i.s.PathMatchingResourcePatternResolver:318 - Resolved classpath location [schema.sql] to resources []
18-febrero-20 16:47:25:755 DEBUG Test worker o.s.b.f.s.DefaultListableBeanFactory:251 - Returning cached instance of singleton bean 'org.springframework.transaction.config.internalTransactionAdvisor'
18-febrero-20 16:47:25:755 DEBUG Test worker o.s.b.f.s.DefaultListableBeanFactory:251 - Returning cached instance of singleton bean 'org.springframework.transaction.config.internalTransactionAdvisor'
18-febrero-20 16:47:25:756 DEBUG Test worker o.s.b.f.s.DefaultListableBeanFactory:485 - Finished creating instance of bean 'dataSourceInitializer'
18-febrero-20 16:47:25:756 DEBUG Test worker o.s.b.f.s.DefaultListableBeanFactory:485 - Finished creating instance of bean 'dataSource'
18-febrero-20 16:47:25:758 DEBUG Test worker o.s.b.f.s.DefaultListableBeanFactory:251 - Returning cached instance of singleton bean 'spring.datasource-org.springframework.boot.autoconfigure.jdbc.DataSourceProperties'
18-febrero-20 16:47:25:759 DEBUG Test worker o.s.b.f.s.DefaultListableBeanFactory:757 - Autowiring by type from bean name 'inMemoryDatabaseShutdownExecutor' via factory method to bean named 'dataSource'
18-febrero-20 16:47:25:759 DEBUG Test worker o.s.b.f.s.DefaultListableBeanFactory:757 - Autowiring by type from bean name 'inMemoryDatabaseShutdownExecutor' via factory method to bean named 'spring.datasource-org.springframework.boot.autoconfigure.jdbc.DataSourceProperties'
18-febrero-20 16:47:25:762 DEBUG Test worker o.s.b.f.s.DefaultListableBeanFactory:539 - Eagerly caching bean 'inMemoryDatabaseShutdownExecutor' to allow for resolving potential circular references
18-febrero-20 16:47:25:764 DEBUG Test worker o.s.b.f.s.DefaultListableBeanFactory:251 - Returning cached instance of singleton bean 'org.springframework.transaction.config.internalTransactionAdvisor'
18-febrero-20 16:47:25:765 DEBUG Test worker o.s.b.f.s.DefaultListableBeanFactory:251 - Returning cached instance of singleton bean 'org.springframework.transaction.config.internalTransactionAdvisor'
18-febrero-20 16:47:25:765 DEBUG Test worker o.s.b.f.s.DefaultListableBeanFactory:485 - Finished creating instance of bean 'inMemoryDatabaseShutdownExecutor'
18-febrero-20 16:47:25:765 DEBUG Test worker o.s.b.f.s.DefaultListableBeanFactory:221 - Creating shared instance of singleton bean 'entityManagerFactory'
18-febrero-20 16:47:25:765 DEBUG Test worker o.s.b.f.s.DefaultListableBeanFactory:449 - Creating instance of bean 'entityManagerFactory'
18-febrero-20 16:47:25:765 DEBUG Test worker o.s.b.f.s.DefaultListableBeanFactory:251 - Returning cached instance of singleton bean 'org.springframework.transaction.config.internalTransactionAdvisor'
18-febrero-20 16:47:25:766 DEBUG Test worker o.s.b.f.s.DefaultListableBeanFactory:221 - Creating shared instance of singleton bean 'org.springframework.boot.autoconfigure.orm.jpa.HibernateJpaAutoConfiguration'
18-febrero-20 16:47:25:766 DEBUG Test worker o.s.b.f.s.DefaultListableBeanFactory:449 - Creating instance of bean 'org.springframework.boot.autoconfigure.orm.jpa.HibernateJpaAutoConfiguration'
18-febrero-20 16:47:25:766 DEBUG Test worker o.s.b.f.s.DefaultListableBeanFactory:251 - Returning cached instance of singleton bean 'org.springframework.transaction.config.internalTransactionAdvisor'
18-febrero-20 16:47:25:767 DEBUG Test worker o.s.c.LocalVariableTableParameterNameDiscoverer:106 - Cannot find '.class' file for class [class org.springframework.boot.autoconfigure.orm.jpa.HibernateJpaAutoConfiguration$$EnhancerBySpringCGLIB$$877cc5b9] - unable to determine constructor/method parameter names
18-febrero-20 16:47:25:770 DEBUG Test worker o.s.b.f.s.DefaultListableBeanFactory:251 - Returning cached instance of singleton bean 'dataSource'
18-febrero-20 16:47:25:772 DEBUG Test worker o.s.b.f.s.DefaultListableBeanFactory:221 - Creating shared instance of singleton bean 'spring.jpa-org.springframework.boot.autoconfigure.orm.jpa.JpaProperties'
18-febrero-20 16:47:25:772 DEBUG Test worker o.s.b.f.s.DefaultListableBeanFactory:449 - Creating instance of bean 'spring.jpa-org.springframework.boot.autoconfigure.orm.jpa.JpaProperties'
18-febrero-20 16:47:25:773 DEBUG Test worker o.s.b.f.s.DefaultListableBeanFactory:251 - Returning cached instance of singleton bean 'org.springframework.transaction.config.internalTransactionAdvisor'
18-febrero-20 16:47:25:774 DEBUG Test worker o.s.b.f.s.DefaultListableBeanFactory:539 - Eagerly caching bean 'spring.jpa-org.springframework.boot.autoconfigure.orm.jpa.JpaProperties' to allow for resolving potential circular references
18-febrero-20 16:47:25:777 DEBUG Test worker o.s.c.e.MutablePropertySources:109 - Adding [Inlined Test Properties] PropertySource with lowest search precedence
18-febrero-20 16:47:25:777 DEBUG Test worker o.s.c.e.MutablePropertySources:109 - Adding [systemProperties] PropertySource with lowest search precedence
18-febrero-20 16:47:25:777 DEBUG Test worker o.s.c.e.MutablePropertySources:109 - Adding [systemEnvironment] PropertySource with lowest search precedence
18-febrero-20 16:47:25:777 DEBUG Test worker o.s.c.e.MutablePropertySources:109 - Adding [random] PropertySource with lowest search precedence
18-febrero-20 16:47:25:778 DEBUG Test worker o.s.c.e.MutablePropertySources:109 - Adding [applicationConfig: [classpath:/application.properties]] PropertySource with lowest search precedence
18-febrero-20 16:47:25:778 DEBUG Test worker o.s.c.e.MutablePropertySources:109 - Adding [localProperties] PropertySource with lowest search precedence
18-febrero-20 16:47:25:782 DEBUG Test worker o.s.c.e.MutablePropertySources:109 - Adding [Inlined Test Properties] PropertySource with lowest search precedence
18-febrero-20 16:47:25:782 DEBUG Test worker o.s.c.e.MutablePropertySources:109 - Adding [systemProperties] PropertySource with lowest search precedence
18-febrero-20 16:47:25:783 DEBUG Test worker o.s.c.e.MutablePropertySources:109 - Adding [systemEnvironment] PropertySource with lowest search precedence
18-febrero-20 16:47:25:785 DEBUG Test worker o.s.c.e.MutablePropertySources:109 - Adding [random] PropertySource with lowest search precedence
18-febrero-20 16:47:25:785 DEBUG Test worker o.s.c.e.MutablePropertySources:109 - Adding [applicationConfig: [classpath:/application.properties]] PropertySource with lowest search precedence
18-febrero-20 16:47:25:786 DEBUG Test worker o.s.c.e.MutablePropertySources:109 - Adding [localProperties] PropertySource with lowest search precedence
18-febrero-20 16:47:25:786 DEBUG Test worker o.s.c.e.PropertySourcesPropertyResolver:151 - Found key 'spring.jpa.show-sql' in [applicationConfig: [classpath:/application.properties]] with type [String]
18-febrero-20 16:47:25:788 DEBUG Test worker o.s.c.e.MutablePropertySources:109 - Adding [Inlined Test Properties] PropertySource with lowest search precedence
18-febrero-20 16:47:25:788 DEBUG Test worker o.s.c.e.MutablePropertySources:109 - Adding [systemProperties] PropertySource with lowest search precedence
18-febrero-20 16:47:25:789 DEBUG Test worker o.s.c.e.MutablePropertySources:109 - Adding [systemEnvironment] PropertySource with lowest search precedence
18-febrero-20 16:47:25:789 DEBUG Test worker o.s.c.e.MutablePropertySources:109 - Adding [random] PropertySource with lowest search precedence
18-febrero-20 16:47:25:790 DEBUG Test worker o.s.c.e.MutablePropertySources:109 - Adding [applicationConfig: [classpath:/application.properties]] PropertySource with lowest search precedence
18-febrero-20 16:47:25:790 DEBUG Test worker o.s.c.e.MutablePropertySources:109 - Adding [localProperties] PropertySource with lowest search precedence
18-febrero-20 16:47:25:791 DEBUG Test worker o.s.c.e.PropertySourcesPropertyResolver:151 - Found key 'spring.jpa.database-platform' in [applicationConfig: [classpath:/application.properties]] with type [String]
18-febrero-20 16:47:25:795 DEBUG Test worker o.s.b.f.s.DefaultListableBeanFactory:251 - Returning cached instance of singleton bean 'org.springframework.transaction.config.internalTransactionAdvisor'
18-febrero-20 16:47:25:795 DEBUG Test worker o.s.b.f.s.DefaultListableBeanFactory:251 - Returning cached instance of singleton bean 'org.springframework.transaction.config.internalTransactionAdvisor'
18-febrero-20 16:47:25:796 DEBUG Test worker o.s.b.f.s.DefaultListableBeanFactory:485 - Finished creating instance of bean 'spring.jpa-org.springframework.boot.autoconfigure.orm.jpa.JpaProperties'
18-febrero-20 16:47:25:797 DEBUG Test worker o.s.b.f.s.DefaultListableBeanFactory:757 - Autowiring by type from bean name 'org.springframework.boot.autoconfigure.orm.jpa.HibernateJpaAutoConfiguration' via constructor to bean named 'dataSource'
18-febrero-20 16:47:25:798 DEBUG Test worker o.s.b.f.s.DefaultListableBeanFactory:757 - Autowiring by type from bean name 'org.springframework.boot.autoconfigure.orm.jpa.HibernateJpaAutoConfiguration' via constructor to bean named 'spring.jpa-org.springframework.boot.autoconfigure.orm.jpa.JpaProperties'
18-febrero-20 16:47:25:801 DEBUG Test worker o.s.b.f.s.DefaultListableBeanFactory:539 - Eagerly caching bean 'org.springframework.boot.autoconfigure.orm.jpa.HibernateJpaAutoConfiguration' to allow for resolving potential circular references
18-febrero-20 16:47:25:812 DEBUG Test worker o.s.b.f.s.DefaultListableBeanFactory:251 - Returning cached instance of singleton bean 'org.springframework.transaction.config.internalTransactionAdvisor'
18-febrero-20 16:47:25:812 DEBUG Test worker o.s.b.f.s.DefaultListableBeanFactory:251 - Returning cached instance of singleton bean 'org.springframework.transaction.config.internalTransactionAdvisor'
18-febrero-20 16:47:25:815 DEBUG Test worker o.s.b.f.s.DefaultListableBeanFactory:485 - Finished creating instance of bean 'org.springframework.boot.autoconfigure.orm.jpa.HibernateJpaAutoConfiguration'
18-febrero-20 16:47:25:818 DEBUG Test worker o.s.b.f.s.DefaultListableBeanFactory:221 - Creating shared instance of singleton bean 'entityManagerFactoryBuilder'
18-febrero-20 16:47:25:818 DEBUG Test worker o.s.b.f.s.DefaultListableBeanFactory:449 - Creating instance of bean 'entityManagerFactoryBuilder'
18-febrero-20 16:47:25:819 DEBUG Test worker o.s.b.f.s.DefaultListableBeanFactory:251 - Returning cached instance of singleton bean 'org.springframework.transaction.config.internalTransactionAdvisor'
18-febrero-20 16:47:25:819 DEBUG Test worker o.s.b.f.s.DefaultListableBeanFactory:251 - Returning cached instance of singleton bean 'org.springframework.boot.autoconfigure.orm.jpa.HibernateJpaAutoConfiguration'
18-febrero-20 16:47:25:821 DEBUG Test worker o.s.b.f.s.DefaultListableBeanFactory:221 - Creating shared instance of singleton bean 'jpaVendorAdapter'
18-febrero-20 16:47:25:821 DEBUG Test worker o.s.b.f.s.DefaultListableBeanFactory:449 - Creating instance of bean 'jpaVendorAdapter'
18-febrero-20 16:47:25:822 DEBUG Test worker o.s.b.f.s.DefaultListableBeanFactory:251 - Returning cached instance of singleton bean 'org.springframework.transaction.config.internalTransactionAdvisor'
18-febrero-20 16:47:25:822 DEBUG Test worker o.s.b.f.s.DefaultListableBeanFactory:251 - Returning cached instance of singleton bean 'org.springframework.boot.autoconfigure.orm.jpa.HibernateJpaAutoConfiguration'
18-febrero-20 16:47:25:854 DEBUG Test worker o.s.b.f.s.DefaultListableBeanFactory:539 - Eagerly caching bean 'jpaVendorAdapter' to allow for resolving potential circular references
18-febrero-20 16:47:25:859 DEBUG Test worker o.s.b.f.s.DefaultListableBeanFactory:251 - Returning cached instance of singleton bean 'org.springframework.transaction.config.internalTransactionAdvisor'
18-febrero-20 16:47:25:860 DEBUG Test worker o.s.b.f.s.DefaultListableBeanFactory:251 - Returning cached instance of singleton bean 'org.springframework.transaction.config.internalTransactionAdvisor'
18-febrero-20 16:47:25:861 DEBUG Test worker o.s.b.f.s.DefaultListableBeanFactory:485 - Finished creating instance of bean 'jpaVendorAdapter'
18-febrero-20 16:47:25:861 DEBUG Test worker o.s.b.f.s.DefaultListableBeanFactory:757 - Autowiring by type from bean name 'entityManagerFactoryBuilder' via factory method to bean named 'jpaVendorAdapter'
18-febrero-20 16:47:25:865 DEBUG Test worker o.s.b.f.s.DefaultListableBeanFactory:539 - Eagerly caching bean 'entityManagerFactoryBuilder' to allow for resolving potential circular references
18-febrero-20 16:47:25:867 DEBUG Test worker o.s.b.f.s.DefaultListableBeanFactory:251 - Returning cached instance of singleton bean 'org.springframework.transaction.config.internalTransactionAdvisor'
18-febrero-20 16:47:25:867 DEBUG Test worker o.s.b.f.s.DefaultListableBeanFactory:251 - Returning cached instance of singleton bean 'org.springframework.transaction.config.internalTransactionAdvisor'
18-febrero-20 16:47:25:868 DEBUG Test worker o.s.b.f.s.DefaultListableBeanFactory:485 - Finished creating instance of bean 'entityManagerFactoryBuilder'
18-febrero-20 16:47:25:868 DEBUG Test worker o.s.b.f.s.DefaultListableBeanFactory:757 - Autowiring by type from bean name 'entityManagerFactory' via factory method to bean named 'entityManagerFactoryBuilder'
18-febrero-20 16:47:25:884 DEBUG Test worker o.s.j.d.DataSourceUtils:110 - Fetching JDBC Connection from DataSource
18-febrero-20 16:47:26:061 DEBUG Test worker o.s.j.d.DataSourceUtils:327 - Returning JDBC Connection to DataSource
18-febrero-20 16:47:26:063 DEBUG Test worker o.s.b.f.s.DefaultListableBeanFactory:221 - Creating shared instance of singleton bean 'org.springframework.boot.autoconfigure.domain.EntityScanPackages'
18-febrero-20 16:47:26:064 DEBUG Test worker o.s.b.f.s.DefaultListableBeanFactory:449 - Creating instance of bean 'org.springframework.boot.autoconfigure.domain.EntityScanPackages'
18-febrero-20 16:47:26:064 DEBUG Test worker o.s.b.f.s.DefaultListableBeanFactory:251 - Returning cached instance of singleton bean 'org.springframework.transaction.config.internalTransactionAdvisor'
18-febrero-20 16:47:26:066 DEBUG Test worker o.s.b.f.s.DefaultListableBeanFactory:539 - Eagerly caching bean 'org.springframework.boot.autoconfigure.domain.EntityScanPackages' to allow for resolving potential circular references
18-febrero-20 16:47:26:069 DEBUG Test worker o.s.b.f.s.DefaultListableBeanFactory:251 - Returning cached instance of singleton bean 'org.springframework.transaction.config.internalTransactionAdvisor'
18-febrero-20 16:47:26:070 DEBUG Test worker o.s.b.f.s.DefaultListableBeanFactory:251 - Returning cached instance of singleton bean 'org.springframework.transaction.config.internalTransactionAdvisor'
18-febrero-20 16:47:26:070 DEBUG Test worker o.s.b.f.s.DefaultListableBeanFactory:485 - Finished creating instance of bean 'org.springframework.boot.autoconfigure.domain.EntityScanPackages'
18-febrero-20 16:47:26:083 DEBUG Test worker o.s.b.f.s.DefaultListableBeanFactory:539 - Eagerly caching bean 'entityManagerFactory' to allow for resolving potential circular references
18-febrero-20 16:47:26:095 DEBUG Test worker o.s.b.f.s.DefaultListableBeanFactory:1670 - Invoking afterPropertiesSet() on bean with name 'entityManagerFactory'
18-febrero-20 16:47:26:100 DEBUG Test worker o.s.c.i.s.PathMatchingResourcePatternResolver:318 - Resolved classpath location [META-INF/persistence.xml] to resources []
18-febrero-20 16:47:26:102 DEBUG Test worker o.s.c.i.s.PathMatchingResourcePatternResolver:318 - Resolved classpath location [com/privalia/domain/] to resources [URL [file:/Users/ivan.garcia/Documents/eclipse-workspace/PrivaliaSpringBootProject/build/classes/main/com/privalia/domain/]]
18-febrero-20 16:47:26:102 DEBUG Test worker o.s.c.i.s.PathMatchingResourcePatternResolver:713 - Looking for matching resources in directory tree [/Users/ivan.garcia/Documents/eclipse-workspace/PrivaliaSpringBootProject/build/classes/main/com/privalia/domain]
18-febrero-20 16:47:26:103 DEBUG Test worker o.s.c.i.s.PathMatchingResourcePatternResolver:775 - Searching directory [/Users/ivan.garcia/Documents/eclipse-workspace/PrivaliaSpringBootProject/build/classes/main/com/privalia/domain] for files matching pattern [/Users/ivan.garcia/Documents/eclipse-workspace/PrivaliaSpringBootProject/build/classes/main/com/privalia/domain/**/*.class]
18-febrero-20 16:47:26:103 DEBUG Test worker o.s.c.i.s.PathMatchingResourcePatternResolver:482 - Resolved location pattern [classpath*:com/privalia/domain/**/*.class] to resources [file [/Users/ivan.garcia/Documents/eclipse-workspace/PrivaliaSpringBootProject/build/classes/main/com/privalia/domain/Product.class]]
18-febrero-20 16:47:26:105  INFO Test worker o.s.o.j.LocalContainerEntityManagerFactoryBean:349 - Building JPA container EntityManagerFactory for persistence unit 'default'
18-febrero-20 16:47:26:149 DEBUG Test worker o.h.j.i.u.LogHelper:102 - PersistenceUnitInfo [
	name: default
	persistence provider classname: null
	classloader: sun.misc.Launcher$AppClassLoader@5c647e05
	excludeUnlistedClasses: true
	JTA datasource: null
	Non JTA datasource: org.apache.tomcat.jdbc.pool.DataSource@557ffb63{ConnectionPool[defaultAutoCommit=null; defaultReadOnly=null; defaultTransactionIsolation=-1; defaultCatalog=null; driverClassName=org.h2.Driver; maxActive=100; maxIdle=100; minIdle=10; initialSize=10; maxWait=30000; testOnBorrow=true; testOnReturn=false; timeBetweenEvictionRunsMillis=5000; numTestsPerEvictionRun=0; minEvictableIdleTimeMillis=60000; testWhileIdle=false; testOnConnect=false; password=********; url=jdbc:h2:mem:AZ;DB_CLOSE_DELAY=-1;DB_CLOSE_ON_EXIT=FALSE; username=sa; validationQuery=SELECT 1; validationQueryTimeout=-1; validatorClassName=null; validationInterval=3000; accessToUnderlyingConnectionAllowed=true; removeAbandoned=false; removeAbandonedTimeout=60; logAbandoned=false; connectionProperties=null; initSQL=null; jdbcInterceptors=null; jmxEnabled=true; fairQueue=true; useEquals=true; abandonWhenPercentageFull=0; maxAge=0; useLock=false; dataSource=null; dataSourceJNDI=null; suspectTimeout=0; alternateUsernameAllowed=false; commitOnReturn=false; rollbackOnReturn=false; useDisposableConnectionFacade=true; logValidationErrors=false; propagateInterruptState=false; ignoreExceptionOnPreLoad=false; useStatementFacade=true; }
	Transaction type: RESOURCE_LOCAL
	PU root URL: file:/Users/ivan.garcia/Documents/eclipse-workspace/PrivaliaSpringBootProject/build/classes/test/
	Shared Cache Mode: UNSPECIFIED
	Validation Mode: AUTO
	Jar files URLs []
	Managed classes names [
		com.privalia.domain.Product]
	Mapping files names []
	Properties []
18-febrero-20 16:47:26:171 DEBUG Test worker o.h.i.i.IntegratorServiceImpl:46 - Adding Integrator [org.hibernate.cfg.beanvalidation.BeanValidationIntegrator].
18-febrero-20 16:47:26:173 DEBUG Test worker o.h.i.i.IntegratorServiceImpl:46 - Adding Integrator [org.hibernate.secure.spi.JaccIntegrator].
18-febrero-20 16:47:26:175 DEBUG Test worker o.h.i.i.IntegratorServiceImpl:46 - Adding Integrator [org.hibernate.cache.internal.CollectionCacheInvalidator].
18-febrero-20 16:47:26:175 DEBUG Test worker o.h.i.i.IntegratorServiceImpl:46 - Adding Integrator [org.hibernate.jpa.event.spi.JpaIntegrator].
18-febrero-20 16:47:26:237  INFO Test worker o.h.Version:37 - HHH000412: Hibernate Core {5.0.12.Final}
18-febrero-20 16:47:26:249  INFO Test worker o.h.c.Environment:213 - HHH000206: hibernate.properties not found
18-febrero-20 16:47:26:257  INFO Test worker o.h.c.Environment:317 - HHH000021: Bytecode provider name : javassist
18-febrero-20 16:47:26:274 DEBUG Test worker o.h.s.s.ServiceBinding:68 - Overriding existing service binding [org.hibernate.secure.spi.JaccService]
18-febrero-20 16:47:26:306 DEBUG Test worker o.h.c.i.RegionFactoryInitiator:74 - Cache region factory : org.hibernate.cache.internal.NoCachingRegionFactory
18-febrero-20 16:47:26:318  INFO Test worker o.h.a.c.Version:66 - HCANN000001: Hibernate Commons Annotations {5.0.1.Final}
18-febrero-20 16:47:26:410 DEBUG Test worker o.h.t.BasicTypeRegistry:136 - Adding type registration boolean -> org.hibernate.type.BooleanType@56bad58f
18-febrero-20 16:47:26:411 DEBUG Test worker o.h.t.BasicTypeRegistry:136 - Adding type registration boolean -> org.hibernate.type.BooleanType@56bad58f
18-febrero-20 16:47:26:411 DEBUG Test worker o.h.t.BasicTypeRegistry:136 - Adding type registration java.lang.Boolean -> org.hibernate.type.BooleanType@56bad58f
18-febrero-20 16:47:26:414 DEBUG Test worker o.h.t.BasicTypeRegistry:136 - Adding type registration numeric_boolean -> org.hibernate.type.NumericBooleanType@7f87e097
18-febrero-20 16:47:26:415 DEBUG Test worker o.h.t.BasicTypeRegistry:136 - Adding type registration true_false -> org.hibernate.type.TrueFalseType@5a27aaac
18-febrero-20 16:47:26:416 DEBUG Test worker o.h.t.BasicTypeRegistry:136 - Adding type registration yes_no -> org.hibernate.type.YesNoType@73ac527f
18-febrero-20 16:47:26:418 DEBUG Test worker o.h.t.BasicTypeRegistry:136 - Adding type registration byte -> org.hibernate.type.ByteType@72e9747a
18-febrero-20 16:47:26:419 DEBUG Test worker o.h.t.BasicTypeRegistry:136 - Adding type registration byte -> org.hibernate.type.ByteType@72e9747a
18-febrero-20 16:47:26:419 DEBUG Test worker o.h.t.BasicTypeRegistry:136 - Adding type registration java.lang.Byte -> org.hibernate.type.ByteType@72e9747a
18-febrero-20 16:47:26:420 DEBUG Test worker o.h.t.BasicTypeRegistry:136 - Adding type registration character -> org.hibernate.type.CharacterType@539c521f
18-febrero-20 16:47:26:421 DEBUG Test worker o.h.t.BasicTypeRegistry:136 - Adding type registration char -> org.hibernate.type.CharacterType@539c521f
18-febrero-20 16:47:26:421 DEBUG Test worker o.h.t.BasicTypeRegistry:136 - Adding type registration java.lang.Character -> org.hibernate.type.CharacterType@539c521f
18-febrero-20 16:47:26:423 DEBUG Test worker o.h.t.BasicTypeRegistry:136 - Adding type registration short -> org.hibernate.type.ShortType@645b3a35
18-febrero-20 16:47:26:423 DEBUG Test worker o.h.t.BasicTypeRegistry:136 - Adding type registration short -> org.hibernate.type.ShortType@645b3a35
18-febrero-20 16:47:26:424 DEBUG Test worker o.h.t.BasicTypeRegistry:136 - Adding type registration java.lang.Short -> org.hibernate.type.ShortType@645b3a35
18-febrero-20 16:47:26:425 DEBUG Test worker o.h.t.BasicTypeRegistry:136 - Adding type registration integer -> org.hibernate.type.IntegerType@1c900221
18-febrero-20 16:47:26:425 DEBUG Test worker o.h.t.BasicTypeRegistry:136 - Adding type registration int -> org.hibernate.type.IntegerType@1c900221
18-febrero-20 16:47:26:426 DEBUG Test worker o.h.t.BasicTypeRegistry:136 - Adding type registration java.lang.Integer -> org.hibernate.type.IntegerType@1c900221
18-febrero-20 16:47:26:428 DEBUG Test worker o.h.t.BasicTypeRegistry:136 - Adding type registration long -> org.hibernate.type.LongType@72824f26
18-febrero-20 16:47:26:428 DEBUG Test worker o.h.t.BasicTypeRegistry:136 - Adding type registration long -> org.hibernate.type.LongType@72824f26
18-febrero-20 16:47:26:428 DEBUG Test worker o.h.t.BasicTypeRegistry:136 - Adding type registration java.lang.Long -> org.hibernate.type.LongType@72824f26
18-febrero-20 16:47:26:430 DEBUG Test worker o.h.t.BasicTypeRegistry:136 - Adding type registration float -> org.hibernate.type.FloatType@3477efd7
18-febrero-20 16:47:26:431 DEBUG Test worker o.h.t.BasicTypeRegistry:136 - Adding type registration float -> org.hibernate.type.FloatType@3477efd7
18-febrero-20 16:47:26:431 DEBUG Test worker o.h.t.BasicTypeRegistry:136 - Adding type registration java.lang.Float -> org.hibernate.type.FloatType@3477efd7
18-febrero-20 16:47:26:433 DEBUG Test worker o.h.t.BasicTypeRegistry:136 - Adding type registration double -> org.hibernate.type.DoubleType@7f9cc05f
18-febrero-20 16:47:26:433 DEBUG Test worker o.h.t.BasicTypeRegistry:136 - Adding type registration double -> org.hibernate.type.DoubleType@7f9cc05f
18-febrero-20 16:47:26:433 DEBUG Test worker o.h.t.BasicTypeRegistry:136 - Adding type registration java.lang.Double -> org.hibernate.type.DoubleType@7f9cc05f
18-febrero-20 16:47:26:435 DEBUG Test worker o.h.t.BasicTypeRegistry:136 - Adding type registration big_decimal -> org.hibernate.type.BigDecimalType@287a10ee
18-febrero-20 16:47:26:435 DEBUG Test worker o.h.t.BasicTypeRegistry:136 - Adding type registration java.math.BigDecimal -> org.hibernate.type.BigDecimalType@287a10ee
18-febrero-20 16:47:26:437 DEBUG Test worker o.h.t.BasicTypeRegistry:136 - Adding type registration big_integer -> org.hibernate.type.BigIntegerType@396dfc0d
18-febrero-20 16:47:26:437 DEBUG Test worker o.h.t.BasicTypeRegistry:136 - Adding type registration java.math.BigInteger -> org.hibernate.type.BigIntegerType@396dfc0d
18-febrero-20 16:47:26:439 DEBUG Test worker o.h.t.BasicTypeRegistry:136 - Adding type registration string -> org.hibernate.type.StringType@2aaea953
18-febrero-20 16:47:26:439 DEBUG Test worker o.h.t.BasicTypeRegistry:136 - Adding type registration java.lang.String -> org.hibernate.type.StringType@2aaea953
18-febrero-20 16:47:26:440 DEBUG Test worker o.h.t.BasicTypeRegistry:136 - Adding type registration nstring -> org.hibernate.type.StringNVarcharType@6fa21a7
18-febrero-20 16:47:26:442 DEBUG Test worker o.h.t.BasicTypeRegistry:136 - Adding type registration ncharacter -> org.hibernate.type.CharacterNCharType@4699cba1
18-febrero-20 16:47:26:444 DEBUG Test worker o.h.t.BasicTypeRegistry:136 - Adding type registration url -> org.hibernate.type.UrlType@e48db22
18-febrero-20 16:47:26:444 DEBUG Test worker o.h.t.BasicTypeRegistry:136 - Adding type registration java.net.URL -> org.hibernate.type.UrlType@e48db22
18-febrero-20 16:47:26:447 DEBUG Test worker o.h.t.BasicTypeRegistry:136 - Adding type registration date -> org.hibernate.type.DateType@527d1ced
18-febrero-20 16:47:26:448 DEBUG Test worker o.h.t.BasicTypeRegistry:136 - Adding type registration java.sql.Date -> org.hibernate.type.DateType@527d1ced
18-febrero-20 16:47:26:450 DEBUG Test worker o.h.t.BasicTypeRegistry:136 - Adding type registration time -> org.hibernate.type.TimeType@2509c2b
18-febrero-20 16:47:26:451 DEBUG Test worker o.h.t.BasicTypeRegistry:136 - Adding type registration java.sql.Time -> org.hibernate.type.TimeType@2509c2b
18-febrero-20 16:47:26:454 DEBUG Test worker o.h.t.BasicTypeRegistry:136 - Adding type registration timestamp -> org.hibernate.type.TimestampType@304ee6b7
18-febrero-20 16:47:26:454 DEBUG Test worker o.h.t.BasicTypeRegistry:136 - Adding type registration java.sql.Timestamp -> org.hibernate.type.TimestampType@304ee6b7
18-febrero-20 16:47:26:455 DEBUG Test worker o.h.t.BasicTypeRegistry:136 - Adding type registration java.util.Date -> org.hibernate.type.TimestampType@304ee6b7
18-febrero-20 16:47:26:456 DEBUG Test worker o.h.t.BasicTypeRegistry:136 - Adding type registration dbtimestamp -> org.hibernate.type.DbTimestampType@357c5631
18-febrero-20 16:47:26:458 DEBUG Test worker o.h.t.BasicTypeRegistry:136 - Adding type registration calendar -> org.hibernate.type.CalendarType@58faa615
18-febrero-20 16:47:26:458 DEBUG Test worker o.h.t.BasicTypeRegistry:136 - Adding type registration java.util.Calendar -> org.hibernate.type.CalendarType@58faa615
18-febrero-20 16:47:26:459 DEBUG Test worker o.h.t.BasicTypeRegistry:136 - Adding type registration java.util.GregorianCalendar -> org.hibernate.type.CalendarType@58faa615
18-febrero-20 16:47:26:460 DEBUG Test worker o.h.t.BasicTypeRegistry:136 - Adding type registration calendar_date -> org.hibernate.type.CalendarDateType@2b6ace9e
18-febrero-20 16:47:26:461 DEBUG Test worker o.h.t.BasicTypeRegistry:136 - Adding type registration locale -> org.hibernate.type.LocaleType@76b19d7d
18-febrero-20 16:47:26:462 DEBUG Test worker o.h.t.BasicTypeRegistry:136 - Adding type registration java.util.Locale -> org.hibernate.type.LocaleType@76b19d7d
18-febrero-20 16:47:26:464 DEBUG Test worker o.h.t.BasicTypeRegistry:136 - Adding type registration currency -> org.hibernate.type.CurrencyType@2b6f45f2
18-febrero-20 16:47:26:464 DEBUG Test worker o.h.t.BasicTypeRegistry:136 - Adding type registration java.util.Currency -> org.hibernate.type.CurrencyType@2b6f45f2
18-febrero-20 16:47:26:465 DEBUG Test worker o.h.t.BasicTypeRegistry:136 - Adding type registration timezone -> org.hibernate.type.TimeZoneType@675ff0fc
18-febrero-20 16:47:26:466 DEBUG Test worker o.h.t.BasicTypeRegistry:136 - Adding type registration java.util.TimeZone -> org.hibernate.type.TimeZoneType@675ff0fc
18-febrero-20 16:47:26:467 DEBUG Test worker o.h.t.BasicTypeRegistry:136 - Adding type registration class -> org.hibernate.type.ClassType@44a44e2c
18-febrero-20 16:47:26:467 DEBUG Test worker o.h.t.BasicTypeRegistry:136 - Adding type registration java.lang.Class -> org.hibernate.type.ClassType@44a44e2c
18-febrero-20 16:47:26:470 DEBUG Test worker o.h.t.BasicTypeRegistry:136 - Adding type registration uuid-binary -> org.hibernate.type.UUIDBinaryType@7a37dcb0
18-febrero-20 16:47:26:471 DEBUG Test worker o.h.t.BasicTypeRegistry:136 - Adding type registration java.util.UUID -> org.hibernate.type.UUIDBinaryType@7a37dcb0
18-febrero-20 16:47:26:472 DEBUG Test worker o.h.t.BasicTypeRegistry:136 - Adding type registration uuid-char -> org.hibernate.type.UUIDCharType@1478009a
18-febrero-20 16:47:26:474 DEBUG Test worker o.h.t.BasicTypeRegistry:136 - Adding type registration binary -> org.hibernate.type.BinaryType@2aa7b09f
18-febrero-20 16:47:26:474 DEBUG Test worker o.h.t.BasicTypeRegistry:136 - Adding type registration byte[] -> org.hibernate.type.BinaryType@2aa7b09f
18-febrero-20 16:47:26:475 DEBUG Test worker o.h.t.BasicTypeRegistry:136 - Adding type registration [B -> org.hibernate.type.BinaryType@2aa7b09f
18-febrero-20 16:47:26:477 DEBUG Test worker o.h.t.BasicTypeRegistry:136 - Adding type registration wrapper-binary -> org.hibernate.type.WrapperBinaryType@7884f701
18-febrero-20 16:47:26:477 DEBUG Test worker o.h.t.BasicTypeRegistry:136 - Adding type registration Byte[] -> org.hibernate.type.WrapperBinaryType@7884f701
18-febrero-20 16:47:26:478 DEBUG Test worker o.h.t.BasicTypeRegistry:136 - Adding type registration [Ljava.lang.Byte; -> org.hibernate.type.WrapperBinaryType@7884f701
18-febrero-20 16:47:26:483 DEBUG Test worker o.h.t.BasicTypeRegistry:136 - Adding type registration row_version -> org.hibernate.type.RowVersionType@36b6f219
18-febrero-20 16:47:26:484 DEBUG Test worker o.h.t.BasicTypeRegistry:136 - Adding type registration image -> org.hibernate.type.ImageType@6ec0d2b1
18-febrero-20 16:47:26:486 DEBUG Test worker o.h.t.BasicTypeRegistry:136 - Adding type registration characters -> org.hibernate.type.CharArrayType@94d9d75
18-febrero-20 16:47:26:486 DEBUG Test worker o.h.t.BasicTypeRegistry:136 - Adding type registration char[] -> org.hibernate.type.CharArrayType@94d9d75
18-febrero-20 16:47:26:487 DEBUG Test worker o.h.t.BasicTypeRegistry:136 - Adding type registration [C -> org.hibernate.type.CharArrayType@94d9d75
18-febrero-20 16:47:26:488 DEBUG Test worker o.h.t.BasicTypeRegistry:136 - Adding type registration wrapper-characters -> org.hibernate.type.CharacterArrayType@5de0eccb
18-febrero-20 16:47:26:489 DEBUG Test worker o.h.t.BasicTypeRegistry:136 - Adding type registration [Ljava.lang.Character; -> org.hibernate.type.CharacterArrayType@5de0eccb
18-febrero-20 16:47:26:489 DEBUG Test worker o.h.t.BasicTypeRegistry:136 - Adding type registration Character[] -> org.hibernate.type.CharacterArrayType@5de0eccb
18-febrero-20 16:47:26:490 DEBUG Test worker o.h.t.BasicTypeRegistry:136 - Adding type registration text -> org.hibernate.type.TextType@686d3096
18-febrero-20 16:47:26:494 DEBUG Test worker o.h.t.BasicTypeRegistry:136 - Adding type registration ntext -> org.hibernate.type.NTextType@139bc938
18-febrero-20 16:47:26:498 DEBUG Test worker o.h.t.BasicTypeRegistry:136 - Adding type registration blob -> org.hibernate.type.BlobType@37b60c76
18-febrero-20 16:47:26:499 DEBUG Test worker o.h.t.BasicTypeRegistry:136 - Adding type registration java.sql.Blob -> org.hibernate.type.BlobType@37b60c76
18-febrero-20 16:47:26:499 DEBUG Test worker o.h.t.BasicTypeRegistry:136 - Adding type registration materialized_blob -> org.hibernate.type.MaterializedBlobType@3efa4f95
18-febrero-20 16:47:26:504 DEBUG Test worker o.h.t.BasicTypeRegistry:136 - Adding type registration clob -> org.hibernate.type.ClobType@7a720b59
18-febrero-20 16:47:26:505 DEBUG Test worker o.h.t.BasicTypeRegistry:136 - Adding type registration java.sql.Clob -> org.hibernate.type.ClobType@7a720b59
18-febrero-20 16:47:26:515 DEBUG Test worker o.h.t.BasicTypeRegistry:136 - Adding type registration nclob -> org.hibernate.type.NClobType@6eae4109
18-febrero-20 16:47:26:515 DEBUG Test worker o.h.t.BasicTypeRegistry:136 - Adding type registration java.sql.NClob -> org.hibernate.type.NClobType@6eae4109
18-febrero-20 16:47:26:516 DEBUG Test worker o.h.t.BasicTypeRegistry:136 - Adding type registration materialized_clob -> org.hibernate.type.MaterializedClobType@42120ade
18-febrero-20 16:47:26:517 DEBUG Test worker o.h.t.BasicTypeRegistry:136 - Adding type registration materialized_nclob -> org.hibernate.type.MaterializedNClobType@63faa47b
18-febrero-20 16:47:26:519 DEBUG Test worker o.h.t.BasicTypeRegistry:136 - Adding type registration serializable -> org.hibernate.type.SerializableType@76aebd4d
18-febrero-20 16:47:26:523 DEBUG Test worker o.h.t.BasicTypeRegistry:136 - Adding type registration object -> org.hibernate.type.ObjectType@6fb86480
18-febrero-20 16:47:26:523 DEBUG Test worker o.h.t.BasicTypeRegistry:136 - Adding type registration java.lang.Object -> org.hibernate.type.ObjectType@6fb86480
18-febrero-20 16:47:26:524 DEBUG Test worker o.h.t.BasicTypeRegistry:136 - Adding type registration imm_date -> org.hibernate.type.AdaptedImmutableType@5bde3bfd
18-febrero-20 16:47:26:525 DEBUG Test worker o.h.t.BasicTypeRegistry:136 - Adding type registration imm_time -> org.hibernate.type.AdaptedImmutableType@77eec862
18-febrero-20 16:47:26:525 DEBUG Test worker o.h.t.BasicTypeRegistry:136 - Adding type registration imm_timestamp -> org.hibernate.type.AdaptedImmutableType@5308ad53
18-febrero-20 16:47:26:526 DEBUG Test worker o.h.t.BasicTypeRegistry:136 - Adding type registration imm_dbtimestamp -> org.hibernate.type.AdaptedImmutableType@358cf6ce
18-febrero-20 16:47:26:526 DEBUG Test worker o.h.t.BasicTypeRegistry:136 - Adding type registration imm_calendar -> org.hibernate.type.AdaptedImmutableType@1f272251
18-febrero-20 16:47:26:526 DEBUG Test worker o.h.t.BasicTypeRegistry:136 - Adding type registration imm_calendar_date -> org.hibernate.type.AdaptedImmutableType@1e0b440f
18-febrero-20 16:47:26:527 DEBUG Test worker o.h.t.BasicTypeRegistry:136 - Adding type registration imm_binary -> org.hibernate.type.AdaptedImmutableType@8ff10a8
18-febrero-20 16:47:26:527 DEBUG Test worker o.h.t.BasicTypeRegistry:136 - Adding type registration imm_serializable -> org.hibernate.type.AdaptedImmutableType@5a97bdff
18-febrero-20 16:47:26:543 DEBUG Test worker o.h.e.j.e.i.JdbcEnvironmentInitiator:72 - Database ->
       name : H2
    version : 1.3.148 (2010-12-12)
      major : 1
      minor : 3
18-febrero-20 16:47:26:543 DEBUG Test worker o.h.e.j.e.i.JdbcEnvironmentInitiator:83 - Driver ->
       name : H2 JDBC Driver
    version : 1.3.148 (2010-12-12)
      major : 1
      minor : 3
18-febrero-20 16:47:26:543 DEBUG Test worker o.h.e.j.e.i.JdbcEnvironmentInitiator:389 - JDBC version : 3.0
18-febrero-20 16:47:26:569  INFO Test worker o.h.d.Dialect:156 - HHH000400: Using dialect: org.hibernate.dialect.H2Dialect
18-febrero-20 16:47:26:741  INFO Test worker o.h.e.j.e.i.LobCreatorBuilderImpl:98 - HHH000423: Disabling contextual LOB creation as JDBC driver reported JDBC version [3] less than 4
18-febrero-20 16:47:26:762 DEBUG Test worker o.h.i.f.i.DefaultIdentifierGeneratorFactory:81 - Registering IdentifierGenerator strategy [uuid2] -> [org.hibernate.id.UUIDGenerator]
18-febrero-20 16:47:26:763 DEBUG Test worker o.h.i.f.i.DefaultIdentifierGeneratorFactory:81 - Registering IdentifierGenerator strategy [guid] -> [org.hibernate.id.GUIDGenerator]
18-febrero-20 16:47:26:763 DEBUG Test worker o.h.i.f.i.DefaultIdentifierGeneratorFactory:81 - Registering IdentifierGenerator strategy [uuid] -> [org.hibernate.id.UUIDHexGenerator]
18-febrero-20 16:47:26:764 DEBUG Test worker o.h.i.f.i.DefaultIdentifierGeneratorFactory:81 - Registering IdentifierGenerator strategy [uuid.hex] -> [org.hibernate.id.UUIDHexGenerator]
18-febrero-20 16:47:26:764 DEBUG Test worker o.h.i.f.i.DefaultIdentifierGeneratorFactory:81 - Registering IdentifierGenerator strategy [assigned] -> [org.hibernate.id.Assigned]
18-febrero-20 16:47:26:765 DEBUG Test worker o.h.i.f.i.DefaultIdentifierGeneratorFactory:81 - Registering IdentifierGenerator strategy [identity] -> [org.hibernate.id.IdentityGenerator]
18-febrero-20 16:47:26:766 DEBUG Test worker o.h.i.f.i.DefaultIdentifierGeneratorFactory:81 - Registering IdentifierGenerator strategy [select] -> [org.hibernate.id.SelectGenerator]
18-febrero-20 16:47:26:767 DEBUG Test worker o.h.i.f.i.DefaultIdentifierGeneratorFactory:81 - Registering IdentifierGenerator strategy [sequence] -> [org.hibernate.id.enhanced.SequenceStyleGenerator]
18-febrero-20 16:47:26:768 DEBUG Test worker o.h.i.f.i.DefaultIdentifierGeneratorFactory:81 - Registering IdentifierGenerator strategy [seqhilo] -> [org.hibernate.id.SequenceHiLoGenerator]
18-febrero-20 16:47:26:769 DEBUG Test worker o.h.i.f.i.DefaultIdentifierGeneratorFactory:81 - Registering IdentifierGenerator strategy [increment] -> [org.hibernate.id.IncrementGenerator]
18-febrero-20 16:47:26:770 DEBUG Test worker o.h.i.f.i.DefaultIdentifierGeneratorFactory:81 - Registering IdentifierGenerator strategy [foreign] -> [org.hibernate.id.ForeignGenerator]
18-febrero-20 16:47:26:771 DEBUG Test worker o.h.i.f.i.DefaultIdentifierGeneratorFactory:81 - Registering IdentifierGenerator strategy [sequence-identity] -> [org.hibernate.id.SequenceIdentityGenerator]
18-febrero-20 16:47:26:771 DEBUG Test worker o.h.i.f.i.DefaultIdentifierGeneratorFactory:81 - Registering IdentifierGenerator strategy [enhanced-sequence] -> [org.hibernate.id.enhanced.SequenceStyleGenerator]
18-febrero-20 16:47:26:773 DEBUG Test worker o.h.i.f.i.DefaultIdentifierGeneratorFactory:81 - Registering IdentifierGenerator strategy [enhanced-table] -> [org.hibernate.id.enhanced.TableGenerator]
18-febrero-20 16:47:26:773 DEBUG Test worker o.h.i.f.i.DefaultIdentifierGeneratorFactory:81 - Registering IdentifierGenerator strategy [sequence] -> [org.hibernate.id.SequenceGenerator]
18-febrero-20 16:47:26:773 DEBUG Test worker o.h.i.f.i.DefaultIdentifierGeneratorFactory:84 -     - overriding [org.hibernate.id.enhanced.SequenceStyleGenerator]
18-febrero-20 16:47:26:811 DEBUG Test worker o.h.b.m.r.Namespace:47 - Created database namespace [logicalName=Name{catalog=null, schema=null}, physicalName=Name{catalog=null, schema=null}]
18-febrero-20 16:47:26:832 DEBUG Test worker o.h.c.AnnotationBinder:509 - Binding entity from annotated class: com.privalia.domain.Product
18-febrero-20 16:47:26:853 DEBUG Test worker o.h.c.Ejb3Column:213 - Binding column: Ejb3DiscriminatorColumn{logicalColumnName'DTYPE', discriminatorTypeName='string'}
18-febrero-20 16:47:26:858 DEBUG Test worker o.h.c.a.EntityBinder:409 - Import with entity name Product
18-febrero-20 16:47:26:865 DEBUG Test worker o.h.c.a.EntityBinder:685 - Bind entity com.privalia.domain.Product on table product
18-febrero-20 16:47:26:889 DEBUG Test worker o.h.c.Ejb3Column:213 - Binding column: Ejb3Column{table=org.hibernate.mapping.Table(product), mappingColumn=id, insertable=true, updatable=true, unique=false}
18-febrero-20 16:47:26:892 DEBUG Test worker o.h.c.a.PropertyBinder:169 - MetadataSourceProcessor property id with lazy=false
18-febrero-20 16:47:26:893 DEBUG Test worker o.h.c.AbstractPropertyHolder:90 - Attempting to locate auto-apply AttributeConverter for property [com.privalia.domain.Product:id]
18-febrero-20 16:47:26:895 DEBUG Test worker o.h.c.a.SimpleValueBinder:395 - building SimpleValue for id
18-febrero-20 16:47:26:897 DEBUG Test worker o.h.c.a.PropertyBinder:260 - Building property id
18-febrero-20 16:47:26:899 DEBUG Test worker o.h.c.Ejb3Column:213 - Binding column: Ejb3Column{table=org.hibernate.mapping.Table(product), mappingColumn=description, insertable=true, updatable=true, unique=false}
18-febrero-20 16:47:26:900 DEBUG Test worker o.h.c.a.PropertyBinder:169 - MetadataSourceProcessor property description with lazy=false
18-febrero-20 16:47:26:900 DEBUG Test worker o.h.c.AbstractPropertyHolder:90 - Attempting to locate auto-apply AttributeConverter for property [com.privalia.domain.Product:description]
18-febrero-20 16:47:26:901 DEBUG Test worker o.h.c.a.SimpleValueBinder:395 - building SimpleValue for description
18-febrero-20 16:47:26:901 DEBUG Test worker o.h.c.a.PropertyBinder:260 - Building property description
18-febrero-20 16:47:26:902 DEBUG Test worker o.h.c.Ejb3Column:213 - Binding column: Ejb3Column{table=org.hibernate.mapping.Table(product), mappingColumn=image_url, insertable=true, updatable=true, unique=false}
18-febrero-20 16:47:26:902 DEBUG Test worker o.h.c.a.PropertyBinder:169 - MetadataSourceProcessor property imageUrl with lazy=false
18-febrero-20 16:47:26:903 DEBUG Test worker o.h.c.AbstractPropertyHolder:90 - Attempting to locate auto-apply AttributeConverter for property [com.privalia.domain.Product:imageUrl]
18-febrero-20 16:47:26:903 DEBUG Test worker o.h.c.a.SimpleValueBinder:395 - building SimpleValue for imageUrl
18-febrero-20 16:47:26:903 DEBUG Test worker o.h.c.a.PropertyBinder:260 - Building property imageUrl
18-febrero-20 16:47:26:904 DEBUG Test worker o.h.c.Ejb3Column:213 - Binding column: Ejb3Column{table=org.hibernate.mapping.Table(product), mappingColumn=price, insertable=true, updatable=true, unique=false}
18-febrero-20 16:47:26:904 DEBUG Test worker o.h.c.a.PropertyBinder:169 - MetadataSourceProcessor property price with lazy=false
18-febrero-20 16:47:26:904 DEBUG Test worker o.h.c.AbstractPropertyHolder:90 - Attempting to locate auto-apply AttributeConverter for property [com.privalia.domain.Product:price]
18-febrero-20 16:47:26:905 DEBUG Test worker o.h.c.a.SimpleValueBinder:395 - building SimpleValue for price
18-febrero-20 16:47:26:906 DEBUG Test worker o.h.c.a.PropertyBinder:260 - Building property price
18-febrero-20 16:47:26:906 DEBUG Test worker o.h.c.Ejb3Column:213 - Binding column: Ejb3Column{table=org.hibernate.mapping.Table(product), mappingColumn=product_id, insertable=true, updatable=true, unique=false}
18-febrero-20 16:47:26:907 DEBUG Test worker o.h.c.a.PropertyBinder:169 - MetadataSourceProcessor property productId with lazy=false
18-febrero-20 16:47:26:907 DEBUG Test worker o.h.c.AbstractPropertyHolder:90 - Attempting to locate auto-apply AttributeConverter for property [com.privalia.domain.Product:productId]
18-febrero-20 16:47:26:908 DEBUG Test worker o.h.c.a.SimpleValueBinder:395 - building SimpleValue for productId
18-febrero-20 16:47:26:908 DEBUG Test worker o.h.c.a.PropertyBinder:260 - Building property productId
18-febrero-20 16:47:26:909 DEBUG Test worker o.h.c.Ejb3Column:213 - Binding column: Ejb3Column{table=org.hibernate.mapping.Table(product), mappingColumn=version, insertable=true, updatable=true, unique=false}
18-febrero-20 16:47:26:909 DEBUG Test worker o.h.c.a.PropertyBinder:169 - MetadataSourceProcessor property version with lazy=false
18-febrero-20 16:47:26:909 DEBUG Test worker o.h.c.AbstractPropertyHolder:90 - Attempting to locate auto-apply AttributeConverter for property [com.privalia.domain.Product:version]
18-febrero-20 16:47:26:910 DEBUG Test worker o.h.c.a.SimpleValueBinder:395 - building SimpleValue for version
18-febrero-20 16:47:26:910 DEBUG Test worker o.h.c.a.PropertyBinder:260 - Building property version
18-febrero-20 16:47:26:919 DEBUG Test worker o.h.c.a.SimpleValueBinder:437 - Starting fillSimpleValue for id
18-febrero-20 16:47:26:919 DEBUG Test worker o.h.c.a.SimpleValueBinder:437 - Starting fillSimpleValue for description
18-febrero-20 16:47:26:920 DEBUG Test worker o.h.c.a.SimpleValueBinder:437 - Starting fillSimpleValue for imageUrl
18-febrero-20 16:47:26:922 DEBUG Test worker o.h.c.a.SimpleValueBinder:437 - Starting fillSimpleValue for price
18-febrero-20 16:47:26:923 DEBUG Test worker o.h.c.a.SimpleValueBinder:437 - Starting fillSimpleValue for productId
18-febrero-20 16:47:26:923 DEBUG Test worker o.h.c.a.SimpleValueBinder:437 - Starting fillSimpleValue for version
18-febrero-20 16:47:26:925 DEBUG Test worker o.h.m.PrimaryKey:35 - Forcing column [id] to be non-null as it is part of the primary key for table [product]
18-febrero-20 16:47:26:967 DEBUG Test worker o.h.i.SessionFactoryImpl:212 - Building session factory
18-febrero-20 16:47:26:973 DEBUG Test worker o.h.c.Settings:69 - SessionFactory name : null
18-febrero-20 16:47:26:974 DEBUG Test worker o.h.c.Settings:70 - Automatic flush during beforeCompletion(): disabled
18-febrero-20 16:47:26:974 DEBUG Test worker o.h.c.Settings:71 - Automatic session close at end of transaction: disabled
18-febrero-20 16:47:26:975 DEBUG Test worker o.h.c.Settings:73 - Statistics: disabled
18-febrero-20 16:47:26:975 DEBUG Test worker o.h.c.Settings:75 - Deleted entity synthetic identifier rollback: disabled
18-febrero-20 16:47:26:976 DEBUG Test worker o.h.c.Settings:76 - Default entity-mode: pojo
18-febrero-20 16:47:26:976 DEBUG Test worker o.h.c.Settings:77 - Check Nullability in Core (should be disabled when Bean Validation is on): enabled
18-febrero-20 16:47:26:976 DEBUG Test worker o.h.c.Settings:78 - Allow initialization of lazy state outside session : disabled
18-febrero-20 16:47:26:978 DEBUG Test worker o.h.c.Settings:80 - Using BatchFetchStyle : LEGACY
18-febrero-20 16:47:26:979 DEBUG Test worker o.h.c.Settings:81 - Default batch fetch size: -1
18-febrero-20 16:47:26:979 DEBUG Test worker o.h.c.Settings:82 - Maximum outer join fetch depth: null
18-febrero-20 16:47:26:980 DEBUG Test worker o.h.c.Settings:83 - Default null ordering: NONE
18-febrero-20 16:47:26:980 DEBUG Test worker o.h.c.Settings:84 - Order SQL updates by primary key: disabled
18-febrero-20 16:47:26:981 DEBUG Test worker o.h.c.Settings:85 - Order SQL inserts for batching: disabled
18-febrero-20 16:47:26:981 DEBUG Test worker o.h.c.Settings:87 - multi-tenancy strategy : NONE
18-febrero-20 16:47:26:982 DEBUG Test worker o.h.c.Settings:89 - JTA Track by Thread: enabled
18-febrero-20 16:47:26:982 DEBUG Test worker o.h.c.Settings:91 - Query language substitutions: {}
18-febrero-20 16:47:26:982 DEBUG Test worker o.h.c.Settings:92 - JPA query language strict compliance: disabled
18-febrero-20 16:47:26:983 DEBUG Test worker o.h.c.Settings:93 - Named query checking : enabled
18-febrero-20 16:47:26:983 DEBUG Test worker o.h.c.Settings:95 - Second-level cache: enabled
18-febrero-20 16:47:26:984 DEBUG Test worker o.h.c.Settings:96 - Second-level query cache: disabled
18-febrero-20 16:47:26:984 DEBUG Test worker o.h.c.Settings:97 - Second-level query cache factory: org.hibernate.cache.internal.StandardQueryCacheFactory@63ed7e9a
18-febrero-20 16:47:26:984 DEBUG Test worker o.h.c.Settings:98 - Second-level cache region prefix: null
18-febrero-20 16:47:26:986 DEBUG Test worker o.h.c.Settings:99 - Optimize second-level cache for minimal puts: disabled
18-febrero-20 16:47:26:987 DEBUG Test worker o.h.c.Settings:100 - Structured second-level cache entries: disabled
18-febrero-20 16:47:26:987 DEBUG Test worker o.h.c.Settings:101 - Second-level cache direct-reference entries: disabled
18-febrero-20 16:47:26:988 DEBUG Test worker o.h.c.Settings:102 - Automatic eviction of collection cache: disabled
18-febrero-20 16:47:26:988 DEBUG Test worker o.h.c.Settings:104 - JDBC batch size: 15
18-febrero-20 16:47:26:988 DEBUG Test worker o.h.c.Settings:105 - JDBC batch updates for versioned data: enabled
18-febrero-20 16:47:26:989 DEBUG Test worker o.h.c.Settings:106 - Scrollable result sets: enabled
18-febrero-20 16:47:26:989 DEBUG Test worker o.h.c.Settings:107 - Wrap result sets: disabled
18-febrero-20 16:47:26:989 DEBUG Test worker o.h.c.Settings:108 - JDBC3 getGeneratedKeys(): enabled
18-febrero-20 16:47:26:989 DEBUG Test worker o.h.c.Settings:109 - JDBC result set fetch size: null
18-febrero-20 16:47:26:990 DEBUG Test worker o.h.c.Settings:110 - Connection release mode: ON_CLOSE
18-febrero-20 16:47:26:990 DEBUG Test worker o.h.c.Settings:111 - Generate SQL with comments: disabled
18-febrero-20 16:47:27:036 DEBUG Test worker o.h.i.SessionFactoryImpl:877 - Returning a Reference to the SessionFactory
18-febrero-20 16:47:27:037 DEBUG Test worker o.h.i.SessionFactoryImpl:257 - Session factory constructed with filter configurations : {}
18-febrero-20 16:47:27:038 DEBUG Test worker o.h.i.SessionFactoryImpl:258 - Instantiating session factory with properties: {java.vendor=Oracle Corporation, sun.java.launcher=SUN_STANDARD, sun.management.compiler=HotSpot 64-Bit Tiered Compilers, hibernate.implicit_naming_strategy=org.springframework.boot.orm.jpa.hibernate.SpringImplicitNamingStrategy, os.name=Mac OS X, sun.boot.class.path=/Library/Java/JavaVirtualMachines/jdk1.8.0_151.jdk/Contents/Home/jre/lib/resources.jar:/Library/Java/JavaVirtualMachines/jdk1.8.0_151.jdk/Contents/Home/jre/lib/rt.jar:/Library/Java/JavaVirtualMachines/jdk1.8.0_151.jdk/Contents/Home/jre/lib/sunrsasign.jar:/Library/Java/JavaVirtualMachines/jdk1.8.0_151.jdk/Contents/Home/jre/lib/jsse.jar:/Library/Java/JavaVirtualMachines/jdk1.8.0_151.jdk/Contents/Home/jre/lib/jce.jar:/Library/Java/JavaVirtualMachines/jdk1.8.0_151.jdk/Contents/Home/jre/lib/charsets.jar:/Library/Java/JavaVirtualMachines/jdk1.8.0_151.jdk/Contents/Home/jre/lib/jfr.jar:/Library/Java/JavaVirtualMachines/jdk1.8.0_151.jdk/Contents/Home/jre/classes, java.vm.specification.vendor=Oracle Corporation, java.runtime.version=1.8.0_151-b12, user.name=ivan.garcia, javax.persistence.validation.mode=AUTO, user.language=es, sun.boot.library.path=/Library/Java/JavaVirtualMachines/jdk1.8.0_151.jdk/Contents/Home/jre/lib, PID=88121, java.version=1.8.0_151, user.timezone=Europe/Madrid, sun.arch.data.model=64, http.nonProxyHosts=local|*.local|169.254/16|*.169.254/16, java.endorsed.dirs=/Library/Java/JavaVirtualMachines/jdk1.8.0_151.jdk/Contents/Home/jre/lib/endorsed, sun.cpu.isalist=, sun.jnu.encoding=UTF-8, file.encoding.pkg=sun.io, file.separator=/, java.specification.name=Java Platform API Specification, java.class.version=52.0, user.country=ES, java.home=/Library/Java/JavaVirtualMachines/jdk1.8.0_151.jdk/Contents/Home/jre, java.vm.info=mixed mode, os.version=10.13.3, hibernate.boot.CfgXmlAccessService.key=org.hibernate.boot.cfgxml.spi.LoadedConfig@3d64a9b, hibernate.connection.datasource=org.apache.tomcat.jdbc.pool.DataSource@557ffb63{ConnectionPool[defaultAutoCommit=null; defaultReadOnly=null; defaultTransactionIsolation=-1; defaultCatalog=null; driverClassName=org.h2.Driver; maxActive=100; maxIdle=100; minIdle=10; initialSize=10; maxWait=30000; testOnBorrow=true; testOnReturn=false; timeBetweenEvictionRunsMillis=5000; numTestsPerEvictionRun=0; minEvictableIdleTimeMillis=60000; testWhileIdle=false; testOnConnect=false; password=********; url=jdbc:h2:mem:AZ;DB_CLOSE_DELAY=-1;DB_CLOSE_ON_EXIT=FALSE; username=sa; validationQuery=SELECT 1; validationQueryTimeout=-1; validatorClassName=null; validationInterval=3000; accessToUnderlyingConnectionAllowed=true; removeAbandoned=false; removeAbandonedTimeout=60; logAbandoned=false; connectionProperties=null; initSQL=null; jdbcInterceptors=null; jmxEnabled=true; fairQueue=true; useEquals=true; abandonWhenPercentageFull=0; maxAge=0; useLock=false; dataSource=null; dataSourceJNDI=null; suspectTimeout=0; alternateUsernameAllowed=false; commitOnReturn=false; rollbackOnReturn=false; useDisposableConnectionFacade=true; logValidationErrors=false; propagateInterruptState=false; ignoreExceptionOnPreLoad=false; useStatementFacade=true; }, path.separator=:, java.vm.version=25.151-b12, org.jboss.logging.provider=slf4j, user.variant=, hibernate.id.new_generator_mappings=false, java.awt.printerjob=sun.lwawt.macosx.CPrinterJob, sun.io.unicode.encoding=UnicodeBig, awt.toolkit=sun.lwawt.macosx.LWCToolkit, socksNonProxyHosts=local|*.local|169.254/16|*.169.254/16, ftp.nonProxyHosts=local|*.local|169.254/16|*.169.254/16, user.home=/Users/ivan.garcia, java.specification.vendor=Oracle Corporation, hibernate.transaction.coordinator_class=class org.hibernate.resource.transaction.backend.jdbc.internal.JdbcResourceLocalTransactionCoordinatorBuilderImpl, hibernate.hbm2ddl.auto=create-drop, org.gradle.test.worker=1, java.library.path=/Users/ivan.garcia/Library/Java/Extensions:/Library/Java/Extensions:/Network/Library/Java/Extensions:/System/Library/Java/Extensions:/usr/lib/java:., java.vendor.url=http://java.oracle.com/, spring.beaninfo.ignore=true, java.vm.vendor=Oracle Corporation, gopherProxySet=false, hibernate.dialect=org.hibernate.dialect.H2Dialect, hibernate.ejb.persistenceUnitName=default, java.runtime.name=Java(TM) SE Runtime Environment, sun.java.command=jarjar.org.gradle.process.internal.launcher.GradleWorkerMain 'Gradle Test Executor 1', java.class.path=/Users/ivan.garcia/Documents/eclipse-workspace/PrivaliaSpringBootProject/build/classes/test:/Users/ivan.garcia/Documents/eclipse-workspace/PrivaliaSpringBootProject/build/resources/test:/Users/ivan.garcia/Documents/eclipse-workspace/PrivaliaSpringBootProject/build/classes/main:/Users/ivan.garcia/Documents/eclipse-workspace/PrivaliaSpringBootProject/build/resources/main:/Users/ivan.garcia/.gradle/caches/modules-2/files-2.1/org.springframework.boot/spring-boot-starter-web/1.4.7.RELEASE/3e77db6ed4b3f698909be8ae0b38ff0c2df9fad6/spring-boot-starter-web-1.4.7.RELEASE.jar:/Users/ivan.garcia/.gradle/caches/modules-2/files-2.1/org.springframework.boot/spring-boot-starter-data-jpa/1.4.7.RELEASE/ab83efd2522e8a9c2a8f7fa14d4cb71e88c7a30c/spring-boot-starter-data-jpa-1.4.7.RELEASE.jar:/Users/ivan.garcia/.gradle/caches/modules-2/files-2.1/org.springframework.boot/spring-boot-starter-data-rest/1.4.7.RELEASE/5a6d5c80c7eece16fbf3fcec37c27f167053769b/spring-boot-starter-data-rest-1.4.7.RELEASE.jar:/Users/ivan.garcia/.gradle/caches/modules-2/files-2.1/org.springframework.boot/spring-boot-starter-security/1.4.7.RELEASE/da8f98ec4e1eb7d54997117dbdb42f3d0d8d08d7/spring-boot-starter-security-1.4.7.RELEASE.jar:/Users/ivan.garcia/.gradle/caches/modules-2/files-2.1/io.springfox/springfox-swagger-ui/2.6.1/4c854c86c91ab36c86fc1a63571a0614c2ea9ab2/springfox-swagger-ui-2.6.1.jar:/Users/ivan.garcia/.gradle/caches/modules-2/files-2.1/io.springfox/springfox-swagger2/2.6.1/73c3a70ec0b10b61c8eb9ef1659131cd78dbbd82/springfox-swagger2-2.6.1.jar:/Users/ivan.garcia/.gradle/caches/modules-2/files-2.1/org.springframework.boot/spring-boot-devtools/1.4.7.RELEASE/744c89d4b3899f59172844b475bba16fcc4d62b4/spring-boot-devtools-1.4.7.RELEASE.jar:/Users/ivan.garcia/.gradle/caches/modules-2/files-2.1/com.h2database/h2/1.3.148/ce09b82b041aed744c94cb1b1addd8a8ba244e54/h2-1.3.148.jar:/Users/ivan.garcia/.gradle/caches/modules-2/files-2.1/org.springframework.boot/spring-boot-starter-test/1.4.7.RELEASE/4180347d8c3cd93ac7e6cb46edbea3d0b4e7a58c/spring-boot-starter-test-1.4.7.RELEASE.jar:/Users/ivan.garcia/.gradle/caches/modules-2/files-2.1/org.springframework.boot/spring-boot-starter/1.4.7.RELEASE/9c55355d79dc5adb0d53e55f286ae30933782c34/spring-boot-starter-1.4.7.RELEASE.jar:/Users/ivan.garcia/.gradle/caches/modules-2/files-2.1/org.springframework.boot/spring-boot-starter-tomcat/1.4.7.RELEASE/ca554242b57c3a163f20d07748a26a3f82f91b94/spring-boot-starter-tomcat-1.4.7.RELEASE.jar:/Users/ivan.garcia/.gradle/caches/modules-2/files-2.1/org.hibernate/hibernate-validator/5.2.5.Final/c7e539ab701705d82276a599cb1ba222e1433bd8/hibernate-validator-5.2.5.Final.jar:/Users/ivan.garcia/.gradle/caches/modules-2/files-2.1/com.fasterxml.jackson.core/jackson-databind/2.8.8/bf88c7b27e95cbadce4e7c316a56c3efffda8026/jackson-databind-2.8.8.jar:/Users/ivan.garcia/.gradle/caches/modules-2/files-2.1/org.springframework/spring-web/4.3.9.RELEASE/91dae64c4280093ad5fb4736a10913c9233479c1/spring-web-4.3.9.RELEASE.jar:/Users/ivan.garcia/.gradle/caches/modules-2/files-2.1/org.springframework/spring-webmvc/4.3.9.RELEASE/ca80b4a00abc388d8046bf372099f35564371c47/spring-webmvc-4.3.9.RELEASE.jar:/Users/ivan.garcia/.gradle/caches/modules-2/files-2.1/org.springframework.boot/spring-boot-starter-aop/1.4.7.RELEASE/8e1654a8a586e1de8d8ffaee2ff7a214678db79c/spring-boot-starter-aop-1.4.7.RELEASE.jar:/Users/ivan.garcia/.gradle/caches/modules-2/files-2.1/org.springframework.boot/spring-boot-starter-jdbc/1.4.7.RELEASE/8346dd8dfdd415206979219bee54257b5f0c0a0c/spring-boot-starter-jdbc-1.4.7.RELEASE.jar:/Users/ivan.garcia/.gradle/caches/modules-2/files-2.1/org.hibernate/hibernate-core/5.0.12.Final/e58bf1c660e6706d8e2cbb53bae110f574366102/hibernate-core-5.0.12.Final.jar:/Users/ivan.garcia/.gradle/caches/modules-2/files-2.1/org.hibernate/hibernate-entitymanager/5.0.12.Final/302a526f5058290e9cbd719a5caf9f248d344719/hibernate-entitymanager-5.0.12.Final.jar:/Users/ivan.garcia/.gradle/caches/modules-2/files-2.1/javax.transaction/javax.transaction-api/1.2/d81aff979d603edd90dcd8db2abc1f4ce6479e3e/javax.transaction-api-1.2.jar:/Users/ivan.garcia/.gradle/caches/modules-2/files-2.1/org.springframework.data/spring-data-jpa/1.10.11.RELEASE/5ed321218bdf709f3f915b33d792ce0cc9dc9a93/spring-data-jpa-1.10.11.RELEASE.jar:/Users/ivan.garcia/.gradle/caches/modules-2/files-2.1/org.springframework/spring-aspects/4.3.9.RELEASE/6030e253c56ff13df8c1c0e5e17c3b50e5e368b9/spring-aspects-4.3.9.RELEASE.jar:/Users/ivan.garcia/.gradle/caches/modules-2/files-2.1/com.fasterxml.jackson.core/jackson-annotations/2.8.8/1ed81c0e4eb2d261d1da0a3a45bd6b199fb5cf9a/jackson-annotations-2.8.8.jar:/Users/ivan.garcia/.gradle/caches/modules-2/files-2.1/org.springframework.data/spring-data-rest-webmvc/2.5.11.RELEASE/bbe67ac5cf23ca4f9244e4588d47683be994cd90/spring-data-rest-webmvc-2.5.11.RELEASE.jar:/Users/ivan.garcia/.gradle/caches/modules-2/files-2.1/org.springframework/spring-aop/4.3.9.RELEASE/95f5f5cf3cae64266a89dc1bc9e0484425cd8358/spring-aop-4.3.9.RELEASE.jar:/Users/ivan.garcia/.gradle/caches/modules-2/files-2.1/org.springframework.security/spring-security-config/4.1.4.RELEASE/cdbe774537be58d3d7ca0662619bf9f57b5c8209/spring-security-config-4.1.4.RELEASE.jar:/Users/ivan.garcia/.gradle/caches/modules-2/files-2.1/org.springframework.security/spring-security-web/4.1.4.RELEASE/f3560a3e82a910b8005f28552e4cb0660ce50b26/spring-security-web-4.1.4.RELEASE.jar:/Users/ivan.garcia/.gradle/caches/modules-2/files-2.1/io.springfox/springfox-spring-web/2.6.1/6478ed7e49755b652aac907d42a735349056a6a/springfox-spring-web-2.6.1.jar:/Users/ivan.garcia/.gradle/caches/modules-2/files-2.1/io.swagger/swagger-annotations/1.5.10/246ec68bce560227d3633d5ab5979437544bd6dc/swagger-annotations-1.5.10.jar:/Users/ivan.garcia/.gradle/caches/modules-2/files-2.1/io.swagger/swagger-models/1.5.10/da29e4f4f7cff80b1ef134b0f3805013be443e58/swagger-models-1.5.10.jar:/Users/ivan.garcia/.gradle/caches/modules-2/files-2.1/io.springfox/springfox-spi/2.6.1/972ae720c6a9a5f31be2744972b435cc39166174/springfox-spi-2.6.1.jar:/Users/ivan.garcia/.gradle/caches/modules-2/files-2.1/io.springfox/springfox-schema/2.6.1/b4d837ed7dc726a59504d2e6587e162e071a8965/springfox-schema-2.6.1.jar:/Users/ivan.garcia/.gradle/caches/modules-2/files-2.1/io.springfox/springfox-swagger-common/2.6.1/47befb039a0a1f0cdaab74d2777fa9eb6b01f8db/springfox-swagger-common-2.6.1.jar:/Users/ivan.garcia/.gradle/caches/modules-2/files-2.1/com.google.guava/guava/18.0/cce0823396aa693798f8882e64213b1772032b09/guava-18.0.jar:/Users/ivan.garcia/.gradle/caches/modules-2/files-2.1/com.fasterxml/classmate/1.3.3/864c8e370a691e343210cc7c532fc198cee460d8/classmate-1.3.3.jar:/Users/ivan.garcia/.gradle/caches/modules-2/files-2.1/org.slf4j/slf4j-api/1.7.25/da76ca59f6a57ee3102f8f9bd9cee742973efa8a/slf4j-api-1.7.25.jar:/Users/ivan.garcia/.gradle/caches/modules-2/files-2.1/org.springframework.plugin/spring-plugin-core/1.2.0.RELEASE/f380e7760032e7d929184f8ad8a33716b75c0657/spring-plugin-core-1.2.0.RELEASE.jar:/Users/ivan.garcia/.gradle/caches/modules-2/files-2.1/org.springframework.plugin/spring-plugin-metadata/1.2.0.RELEASE/97223fc496b6cab31602eedbd4202aa4fff0d44f/spring-plugin-metadata-1.2.0.RELEASE.jar:/Users/ivan.garcia/.gradle/caches/modules-2/files-2.1/org.mapstruct/mapstruct/1.0.0.Final/794bb2c7d3dd69211deb22857d92fb4c5361be3f/mapstruct-1.0.0.Final.jar:/Users/ivan.garcia/.gradle/caches/modules-2/files-2.1/org.springframework.boot/spring-boot/1.4.7.RELEASE/1a73f7004206cdb0de23f1e63b8c1c9c6c0db4e/spring-boot-1.4.7.RELEASE.jar:/Users/ivan.garcia/.gradle/caches/modules-2/files-2.1/org.springframework.boot/spring-boot-autoconfigure/1.4.7.RELEASE/30d3d2f44bc9446389e9c520f6c92cd7a3b24af0/spring-boot-autoconfigure-1.4.7.RELEASE.jar:/Users/ivan.garcia/.gradle/caches/modules-2/files-2.1/org.springframework.boot/spring-boot-test/1.4.7.RELEASE/1a4f4231a61b99d516d06bc77f969d78e78116ff/spring-boot-test-1.4.7.RELEASE.jar:/Users/ivan.garcia/.gradle/caches/modules-2/files-2.1/org.springframework.boot/spring-boot-test-autoconfigure/1.4.7.RELEASE/e871387535de39baec6dcd0b6bbb95e36379c2e9/spring-boot-test-autoconfigure-1.4.7.RELEASE.jar:/Users/ivan.garcia/.gradle/caches/modules-2/files-2.1/com.jayway.jsonpath/json-path/2.2.0/22290d17944bd239fabf5ac69005a60a7ecbbbcb/json-path-2.2.0.jar:/Users/ivan.garcia/.gradle/caches/modules-2/files-2.1/junit/junit/4.12/2973d150c0dc1fefe998f834810d68f278ea58ec/junit-4.12.jar:/Users/ivan.garcia/.gradle/caches/modules-2/files-2.1/org.assertj/assertj-core/2.5.0/fcd21db4c5f33e5dcac69bf1816415fe0647582f/assertj-core-2.5.0.jar:/Users/ivan.garcia/.gradle/caches/modules-2/files-2.1/org.mockito/mockito-core/1.10.19/e8546f5bef4e061d8dd73895b4e8f40e3fe6effe/mockito-core-1.10.19.jar:/Users/ivan.garcia/.gradle/caches/modules-2/files-2.1/org.hamcrest/hamcrest-core/1.3/42a25dc3219429f0e5d060061f71acb49bf010a0/hamcrest-core-1.3.jar:/Users/ivan.garcia/.gradle/caches/modules-2/files-2.1/org.hamcrest/hamcrest-library/1.3/4785a3c21320980282f9f33d0d1264a69040538f/hamcrest-library-1.3.jar:/Users/ivan.garcia/.gradle/caches/modules-2/files-2.1/org.skyscreamer/jsonassert/1.3.0/d5c250eb122496866de36dc84f98e2945845ecdd/jsonassert-1.3.0.jar:/Users/ivan.garcia/.gradle/caches/modules-2/files-2.1/org.springframework/spring-core/4.3.9.RELEASE/430b7298bfb85d66fb61e19ca8f06231b911e9f5/spring-core-4.3.9.RELEASE.jar:/Users/ivan.garcia/.gradle/caches/modules-2/files-2.1/org.springframework/spring-test/4.3.9.RELEASE/35bf4c38c9245f5baeeda4bea7c41f4f33c5daf3/spring-test-4.3.9.RELEASE.jar:/Users/ivan.garcia/.gradle/caches/modules-2/files-2.1/org.springframework.boot/spring-boot-starter-logging/1.4.7.RELEASE/bb617b8e7c2a309dacd8f9863347845b8666f186/spring-boot-starter-logging-1.4.7.RELEASE.jar:/Users/ivan.garcia/.gradle/caches/modules-2/files-2.1/org.yaml/snakeyaml/1.17/7a27ea250c5130b2922b86dea63cbb1cc10a660c/snakeyaml-1.17.jar:/Users/ivan.garcia/.gradle/caches/modules-2/files-2.1/org.apache.tomcat.embed/tomcat-embed-core/8.5.15/f197a93ae66212767b004fd93d7a1a8ea62bc3fa/tomcat-embed-core-8.5.15.jar:/Users/ivan.garcia/.gradle/caches/modules-2/files-2.1/org.apache.tomcat.embed/tomcat-embed-el/8.5.15/e4000e5386056eeebb43bf71e7d30c58d2473166/tomcat-embed-el-8.5.15.jar:/Users/ivan.garcia/.gradle/caches/modules-2/files-2.1/org.apache.tomcat.embed/tomcat-embed-websocket/8.5.15/a92b066b0ea9ee1cb05b7d5e4bfed4ad8898f741/tomcat-embed-websocket-8.5.15.jar:/Users/ivan.garcia/.gradle/caches/modules-2/files-2.1/javax.validation/validation-api/1.1.0.Final/8613ae82954779d518631e05daa73a6a954817d5/validation-api-1.1.0.Final.jar:/Users/ivan.garcia/.gradle/caches/modules-2/files-2.1/org.jboss.logging/jboss-logging/3.3.1.Final/c46217ab74b532568c0ed31dc599db3048bd1b67/jboss-logging-3.3.1.Final.jar:/Users/ivan.garcia/.gradle/caches/modules-2/files-2.1/com.fasterxml.jackson.core/jackson-core/2.8.8/d478fb6de45a7c3d2cad07c8ad70c7f0a797a020/jackson-core-2.8.8.jar:/Users/ivan.garcia/.gradle/caches/modules-2/files-2.1/org.springframework/spring-beans/4.3.9.RELEASE/daa5abf3779c8cad1a2910e1ea08e4272489d8ae/spring-beans-4.3.9.RELEASE.jar:/Users/ivan.garcia/.gradle/caches/modules-2/files-2.1/org.springframework/spring-context/4.3.9.RELEASE/a186823724f03b98becd5f93b1fa107fe6f7a7ff/spring-context-4.3.9.RELEASE.jar:/Users/ivan.garcia/.gradle/caches/modules-2/files-2.1/org.springframework/spring-expression/4.3.9.RELEASE/4edca6913da9e62a6586714e053e01a61952a153/spring-expression-4.3.9.RELEASE.jar:/Users/ivan.garcia/.gradle/caches/modules-2/files-2.1/org.aspectj/aspectjweaver/1.8.10/e198c5fee28988c355f74e06461614eae36b2032/aspectjweaver-1.8.10.jar:/Users/ivan.garcia/.gradle/caches/modules-2/files-2.1/org.apache.tomcat/tomcat-jdbc/8.5.15/1f802a58c21283fcdff1572a390bf98ae7231ea3/tomcat-jdbc-8.5.15.jar:/Users/ivan.garcia/.gradle/caches/modules-2/files-2.1/org.springframework/spring-jdbc/4.3.9.RELEASE/ef8476b954a4211a21147b3ae15996443a76c6f8/spring-jdbc-4.3.9.RELEASE.jar:/Users/ivan.garcia/.gradle/caches/modules-2/files-2.1/org.hibernate.javax.persistence/hibernate-jpa-2.1-api/1.0.0.Final/5e731d961297e5a07290bfaf3db1fbc8bbbf405a/hibernate-jpa-2.1-api-1.0.0.Final.jar:/Users/ivan.garcia/.gradle/caches/modules-2/files-2.1/org.javassist/javassist/3.20.0-GA/a9cbcdfb7e9f86fbc74d3afae65f2248bfbf82a0/javassist-3.20.0-GA.jar:/Users/ivan.garcia/.gradle/caches/modules-2/files-2.1/antlr/antlr/2.7.7/83cd2cd674a217ade95a4bb83a8a14f351f48bd0/antlr-2.7.7.jar:/Users/ivan.garcia/.gradle/caches/modules-2/files-2.1/org.jboss/jandex/2.0.0.Final/3e899258936f94649c777193e1be846387ed54b3/jandex-2.0.0.Final.jar:/Users/ivan.garcia/.gradle/caches/modules-2/files-2.1/dom4j/dom4j/1.6.1/5d3ccc056b6f056dbf0dddfdf43894b9065a8f94/dom4j-1.6.1.jar:/Users/ivan.garcia/.gradle/caches/modules-2/files-2.1/org.hibernate.common/hibernate-commons-annotations/5.0.1.Final/71e1cff3fcb20d3b3af4f3363c3ddb24d33c6879/hibernate-commons-annotations-5.0.1.Final.jar:/Users/ivan.garcia/.gradle/caches/modules-2/files-2.1/org.springframework.data/spring-data-commons/1.12.11.RELEASE/ac256a5df93c0c62d2ea3c835d0454f97bc5678c/spring-data-commons-1.12.11.RELEASE.jar:/Users/ivan.garcia/.gradle/caches/modules-2/files-2.1/org.springframework/spring-orm/4.3.9.RELEASE/ea9de867a7b686744f0e0bc1ecfcc9d3844e4cd7/spring-orm-4.3.9.RELEASE.jar:/Users/ivan.garcia/.gradle/caches/modules-2/files-2.1/org.springframework/spring-tx/4.3.9.RELEASE/7a7b1775e1e604841f8b619e110e43d9929c37ab/spring-tx-4.3.9.RELEASE.jar:/Users/ivan.garcia/.gradle/caches/modules-2/files-2.1/org.slf4j/jcl-over-slf4j/1.7.25/f8c32b13ff142a513eeb5b6330b1588dcb2c0461/jcl-over-slf4j-1.7.25.jar:/Users/ivan.garcia/.gradle/caches/modules-2/files-2.1/org.springframework.data/spring-data-rest-core/2.5.11.RELEASE/4580a4b5dc02eb769404937ce7d1dd71fd34dd7d/spring-data-rest-core-2.5.11.RELEASE.jar:/Users/ivan.garcia/.gradle/caches/modules-2/files-2.1/org.springframework.security/spring-security-core/4.1.4.RELEASE/382ca3b438f686c664c539a72cc6a2c81f8592fa/spring-security-core-4.1.4.RELEASE.jar:/Users/ivan.garcia/.gradle/caches/modules-2/files-2.1/io.springfox/springfox-core/2.6.1/5c502e6b9d50d34096077eacc384cd00f63710e1/springfox-core-2.6.1.jar:/Users/ivan.garcia/.gradle/caches/modules-2/files-2.1/net.minidev/json-smart/2.2.1/5b9e5df7a62d1279b70dc882b041d249c4f0b002/json-smart-2.2.1.jar:/Users/ivan.garcia/.gradle/caches/modules-2/files-2.1/org.objenesis/objenesis/2.1/87c0ea803b69252868d09308b4618f766f135a96/objenesis-2.1.jar:/Users/ivan.garcia/.gradle/caches/modules-2/files-2.1/org.json/json/20140107/d1ffca6e2482b002702c6a576166fd685e3370e3/json-20140107.jar:/Users/ivan.garcia/.gradle/caches/modules-2/files-2.1/ch.qos.logback/logback-classic/1.1.11/ccedfbacef4a6515d2983e3f89ed753d5d4fb665/logback-classic-1.1.11.jar:/Users/ivan.garcia/.gradle/caches/modules-2/files-2.1/org.slf4j/jul-to-slf4j/1.7.25/af5364cd6679bfffb114f0dec8a157aaa283b76/jul-to-slf4j-1.7.25.jar:/Users/ivan.garcia/.gradle/caches/modules-2/files-2.1/org.slf4j/log4j-over-slf4j/1.7.25/a87bb47468f47ee7aabbd54f93e133d4215769c3/log4j-over-slf4j-1.7.25.jar:/Users/ivan.garcia/.gradle/caches/modules-2/files-2.1/org.apache.tomcat/tomcat-juli/8.5.15/b21c47750b0d0356acbbbf0c30cb36cb2268dc8d/tomcat-juli-8.5.15.jar:/Users/ivan.garcia/.gradle/caches/modules-2/files-2.1/xml-apis/xml-apis/1.4.01/3789d9fada2d3d458c4ba2de349d48780f381ee3/xml-apis-1.4.01.jar:/Users/ivan.garcia/.gradle/caches/modules-2/files-2.1/org.springframework.hateoas/spring-hateoas/0.20.0.RELEASE/623a5983010e905090f69e55f4e0a63fba195085/spring-hateoas-0.20.0.RELEASE.jar:/Users/ivan.garcia/.gradle/caches/modules-2/files-2.1/org.atteo/evo-inflector/1.2.2/2551aad98d65ac5464d81fe05f0e1516cfe471c9/evo-inflector-1.2.2.jar:/Users/ivan.garcia/.gradle/caches/modules-2/files-2.1/net.minidev/accessors-smart/1.1/a527213f2fea112a04c9bdf0ec0264e34104cd08/accessors-smart-1.1.jar:/Users/ivan.garcia/.gradle/caches/modules-2/files-2.1/ch.qos.logback/logback-core/1.1.11/88b8df40340eed549fb07e2613879bf6b006704d/logback-core-1.1.11.jar:/Users/ivan.garcia/.gradle/caches/modules-2/files-2.1/org.ow2.asm/asm/5.0.3/dcc2193db20e19e1feca8b1240dbbc4e190824fa/asm-5.0.3.jar, hibernate.bytecode.use_reflection_optimizer=false, java.vm.specification.name=Java Virtual Machine Specification, java.vm.specification.version=1.8, sun.cpu.endian=little, sun.os.patch.level=unknown, java.awt.headless=true, java.io.tmpdir=/var/folders/qz/jr0thn6x4jggkql2kgfv8054zy703_/T/, java.vendor.url.bug=http://bugreport.sun.com/bugreport/, javax.persistence.sharedCache.mode=UNSPECIFIED, os.arch=x86_64, java.awt.graphicsenv=sun.awt.CGraphicsEnvironment, hibernate.physical_naming_strategy=org.springframework.boot.orm.jpa.hibernate.SpringPhysicalNamingStrategy, java.ext.dirs=/Users/ivan.garcia/Library/Java/Extensions:/Library/Java/JavaVirtualMachines/jdk1.8.0_151.jdk/Contents/Home/jre/lib/ext:/Library/Java/Extensions:/Network/Library/Java/Extensions:/System/Library/Java/Extensions:/usr/lib/java, user.dir=/Users/ivan.garcia/Documents/eclipse-workspace/PrivaliaSpringBootProject, line.separator=
, java.vm.name=Java HotSpot(TM) 64-Bit Server VM, hibernate.transaction.jta.platform=org.hibernate.engine.transaction.jta.platform.internal.NoJtaPlatform@648faf11, file.encoding=UTF-8, java.specification.version=1.8, hibernate.show_sql=true}
18-febrero-20 16:47:27:055 DEBUG Test worker o.h.v.i.e.r.DefaultTraversableResolver:103 - Found javax.persistence.Persistence on classpath containing 'getPersistenceUtil'. Assuming JPA 2 environment. Trying to instantiate JPA aware TraversableResolver
18-febrero-20 16:47:27:055 DEBUG Test worker o.h.v.i.e.r.DefaultTraversableResolver:114 - Instantiated JPA aware TraversableResolver of type org.hibernate.validator.internal.engine.resolver.JPATraversableResolver.
18-febrero-20 16:47:27:056 DEBUG Test worker o.h.v.i.x.ValidationXmlParser:99 - Trying to load META-INF/validation.xml for XML based Validator configuration.
18-febrero-20 16:47:27:056 DEBUG Test worker o.h.v.i.x.ResourceLoaderHelper:54 - Trying to load META-INF/validation.xml via TCCL
18-febrero-20 16:47:27:057 DEBUG Test worker o.h.v.i.x.ResourceLoaderHelper:60 - Trying to load META-INF/validation.xml via Hibernate Validator's class loader
18-febrero-20 16:47:27:057 DEBUG Test worker o.h.v.i.x.ValidationXmlParser:106 - No META-INF/validation.xml found. Using annotation based configuration only.
18-febrero-20 16:47:27:061 DEBUG Test worker o.h.b.i.ClassLoaderAccessImpl:55 - Not known whether passed class name [com.privalia.domain.Product] is safe
18-febrero-20 16:47:27:062 DEBUG Test worker o.h.b.i.ClassLoaderAccessImpl:57 - No temp ClassLoader provided; using live ClassLoader for loading potentially unsafe class : com.privalia.domain.Product
18-febrero-20 16:47:27:081 DEBUG Test worker o.h.s.s.JaccIntegrator:80 - Skipping JACC integration as it was not enabled
18-febrero-20 16:47:27:093 DEBUG Test worker o.h.e.s.CascadeStyles:268 - External cascade style regsitration [persist : STYLE_PERSIST_SKIPLAZY] overrode base registration [STYLE_PERSIST]
18-febrero-20 16:47:27:214 DEBUG Test worker o.h.b.i.ClassLoaderAccessImpl:55 - Not known whether passed class name [com.privalia.domain.Product] is safe
18-febrero-20 16:47:27:214 DEBUG Test worker o.h.b.i.ClassLoaderAccessImpl:57 - No temp ClassLoader provided; using live ClassLoader for loading potentially unsafe class : com.privalia.domain.Product
18-febrero-20 16:47:27:226  WARN Test worker o.s.w.c.s.GenericWebApplicationContext:551 - Exception encountered during context initialization - cancelling refresh attempt: org.springframework.beans.factory.BeanCreationException: Error creating bean with name 'entityManagerFactory' defined in class path resource [org/springframework/boot/autoconfigure/orm/jpa/HibernateJpaAutoConfiguration.class]: Invocation of init method failed; nested exception is javax.persistence.PersistenceException: [PersistenceUnit: default] Unable to build Hibernate SessionFactory
18-febrero-20 16:47:27:227 DEBUG Test worker o.s.b.f.s.DefaultListableBeanFactory:512 - Destroying singletons in org.springframework.beans.factory.support.DefaultListableBeanFactory@6e2e64b7: defining beans [org.springframework.boot.test.mock.mockito.MockitoPostProcessor$SpyPostProcessor,org.springframework.boot.test.mock.mockito.MockitoPostProcessor,org.springframework.context.annotation.internalConfigurationAnnotationProcessor,org.springframework.context.annotation.internalAutowiredAnnotationProcessor,org.springframework.context.annotation.internalRequiredAnnotationProcessor,org.springframework.context.annotation.internalCommonAnnotationProcessor,org.springframework.context.annotation.internalPersistenceAnnotationProcessor,org.springframework.context.event.internalEventListenerProcessor,org.springframework.context.event.internalEventListenerFactory,repositoryConfiguration,org.springframework.boot.autoconfigure.internalCachingMetadataReaderFactory,alpsController,profileController,repositoryController,repositoryEntityController,repositoryPropertyReferenceController,repositorySchemaController,repositorySearchController,org.springframework.transaction.annotation.ProxyTransactionManagementConfiguration,org.springframework.transaction.config.internalTransactionAdvisor,transactionAttributeSource,transactionInterceptor,org.springframework.transaction.config.internalTransactionalEventListenerFactory,org.springframework.boot.autoconfigure.AutoConfigurationPackages,org.springframework.boot.autoconfigure.domain.EntityScanPackages,org.springframework.data.jpa.repository.config.JpaRepositoryConfigExtension#0,org.springframework.data.repository.core.support.RepositoryFactoryBeanSupport_Predictor,emBeanDefinitionRegistrarPostProcessor,jpaMappingContext,jpaContext,productRepository,org.springframework.aop.config.internalAutoProxyCreator,org.springframework.boot.autoconfigure.PropertyPlaceholderAutoConfiguration,org.springframework.boot.autoconfigure.condition.BeanTypeRegistry,propertySourcesPlaceholderConfigurer,org.springframework.boot.autoconfigure.jackson.JacksonAutoConfiguration$Jackson2ObjectMapperBuilderCustomizerConfiguration,standardJacksonObjectMapperBuilderCustomizer,spring.jackson-org.springframework.boot.autoconfigure.jackson.JacksonProperties,org.springframework.boot.context.properties.ConfigurationPropertiesBindingPostProcessor,org.springframework.boot.context.properties.ConfigurationPropertiesBindingPostProcessor.store,org.springframework.boot.autoconfigure.jackson.JacksonAutoConfiguration$JacksonObjectMapperBuilderConfiguration,jacksonObjectMapperBuilder,org.springframework.boot.autoconfigure.jackson.JacksonAutoConfiguration$JacksonObjectMapperConfiguration,jacksonObjectMapper,org.springframework.boot.autoconfigure.jackson.JacksonAutoConfiguration,jsonComponentModule,org.springframework.boot.autoconfigure.websocket.WebSocketAutoConfiguration$TomcatWebSocketConfiguration,websocketContainerCustomizer,org.springframework.boot.autoconfigure.websocket.WebSocketAutoConfiguration,org.springframework.boot.autoconfigure.web.EmbeddedServletContainerAutoConfiguration$EmbeddedTomcat,tomcatEmbeddedServletContainerFactory,org.springframework.boot.autoconfigure.web.EmbeddedServletContainerAutoConfiguration,embeddedServletContainerCustomizerBeanPostProcessor,errorPageRegistrarBeanPostProcessor,org.springframework.boot.autoconfigure.web.DispatcherServletAutoConfiguration$DispatcherServletConfiguration,dispatcherServlet,spring.mvc-org.springframework.boot.autoconfigure.web.WebMvcProperties,org.springframework.boot.autoconfigure.web.DispatcherServletAutoConfiguration$DispatcherServletRegistrationConfiguration,dispatcherServletRegistration,org.springframework.boot.autoconfigure.web.DispatcherServletAutoConfiguration,org.springframework.boot.autoconfigure.web.ErrorMvcAutoConfiguration$WhitelabelErrorViewConfiguration,error,beanNameViewResolver,org.springframework.boot.autoconfigure.web.ErrorMvcAutoConfiguration,errorAttributes,basicErrorController,errorPageCustomizer,conventionErrorViewResolver,preserveErrorControllerTargetClassPostProcessor,spring.resources-org.springframework.boot.autoconfigure.web.ResourceProperties,org.springframework.boot.autoconfigure.web.WebMvcAutoConfiguration$EnableWebMvcConfiguration,requestMappingHandlerAdapter,requestMappingHandlerMapping,mvcPathMatcher,mvcUrlPathHelper,mvcContentNegotiationManager,viewControllerHandlerMapping,beanNameHandlerMapping,resourceHandlerMapping,mvcResourceUrlProvider,defaultServletHandlerMapping,mvcConversionService,mvcValidator,mvcUriComponentsContributor,httpRequestHandlerAdapter,simpleControllerHandlerAdapter,handlerExceptionResolver,mvcViewResolver,org.springframework.boot.autoconfigure.web.WebMvcAutoConfiguration$WebMvcAutoConfigurationAdapter$FaviconConfiguration,faviconHandlerMapping,faviconRequestHandler,org.springframework.boot.autoconfigure.web.WebMvcAutoConfiguration$WebMvcAutoConfigurationAdapter,defaultViewResolver,viewResolver,welcomePageHandlerMapping,requestContextFilter,org.springframework.boot.autoconfigure.web.WebMvcAutoConfiguration,hiddenHttpMethodFilter,httpPutFormContentFilter,org.springframework.boot.autoconfigure.aop.AopAutoConfiguration$JdkDynamicAutoProxyConfiguration,org.springframework.boot.autoconfigure.aop.AopAutoConfiguration,org.springframework.boot.autoconfigure.transaction.jta.JtaAutoConfiguration,spring.jta-org.springframework.boot.autoconfigure.transaction.jta.JtaProperties,org.springframework.boot.autoconfigure.jdbc.DataSourceConfiguration$Tomcat,dataSource,org.springframework.boot.autoconfigure.jdbc.DataSourceAutoConfiguration$PooledDataSourceConfiguration,org.springframework.boot.autoconfigure.jdbc.metadata.DataSourcePoolMetadataProvidersConfiguration$TomcatDataSourcePoolMetadataProviderConfiguration,tomcatPoolDataSourceMetadataProvider,org.springframework.boot.autoconfigure.jdbc.metadata.DataSourcePoolMetadataProvidersConfiguration,org.springframework.boot.autoconfigure.jdbc.DataSourceAutoConfiguration,dataSourceInitializer,spring.datasource-org.springframework.boot.autoconfigure.jdbc.DataSourceProperties,dataSourceInitializerPostProcessor,org.springframework.boot.autoconfigure.orm.jpa.JpaBaseConfiguration$JpaWebConfiguration$JpaWebMvcConfiguration,openEntityManagerInViewInterceptor,org.springframework.boot.autoconfigure.orm.jpa.JpaBaseConfiguration$JpaWebConfiguration,org.springframework.boot.autoconfigure.orm.jpa.HibernateJpaAutoConfiguration,transactionManager,jpaVendorAdapter,entityManagerFactoryBuilder,entityManagerFactory,spring.jpa-org.springframework.boot.autoconfigure.orm.jpa.JpaProperties,dataSourceInitializedPublisher,org.springframework.boot.autoconfigure.context.ConfigurationPropertiesAutoConfiguration,org.springframework.boot.autoconfigure.dao.PersistenceExceptionTranslationAutoConfiguration,persistenceExceptionTranslationPostProcessor,org.springframework.boot.autoconfigure.web.HttpMessageConvertersAutoConfiguration$StringHttpMessageConverterConfiguration,stringHttpMessageConverter,spring.http.encoding-org.springframework.boot.autoconfigure.web.HttpEncodingProperties,org.springframework.boot.autoconfigure.web.JacksonHttpMessageConvertersConfiguration$MappingJackson2HttpMessageConverterConfiguration,mappingJackson2HttpMessageConverter,org.springframework.boot.autoconfigure.web.JacksonHttpMessageConvertersConfiguration,org.springframework.boot.autoconfigure.web.HttpMessageConvertersAutoConfiguration,messageConverters,org.springframework.hateoas.config.HateoasConfiguration,linkRelationMessageSource,org.springframework.data.web.config.SpringDataJacksonConfiguration,jacksonGeoModule,org.springframework.data.rest.webmvc.config.RepositoryRestMvcConfiguration,repositories,repositoryRelProvider,persistentEntities,defaultConversionService,validatingRepositoryEventListener,jpaHelper,config,projectionDefinitionRegistrar,metadataConfiguration,baseUri,annotatedEventHandlerInvoker,domainObjectMerger,serverHttpRequestMethodArgumentResolver,repoRequestArgumentResolver,resourceMetadataHandlerMethodArgumentResolver,backendIdHandlerMethodArgumentResolver,eTagArgumentResolver,entityLinks,persistentEntityArgumentResolver,jsonSchemaConverter,resourceDescriptionMessageSourceAccessor,objectMapper,jacksonHttpMessageConverter,halJacksonHttpMessageConverter,halObjectMapper,uriListHttpMessageConverter,resourceProcessorInvoker,repositoryExporterHandlerAdapter,restHandlerMapping,resourceMappings,linkCollector,excerptProjector,exceptionHandlerExceptionResolver,repositoryRestExceptionHandler,repositoryInvokerFactory,defaultMessageConverters,alpsJsonHttpMessageConverter,pageableResolver,sortResolver,backendIdConverterRegistry,auditableBeanWrapperFactory,selfLinkProvider,associationLinks,enumTranslator,alpsConverter,profileResourceProcessor,pagedResourcesAssembler,pagedResourcesAssemblerArgumentResolver,entityLinksPluginRegistry,controllerEntityLinks,delegatingEntityLinks,org.springframework.hateoas.hal.HalLinkDiscoverer#0,_halObjectMapper,org.springframework.hateoas.config.HypermediaSupportBeanDefinitionRegistrar$DefaultObjectMapperCustomizer#0,org.springframework.hateoas.config.HypermediaSupportBeanDefinitionRegistrar$Jackson2ModuleRegisteringBeanPostProcessor#0,_linkDiscovererRegistry,org.springframework.hateoas.LinkDiscoverers#0,defaultRelProvider,annotationRelProvider,relProviderPluginRegistry,_relProvider,org.springframework.boot.autoconfigure.data.rest.RepositoryRestMvcAutoConfiguration,springBootRepositoryRestConfigurer,spring.data.rest-org.springframework.boot.autoconfigure.data.rest.RepositoryRestProperties,org.springframework.boot.autoconfigure.security.SpringBootWebSecurityConfiguration$ApplicationWebSecurityConfigurerAdapter,org.springframework.security.config.annotation.authentication.configuration.AuthenticationConfiguration,authenticationManagerBuilder,enableGlobalAuthenticationAutowiredConfigurer,initializeUserDetailsBeanManagerConfigurer,initializeAuthenticationProviderBeanManagerConfigurer,org.springframework.security.config.annotation.web.configuration.WebSecurityConfiguration,delegatingApplicationListener,webSecurityExpressionHandler,springSecurityFilterChain,privilegeEvaluator,autowiredWebSecurityConfigurersIgnoreParents,org.springframework.security.config.annotation.configuration.ObjectPostProcessorConfiguration,objectPostProcessor,org.springframework.security.config.annotation.web.configuration.WebMvcSecurityConfiguration,requestDataValueProcessor,org.springframework.boot.autoconfigure.security.SpringBootWebSecurityConfiguration,ignoredPathsWebSecurityConfigurerAdapter,org.springframework.boot.autoconfigure.security.AuthenticationManagerConfiguration$AuthenticationManagerConfigurationListener,org.springframework.boot.autoconfigure.security.AuthenticationManagerConfiguration,authenticationManager,springBootAuthenticationConfigurerAdapter,org.springframework.boot.autoconfigure.security.BootGlobalAuthenticationConfiguration,bootGlobalAuthenticationConfigurationAdapter,org.springframework.boot.autoconfigure.security.SecurityAutoConfiguration,authenticationEventPublisher,securityProperties,org.springframework.boot.autoconfigure.hateoas.HypermediaHttpMessageConverterConfiguration,halMessageConverterSupportedMediaTypeCustomizer,org.springframework.boot.autoconfigure.hateoas.HypermediaAutoConfiguration,spring.hateoas-org.springframework.boot.autoconfigure.hateoas.HateoasProperties,org.springframework.boot.autoconfigure.info.ProjectInfoAutoConfiguration,spring.info-org.springframework.boot.autoconfigure.info.ProjectInfoProperties,org.springframework.boot.autoconfigure.jdbc.DataSourceTransactionManagerAutoConfiguration$DataSourceTransactionManagerConfiguration,org.springframework.boot.autoconfigure.jdbc.DataSourceTransactionManagerAutoConfiguration,org.springframework.boot.autoconfigure.jdbc.JdbcTemplateAutoConfiguration,jdbcTemplate,namedParameterJdbcTemplate,org.springframework.boot.autoconfigure.security.SecurityFilterAutoConfiguration,securityFilterChainRegistration,org.springframework.boot.autoconfigure.transaction.TransactionAutoConfiguration,transactionTemplate,org.springframework.boot.autoconfigure.web.HttpEncodingAutoConfiguration,characterEncodingFilter,localeCharsetMappingsCustomizer,org.springframework.boot.autoconfigure.web.MultipartAutoConfiguration,multipartConfigElement,multipartResolver,spring.http.multipart-org.springframework.boot.autoconfigure.web.MultipartProperties,org.springframework.boot.autoconfigure.web.ServerPropertiesAutoConfiguration,serverProperties,duplicateServerPropertiesDetector,org.springframework.boot.autoconfigure.web.WebClientAutoConfiguration$RestTemplateConfiguration,restTemplateBuilder,org.springframework.boot.autoconfigure.web.WebClientAutoConfiguration,org.springframework.boot.devtools.autoconfigure.DevToolsDataSourceAutoConfiguration$DatabaseShutdownExecutorJpaDependencyConfiguration,org.springframework.boot.devtools.autoconfigure.DevToolsDataSourceAutoConfiguration,inMemoryDatabaseShutdownExecutor,org.springframework.orm.jpa.SharedEntityManagerCreator#0]; root of factory hierarchy
18-febrero-20 16:47:27:228 DEBUG Test worker o.s.b.f.s.DisposableBeanAdapter:259 - Invoking destroy() on bean with name 'inMemoryDatabaseShutdownExecutor'
18-febrero-20 16:47:27:242 DEBUG Test worker o.s.b.f.s.DefaultListableBeanFactory:568 - Retrieved dependent beans for bean 'dataSource': [org.springframework.boot.autoconfigure.orm.jpa.HibernateJpaAutoConfiguration]
18-febrero-20 16:47:27:244 DEBUG Test worker o.s.b.f.s.DisposableBeanAdapter:337 - Invoking destroy method 'close' on bean with name 'dataSource'
18-febrero-20 16:47:27:247 DEBUG Test worker o.s.b.f.s.DisposableBeanAdapter:259 - Invoking destroy() on bean with name 'org.springframework.boot.context.properties.ConfigurationPropertiesBindingPostProcessor'
18-febrero-20 16:47:27:247 DEBUG Test worker o.s.b.f.s.DefaultListableBeanFactory:568 - Retrieved dependent beans for bean 'org.springframework.boot.autoconfigure.internalCachingMetadataReaderFactory': [org.springframework.context.annotation.internalConfigurationAnnotationProcessor]
18-febrero-20 16:47:27:251 DEBUG Test worker o.s.b.f.s.DefaultListableBeanFactory:221 - Creating shared instance of singleton bean 'delegatingApplicationListener'
18-febrero-20 16:47:27:252 DEBUG Test worker o.s.b.f.s.DefaultListableBeanFactory:449 - Creating instance of bean 'delegatingApplicationListener'
18-febrero-20 16:47:27:252 DEBUG Test worker o.s.b.f.s.DefaultListableBeanFactory:221 - Creating shared instance of singleton bean 'org.springframework.transaction.config.internalTransactionAdvisor'
18-febrero-20 16:47:27:253 DEBUG Test worker o.s.b.f.s.DefaultListableBeanFactory:449 - Creating instance of bean 'org.springframework.transaction.config.internalTransactionAdvisor'
18-febrero-20 16:47:27:253 DEBUG Test worker o.s.b.f.s.DefaultListableBeanFactory:221 - Creating shared instance of singleton bean 'org.springframework.transaction.annotation.ProxyTransactionManagementConfiguration'
18-febrero-20 16:47:27:253 DEBUG Test worker o.s.b.f.s.DefaultListableBeanFactory:449 - Creating instance of bean 'org.springframework.transaction.annotation.ProxyTransactionManagementConfiguration'
18-febrero-20 16:47:27:254 DEBUG Test worker o.s.b.f.s.DefaultListableBeanFactory:539 - Eagerly caching bean 'org.springframework.transaction.annotation.ProxyTransactionManagementConfiguration' to allow for resolving potential circular references
18-febrero-20 16:47:27:254 DEBUG Test worker o.s.b.f.a.InjectionMetadata:86 - Processing injected element of bean 'org.springframework.transaction.annotation.ProxyTransactionManagementConfiguration': AutowiredMethodElement for void org.springframework.transaction.annotation.AbstractTransactionManagementConfiguration.setConfigurers(java.util.Collection)
18-febrero-20 16:47:27:258 ERROR Test worker o.s.b.SpringApplication:86 - Error handling failed
org.springframework.beans.factory.BeanCreationException: Error creating bean with name 'delegatingApplicationListener' defined in class path resource [org/springframework/security/config/annotation/web/configuration/WebSecurityConfiguration.class]: BeanPostProcessor before instantiation of bean failed; nested exception is org.springframework.beans.factory.BeanCreationException: Error creating bean with name 'org.springframework.transaction.annotation.ProxyTransactionManagementConfiguration': Initialization of bean failed; nested exception is org.springframework.beans.factory.NoSuchBeanDefinitionException: No bean named 'org.springframework.context.annotation.ConfigurationClassPostProcessor.importRegistry' available
	at org.springframework.beans.factory.support.AbstractAutowireCapableBeanFactory.createBean(AbstractAutowireCapableBeanFactory.java:479)
	at org.springframework.beans.factory.support.AbstractBeanFactory$1.getObject(AbstractBeanFactory.java:306)
	at org.springframework.beans.factory.support.DefaultSingletonBeanRegistry.getSingleton(DefaultSingletonBeanRegistry.java:230)
	at org.springframework.beans.factory.support.AbstractBeanFactory.doGetBean(AbstractBeanFactory.java:302)
	at org.springframework.beans.factory.support.AbstractBeanFactory.getBean(AbstractBeanFactory.java:202)
	at org.springframework.context.event.AbstractApplicationEventMulticaster.retrieveApplicationListeners(AbstractApplicationEventMulticaster.java:235)
	at org.springframework.context.event.AbstractApplicationEventMulticaster.getApplicationListeners(AbstractApplicationEventMulticaster.java:192)
	at org.springframework.context.event.SimpleApplicationEventMulticaster.multicastEvent(SimpleApplicationEventMulticaster.java:128)
	at org.springframework.context.support.AbstractApplicationContext.publishEvent(AbstractApplicationContext.java:393)
	at org.springframework.context.support.AbstractApplicationContext.publishEvent(AbstractApplicationContext.java:347)
	at org.springframework.boot.context.event.EventPublishingRunListener.finished(EventPublishingRunListener.java:99)
	at org.springframework.boot.SpringApplicationRunListeners.callFinishedListener(SpringApplicationRunListeners.java:79)
	at org.springframework.boot.SpringApplicationRunListeners.finished(SpringApplicationRunListeners.java:72)
	at org.springframework.boot.SpringApplication.handleRunFailure(SpringApplication.java:814)
	at org.springframework.boot.SpringApplication.run(SpringApplication.java:327)
	at org.springframework.boot.test.context.SpringBootContextLoader.loadContext(SpringBootContextLoader.java:111)
	at org.springframework.test.context.cache.DefaultCacheAwareContextLoaderDelegate.loadContextInternal(DefaultCacheAwareContextLoaderDelegate.java:98)
	at org.springframework.test.context.cache.DefaultCacheAwareContextLoaderDelegate.loadContext(DefaultCacheAwareContextLoaderDelegate.java:116)
	at org.springframework.test.context.support.DefaultTestContext.getApplicationContext(DefaultTestContext.java:83)
	at org.springframework.test.context.web.ServletTestExecutionListener.setUpRequestContextIfNecessary(ServletTestExecutionListener.java:189)
	at org.springframework.test.context.web.ServletTestExecutionListener.prepareTestInstance(ServletTestExecutionListener.java:131)
	at org.springframework.test.context.TestContextManager.prepareTestInstance(TestContextManager.java:230)
	at org.springframework.test.context.junit4.SpringJUnit4ClassRunner.createTest(SpringJUnit4ClassRunner.java:228)
	at org.springframework.test.context.junit4.SpringJUnit4ClassRunner$1.runReflectiveCall(SpringJUnit4ClassRunner.java:287)
	at org.junit.internal.runners.model.ReflectiveCallable.run(ReflectiveCallable.java:12)
	at org.springframework.test.context.junit4.SpringJUnit4ClassRunner.methodBlock(SpringJUnit4ClassRunner.java:289)
	at org.springframework.test.context.junit4.SpringJUnit4ClassRunner.runChild(SpringJUnit4ClassRunner.java:247)
	at org.springframework.test.context.junit4.SpringJUnit4ClassRunner.runChild(SpringJUnit4ClassRunner.java:94)
	at org.junit.runners.ParentRunner$3.run(ParentRunner.java:290)
	at org.junit.runners.ParentRunner$1.schedule(ParentRunner.java:71)
	at org.junit.runners.ParentRunner.runChildren(ParentRunner.java:288)
	at org.junit.runners.ParentRunner.access$000(ParentRunner.java:58)
	at org.junit.runners.ParentRunner$2.evaluate(ParentRunner.java:268)
	at org.springframework.test.context.junit4.statements.RunBeforeTestClassCallbacks.evaluate(RunBeforeTestClassCallbacks.java:61)
	at org.springframework.test.context.junit4.statements.RunAfterTestClassCallbacks.evaluate(RunAfterTestClassCallbacks.java:70)
	at org.junit.runners.ParentRunner.run(ParentRunner.java:363)
	at org.springframework.test.context.junit4.SpringJUnit4ClassRunner.run(SpringJUnit4ClassRunner.java:191)
	at org.gradle.api.internal.tasks.testing.junit.JUnitTestClassExecuter.runTestClass(JUnitTestClassExecuter.java:112)
	at org.gradle.api.internal.tasks.testing.junit.JUnitTestClassExecuter.execute(JUnitTestClassExecuter.java:56)
	at org.gradle.api.internal.tasks.testing.junit.JUnitTestClassProcessor.processTestClass(JUnitTestClassProcessor.java:66)
	at org.gradle.api.internal.tasks.testing.SuiteTestClassProcessor.processTestClass(SuiteTestClassProcessor.java:51)
	at sun.reflect.NativeMethodAccessorImpl.invoke0(Native Method)
	at sun.reflect.NativeMethodAccessorImpl.invoke(NativeMethodAccessorImpl.java:62)
	at sun.reflect.DelegatingMethodAccessorImpl.invoke(DelegatingMethodAccessorImpl.java:43)
	at java.lang.reflect.Method.invoke(Method.java:498)
	at org.gradle.messaging.dispatch.ReflectionDispatch.dispatch(ReflectionDispatch.java:35)
	at org.gradle.messaging.dispatch.ReflectionDispatch.dispatch(ReflectionDispatch.java:24)
	at org.gradle.messaging.dispatch.ContextClassLoaderDispatch.dispatch(ContextClassLoaderDispatch.java:32)
	at org.gradle.messaging.dispatch.ProxyDispatchAdapter$DispatchingInvocationHandler.invoke(ProxyDispatchAdapter.java:93)
	at com.sun.proxy.$Proxy2.processTestClass(Unknown Source)
	at org.gradle.api.internal.tasks.testing.worker.TestWorker.processTestClass(TestWorker.java:109)
	at sun.reflect.NativeMethodAccessorImpl.invoke0(Native Method)
	at sun.reflect.NativeMethodAccessorImpl.invoke(NativeMethodAccessorImpl.java:62)
	at sun.reflect.DelegatingMethodAccessorImpl.invoke(DelegatingMethodAccessorImpl.java:43)
	at java.lang.reflect.Method.invoke(Method.java:498)
	at org.gradle.messaging.dispatch.ReflectionDispatch.dispatch(ReflectionDispatch.java:35)
	at org.gradle.messaging.dispatch.ReflectionDispatch.dispatch(ReflectionDispatch.java:24)
	at org.gradle.messaging.remote.internal.hub.MessageHub$Handler.run(MessageHub.java:364)
	at org.gradle.internal.concurrent.ExecutorPolicy$CatchAndRecordFailures.onExecute(ExecutorPolicy.java:54)
	at org.gradle.internal.concurrent.StoppableExecutorImpl$1.run(StoppableExecutorImpl.java:40)
	at java.util.concurrent.ThreadPoolExecutor.runWorker(ThreadPoolExecutor.java:1149)
	at java.util.concurrent.ThreadPoolExecutor$Worker.run(ThreadPoolExecutor.java:624)
	at java.lang.Thread.run(Thread.java:748)
Caused by: org.springframework.beans.factory.BeanCreationException: Error creating bean with name 'org.springframework.transaction.annotation.ProxyTransactionManagementConfiguration': Initialization of bean failed; nested exception is org.springframework.beans.factory.NoSuchBeanDefinitionException: No bean named 'org.springframework.context.annotation.ConfigurationClassPostProcessor.importRegistry' available
	at org.springframework.beans.factory.support.AbstractAutowireCapableBeanFactory.doCreateBean(AbstractAutowireCapableBeanFactory.java:564)
	at org.springframework.beans.factory.support.AbstractAutowireCapableBeanFactory.createBean(AbstractAutowireCapableBeanFactory.java:483)
	at org.springframework.beans.factory.support.AbstractBeanFactory$1.getObject(AbstractBeanFactory.java:306)
	at org.springframework.beans.factory.support.DefaultSingletonBeanRegistry.getSingleton(DefaultSingletonBeanRegistry.java:230)
	at org.springframework.beans.factory.support.AbstractBeanFactory.doGetBean(AbstractBeanFactory.java:302)
	at org.springframework.beans.factory.support.AbstractBeanFactory.getBean(AbstractBeanFactory.java:197)
	at org.springframework.beans.factory.support.ConstructorResolver.instantiateUsingFactoryMethod(ConstructorResolver.java:372)
	at org.springframework.beans.factory.support.AbstractAutowireCapableBeanFactory.instantiateUsingFactoryMethod(AbstractAutowireCapableBeanFactory.java:1173)
	at org.springframework.beans.factory.support.AbstractAutowireCapableBeanFactory.createBeanInstance(AbstractAutowireCapableBeanFactory.java:1067)
	at org.springframework.beans.factory.support.AbstractAutowireCapableBeanFactory.doCreateBean(AbstractAutowireCapableBeanFactory.java:513)
	at org.springframework.beans.factory.support.AbstractAutowireCapableBeanFactory.createBean(AbstractAutowireCapableBeanFactory.java:483)
	at org.springframework.beans.factory.support.AbstractBeanFactory$1.getObject(AbstractBeanFactory.java:306)
	at org.springframework.beans.factory.support.DefaultSingletonBeanRegistry.getSingleton(DefaultSingletonBeanRegistry.java:230)
	at org.springframework.beans.factory.support.AbstractBeanFactory.doGetBean(AbstractBeanFactory.java:302)
	at org.springframework.beans.factory.support.AbstractBeanFactory.getBean(AbstractBeanFactory.java:202)
	at org.springframework.aop.framework.autoproxy.BeanFactoryAdvisorRetrievalHelper.findAdvisorBeans(BeanFactoryAdvisorRetrievalHelper.java:92)
	at org.springframework.aop.framework.autoproxy.AbstractAdvisorAutoProxyCreator.findCandidateAdvisors(AbstractAdvisorAutoProxyCreator.java:102)
	at org.springframework.aop.aspectj.annotation.AnnotationAwareAspectJAutoProxyCreator.findCandidateAdvisors(AnnotationAwareAspectJAutoProxyCreator.java:88)
	at org.springframework.aop.aspectj.autoproxy.AspectJAwareAdvisorAutoProxyCreator.shouldSkip(AspectJAwareAdvisorAutoProxyCreator.java:103)
	at org.springframework.aop.framework.autoproxy.AbstractAutoProxyCreator.postProcessBeforeInstantiation(AbstractAutoProxyCreator.java:248)
	at org.springframework.beans.factory.support.AbstractAutowireCapableBeanFactory.applyBeanPostProcessorsBeforeInstantiation(AbstractAutowireCapableBeanFactory.java:1037)
	at org.springframework.beans.factory.support.AbstractAutowireCapableBeanFactory.resolveBeforeInstantiation(AbstractAutowireCapableBeanFactory.java:1011)
	at org.springframework.beans.factory.support.AbstractAutowireCapableBeanFactory.createBean(AbstractAutowireCapableBeanFactory.java:473)
	... 62 common frames omitted
Caused by: org.springframework.beans.factory.NoSuchBeanDefinitionException: No bean named 'org.springframework.context.annotation.ConfigurationClassPostProcessor.importRegistry' available
	at org.springframework.beans.factory.support.DefaultListableBeanFactory.getBeanDefinition(DefaultListableBeanFactory.java:687)
	at org.springframework.beans.factory.support.AbstractBeanFactory.getMergedLocalBeanDefinition(AbstractBeanFactory.java:1207)
	at org.springframework.beans.factory.support.AbstractBeanFactory.doGetBean(AbstractBeanFactory.java:284)
	at org.springframework.beans.factory.support.AbstractBeanFactory.getBean(AbstractBeanFactory.java:202)
	at org.springframework.context.annotation.ConfigurationClassPostProcessor$ImportAwareBeanPostProcessor.postProcessBeforeInitialization(ConfigurationClassPostProcessor.java:432)
	at org.springframework.beans.factory.support.AbstractAutowireCapableBeanFactory.applyBeanPostProcessorsBeforeInitialization(AbstractAutowireCapableBeanFactory.java:409)
	at org.springframework.beans.factory.support.AbstractAutowireCapableBeanFactory.initializeBean(AbstractAutowireCapableBeanFactory.java:1620)
	at org.springframework.beans.factory.support.AbstractAutowireCapableBeanFactory.doCreateBean(AbstractAutowireCapableBeanFactory.java:555)
	... 84 common frames omitted
18-febrero-20 16:47:27:272 ERROR Test worker o.s.b.SpringApplication:840 - Application startup failed
org.springframework.beans.factory.BeanCreationException: Error creating bean with name 'entityManagerFactory' defined in class path resource [org/springframework/boot/autoconfigure/orm/jpa/HibernateJpaAutoConfiguration.class]: Invocation of init method failed; nested exception is javax.persistence.PersistenceException: [PersistenceUnit: default] Unable to build Hibernate SessionFactory
	at org.springframework.beans.factory.support.AbstractAutowireCapableBeanFactory.initializeBean(AbstractAutowireCapableBeanFactory.java:1628)
	at org.springframework.beans.factory.support.AbstractAutowireCapableBeanFactory.doCreateBean(AbstractAutowireCapableBeanFactory.java:555)
	at org.springframework.beans.factory.support.AbstractAutowireCapableBeanFactory.createBean(AbstractAutowireCapableBeanFactory.java:483)
	at org.springframework.beans.factory.support.AbstractBeanFactory$1.getObject(AbstractBeanFactory.java:306)
	at org.springframework.beans.factory.support.DefaultSingletonBeanRegistry.getSingleton(DefaultSingletonBeanRegistry.java:230)
	at org.springframework.beans.factory.support.AbstractBeanFactory.doGetBean(AbstractBeanFactory.java:302)
	at org.springframework.beans.factory.support.AbstractBeanFactory.getBean(AbstractBeanFactory.java:197)
	at org.springframework.context.support.AbstractApplicationContext.getBean(AbstractApplicationContext.java:1078)
	at org.springframework.context.support.AbstractApplicationContext.finishBeanFactoryInitialization(AbstractApplicationContext.java:857)
	at org.springframework.context.support.AbstractApplicationContext.refresh(AbstractApplicationContext.java:543)
	at org.springframework.boot.SpringApplication.refresh(SpringApplication.java:762)
	at org.springframework.boot.SpringApplication.refreshContext(SpringApplication.java:372)
	at org.springframework.boot.SpringApplication.run(SpringApplication.java:316)
	at org.springframework.boot.test.context.SpringBootContextLoader.loadContext(SpringBootContextLoader.java:111)
	at org.springframework.test.context.cache.DefaultCacheAwareContextLoaderDelegate.loadContextInternal(DefaultCacheAwareContextLoaderDelegate.java:98)
	at org.springframework.test.context.cache.DefaultCacheAwareContextLoaderDelegate.loadContext(DefaultCacheAwareContextLoaderDelegate.java:116)
	at org.springframework.test.context.support.DefaultTestContext.getApplicationContext(DefaultTestContext.java:83)
	at org.springframework.test.context.web.ServletTestExecutionListener.setUpRequestContextIfNecessary(ServletTestExecutionListener.java:189)
	at org.springframework.test.context.web.ServletTestExecutionListener.prepareTestInstance(ServletTestExecutionListener.java:131)
	at org.springframework.test.context.TestContextManager.prepareTestInstance(TestContextManager.java:230)
	at org.springframework.test.context.junit4.SpringJUnit4ClassRunner.createTest(SpringJUnit4ClassRunner.java:228)
	at org.springframework.test.context.junit4.SpringJUnit4ClassRunner$1.runReflectiveCall(SpringJUnit4ClassRunner.java:287)
	at org.junit.internal.runners.model.ReflectiveCallable.run(ReflectiveCallable.java:12)
	at org.springframework.test.context.junit4.SpringJUnit4ClassRunner.methodBlock(SpringJUnit4ClassRunner.java:289)
	at org.springframework.test.context.junit4.SpringJUnit4ClassRunner.runChild(SpringJUnit4ClassRunner.java:247)
	at org.springframework.test.context.junit4.SpringJUnit4ClassRunner.runChild(SpringJUnit4ClassRunner.java:94)
	at org.junit.runners.ParentRunner$3.run(ParentRunner.java:290)
	at org.junit.runners.ParentRunner$1.schedule(ParentRunner.java:71)
	at org.junit.runners.ParentRunner.runChildren(ParentRunner.java:288)
	at org.junit.runners.ParentRunner.access$000(ParentRunner.java:58)
	at org.junit.runners.ParentRunner$2.evaluate(ParentRunner.java:268)
	at org.springframework.test.context.junit4.statements.RunBeforeTestClassCallbacks.evaluate(RunBeforeTestClassCallbacks.java:61)
	at org.springframework.test.context.junit4.statements.RunAfterTestClassCallbacks.evaluate(RunAfterTestClassCallbacks.java:70)
	at org.junit.runners.ParentRunner.run(ParentRunner.java:363)
	at org.springframework.test.context.junit4.SpringJUnit4ClassRunner.run(SpringJUnit4ClassRunner.java:191)
	at org.gradle.api.internal.tasks.testing.junit.JUnitTestClassExecuter.runTestClass(JUnitTestClassExecuter.java:112)
	at org.gradle.api.internal.tasks.testing.junit.JUnitTestClassExecuter.execute(JUnitTestClassExecuter.java:56)
	at org.gradle.api.internal.tasks.testing.junit.JUnitTestClassProcessor.processTestClass(JUnitTestClassProcessor.java:66)
	at org.gradle.api.internal.tasks.testing.SuiteTestClassProcessor.processTestClass(SuiteTestClassProcessor.java:51)
	at sun.reflect.NativeMethodAccessorImpl.invoke0(Native Method)
	at sun.reflect.NativeMethodAccessorImpl.invoke(NativeMethodAccessorImpl.java:62)
	at sun.reflect.DelegatingMethodAccessorImpl.invoke(DelegatingMethodAccessorImpl.java:43)
	at java.lang.reflect.Method.invoke(Method.java:498)
	at org.gradle.messaging.dispatch.ReflectionDispatch.dispatch(ReflectionDispatch.java:35)
	at org.gradle.messaging.dispatch.ReflectionDispatch.dispatch(ReflectionDispatch.java:24)
	at org.gradle.messaging.dispatch.ContextClassLoaderDispatch.dispatch(ContextClassLoaderDispatch.java:32)
	at org.gradle.messaging.dispatch.ProxyDispatchAdapter$DispatchingInvocationHandler.invoke(ProxyDispatchAdapter.java:93)
	at com.sun.proxy.$Proxy2.processTestClass(Unknown Source)
	at org.gradle.api.internal.tasks.testing.worker.TestWorker.processTestClass(TestWorker.java:109)
	at sun.reflect.NativeMethodAccessorImpl.invoke0(Native Method)
	at sun.reflect.NativeMethodAccessorImpl.invoke(NativeMethodAccessorImpl.java:62)
	at sun.reflect.DelegatingMethodAccessorImpl.invoke(DelegatingMethodAccessorImpl.java:43)
	at java.lang.reflect.Method.invoke(Method.java:498)
	at org.gradle.messaging.dispatch.ReflectionDispatch.dispatch(ReflectionDispatch.java:35)
	at org.gradle.messaging.dispatch.ReflectionDispatch.dispatch(ReflectionDispatch.java:24)
	at org.gradle.messaging.remote.internal.hub.MessageHub$Handler.run(MessageHub.java:364)
	at org.gradle.internal.concurrent.ExecutorPolicy$CatchAndRecordFailures.onExecute(ExecutorPolicy.java:54)
	at org.gradle.internal.concurrent.StoppableExecutorImpl$1.run(StoppableExecutorImpl.java:40)
	at java.util.concurrent.ThreadPoolExecutor.runWorker(ThreadPoolExecutor.java:1149)
	at java.util.concurrent.ThreadPoolExecutor$Worker.run(ThreadPoolExecutor.java:624)
	at java.lang.Thread.run(Thread.java:748)
Caused by: javax.persistence.PersistenceException: [PersistenceUnit: default] Unable to build Hibernate SessionFactory
	at org.hibernate.jpa.boot.internal.EntityManagerFactoryBuilderImpl.persistenceException(EntityManagerFactoryBuilderImpl.java:954)
	at org.hibernate.jpa.boot.internal.EntityManagerFactoryBuilderImpl.build(EntityManagerFactoryBuilderImpl.java:882)
	at org.springframework.orm.jpa.vendor.SpringHibernateJpaPersistenceProvider.createContainerEntityManagerFactory(SpringHibernateJpaPersistenceProvider.java:60)
	at org.springframework.orm.jpa.LocalContainerEntityManagerFactoryBean.createNativeEntityManagerFactory(LocalContainerEntityManagerFactoryBean.java:353)
	at org.springframework.orm.jpa.AbstractEntityManagerFactoryBean.buildNativeEntityManagerFactory(AbstractEntityManagerFactoryBean.java:370)
	at org.springframework.orm.jpa.AbstractEntityManagerFactoryBean.afterPropertiesSet(AbstractEntityManagerFactoryBean.java:359)
	at org.springframework.beans.factory.support.AbstractAutowireCapableBeanFactory.invokeInitMethods(AbstractAutowireCapableBeanFactory.java:1687)
	at org.springframework.beans.factory.support.AbstractAutowireCapableBeanFactory.initializeBean(AbstractAutowireCapableBeanFactory.java:1624)
	... 60 common frames omitted
Caused by: org.hibernate.MappingException: Could not instantiate persister org.hibernate.persister.entity.SingleTableEntityPersister
	at org.hibernate.persister.internal.PersisterFactoryImpl.createEntityPersister(PersisterFactoryImpl.java:112)
	at org.hibernate.persister.internal.PersisterFactoryImpl.createEntityPersister(PersisterFactoryImpl.java:77)
	at org.hibernate.internal.SessionFactoryImpl.<init>(SessionFactoryImpl.java:348)
	at org.hibernate.boot.internal.SessionFactoryBuilderImpl.build(SessionFactoryBuilderImpl.java:444)
	at org.hibernate.jpa.boot.internal.EntityManagerFactoryBuilderImpl.build(EntityManagerFactoryBuilderImpl.java:879)
	... 66 common frames omitted
Caused by: java.lang.ClassCastException: org.hibernate.type.StringType cannot be cast to org.hibernate.type.VersionType
	at org.hibernate.tuple.PropertyFactory.buildVersionProperty(PropertyFactory.java:109)
	at org.hibernate.tuple.entity.EntityMetamodel.<init>(EntityMetamodel.java:199)
	at org.hibernate.persister.entity.AbstractEntityPersister.<init>(AbstractEntityPersister.java:517)
	at org.hibernate.persister.entity.SingleTableEntityPersister.<init>(SingleTableEntityPersister.java:124)
	at sun.reflect.NativeConstructorAccessorImpl.newInstance0(Native Method)
	at sun.reflect.NativeConstructorAccessorImpl.newInstance(NativeConstructorAccessorImpl.java:62)
	at sun.reflect.DelegatingConstructorAccessorImpl.newInstance(DelegatingConstructorAccessorImpl.java:45)
	at java.lang.reflect.Constructor.newInstance(Constructor.java:423)
	at org.hibernate.persister.internal.PersisterFactoryImpl.createEntityPersister(PersisterFactoryImpl.java:96)
	... 70 common frames omitted
18-febrero-20 16:47:27:277 ERROR Test worker o.s.t.c.TestContextManager:234 - Caught exception while allowing TestExecutionListener [org.springframework.test.context.web.ServletTestExecutionListener@5c16ed57] to prepare test instance [com.privalia.repositories.ProductRepositoryTest@6a50b1f9]
java.lang.IllegalStateException: Failed to load ApplicationContext
	at org.springframework.test.context.cache.DefaultCacheAwareContextLoaderDelegate.loadContext(DefaultCacheAwareContextLoaderDelegate.java:124)
	at org.springframework.test.context.support.DefaultTestContext.getApplicationContext(DefaultTestContext.java:83)
	at org.springframework.test.context.web.ServletTestExecutionListener.setUpRequestContextIfNecessary(ServletTestExecutionListener.java:189)
	at org.springframework.test.context.web.ServletTestExecutionListener.prepareTestInstance(ServletTestExecutionListener.java:131)
	at org.springframework.test.context.TestContextManager.prepareTestInstance(TestContextManager.java:230)
	at org.springframework.test.context.junit4.SpringJUnit4ClassRunner.createTest(SpringJUnit4ClassRunner.java:228)
	at org.springframework.test.context.junit4.SpringJUnit4ClassRunner$1.runReflectiveCall(SpringJUnit4ClassRunner.java:287)
	at org.junit.internal.runners.model.ReflectiveCallable.run(ReflectiveCallable.java:12)
	at org.springframework.test.context.junit4.SpringJUnit4ClassRunner.methodBlock(SpringJUnit4ClassRunner.java:289)
	at org.springframework.test.context.junit4.SpringJUnit4ClassRunner.runChild(SpringJUnit4ClassRunner.java:247)
	at org.springframework.test.context.junit4.SpringJUnit4ClassRunner.runChild(SpringJUnit4ClassRunner.java:94)
	at org.junit.runners.ParentRunner$3.run(ParentRunner.java:290)
	at org.junit.runners.ParentRunner$1.schedule(ParentRunner.java:71)
	at org.junit.runners.ParentRunner.runChildren(ParentRunner.java:288)
	at org.junit.runners.ParentRunner.access$000(ParentRunner.java:58)
	at org.junit.runners.ParentRunner$2.evaluate(ParentRunner.java:268)
	at org.springframework.test.context.junit4.statements.RunBeforeTestClassCallbacks.evaluate(RunBeforeTestClassCallbacks.java:61)
	at org.springframework.test.context.junit4.statements.RunAfterTestClassCallbacks.evaluate(RunAfterTestClassCallbacks.java:70)
	at org.junit.runners.ParentRunner.run(ParentRunner.java:363)
	at org.springframework.test.context.junit4.SpringJUnit4ClassRunner.run(SpringJUnit4ClassRunner.java:191)
	at org.gradle.api.internal.tasks.testing.junit.JUnitTestClassExecuter.runTestClass(JUnitTestClassExecuter.java:112)
	at org.gradle.api.internal.tasks.testing.junit.JUnitTestClassExecuter.execute(JUnitTestClassExecuter.java:56)
	at org.gradle.api.internal.tasks.testing.junit.JUnitTestClassProcessor.processTestClass(JUnitTestClassProcessor.java:66)
	at org.gradle.api.internal.tasks.testing.SuiteTestClassProcessor.processTestClass(SuiteTestClassProcessor.java:51)
	at sun.reflect.NativeMethodAccessorImpl.invoke0(Native Method)
	at sun.reflect.NativeMethodAccessorImpl.invoke(NativeMethodAccessorImpl.java:62)
	at sun.reflect.DelegatingMethodAccessorImpl.invoke(DelegatingMethodAccessorImpl.java:43)
	at java.lang.reflect.Method.invoke(Method.java:498)
	at org.gradle.messaging.dispatch.ReflectionDispatch.dispatch(ReflectionDispatch.java:35)
	at org.gradle.messaging.dispatch.ReflectionDispatch.dispatch(ReflectionDispatch.java:24)
	at org.gradle.messaging.dispatch.ContextClassLoaderDispatch.dispatch(ContextClassLoaderDispatch.java:32)
	at org.gradle.messaging.dispatch.ProxyDispatchAdapter$DispatchingInvocationHandler.invoke(ProxyDispatchAdapter.java:93)
	at com.sun.proxy.$Proxy2.processTestClass(Unknown Source)
	at org.gradle.api.internal.tasks.testing.worker.TestWorker.processTestClass(TestWorker.java:109)
	at sun.reflect.NativeMethodAccessorImpl.invoke0(Native Method)
	at sun.reflect.NativeMethodAccessorImpl.invoke(NativeMethodAccessorImpl.java:62)
	at sun.reflect.DelegatingMethodAccessorImpl.invoke(DelegatingMethodAccessorImpl.java:43)
	at java.lang.reflect.Method.invoke(Method.java:498)
	at org.gradle.messaging.dispatch.ReflectionDispatch.dispatch(ReflectionDispatch.java:35)
	at org.gradle.messaging.dispatch.ReflectionDispatch.dispatch(ReflectionDispatch.java:24)
	at org.gradle.messaging.remote.internal.hub.MessageHub$Handler.run(MessageHub.java:364)
	at org.gradle.internal.concurrent.ExecutorPolicy$CatchAndRecordFailures.onExecute(ExecutorPolicy.java:54)
	at org.gradle.internal.concurrent.StoppableExecutorImpl$1.run(StoppableExecutorImpl.java:40)
	at java.util.concurrent.ThreadPoolExecutor.runWorker(ThreadPoolExecutor.java:1149)
	at java.util.concurrent.ThreadPoolExecutor$Worker.run(ThreadPoolExecutor.java:624)
	at java.lang.Thread.run(Thread.java:748)
Caused by: org.springframework.beans.factory.BeanCreationException: Error creating bean with name 'entityManagerFactory' defined in class path resource [org/springframework/boot/autoconfigure/orm/jpa/HibernateJpaAutoConfiguration.class]: Invocation of init method failed; nested exception is javax.persistence.PersistenceException: [PersistenceUnit: default] Unable to build Hibernate SessionFactory
	at org.springframework.beans.factory.support.AbstractAutowireCapableBeanFactory.initializeBean(AbstractAutowireCapableBeanFactory.java:1628)
	at org.springframework.beans.factory.support.AbstractAutowireCapableBeanFactory.doCreateBean(AbstractAutowireCapableBeanFactory.java:555)
	at org.springframework.beans.factory.support.AbstractAutowireCapableBeanFactory.createBean(AbstractAutowireCapableBeanFactory.java:483)
	at org.springframework.beans.factory.support.AbstractBeanFactory$1.getObject(AbstractBeanFactory.java:306)
	at org.springframework.beans.factory.support.DefaultSingletonBeanRegistry.getSingleton(DefaultSingletonBeanRegistry.java:230)
	at org.springframework.beans.factory.support.AbstractBeanFactory.doGetBean(AbstractBeanFactory.java:302)
	at org.springframework.beans.factory.support.AbstractBeanFactory.getBean(AbstractBeanFactory.java:197)
	at org.springframework.context.support.AbstractApplicationContext.getBean(AbstractApplicationContext.java:1078)
	at org.springframework.context.support.AbstractApplicationContext.finishBeanFactoryInitialization(AbstractApplicationContext.java:857)
	at org.springframework.context.support.AbstractApplicationContext.refresh(AbstractApplicationContext.java:543)
	at org.springframework.boot.SpringApplication.refresh(SpringApplication.java:762)
	at org.springframework.boot.SpringApplication.refreshContext(SpringApplication.java:372)
	at org.springframework.boot.SpringApplication.run(SpringApplication.java:316)
	at org.springframework.boot.test.context.SpringBootContextLoader.loadContext(SpringBootContextLoader.java:111)
	at org.springframework.test.context.cache.DefaultCacheAwareContextLoaderDelegate.loadContextInternal(DefaultCacheAwareContextLoaderDelegate.java:98)
	at org.springframework.test.context.cache.DefaultCacheAwareContextLoaderDelegate.loadContext(DefaultCacheAwareContextLoaderDelegate.java:116)
	... 45 common frames omitted
Caused by: javax.persistence.PersistenceException: [PersistenceUnit: default] Unable to build Hibernate SessionFactory
	at org.hibernate.jpa.boot.internal.EntityManagerFactoryBuilderImpl.persistenceException(EntityManagerFactoryBuilderImpl.java:954)
	at org.hibernate.jpa.boot.internal.EntityManagerFactoryBuilderImpl.build(EntityManagerFactoryBuilderImpl.java:882)
	at org.springframework.orm.jpa.vendor.SpringHibernateJpaPersistenceProvider.createContainerEntityManagerFactory(SpringHibernateJpaPersistenceProvider.java:60)
	at org.springframework.orm.jpa.LocalContainerEntityManagerFactoryBean.createNativeEntityManagerFactory(LocalContainerEntityManagerFactoryBean.java:353)
	at org.springframework.orm.jpa.AbstractEntityManagerFactoryBean.buildNativeEntityManagerFactory(AbstractEntityManagerFactoryBean.java:370)
	at org.springframework.orm.jpa.AbstractEntityManagerFactoryBean.afterPropertiesSet(AbstractEntityManagerFactoryBean.java:359)
	at org.springframework.beans.factory.support.AbstractAutowireCapableBeanFactory.invokeInitMethods(AbstractAutowireCapableBeanFactory.java:1687)
	at org.springframework.beans.factory.support.AbstractAutowireCapableBeanFactory.initializeBean(AbstractAutowireCapableBeanFactory.java:1624)
	... 60 common frames omitted
Caused by: org.hibernate.MappingException: Could not instantiate persister org.hibernate.persister.entity.SingleTableEntityPersister
	at org.hibernate.persister.internal.PersisterFactoryImpl.createEntityPersister(PersisterFactoryImpl.java:112)
	at org.hibernate.persister.internal.PersisterFactoryImpl.createEntityPersister(PersisterFactoryImpl.java:77)
	at org.hibernate.internal.SessionFactoryImpl.<init>(SessionFactoryImpl.java:348)
	at org.hibernate.boot.internal.SessionFactoryBuilderImpl.build(SessionFactoryBuilderImpl.java:444)
	at org.hibernate.jpa.boot.internal.EntityManagerFactoryBuilderImpl.build(EntityManagerFactoryBuilderImpl.java:879)
	... 66 common frames omitted
Caused by: java.lang.ClassCastException: org.hibernate.type.StringType cannot be cast to org.hibernate.type.VersionType
	at org.hibernate.tuple.PropertyFactory.buildVersionProperty(PropertyFactory.java:109)
	at org.hibernate.tuple.entity.EntityMetamodel.<init>(EntityMetamodel.java:199)
	at org.hibernate.persister.entity.AbstractEntityPersister.<init>(AbstractEntityPersister.java:517)
	at org.hibernate.persister.entity.SingleTableEntityPersister.<init>(SingleTableEntityPersister.java:124)
	at sun.reflect.NativeConstructorAccessorImpl.newInstance0(Native Method)
	at sun.reflect.NativeConstructorAccessorImpl.newInstance(NativeConstructorAccessorImpl.java:62)
	at sun.reflect.DelegatingConstructorAccessorImpl.newInstance(DelegatingConstructorAccessorImpl.java:45)
	at java.lang.reflect.Constructor.newInstance(Constructor.java:423)
	at org.hibernate.persister.internal.PersisterFactoryImpl.createEntityPersister(PersisterFactoryImpl.java:96)
	... 70 common frames omitted
18-febrero-20 16:47:27:291 DEBUG Test worker o.s.t.c.s.AbstractDirtiesContextTestExecutionListener:141 - After test class: context [DefaultTestContext@f445b1a testClass = ProductRepositoryTest, testInstance = [null], testMethod = [null], testException = [null], mergedContextConfiguration = [WebMergedContextConfiguration@47cbe3fa testClass = ProductRepositoryTest, locations = '{}', classes = '{class com.privalia.configuration.RepositoryConfiguration, class com.privalia.configuration.RepositoryConfiguration}', contextInitializerClasses = '[]', activeProfiles = '{}', propertySourceLocations = '{}', propertySourceProperties = '{org.springframework.boot.test.context.SpringBootTestContextBootstrapper=true}', contextCustomizers = set[org.springframework.boot.test.context.SpringBootTestContextCustomizer@52bc2698, org.springframework.boot.test.context.filter.ExcludeFilterContextCustomizer@3cf05962, org.springframework.boot.test.mock.mockito.MockitoContextCustomizer@0, org.springframework.boot.test.autoconfigure.properties.PropertyMappingContextCustomizer@0, org.springframework.boot.test.autoconfigure.web.servlet.WebDriverContextCustomizerFactory$Customizer@58a24ea6], resourceBasePath = 'src/main/webapp', contextLoader = 'org.springframework.boot.test.context.SpringBootContextLoader', parent = [null]]], class annotated with @DirtiesContext [false] with mode [null].
]]></system-out>
  <system-err><![CDATA[]]></system-err>
</testsuite>
