<?xml version="1.0" encoding="UTF-8"?>
<testsuite name="com.privalia.restcontrollers.PrivaliaSpringBootProjectApplicationTests" tests="0" skipped="0" failures="0" errors="0" timestamp="1970-01-01T00:00:00" hostname="Mac-ivangarcia.local" time="0.0">
  <properties/>
  <system-out><![CDATA[17:48:58,271 |-INFO in ch.qos.logback.classic.LoggerContext[default] - Could NOT find resource [logback.groovy]
17:48:58,271 |-INFO in ch.qos.logback.classic.LoggerContext[default] - Could NOT find resource [logback-test.xml]
17:48:58,271 |-INFO in ch.qos.logback.classic.LoggerContext[default] - Found resource [logback.xml] at [file:/Users/ivan.garcia/Documents/eclipse-workspace/PrivaliaSpringBootProject/build/resources/main/logback.xml]
17:48:58,356 |-INFO in ch.qos.logback.classic.joran.action.ConfigurationAction - debug attribute not set
17:48:58,357 |-INFO in ch.qos.logback.core.joran.action.AppenderAction - About to instantiate appender of type [ch.qos.logback.core.ConsoleAppender]
17:48:58,371 |-INFO in ch.qos.logback.core.joran.action.AppenderAction - Naming appender as [stdout]
17:48:58,379 |-INFO in ch.qos.logback.core.joran.action.NestedComplexPropertyIA - Assuming default type [ch.qos.logback.classic.encoder.PatternLayoutEncoder] for [encoder] property
17:48:58,381 |-ERROR in ch.qos.logback.core.joran.spi.Interpreter@6:39 - no applicable action for [springProfile], current ElementPath  is [[configuration][appender][encoder][springProfile]]
17:48:58,382 |-ERROR in ch.qos.logback.core.joran.spi.Interpreter@9:40 - no applicable action for [springProfile], current ElementPath  is [[configuration][appender][encoder][springProfile]]
17:48:58,429 |-ERROR in ch.qos.logback.core.joran.spi.Interpreter@14:31 - no applicable action for [springProfile], current ElementPath  is [[configuration][springProfile]]
17:48:58,429 |-ERROR in ch.qos.logback.core.joran.spi.Interpreter@15:29 - no applicable action for [root], current ElementPath  is [[configuration][springProfile][root]]
17:48:58,429 |-ERROR in ch.qos.logback.core.joran.spi.Interpreter@16:41 - no applicable action for [appender-ref], current ElementPath  is [[configuration][springProfile][root][appender-ref]]
17:48:58,429 |-ERROR in ch.qos.logback.core.joran.spi.Interpreter@19:32 - no applicable action for [springProfile], current ElementPath  is [[configuration][springProfile]]
17:48:58,429 |-ERROR in ch.qos.logback.core.joran.spi.Interpreter@20:28 - no applicable action for [root], current ElementPath  is [[configuration][springProfile][root]]
17:48:58,429 |-ERROR in ch.qos.logback.core.joran.spi.Interpreter@21:41 - no applicable action for [appender-ref], current ElementPath  is [[configuration][springProfile][root][appender-ref]]
17:48:58,429 |-INFO in ch.qos.logback.classic.joran.action.ConfigurationAction - End of configuration.
17:48:58,431 |-INFO in ch.qos.logback.classic.joran.JoranConfigurator@2df68042 - Registering current configuration as safe fallback point

]]></system-out>
  <system-err><![CDATA[]]></system-err>
</testsuite>
