<?xml version="1.0" encoding="UTF-8"?>
<testsuite name="com.privalia.repositories.ProductRepositoryTest" tests="7" skipped="0" failures="0" errors="0" timestamp="2018-02-21T14:26:53" hostname="Mac-ivangarcia.local" time="0.259">
  <properties/>
  <testcase name="testSaveProduct" classname="com.privalia.repositories.ProductRepositoryTest" time="0.111"/>
  <testcase name="testFindByProductId" classname="com.privalia.repositories.ProductRepositoryTest" time="0.034"/>
  <testcase name="testUpdateProduct" classname="com.privalia.repositories.ProductRepositoryTest" time="0.022"/>
  <testcase name="testfindByDescriptionAndPrice" classname="com.privalia.repositories.ProductRepositoryTest" time="0.02"/>
  <testcase name="testModifyProduct" classname="com.privalia.repositories.ProductRepositoryTest" time="0.026"/>
  <testcase name="testDelete" classname="com.privalia.repositories.ProductRepositoryTest" time="0.024"/>
  <testcase name="testGetAllProducts" classname="com.privalia.repositories.ProductRepositoryTest" time="0.015"/>
  <system-out><![CDATA[2018-02-21 15:26:51.780  INFO 4960 --- [    Test worker] .b.t.c.SpringBootTestContextBootstrapper : Neither @ContextConfiguration nor @ContextHierarchy found for test class [com.privalia.repositories.ProductRepositoryTest], using SpringBootContextLoader
2018-02-21 15:26:51.781  INFO 4960 --- [    Test worker] o.s.t.c.support.AbstractContextLoader    : Could not detect default resource locations for test class [com.privalia.repositories.ProductRepositoryTest]: no resource found for suffixes {-context.xml, Context.groovy}.
2018-02-21 15:26:51.788  INFO 4960 --- [    Test worker] .b.t.c.SpringBootTestContextBootstrapper : Loaded default TestExecutionListener class names from location [META-INF/spring.factories]: [org.springframework.boot.test.autoconfigure.restdocs.RestDocsTestExecutionListener, org.springframework.boot.test.autoconfigure.web.client.MockRestServiceServerResetTestExecutionListener, org.springframework.boot.test.autoconfigure.web.servlet.MockMvcPrintOnlyOnFailureTestExecutionListener, org.springframework.boot.test.autoconfigure.web.servlet.WebDriverTestExecutionListener, org.springframework.boot.test.mock.mockito.MockitoTestExecutionListener, org.springframework.boot.test.mock.mockito.ResetMocksTestExecutionListener, org.springframework.test.context.web.ServletTestExecutionListener, org.springframework.test.context.support.DirtiesContextBeforeModesTestExecutionListener, org.springframework.test.context.support.DependencyInjectionTestExecutionListener, org.springframework.test.context.support.DirtiesContextTestExecutionListener, org.springframework.test.context.transaction.TransactionalTestExecutionListener, org.springframework.test.context.jdbc.SqlScriptsTestExecutionListener]
2018-02-21 15:26:51.790  INFO 4960 --- [    Test worker] .b.t.c.SpringBootTestContextBootstrapper : Using TestExecutionListeners: [org.springframework.test.context.web.ServletTestExecutionListener@5e096d29, org.springframework.test.context.support.DirtiesContextBeforeModesTestExecutionListener@3106cc5f, org.springframework.boot.test.autoconfigure.SpringBootDependencyInjectionTestExecutionListener@2d61cdd2, org.springframework.test.context.support.DirtiesContextTestExecutionListener@2eb28247, org.springframework.test.context.transaction.TransactionalTestExecutionListener@3b47d29d, org.springframework.test.context.jdbc.SqlScriptsTestExecutionListener@3c24859e, org.springframework.boot.test.autoconfigure.web.servlet.WebDriverTestExecutionListener@1f88d095, org.springframework.boot.test.autoconfigure.web.servlet.MockMvcPrintOnlyOnFailureTestExecutionListener@2512d999, org.springframework.boot.test.autoconfigure.web.client.MockRestServiceServerResetTestExecutionListener@20c4249c, org.springframework.boot.test.mock.mockito.MockitoTestExecutionListener@38d44d6f, org.springframework.boot.test.mock.mockito.ResetMocksTestExecutionListener@61012e98, org.springframework.boot.test.autoconfigure.restdocs.RestDocsTestExecutionListener@52eced30]
2018-02-21 15:26:51.830  INFO 4960 --- [    Test worker] c.p.repositories.ProductRepositoryTest   : Starting ProductRepositoryTest on Mac-ivangarcia.local with PID 4960 (started by ivan.garcia in /Users/ivan.garcia/Documents/eclipse-workspace/PrivaliaSpringBootProject)
2018-02-21 15:26:51.831  INFO 4960 --- [    Test worker] c.p.repositories.ProductRepositoryTest   : The following profiles are active: prod
2018-02-21 15:26:51.834  INFO 4960 --- [    Test worker] o.s.w.c.s.GenericWebApplicationContext   : Refreshing org.springframework.web.context.support.GenericWebApplicationContext@6498de3: startup date [Wed Feb 21 15:26:51 CET 2018]; root of context hierarchy
2018-02-21 15:26:52.552  INFO 4960 --- [    Test worker] trationDelegate$BeanPostProcessorChecker : Bean 'org.springframework.transaction.annotation.ProxyTransactionManagementConfiguration' of type [org.springframework.transaction.annotation.ProxyTransactionManagementConfiguration$$EnhancerBySpringCGLIB$$eca753c] is not eligible for getting processed by all BeanPostProcessors (for example: not eligible for auto-proxying)
2018-02-21 15:26:52.710  INFO 4960 --- [    Test worker] j.LocalContainerEntityManagerFactoryBean : Building JPA container EntityManagerFactory for persistence unit 'default'
2018-02-21 15:26:52.710  INFO 4960 --- [    Test worker] o.hibernate.jpa.internal.util.LogHelper  : HHH000204: Processing PersistenceUnitInfo [
	name: default
	...]
2018-02-21 15:26:52.717  INFO 4960 --- [    Test worker] org.hibernate.dialect.Dialect            : HHH000400: Using dialect: org.hibernate.dialect.H2Dialect
2018-02-21 15:26:52.721  INFO 4960 --- [    Test worker] o.h.e.j.e.i.LobCreatorBuilderImpl        : HHH000423: Disabling contextual LOB creation as JDBC driver reported JDBC version [3] less than 4
2018-02-21 15:26:52.736  INFO 4960 --- [    Test worker] org.hibernate.tool.hbm2ddl.SchemaExport  : HHH000227: Running hbm2ddl schema export
Hibernate: drop table product if exists
Hibernate: create table product (id integer generated by default as identity, description varchar(200), image_url varchar(400), price decimal(19,2) not null check (price>=1), product_id varchar(255), version integer, primary key (id))
2018-02-21 15:26:52.742  INFO 4960 --- [    Test worker] org.hibernate.tool.hbm2ddl.SchemaExport  : HHH000230: Schema export complete
2018-02-21 15:26:52.744  WARN 4960 --- [    Test worker] o.h.j.i.EntityManagerFactoryRegistry     : HHH000436: Entity manager factory name (default) is already registered.  If entity manager will be clustered or passivated, specify a unique value for property 'hibernate.ejb.entitymanager_factory_name'
2018-02-21 15:26:52.745  INFO 4960 --- [    Test worker] j.LocalContainerEntityManagerFactoryBean : Initialized JPA EntityManagerFactory for persistence unit 'default'
2018-02-21 15:26:52.876  INFO 4960 --- [    Test worker] o.h.h.i.QueryTranslatorFactoryInitiator  : HHH000397: Using ASTQueryTranslatorFactory
2018-02-21 15:26:53.249  INFO 4960 --- [    Test worker] s.w.s.m.m.a.RequestMappingHandlerAdapter : Looking for @ControllerAdvice: org.springframework.web.context.support.GenericWebApplicationContext@6498de3: startup date [Wed Feb 21 15:26:51 CET 2018]; root of context hierarchy
2018-02-21 15:26:53.272  INFO 4960 --- [    Test worker] s.w.s.m.m.a.RequestMappingHandlerMapping : Mapped "{[/error]}" onto public org.springframework.http.ResponseEntity<java.util.Map<java.lang.String, java.lang.Object>> org.springframework.boot.autoconfigure.web.BasicErrorController.error(javax.servlet.http.HttpServletRequest)
2018-02-21 15:26:53.273  INFO 4960 --- [    Test worker] s.w.s.m.m.a.RequestMappingHandlerMapping : Mapped "{[/error],produces=[text/html]}" onto public org.springframework.web.servlet.ModelAndView org.springframework.boot.autoconfigure.web.BasicErrorController.errorHtml(javax.servlet.http.HttpServletRequest,javax.servlet.http.HttpServletResponse)
2018-02-21 15:26:53.301  INFO 4960 --- [    Test worker] o.s.w.s.handler.SimpleUrlHandlerMapping  : Mapped URL path [/webjars/**] onto handler of type [class org.springframework.web.servlet.resource.ResourceHttpRequestHandler]
2018-02-21 15:26:53.302  INFO 4960 --- [    Test worker] o.s.w.s.handler.SimpleUrlHandlerMapping  : Mapped URL path [/**] onto handler of type [class org.springframework.web.servlet.resource.ResourceHttpRequestHandler]
2018-02-21 15:26:53.314  INFO 4960 --- [    Test worker] .m.m.a.ExceptionHandlerExceptionResolver : Detected @ExceptionHandler methods in repositoryRestExceptionHandler
2018-02-21 15:26:53.330  INFO 4960 --- [    Test worker] o.s.w.s.handler.SimpleUrlHandlerMapping  : Mapped URL path [/**/favicon.ico] onto handler of type [class org.springframework.web.servlet.resource.ResourceHttpRequestHandler]
2018-02-21 15:26:53.437  INFO 4960 --- [    Test worker] o.s.d.r.w.RepositoryRestHandlerAdapter   : Looking for @ControllerAdvice: org.springframework.web.context.support.GenericWebApplicationContext@6498de3: startup date [Wed Feb 21 15:26:51 CET 2018]; root of context hierarchy
2018-02-21 15:26:53.443  INFO 4960 --- [    Test worker] o.s.d.r.w.RepositoryRestHandlerMapping   : Mapped "{[/ || ],methods=[GET],produces=[application/hal+json || application/json]}" onto public org.springframework.http.HttpEntity<org.springframework.data.rest.webmvc.RepositoryLinksResource> org.springframework.data.rest.webmvc.RepositoryController.listRepositories()
2018-02-21 15:26:53.443  INFO 4960 --- [    Test worker] o.s.d.r.w.RepositoryRestHandlerMapping   : Mapped "{[/ || ],methods=[OPTIONS],produces=[application/hal+json || application/json]}" onto public org.springframework.http.HttpEntity<?> org.springframework.data.rest.webmvc.RepositoryController.optionsForRepositories()
2018-02-21 15:26:53.444  INFO 4960 --- [    Test worker] o.s.d.r.w.RepositoryRestHandlerMapping   : Mapped "{[/ || ],methods=[HEAD],produces=[application/hal+json || application/json]}" onto public org.springframework.http.ResponseEntity<?> org.springframework.data.rest.webmvc.RepositoryController.headForRepositories()
2018-02-21 15:26:53.446  INFO 4960 --- [    Test worker] o.s.d.r.w.RepositoryRestHandlerMapping   : Mapped "{[/{repository}],methods=[OPTIONS],produces=[application/hal+json || application/json]}" onto public org.springframework.http.ResponseEntity<?> org.springframework.data.rest.webmvc.RepositoryEntityController.optionsForCollectionResource(org.springframework.data.rest.webmvc.RootResourceInformation)
2018-02-21 15:26:53.448  INFO 4960 --- [    Test worker] o.s.d.r.w.RepositoryRestHandlerMapping   : Mapped "{[/{repository}],methods=[HEAD],produces=[application/hal+json || application/json]}" onto public org.springframework.http.ResponseEntity<?> org.springframework.data.rest.webmvc.RepositoryEntityController.headCollectionResource(org.springframework.data.rest.webmvc.RootResourceInformation,org.springframework.data.rest.webmvc.support.DefaultedPageable) throws org.springframework.web.HttpRequestMethodNotSupportedException
2018-02-21 15:26:53.449  INFO 4960 --- [    Test worker] o.s.d.r.w.RepositoryRestHandlerMapping   : Mapped "{[/{repository}],methods=[GET],produces=[application/hal+json || application/json]}" onto public org.springframework.hateoas.Resources<?> org.springframework.data.rest.webmvc.RepositoryEntityController.getCollectionResource(org.springframework.data.rest.webmvc.RootResourceInformation,org.springframework.data.rest.webmvc.support.DefaultedPageable,org.springframework.data.domain.Sort,org.springframework.data.rest.webmvc.PersistentEntityResourceAssembler) throws org.springframework.data.rest.webmvc.ResourceNotFoundException,org.springframework.web.HttpRequestMethodNotSupportedException
2018-02-21 15:26:53.451  INFO 4960 --- [    Test worker] o.s.d.r.w.RepositoryRestHandlerMapping   : Mapped "{[/{repository}],methods=[GET],produces=[application/x-spring-data-compact+json || text/uri-list]}" onto public org.springframework.hateoas.Resources<?> org.springframework.data.rest.webmvc.RepositoryEntityController.getCollectionResourceCompact(org.springframework.data.rest.webmvc.RootResourceInformation,org.springframework.data.rest.webmvc.support.DefaultedPageable,org.springframework.data.domain.Sort,org.springframework.data.rest.webmvc.PersistentEntityResourceAssembler) throws org.springframework.data.rest.webmvc.ResourceNotFoundException,org.springframework.web.HttpRequestMethodNotSupportedException
2018-02-21 15:26:53.452  INFO 4960 --- [    Test worker] o.s.d.r.w.RepositoryRestHandlerMapping   : Mapped "{[/{repository}],methods=[POST],produces=[application/hal+json || application/json]}" onto public org.springframework.http.ResponseEntity<org.springframework.hateoas.ResourceSupport> org.springframework.data.rest.webmvc.RepositoryEntityController.postCollectionResource(org.springframework.data.rest.webmvc.RootResourceInformation,org.springframework.data.rest.webmvc.PersistentEntityResource,org.springframework.data.rest.webmvc.PersistentEntityResourceAssembler,java.lang.String) throws org.springframework.web.HttpRequestMethodNotSupportedException
2018-02-21 15:26:53.453  INFO 4960 --- [    Test worker] o.s.d.r.w.RepositoryRestHandlerMapping   : Mapped "{[/{repository}/{id}],methods=[OPTIONS],produces=[application/hal+json || application/json]}" onto public org.springframework.http.ResponseEntity<?> org.springframework.data.rest.webmvc.RepositoryEntityController.optionsForItemResource(org.springframework.data.rest.webmvc.RootResourceInformation)
2018-02-21 15:26:53.454  INFO 4960 --- [    Test worker] o.s.d.r.w.RepositoryRestHandlerMapping   : Mapped "{[/{repository}/{id}],methods=[HEAD],produces=[application/hal+json || application/json]}" onto public org.springframework.http.ResponseEntity<?> org.springframework.data.rest.webmvc.RepositoryEntityController.headForItemResource(org.springframework.data.rest.webmvc.RootResourceInformation,java.io.Serializable,org.springframework.data.rest.webmvc.PersistentEntityResourceAssembler) throws org.springframework.web.HttpRequestMethodNotSupportedException
2018-02-21 15:26:53.454  INFO 4960 --- [    Test worker] o.s.d.r.w.RepositoryRestHandlerMapping   : Mapped "{[/{repository}/{id}],methods=[GET],produces=[application/hal+json || application/json]}" onto public org.springframework.http.ResponseEntity<org.springframework.hateoas.Resource<?>> org.springframework.data.rest.webmvc.RepositoryEntityController.getItemResource(org.springframework.data.rest.webmvc.RootResourceInformation,java.io.Serializable,org.springframework.data.rest.webmvc.PersistentEntityResourceAssembler,org.springframework.util.MultiValueMap<java.lang.String, java.lang.String>) throws org.springframework.web.HttpRequestMethodNotSupportedException
2018-02-21 15:26:53.455  INFO 4960 --- [    Test worker] o.s.d.r.w.RepositoryRestHandlerMapping   : Mapped "{[/{repository}/{id}],methods=[PUT],produces=[application/hal+json || application/json]}" onto public org.springframework.http.ResponseEntity<? extends org.springframework.hateoas.ResourceSupport> org.springframework.data.rest.webmvc.RepositoryEntityController.putItemResource(org.springframework.data.rest.webmvc.RootResourceInformation,org.springframework.data.rest.webmvc.PersistentEntityResource,java.io.Serializable,org.springframework.data.rest.webmvc.PersistentEntityResourceAssembler,org.springframework.data.rest.webmvc.support.ETag,java.lang.String) throws org.springframework.web.HttpRequestMethodNotSupportedException
2018-02-21 15:26:53.456  INFO 4960 --- [    Test worker] o.s.d.r.w.RepositoryRestHandlerMapping   : Mapped "{[/{repository}/{id}],methods=[PATCH],produces=[application/hal+json || application/json]}" onto public org.springframework.http.ResponseEntity<org.springframework.hateoas.ResourceSupport> org.springframework.data.rest.webmvc.RepositoryEntityController.patchItemResource(org.springframework.data.rest.webmvc.RootResourceInformation,org.springframework.data.rest.webmvc.PersistentEntityResource,java.io.Serializable,org.springframework.data.rest.webmvc.PersistentEntityResourceAssembler,org.springframework.data.rest.webmvc.support.ETag,java.lang.String) throws org.springframework.web.HttpRequestMethodNotSupportedException,org.springframework.data.rest.webmvc.ResourceNotFoundException
2018-02-21 15:26:53.457  INFO 4960 --- [    Test worker] o.s.d.r.w.RepositoryRestHandlerMapping   : Mapped "{[/{repository}/{id}],methods=[DELETE],produces=[application/hal+json || application/json]}" onto public org.springframework.http.ResponseEntity<?> org.springframework.data.rest.webmvc.RepositoryEntityController.deleteItemResource(org.springframework.data.rest.webmvc.RootResourceInformation,java.io.Serializable,org.springframework.data.rest.webmvc.support.ETag) throws org.springframework.data.rest.webmvc.ResourceNotFoundException,org.springframework.web.HttpRequestMethodNotSupportedException
2018-02-21 15:26:53.458  INFO 4960 --- [    Test worker] o.s.d.r.w.RepositoryRestHandlerMapping   : Mapped "{[/{repository}/{id}/{property}],methods=[GET],produces=[application/hal+json || application/json]}" onto public org.springframework.http.ResponseEntity<org.springframework.hateoas.ResourceSupport> org.springframework.data.rest.webmvc.RepositoryPropertyReferenceController.followPropertyReference(org.springframework.data.rest.webmvc.RootResourceInformation,java.io.Serializable,java.lang.String,org.springframework.data.rest.webmvc.PersistentEntityResourceAssembler) throws java.lang.Exception
2018-02-21 15:26:53.459  INFO 4960 --- [    Test worker] o.s.d.r.w.RepositoryRestHandlerMapping   : Mapped "{[/{repository}/{id}/{property}/{propertyId}],methods=[GET],produces=[application/hal+json || application/json]}" onto public org.springframework.http.ResponseEntity<org.springframework.hateoas.ResourceSupport> org.springframework.data.rest.webmvc.RepositoryPropertyReferenceController.followPropertyReference(org.springframework.data.rest.webmvc.RootResourceInformation,java.io.Serializable,java.lang.String,java.lang.String,org.springframework.data.rest.webmvc.PersistentEntityResourceAssembler) throws java.lang.Exception
2018-02-21 15:26:53.460  INFO 4960 --- [    Test worker] o.s.d.r.w.RepositoryRestHandlerMapping   : Mapped "{[/{repository}/{id}/{property}],methods=[DELETE],produces=[application/hal+json || application/json]}" onto public org.springframework.http.ResponseEntity<? extends org.springframework.hateoas.ResourceSupport> org.springframework.data.rest.webmvc.RepositoryPropertyReferenceController.deletePropertyReference(org.springframework.data.rest.webmvc.RootResourceInformation,java.io.Serializable,java.lang.String) throws java.lang.Exception
2018-02-21 15:26:53.460  INFO 4960 --- [    Test worker] o.s.d.r.w.RepositoryRestHandlerMapping   : Mapped "{[/{repository}/{id}/{property}],methods=[GET],produces=[application/x-spring-data-compact+json || text/uri-list]}" onto public org.springframework.http.ResponseEntity<org.springframework.hateoas.ResourceSupport> org.springframework.data.rest.webmvc.RepositoryPropertyReferenceController.followPropertyReferenceCompact(org.springframework.data.rest.webmvc.RootResourceInformation,java.io.Serializable,java.lang.String,org.springframework.data.rest.webmvc.PersistentEntityResourceAssembler) throws java.lang.Exception
2018-02-21 15:26:53.461  INFO 4960 --- [    Test worker] o.s.d.r.w.RepositoryRestHandlerMapping   : Mapped "{[/{repository}/{id}/{property}],methods=[PATCH || PUT || POST],consumes=[application/json || application/x-spring-data-compact+json || text/uri-list],produces=[application/hal+json || application/json]}" onto public org.springframework.http.ResponseEntity<? extends org.springframework.hateoas.ResourceSupport> org.springframework.data.rest.webmvc.RepositoryPropertyReferenceController.createPropertyReference(org.springframework.data.rest.webmvc.RootResourceInformation,org.springframework.http.HttpMethod,org.springframework.hateoas.Resources<java.lang.Object>,java.io.Serializable,java.lang.String) throws java.lang.Exception
2018-02-21 15:26:53.462  INFO 4960 --- [    Test worker] o.s.d.r.w.RepositoryRestHandlerMapping   : Mapped "{[/{repository}/{id}/{property}/{propertyId}],methods=[DELETE],produces=[application/hal+json || application/json]}" onto public org.springframework.http.ResponseEntity<org.springframework.hateoas.ResourceSupport> org.springframework.data.rest.webmvc.RepositoryPropertyReferenceController.deletePropertyReferenceId(org.springframework.data.rest.webmvc.RootResourceInformation,java.io.Serializable,java.lang.String,java.lang.String) throws java.lang.Exception
2018-02-21 15:26:53.464  INFO 4960 --- [    Test worker] o.s.d.r.w.RepositoryRestHandlerMapping   : Mapped "{[/{repository}/search],methods=[HEAD],produces=[application/hal+json || application/json]}" onto public org.springframework.http.HttpEntity<?> org.springframework.data.rest.webmvc.RepositorySearchController.headForSearches(org.springframework.data.rest.webmvc.RootResourceInformation)
2018-02-21 15:26:53.465  INFO 4960 --- [    Test worker] o.s.d.r.w.RepositoryRestHandlerMapping   : Mapped "{[/{repository}/search],methods=[OPTIONS],produces=[application/hal+json || application/json]}" onto public org.springframework.http.HttpEntity<?> org.springframework.data.rest.webmvc.RepositorySearchController.optionsForSearches(org.springframework.data.rest.webmvc.RootResourceInformation)
2018-02-21 15:26:53.466  INFO 4960 --- [    Test worker] o.s.d.r.w.RepositoryRestHandlerMapping   : Mapped "{[/{repository}/search],methods=[GET],produces=[application/hal+json || application/json]}" onto public org.springframework.data.rest.webmvc.RepositorySearchesResource org.springframework.data.rest.webmvc.RepositorySearchController.listSearches(org.springframework.data.rest.webmvc.RootResourceInformation)
2018-02-21 15:26:53.466  INFO 4960 --- [    Test worker] o.s.d.r.w.RepositoryRestHandlerMapping   : Mapped "{[/{repository}/search/{search}],methods=[GET],produces=[application/hal+json || application/json]}" onto public org.springframework.http.ResponseEntity<java.lang.Object> org.springframework.data.rest.webmvc.RepositorySearchController.executeSearch(org.springframework.data.rest.webmvc.RootResourceInformation,org.springframework.util.MultiValueMap<java.lang.String, java.lang.Object>,java.lang.String,org.springframework.data.rest.webmvc.support.DefaultedPageable,org.springframework.data.domain.Sort,org.springframework.data.rest.webmvc.PersistentEntityResourceAssembler)
2018-02-21 15:26:53.467  INFO 4960 --- [    Test worker] o.s.d.r.w.RepositoryRestHandlerMapping   : Mapped "{[/{repository}/search/{search}],methods=[GET],produces=[application/x-spring-data-compact+json]}" onto public org.springframework.hateoas.ResourceSupport org.springframework.data.rest.webmvc.RepositorySearchController.executeSearchCompact(org.springframework.data.rest.webmvc.RootResourceInformation,org.springframework.util.MultiValueMap<java.lang.String, java.lang.Object>,java.lang.String,java.lang.String,org.springframework.data.rest.webmvc.support.DefaultedPageable,org.springframework.data.domain.Sort,org.springframework.data.rest.webmvc.PersistentEntityResourceAssembler)
2018-02-21 15:26:53.467  INFO 4960 --- [    Test worker] o.s.d.r.w.RepositoryRestHandlerMapping   : Mapped "{[/{repository}/search/{search}],methods=[OPTIONS],produces=[application/hal+json || application/json]}" onto public org.springframework.http.ResponseEntity<java.lang.Object> org.springframework.data.rest.webmvc.RepositorySearchController.optionsForSearch(org.springframework.data.rest.webmvc.RootResourceInformation,java.lang.String)
2018-02-21 15:26:53.468  INFO 4960 --- [    Test worker] o.s.d.r.w.RepositoryRestHandlerMapping   : Mapped "{[/{repository}/search/{search}],methods=[HEAD],produces=[application/hal+json || application/json]}" onto public org.springframework.http.ResponseEntity<java.lang.Object> org.springframework.data.rest.webmvc.RepositorySearchController.headForSearch(org.springframework.data.rest.webmvc.RootResourceInformation,java.lang.String)
2018-02-21 15:26:53.472  INFO 4960 --- [    Test worker] o.s.d.r.w.BasePathAwareHandlerMapping    : Mapped "{[/profile/{repository}],methods=[OPTIONS],produces=[application/alps+json]}" onto org.springframework.http.HttpEntity<?> org.springframework.data.rest.webmvc.alps.AlpsController.alpsOptions()
2018-02-21 15:26:53.473  INFO 4960 --- [    Test worker] o.s.d.r.w.BasePathAwareHandlerMapping    : Mapped "{[/profile/{repository}],methods=[GET],produces=[application/alps+json || */*]}" onto org.springframework.http.HttpEntity<org.springframework.data.rest.webmvc.RootResourceInformation> org.springframework.data.rest.webmvc.alps.AlpsController.descriptor(org.springframework.data.rest.webmvc.RootResourceInformation)
2018-02-21 15:26:53.473  INFO 4960 --- [    Test worker] o.s.d.r.w.BasePathAwareHandlerMapping    : Mapped "{[/profile],methods=[OPTIONS]}" onto public org.springframework.http.HttpEntity<?> org.springframework.data.rest.webmvc.ProfileController.profileOptions()
2018-02-21 15:26:53.474  INFO 4960 --- [    Test worker] o.s.d.r.w.BasePathAwareHandlerMapping    : Mapped "{[/profile],methods=[GET]}" onto org.springframework.http.HttpEntity<org.springframework.hateoas.ResourceSupport> org.springframework.data.rest.webmvc.ProfileController.listAllFormsOfMetadata()
2018-02-21 15:26:53.474  INFO 4960 --- [    Test worker] o.s.d.r.w.BasePathAwareHandlerMapping    : Mapped "{[/profile/{repository}],methods=[GET],produces=[application/schema+json]}" onto public org.springframework.http.HttpEntity<org.springframework.data.rest.webmvc.json.JsonSchema> org.springframework.data.rest.webmvc.RepositorySchemaController.schema(org.springframework.data.rest.webmvc.RootResourceInformation)
2018-02-21 15:26:53.487  INFO 4960 --- [    Test worker] .m.m.a.ExceptionHandlerExceptionResolver : Detected @ExceptionHandler methods in repositoryRestExceptionHandler
2018-02-21 15:26:53.573  INFO 4960 --- [    Test worker] b.a.s.AuthenticationManagerConfiguration : 

Using default security password: 62de6c26-e883-4bda-8df4-61b00a39e071

2018-02-21 15:26:53.582  INFO 4960 --- [    Test worker] o.s.s.web.DefaultSecurityFilterChain     : Creating filter chain: Ant [pattern='/css/**'], []
2018-02-21 15:26:53.583  INFO 4960 --- [    Test worker] o.s.s.web.DefaultSecurityFilterChain     : Creating filter chain: Ant [pattern='/js/**'], []
2018-02-21 15:26:53.583  INFO 4960 --- [    Test worker] o.s.s.web.DefaultSecurityFilterChain     : Creating filter chain: Ant [pattern='/images/**'], []
2018-02-21 15:26:53.583  INFO 4960 --- [    Test worker] o.s.s.web.DefaultSecurityFilterChain     : Creating filter chain: Ant [pattern='/webjars/**'], []
2018-02-21 15:26:53.583  INFO 4960 --- [    Test worker] o.s.s.web.DefaultSecurityFilterChain     : Creating filter chain: Ant [pattern='/**/favicon.ico'], []
2018-02-21 15:26:53.584  INFO 4960 --- [    Test worker] o.s.s.web.DefaultSecurityFilterChain     : Creating filter chain: Ant [pattern='/error'], []
2018-02-21 15:26:53.637  INFO 4960 --- [    Test worker] o.s.s.web.DefaultSecurityFilterChain     : Creating filter chain: OrRequestMatcher [requestMatchers=[Ant [pattern='/**']]], [org.springframework.security.web.context.request.async.WebAsyncManagerIntegrationFilter@6351e39c, org.springframework.security.web.context.SecurityContextPersistenceFilter@58b74b98, org.springframework.security.web.header.HeaderWriterFilter@6c3d9fae, org.springframework.security.web.authentication.logout.LogoutFilter@77864c4d, org.springframework.security.web.authentication.www.BasicAuthenticationFilter@158f22ae, org.springframework.security.web.savedrequest.RequestCacheAwareFilter@52bbb463, org.springframework.security.web.servletapi.SecurityContextHolderAwareRequestFilter@52fb9175, org.springframework.security.web.authentication.AnonymousAuthenticationFilter@4163c91f, org.springframework.security.web.session.SessionManagementFilter@3b23df78, org.springframework.security.web.access.ExceptionTranslationFilter@3a560a1f, org.springframework.security.web.access.intercept.FilterSecurityInterceptor@3db1cefe]
2018-02-21 15:26:53.822  INFO 4960 --- [    Test worker] c.p.repositories.ProductRepositoryTest   : Started ProductRepositoryTest in 2.026 seconds (JVM running for 10.378)
Hibernate: insert into product (id, description, image_url, price, product_id, version) values (null, ?, ?, ?, ?, ?)
Hibernate: insert into product (id, description, image_url, price, product_id, version) values (null, ?, ?, ?, ?, ?)
2018-02-21 15:26:53.889  INFO 4960 --- [    Test worker] c.p.repositories.ProductRepositoryTest   : Start testSaveProduct Method
Hibernate: insert into product (id, description, image_url, price, product_id, version) values (null, ?, ?, ?, ?, ?)
2018-02-21 15:26:53.892  INFO 4960 --- [    Test worker] c.p.repositories.ProductRepositoryTest   : End testSaveProduct Method
Hibernate: select product0_.id as id1_0_, product0_.description as descript2_0_, product0_.image_url as image_ur3_0_, product0_.price as price4_0_, product0_.product_id as product_5_0_, product0_.version as version6_0_ from product product0_
Hibernate: delete from product where id=? and version=?
Hibernate: delete from product where id=? and version=?
Hibernate: delete from product where id=? and version=?
Hibernate: insert into product (id, description, image_url, price, product_id, version) values (null, ?, ?, ?, ?, ?)
Hibernate: insert into product (id, description, image_url, price, product_id, version) values (null, ?, ?, ?, ?, ?)
Hibernate: select product0_.id as id1_0_, product0_.description as descript2_0_, product0_.image_url as image_ur3_0_, product0_.price as price4_0_, product0_.product_id as product_5_0_, product0_.version as version6_0_ from product product0_ where product0_.product_id=?
Hibernate: select product0_.id as id1_0_, product0_.description as descript2_0_, product0_.image_url as image_ur3_0_, product0_.price as price4_0_, product0_.product_id as product_5_0_, product0_.version as version6_0_ from product product0_
Hibernate: delete from product where id=? and version=?
Hibernate: delete from product where id=? and version=?
Hibernate: insert into product (id, description, image_url, price, product_id, version) values (null, ?, ?, ?, ?, ?)
Hibernate: insert into product (id, description, image_url, price, product_id, version) values (null, ?, ?, ?, ?, ?)
2018-02-21 15:26:53.984  INFO 4960 --- [    Test worker] c.p.repositories.ProductRepositoryTest   : Start testUpdateProduct Method
Hibernate: update product set description=? where id=?
2018-02-21 15:26:53.991  INFO 4960 --- [    Test worker] c.p.repositories.ProductRepositoryTest   : End testUpdateProduct Method
Hibernate: select product0_.id as id1_0_, product0_.description as descript2_0_, product0_.image_url as image_ur3_0_, product0_.price as price4_0_, product0_.product_id as product_5_0_, product0_.version as version6_0_ from product product0_
Hibernate: delete from product where id=? and version=?
Hibernate: delete from product where id=? and version=?
Hibernate: insert into product (id, description, image_url, price, product_id, version) values (null, ?, ?, ?, ?, ?)
Hibernate: insert into product (id, description, image_url, price, product_id, version) values (null, ?, ?, ?, ?, ?)
Hibernate: select product0_.id as id1_0_, product0_.description as descript2_0_, product0_.image_url as image_ur3_0_, product0_.price as price4_0_, product0_.product_id as product_5_0_, product0_.version as version6_0_ from product product0_ where product0_.description=? and product0_.price=?
Hibernate: select product0_.id as id1_0_, product0_.description as descript2_0_, product0_.image_url as image_ur3_0_, product0_.price as price4_0_, product0_.product_id as product_5_0_, product0_.version as version6_0_ from product product0_
Hibernate: delete from product where id=? and version=?
Hibernate: delete from product where id=? and version=?
Hibernate: insert into product (id, description, image_url, price, product_id, version) values (null, ?, ?, ?, ?, ?)
Hibernate: insert into product (id, description, image_url, price, product_id, version) values (null, ?, ?, ?, ?, ?)
2018-02-21 15:26:54.028  INFO 4960 --- [    Test worker] c.p.repositories.ProductRepositoryTest   : Start testModifyProduct Method
Hibernate: select product0_.id as id1_0_0_, product0_.description as descript2_0_0_, product0_.image_url as image_ur3_0_0_, product0_.price as price4_0_0_, product0_.product_id as product_5_0_0_, product0_.version as version6_0_0_ from product product0_ where product0_.id=?
Hibernate: update product set description=?, version=? where id=? and version=?
2018-02-21 15:26:54.038  INFO 4960 --- [    Test worker] c.p.repositories.ProductRepositoryTest   : End testModifyProduct Method
Hibernate: select product0_.id as id1_0_, product0_.description as descript2_0_, product0_.image_url as image_ur3_0_, product0_.price as price4_0_, product0_.product_id as product_5_0_, product0_.version as version6_0_ from product product0_
Hibernate: delete from product where id=? and version=?
Hibernate: delete from product where id=? and version=?
Hibernate: insert into product (id, description, image_url, price, product_id, version) values (null, ?, ?, ?, ?, ?)
Hibernate: insert into product (id, description, image_url, price, product_id, version) values (null, ?, ?, ?, ?, ?)
Hibernate: select product0_.id as id1_0_0_, product0_.description as descript2_0_0_, product0_.image_url as image_ur3_0_0_, product0_.price as price4_0_0_, product0_.product_id as product_5_0_0_, product0_.version as version6_0_0_ from product product0_ where product0_.id=?
Hibernate: delete from product where id=? and version=?
Hibernate: select product0_.id as id1_0_0_, product0_.description as descript2_0_0_, product0_.image_url as image_ur3_0_0_, product0_.price as price4_0_0_, product0_.product_id as product_5_0_0_, product0_.version as version6_0_0_ from product product0_ where product0_.id=?
Hibernate: select product0_.id as id1_0_, product0_.description as descript2_0_, product0_.image_url as image_ur3_0_, product0_.price as price4_0_, product0_.product_id as product_5_0_, product0_.version as version6_0_ from product product0_
Hibernate: delete from product where id=? and version=?
Hibernate: insert into product (id, description, image_url, price, product_id, version) values (null, ?, ?, ?, ?, ?)
Hibernate: insert into product (id, description, image_url, price, product_id, version) values (null, ?, ?, ?, ?, ?)
Hibernate: select product0_.id as id1_0_, product0_.description as descript2_0_, product0_.image_url as image_ur3_0_, product0_.price as price4_0_, product0_.product_id as product_5_0_, product0_.version as version6_0_ from product product0_
Hibernate: select product0_.id as id1_0_, product0_.description as descript2_0_, product0_.image_url as image_ur3_0_, product0_.price as price4_0_, product0_.product_id as product_5_0_, product0_.version as version6_0_ from product product0_
Hibernate: delete from product where id=? and version=?
Hibernate: delete from product where id=? and version=?
]]></system-out>
  <system-err><![CDATA[]]></system-err>
</testsuite>
